
*** Running vivado
    with args -log design_1_wrapper.vds -m64 -product Vivado -mode batch -messageDb vivado.pb -notrace -source design_1_wrapper.tcl



****** Vivado v2022.1 (64-bit)
  **** SW Build 3526262 on Mon Apr 18 15:48:16 MDT 2022
  **** IP Build 3524634 on Mon Apr 18 20:55:01 MDT 2022
    ** Copyright 1986-2022 Xilinx, Inc. All Rights Reserved.

source design_1_wrapper.tcl -notrace
INFO: [IP_Flow 19-234] Refreshing IP repositories
INFO: [IP_Flow 19-1700] Loaded user IP repository 'd:/Vivado_program/pynq_lenet5/hls_t1/Conv_short/Conv_Tile129/solution9/impl'.
INFO: [IP_Flow 19-1700] Loaded user IP repository 'd:/Vivado_program/pynq_lenet5/hls_t1/dense/dense/solution1/impl/ip'.
INFO: [IP_Flow 19-2313] Loaded Vivado IP repository 'E:/Learning_Software/Xilinx/Vivado/2022.1/data/ip'.
add_files: Time (s): cpu = 00:00:19 ; elapsed = 00:00:20 . Memory (MB): peak = 1614.938 ; gain = 0.000
Command: read_checkpoint -auto_incremental -incremental D:/Vivado_program/pynq_lenet5/vivado_t1/lenet3/lenet3/synth_1/design_1_wrapper.dcp
INFO: [Vivado 12-5825] Read reference checkpoint from D:/Vivado_program/pynq_lenet5/vivado_t1/lenet3/lenet3/synth_1/design_1_wrapper.dcp for incremental synthesis
INFO: [Vivado 12-7989] Please ensure there are no constraint changes
Command: synth_design -top design_1_wrapper -part xck26-sfvc784-2LV-c
Starting synth_design
Attempting to get a license for feature 'Synthesis' and/or device 'xck26'
INFO: [Common 17-349] Got license for feature 'Synthesis' and/or device 'xck26'
INFO: [Device 21-403] Loading part xck26-sfvc784-2LV-c
INFO: [Designutils 20-5440] No compile time benefit to using incremental synthesis; A full resynthesis will be run
INFO: [Designutils 20-4379] Flow is switching to default flow due to incremental criteria not met. If you would like to alter this behaviour and have the flow terminate instead, please set the following parameter config_implementation {autoIncr.Synth.RejectBehavior Terminate}
INFO: [Synth 8-7079] Multithreading enabled for synth_design using a maximum of 2 processes.
INFO: [Synth 8-7078] Launching helper process for spawning children vivado processes
INFO: [Synth 8-7075] Helper process launched with PID 28648
WARNING: [Synth 8-9501] generate block is allowed only inside loop and conditional generate in SystemVerilog mode [E:/Learning_Software/Xilinx/Vivado/2022.1/data/ip/xpm/xpm_fifo/hdl/xpm_fifo.sv:4023]
---------------------------------------------------------------------------------
Starting RTL Elaboration : Time (s): cpu = 00:00:07 ; elapsed = 00:00:07 . Memory (MB): peak = 2248.996 ; gain = 321.410
---------------------------------------------------------------------------------
INFO: [Synth 8-6157] synthesizing module 'design_1_wrapper' [D:/Learning/CNN_Accelerator/Project/Vivado_Project/lenet3/lenet2.gen/sources_1/bd/design_1/hdl/design_1_wrapper.v:12]
INFO: [Synth 8-6157] synthesizing module 'design_1' [d:/Learning/CNN_Accelerator/Project/Vivado_Project/lenet3/lenet2.gen/sources_1/bd/design_1/synth/design_1.v:12]
INFO: [Synth 8-6157] synthesizing module 'design_1_Dense_0_0' [D:/Learning/CNN_Accelerator/Project/Vivado_Project/lenet3/lenet2.runs/synth_1/.Xil/Vivado-29984-WIN-05S5ST9THAA/realtime/design_1_Dense_0_0_stub.v:5]
INFO: [Synth 8-6155] done synthesizing module 'design_1_Dense_0_0' (0#1) [D:/Learning/CNN_Accelerator/Project/Vivado_Project/lenet3/lenet2.runs/synth_1/.Xil/Vivado-29984-WIN-05S5ST9THAA/realtime/design_1_Dense_0_0_stub.v:5]
WARNING: [Synth 8-7071] port 'interrupt' of module 'design_1_Dense_0_0' is unconnected for instance 'Dense_0' [d:/Learning/CNN_Accelerator/Project/Vivado_Project/lenet3/lenet2.gen/sources_1/bd/design_1/synth/design_1.v:616]
WARNING: [Synth 8-7071] port 'm_axi_IN1_AWADDR' of module 'design_1_Dense_0_0' is unconnected for instance 'Dense_0' [d:/Learning/CNN_Accelerator/Project/Vivado_Project/lenet3/lenet2.gen/sources_1/bd/design_1/synth/design_1.v:616]
WARNING: [Synth 8-7071] port 'm_axi_IN1_AWLEN' of module 'design_1_Dense_0_0' is unconnected for instance 'Dense_0' [d:/Learning/CNN_Accelerator/Project/Vivado_Project/lenet3/lenet2.gen/sources_1/bd/design_1/synth/design_1.v:616]
WARNING: [Synth 8-7071] port 'm_axi_IN1_AWSIZE' of module 'design_1_Dense_0_0' is unconnected for instance 'Dense_0' [d:/Learning/CNN_Accelerator/Project/Vivado_Project/lenet3/lenet2.gen/sources_1/bd/design_1/synth/design_1.v:616]
WARNING: [Synth 8-7071] port 'm_axi_IN1_AWBURST' of module 'design_1_Dense_0_0' is unconnected for instance 'Dense_0' [d:/Learning/CNN_Accelerator/Project/Vivado_Project/lenet3/lenet2.gen/sources_1/bd/design_1/synth/design_1.v:616]
WARNING: [Synth 8-7071] port 'm_axi_IN1_AWLOCK' of module 'design_1_Dense_0_0' is unconnected for instance 'Dense_0' [d:/Learning/CNN_Accelerator/Project/Vivado_Project/lenet3/lenet2.gen/sources_1/bd/design_1/synth/design_1.v:616]
WARNING: [Synth 8-7071] port 'm_axi_IN1_AWREGION' of module 'design_1_Dense_0_0' is unconnected for instance 'Dense_0' [d:/Learning/CNN_Accelerator/Project/Vivado_Project/lenet3/lenet2.gen/sources_1/bd/design_1/synth/design_1.v:616]
WARNING: [Synth 8-7071] port 'm_axi_IN1_AWCACHE' of module 'design_1_Dense_0_0' is unconnected for instance 'Dense_0' [d:/Learning/CNN_Accelerator/Project/Vivado_Project/lenet3/lenet2.gen/sources_1/bd/design_1/synth/design_1.v:616]
WARNING: [Synth 8-7071] port 'm_axi_IN1_AWPROT' of module 'design_1_Dense_0_0' is unconnected for instance 'Dense_0' [d:/Learning/CNN_Accelerator/Project/Vivado_Project/lenet3/lenet2.gen/sources_1/bd/design_1/synth/design_1.v:616]
WARNING: [Synth 8-7071] port 'm_axi_IN1_AWQOS' of module 'design_1_Dense_0_0' is unconnected for instance 'Dense_0' [d:/Learning/CNN_Accelerator/Project/Vivado_Project/lenet3/lenet2.gen/sources_1/bd/design_1/synth/design_1.v:616]
WARNING: [Synth 8-7071] port 'm_axi_IN1_AWVALID' of module 'design_1_Dense_0_0' is unconnected for instance 'Dense_0' [d:/Learning/CNN_Accelerator/Project/Vivado_Project/lenet3/lenet2.gen/sources_1/bd/design_1/synth/design_1.v:616]
WARNING: [Synth 8-7071] port 'm_axi_IN1_WDATA' of module 'design_1_Dense_0_0' is unconnected for instance 'Dense_0' [d:/Learning/CNN_Accelerator/Project/Vivado_Project/lenet3/lenet2.gen/sources_1/bd/design_1/synth/design_1.v:616]
WARNING: [Synth 8-7071] port 'm_axi_IN1_WSTRB' of module 'design_1_Dense_0_0' is unconnected for instance 'Dense_0' [d:/Learning/CNN_Accelerator/Project/Vivado_Project/lenet3/lenet2.gen/sources_1/bd/design_1/synth/design_1.v:616]
WARNING: [Synth 8-7071] port 'm_axi_IN1_WLAST' of module 'design_1_Dense_0_0' is unconnected for instance 'Dense_0' [d:/Learning/CNN_Accelerator/Project/Vivado_Project/lenet3/lenet2.gen/sources_1/bd/design_1/synth/design_1.v:616]
WARNING: [Synth 8-7071] port 'm_axi_IN1_WVALID' of module 'design_1_Dense_0_0' is unconnected for instance 'Dense_0' [d:/Learning/CNN_Accelerator/Project/Vivado_Project/lenet3/lenet2.gen/sources_1/bd/design_1/synth/design_1.v:616]
WARNING: [Synth 8-7071] port 'm_axi_IN1_BREADY' of module 'design_1_Dense_0_0' is unconnected for instance 'Dense_0' [d:/Learning/CNN_Accelerator/Project/Vivado_Project/lenet3/lenet2.gen/sources_1/bd/design_1/synth/design_1.v:616]
WARNING: [Synth 8-7071] port 'm_axi_IN1_ARREGION' of module 'design_1_Dense_0_0' is unconnected for instance 'Dense_0' [d:/Learning/CNN_Accelerator/Project/Vivado_Project/lenet3/lenet2.gen/sources_1/bd/design_1/synth/design_1.v:616]
WARNING: [Synth 8-7071] port 'm_axi_W1_AWADDR' of module 'design_1_Dense_0_0' is unconnected for instance 'Dense_0' [d:/Learning/CNN_Accelerator/Project/Vivado_Project/lenet3/lenet2.gen/sources_1/bd/design_1/synth/design_1.v:616]
WARNING: [Synth 8-7071] port 'm_axi_W1_AWLEN' of module 'design_1_Dense_0_0' is unconnected for instance 'Dense_0' [d:/Learning/CNN_Accelerator/Project/Vivado_Project/lenet3/lenet2.gen/sources_1/bd/design_1/synth/design_1.v:616]
WARNING: [Synth 8-7071] port 'm_axi_W1_AWSIZE' of module 'design_1_Dense_0_0' is unconnected for instance 'Dense_0' [d:/Learning/CNN_Accelerator/Project/Vivado_Project/lenet3/lenet2.gen/sources_1/bd/design_1/synth/design_1.v:616]
WARNING: [Synth 8-7071] port 'm_axi_W1_AWBURST' of module 'design_1_Dense_0_0' is unconnected for instance 'Dense_0' [d:/Learning/CNN_Accelerator/Project/Vivado_Project/lenet3/lenet2.gen/sources_1/bd/design_1/synth/design_1.v:616]
WARNING: [Synth 8-7071] port 'm_axi_W1_AWLOCK' of module 'design_1_Dense_0_0' is unconnected for instance 'Dense_0' [d:/Learning/CNN_Accelerator/Project/Vivado_Project/lenet3/lenet2.gen/sources_1/bd/design_1/synth/design_1.v:616]
WARNING: [Synth 8-7071] port 'm_axi_W1_AWREGION' of module 'design_1_Dense_0_0' is unconnected for instance 'Dense_0' [d:/Learning/CNN_Accelerator/Project/Vivado_Project/lenet3/lenet2.gen/sources_1/bd/design_1/synth/design_1.v:616]
WARNING: [Synth 8-7071] port 'm_axi_W1_AWCACHE' of module 'design_1_Dense_0_0' is unconnected for instance 'Dense_0' [d:/Learning/CNN_Accelerator/Project/Vivado_Project/lenet3/lenet2.gen/sources_1/bd/design_1/synth/design_1.v:616]
WARNING: [Synth 8-7071] port 'm_axi_W1_AWPROT' of module 'design_1_Dense_0_0' is unconnected for instance 'Dense_0' [d:/Learning/CNN_Accelerator/Project/Vivado_Project/lenet3/lenet2.gen/sources_1/bd/design_1/synth/design_1.v:616]
WARNING: [Synth 8-7071] port 'm_axi_W1_AWQOS' of module 'design_1_Dense_0_0' is unconnected for instance 'Dense_0' [d:/Learning/CNN_Accelerator/Project/Vivado_Project/lenet3/lenet2.gen/sources_1/bd/design_1/synth/design_1.v:616]
WARNING: [Synth 8-7071] port 'm_axi_W1_AWVALID' of module 'design_1_Dense_0_0' is unconnected for instance 'Dense_0' [d:/Learning/CNN_Accelerator/Project/Vivado_Project/lenet3/lenet2.gen/sources_1/bd/design_1/synth/design_1.v:616]
WARNING: [Synth 8-7071] port 'm_axi_W1_WDATA' of module 'design_1_Dense_0_0' is unconnected for instance 'Dense_0' [d:/Learning/CNN_Accelerator/Project/Vivado_Project/lenet3/lenet2.gen/sources_1/bd/design_1/synth/design_1.v:616]
WARNING: [Synth 8-7071] port 'm_axi_W1_WSTRB' of module 'design_1_Dense_0_0' is unconnected for instance 'Dense_0' [d:/Learning/CNN_Accelerator/Project/Vivado_Project/lenet3/lenet2.gen/sources_1/bd/design_1/synth/design_1.v:616]
WARNING: [Synth 8-7071] port 'm_axi_W1_WLAST' of module 'design_1_Dense_0_0' is unconnected for instance 'Dense_0' [d:/Learning/CNN_Accelerator/Project/Vivado_Project/lenet3/lenet2.gen/sources_1/bd/design_1/synth/design_1.v:616]
WARNING: [Synth 8-7071] port 'm_axi_W1_WVALID' of module 'design_1_Dense_0_0' is unconnected for instance 'Dense_0' [d:/Learning/CNN_Accelerator/Project/Vivado_Project/lenet3/lenet2.gen/sources_1/bd/design_1/synth/design_1.v:616]
WARNING: [Synth 8-7071] port 'm_axi_W1_BREADY' of module 'design_1_Dense_0_0' is unconnected for instance 'Dense_0' [d:/Learning/CNN_Accelerator/Project/Vivado_Project/lenet3/lenet2.gen/sources_1/bd/design_1/synth/design_1.v:616]
WARNING: [Synth 8-7071] port 'm_axi_W1_ARREGION' of module 'design_1_Dense_0_0' is unconnected for instance 'Dense_0' [d:/Learning/CNN_Accelerator/Project/Vivado_Project/lenet3/lenet2.gen/sources_1/bd/design_1/synth/design_1.v:616]
WARNING: [Synth 8-7071] port 'm_axi_W2_AWADDR' of module 'design_1_Dense_0_0' is unconnected for instance 'Dense_0' [d:/Learning/CNN_Accelerator/Project/Vivado_Project/lenet3/lenet2.gen/sources_1/bd/design_1/synth/design_1.v:616]
WARNING: [Synth 8-7071] port 'm_axi_W2_AWLEN' of module 'design_1_Dense_0_0' is unconnected for instance 'Dense_0' [d:/Learning/CNN_Accelerator/Project/Vivado_Project/lenet3/lenet2.gen/sources_1/bd/design_1/synth/design_1.v:616]
WARNING: [Synth 8-7071] port 'm_axi_W2_AWSIZE' of module 'design_1_Dense_0_0' is unconnected for instance 'Dense_0' [d:/Learning/CNN_Accelerator/Project/Vivado_Project/lenet3/lenet2.gen/sources_1/bd/design_1/synth/design_1.v:616]
WARNING: [Synth 8-7071] port 'm_axi_W2_AWBURST' of module 'design_1_Dense_0_0' is unconnected for instance 'Dense_0' [d:/Learning/CNN_Accelerator/Project/Vivado_Project/lenet3/lenet2.gen/sources_1/bd/design_1/synth/design_1.v:616]
WARNING: [Synth 8-7071] port 'm_axi_W2_AWLOCK' of module 'design_1_Dense_0_0' is unconnected for instance 'Dense_0' [d:/Learning/CNN_Accelerator/Project/Vivado_Project/lenet3/lenet2.gen/sources_1/bd/design_1/synth/design_1.v:616]
WARNING: [Synth 8-7071] port 'm_axi_W2_AWREGION' of module 'design_1_Dense_0_0' is unconnected for instance 'Dense_0' [d:/Learning/CNN_Accelerator/Project/Vivado_Project/lenet3/lenet2.gen/sources_1/bd/design_1/synth/design_1.v:616]
WARNING: [Synth 8-7071] port 'm_axi_W2_AWCACHE' of module 'design_1_Dense_0_0' is unconnected for instance 'Dense_0' [d:/Learning/CNN_Accelerator/Project/Vivado_Project/lenet3/lenet2.gen/sources_1/bd/design_1/synth/design_1.v:616]
WARNING: [Synth 8-7071] port 'm_axi_W2_AWPROT' of module 'design_1_Dense_0_0' is unconnected for instance 'Dense_0' [d:/Learning/CNN_Accelerator/Project/Vivado_Project/lenet3/lenet2.gen/sources_1/bd/design_1/synth/design_1.v:616]
WARNING: [Synth 8-7071] port 'm_axi_W2_AWQOS' of module 'design_1_Dense_0_0' is unconnected for instance 'Dense_0' [d:/Learning/CNN_Accelerator/Project/Vivado_Project/lenet3/lenet2.gen/sources_1/bd/design_1/synth/design_1.v:616]
WARNING: [Synth 8-7071] port 'm_axi_W2_AWVALID' of module 'design_1_Dense_0_0' is unconnected for instance 'Dense_0' [d:/Learning/CNN_Accelerator/Project/Vivado_Project/lenet3/lenet2.gen/sources_1/bd/design_1/synth/design_1.v:616]
WARNING: [Synth 8-7071] port 'm_axi_W2_WDATA' of module 'design_1_Dense_0_0' is unconnected for instance 'Dense_0' [d:/Learning/CNN_Accelerator/Project/Vivado_Project/lenet3/lenet2.gen/sources_1/bd/design_1/synth/design_1.v:616]
WARNING: [Synth 8-7071] port 'm_axi_W2_WSTRB' of module 'design_1_Dense_0_0' is unconnected for instance 'Dense_0' [d:/Learning/CNN_Accelerator/Project/Vivado_Project/lenet3/lenet2.gen/sources_1/bd/design_1/synth/design_1.v:616]
WARNING: [Synth 8-7071] port 'm_axi_W2_WLAST' of module 'design_1_Dense_0_0' is unconnected for instance 'Dense_0' [d:/Learning/CNN_Accelerator/Project/Vivado_Project/lenet3/lenet2.gen/sources_1/bd/design_1/synth/design_1.v:616]
WARNING: [Synth 8-7071] port 'm_axi_W2_WVALID' of module 'design_1_Dense_0_0' is unconnected for instance 'Dense_0' [d:/Learning/CNN_Accelerator/Project/Vivado_Project/lenet3/lenet2.gen/sources_1/bd/design_1/synth/design_1.v:616]
WARNING: [Synth 8-7071] port 'm_axi_W2_BREADY' of module 'design_1_Dense_0_0' is unconnected for instance 'Dense_0' [d:/Learning/CNN_Accelerator/Project/Vivado_Project/lenet3/lenet2.gen/sources_1/bd/design_1/synth/design_1.v:616]
WARNING: [Synth 8-7071] port 'm_axi_W2_ARREGION' of module 'design_1_Dense_0_0' is unconnected for instance 'Dense_0' [d:/Learning/CNN_Accelerator/Project/Vivado_Project/lenet3/lenet2.gen/sources_1/bd/design_1/synth/design_1.v:616]
WARNING: [Synth 8-7071] port 'm_axi_W3_AWADDR' of module 'design_1_Dense_0_0' is unconnected for instance 'Dense_0' [d:/Learning/CNN_Accelerator/Project/Vivado_Project/lenet3/lenet2.gen/sources_1/bd/design_1/synth/design_1.v:616]
WARNING: [Synth 8-7071] port 'm_axi_W3_AWLEN' of module 'design_1_Dense_0_0' is unconnected for instance 'Dense_0' [d:/Learning/CNN_Accelerator/Project/Vivado_Project/lenet3/lenet2.gen/sources_1/bd/design_1/synth/design_1.v:616]
WARNING: [Synth 8-7071] port 'm_axi_W3_AWSIZE' of module 'design_1_Dense_0_0' is unconnected for instance 'Dense_0' [d:/Learning/CNN_Accelerator/Project/Vivado_Project/lenet3/lenet2.gen/sources_1/bd/design_1/synth/design_1.v:616]
WARNING: [Synth 8-7071] port 'm_axi_W3_AWBURST' of module 'design_1_Dense_0_0' is unconnected for instance 'Dense_0' [d:/Learning/CNN_Accelerator/Project/Vivado_Project/lenet3/lenet2.gen/sources_1/bd/design_1/synth/design_1.v:616]
WARNING: [Synth 8-7071] port 'm_axi_W3_AWLOCK' of module 'design_1_Dense_0_0' is unconnected for instance 'Dense_0' [d:/Learning/CNN_Accelerator/Project/Vivado_Project/lenet3/lenet2.gen/sources_1/bd/design_1/synth/design_1.v:616]
WARNING: [Synth 8-7071] port 'm_axi_W3_AWREGION' of module 'design_1_Dense_0_0' is unconnected for instance 'Dense_0' [d:/Learning/CNN_Accelerator/Project/Vivado_Project/lenet3/lenet2.gen/sources_1/bd/design_1/synth/design_1.v:616]
WARNING: [Synth 8-7071] port 'm_axi_W3_AWCACHE' of module 'design_1_Dense_0_0' is unconnected for instance 'Dense_0' [d:/Learning/CNN_Accelerator/Project/Vivado_Project/lenet3/lenet2.gen/sources_1/bd/design_1/synth/design_1.v:616]
WARNING: [Synth 8-7071] port 'm_axi_W3_AWPROT' of module 'design_1_Dense_0_0' is unconnected for instance 'Dense_0' [d:/Learning/CNN_Accelerator/Project/Vivado_Project/lenet3/lenet2.gen/sources_1/bd/design_1/synth/design_1.v:616]
WARNING: [Synth 8-7071] port 'm_axi_W3_AWQOS' of module 'design_1_Dense_0_0' is unconnected for instance 'Dense_0' [d:/Learning/CNN_Accelerator/Project/Vivado_Project/lenet3/lenet2.gen/sources_1/bd/design_1/synth/design_1.v:616]
WARNING: [Synth 8-7071] port 'm_axi_W3_AWVALID' of module 'design_1_Dense_0_0' is unconnected for instance 'Dense_0' [d:/Learning/CNN_Accelerator/Project/Vivado_Project/lenet3/lenet2.gen/sources_1/bd/design_1/synth/design_1.v:616]
WARNING: [Synth 8-7071] port 'm_axi_W3_WDATA' of module 'design_1_Dense_0_0' is unconnected for instance 'Dense_0' [d:/Learning/CNN_Accelerator/Project/Vivado_Project/lenet3/lenet2.gen/sources_1/bd/design_1/synth/design_1.v:616]
WARNING: [Synth 8-7071] port 'm_axi_W3_WSTRB' of module 'design_1_Dense_0_0' is unconnected for instance 'Dense_0' [d:/Learning/CNN_Accelerator/Project/Vivado_Project/lenet3/lenet2.gen/sources_1/bd/design_1/synth/design_1.v:616]
WARNING: [Synth 8-7071] port 'm_axi_W3_WLAST' of module 'design_1_Dense_0_0' is unconnected for instance 'Dense_0' [d:/Learning/CNN_Accelerator/Project/Vivado_Project/lenet3/lenet2.gen/sources_1/bd/design_1/synth/design_1.v:616]
WARNING: [Synth 8-7071] port 'm_axi_W3_WVALID' of module 'design_1_Dense_0_0' is unconnected for instance 'Dense_0' [d:/Learning/CNN_Accelerator/Project/Vivado_Project/lenet3/lenet2.gen/sources_1/bd/design_1/synth/design_1.v:616]
WARNING: [Synth 8-7071] port 'm_axi_W3_BREADY' of module 'design_1_Dense_0_0' is unconnected for instance 'Dense_0' [d:/Learning/CNN_Accelerator/Project/Vivado_Project/lenet3/lenet2.gen/sources_1/bd/design_1/synth/design_1.v:616]
WARNING: [Synth 8-7071] port 'm_axi_W3_ARREGION' of module 'design_1_Dense_0_0' is unconnected for instance 'Dense_0' [d:/Learning/CNN_Accelerator/Project/Vivado_Project/lenet3/lenet2.gen/sources_1/bd/design_1/synth/design_1.v:616]
WARNING: [Synth 8-7071] port 'm_axi_W4_AWADDR' of module 'design_1_Dense_0_0' is unconnected for instance 'Dense_0' [d:/Learning/CNN_Accelerator/Project/Vivado_Project/lenet3/lenet2.gen/sources_1/bd/design_1/synth/design_1.v:616]
WARNING: [Synth 8-7071] port 'm_axi_W4_AWLEN' of module 'design_1_Dense_0_0' is unconnected for instance 'Dense_0' [d:/Learning/CNN_Accelerator/Project/Vivado_Project/lenet3/lenet2.gen/sources_1/bd/design_1/synth/design_1.v:616]
WARNING: [Synth 8-7071] port 'm_axi_W4_AWSIZE' of module 'design_1_Dense_0_0' is unconnected for instance 'Dense_0' [d:/Learning/CNN_Accelerator/Project/Vivado_Project/lenet3/lenet2.gen/sources_1/bd/design_1/synth/design_1.v:616]
WARNING: [Synth 8-7071] port 'm_axi_W4_AWBURST' of module 'design_1_Dense_0_0' is unconnected for instance 'Dense_0' [d:/Learning/CNN_Accelerator/Project/Vivado_Project/lenet3/lenet2.gen/sources_1/bd/design_1/synth/design_1.v:616]
WARNING: [Synth 8-7071] port 'm_axi_W4_AWLOCK' of module 'design_1_Dense_0_0' is unconnected for instance 'Dense_0' [d:/Learning/CNN_Accelerator/Project/Vivado_Project/lenet3/lenet2.gen/sources_1/bd/design_1/synth/design_1.v:616]
WARNING: [Synth 8-7071] port 'm_axi_W4_AWREGION' of module 'design_1_Dense_0_0' is unconnected for instance 'Dense_0' [d:/Learning/CNN_Accelerator/Project/Vivado_Project/lenet3/lenet2.gen/sources_1/bd/design_1/synth/design_1.v:616]
WARNING: [Synth 8-7071] port 'm_axi_W4_AWCACHE' of module 'design_1_Dense_0_0' is unconnected for instance 'Dense_0' [d:/Learning/CNN_Accelerator/Project/Vivado_Project/lenet3/lenet2.gen/sources_1/bd/design_1/synth/design_1.v:616]
WARNING: [Synth 8-7071] port 'm_axi_W4_AWPROT' of module 'design_1_Dense_0_0' is unconnected for instance 'Dense_0' [d:/Learning/CNN_Accelerator/Project/Vivado_Project/lenet3/lenet2.gen/sources_1/bd/design_1/synth/design_1.v:616]
WARNING: [Synth 8-7071] port 'm_axi_W4_AWQOS' of module 'design_1_Dense_0_0' is unconnected for instance 'Dense_0' [d:/Learning/CNN_Accelerator/Project/Vivado_Project/lenet3/lenet2.gen/sources_1/bd/design_1/synth/design_1.v:616]
WARNING: [Synth 8-7071] port 'm_axi_W4_AWVALID' of module 'design_1_Dense_0_0' is unconnected for instance 'Dense_0' [d:/Learning/CNN_Accelerator/Project/Vivado_Project/lenet3/lenet2.gen/sources_1/bd/design_1/synth/design_1.v:616]
WARNING: [Synth 8-7071] port 'm_axi_W4_WDATA' of module 'design_1_Dense_0_0' is unconnected for instance 'Dense_0' [d:/Learning/CNN_Accelerator/Project/Vivado_Project/lenet3/lenet2.gen/sources_1/bd/design_1/synth/design_1.v:616]
WARNING: [Synth 8-7071] port 'm_axi_W4_WSTRB' of module 'design_1_Dense_0_0' is unconnected for instance 'Dense_0' [d:/Learning/CNN_Accelerator/Project/Vivado_Project/lenet3/lenet2.gen/sources_1/bd/design_1/synth/design_1.v:616]
WARNING: [Synth 8-7071] port 'm_axi_W4_WLAST' of module 'design_1_Dense_0_0' is unconnected for instance 'Dense_0' [d:/Learning/CNN_Accelerator/Project/Vivado_Project/lenet3/lenet2.gen/sources_1/bd/design_1/synth/design_1.v:616]
WARNING: [Synth 8-7071] port 'm_axi_W4_WVALID' of module 'design_1_Dense_0_0' is unconnected for instance 'Dense_0' [d:/Learning/CNN_Accelerator/Project/Vivado_Project/lenet3/lenet2.gen/sources_1/bd/design_1/synth/design_1.v:616]
WARNING: [Synth 8-7071] port 'm_axi_W4_BREADY' of module 'design_1_Dense_0_0' is unconnected for instance 'Dense_0' [d:/Learning/CNN_Accelerator/Project/Vivado_Project/lenet3/lenet2.gen/sources_1/bd/design_1/synth/design_1.v:616]
WARNING: [Synth 8-7071] port 'm_axi_W4_ARREGION' of module 'design_1_Dense_0_0' is unconnected for instance 'Dense_0' [d:/Learning/CNN_Accelerator/Project/Vivado_Project/lenet3/lenet2.gen/sources_1/bd/design_1/synth/design_1.v:616]
WARNING: [Synth 8-7071] port 'm_axi_B1_AWADDR' of module 'design_1_Dense_0_0' is unconnected for instance 'Dense_0' [d:/Learning/CNN_Accelerator/Project/Vivado_Project/lenet3/lenet2.gen/sources_1/bd/design_1/synth/design_1.v:616]
WARNING: [Synth 8-7071] port 'm_axi_B1_AWLEN' of module 'design_1_Dense_0_0' is unconnected for instance 'Dense_0' [d:/Learning/CNN_Accelerator/Project/Vivado_Project/lenet3/lenet2.gen/sources_1/bd/design_1/synth/design_1.v:616]
WARNING: [Synth 8-7071] port 'm_axi_B1_AWSIZE' of module 'design_1_Dense_0_0' is unconnected for instance 'Dense_0' [d:/Learning/CNN_Accelerator/Project/Vivado_Project/lenet3/lenet2.gen/sources_1/bd/design_1/synth/design_1.v:616]
WARNING: [Synth 8-7071] port 'm_axi_B1_AWBURST' of module 'design_1_Dense_0_0' is unconnected for instance 'Dense_0' [d:/Learning/CNN_Accelerator/Project/Vivado_Project/lenet3/lenet2.gen/sources_1/bd/design_1/synth/design_1.v:616]
WARNING: [Synth 8-7071] port 'm_axi_B1_AWLOCK' of module 'design_1_Dense_0_0' is unconnected for instance 'Dense_0' [d:/Learning/CNN_Accelerator/Project/Vivado_Project/lenet3/lenet2.gen/sources_1/bd/design_1/synth/design_1.v:616]
WARNING: [Synth 8-7071] port 'm_axi_B1_AWREGION' of module 'design_1_Dense_0_0' is unconnected for instance 'Dense_0' [d:/Learning/CNN_Accelerator/Project/Vivado_Project/lenet3/lenet2.gen/sources_1/bd/design_1/synth/design_1.v:616]
WARNING: [Synth 8-7071] port 'm_axi_B1_AWCACHE' of module 'design_1_Dense_0_0' is unconnected for instance 'Dense_0' [d:/Learning/CNN_Accelerator/Project/Vivado_Project/lenet3/lenet2.gen/sources_1/bd/design_1/synth/design_1.v:616]
WARNING: [Synth 8-7071] port 'm_axi_B1_AWPROT' of module 'design_1_Dense_0_0' is unconnected for instance 'Dense_0' [d:/Learning/CNN_Accelerator/Project/Vivado_Project/lenet3/lenet2.gen/sources_1/bd/design_1/synth/design_1.v:616]
WARNING: [Synth 8-7071] port 'm_axi_B1_AWQOS' of module 'design_1_Dense_0_0' is unconnected for instance 'Dense_0' [d:/Learning/CNN_Accelerator/Project/Vivado_Project/lenet3/lenet2.gen/sources_1/bd/design_1/synth/design_1.v:616]
WARNING: [Synth 8-7071] port 'm_axi_B1_AWVALID' of module 'design_1_Dense_0_0' is unconnected for instance 'Dense_0' [d:/Learning/CNN_Accelerator/Project/Vivado_Project/lenet3/lenet2.gen/sources_1/bd/design_1/synth/design_1.v:616]
WARNING: [Synth 8-7071] port 'm_axi_B1_WDATA' of module 'design_1_Dense_0_0' is unconnected for instance 'Dense_0' [d:/Learning/CNN_Accelerator/Project/Vivado_Project/lenet3/lenet2.gen/sources_1/bd/design_1/synth/design_1.v:616]
WARNING: [Synth 8-7071] port 'm_axi_B1_WSTRB' of module 'design_1_Dense_0_0' is unconnected for instance 'Dense_0' [d:/Learning/CNN_Accelerator/Project/Vivado_Project/lenet3/lenet2.gen/sources_1/bd/design_1/synth/design_1.v:616]
WARNING: [Synth 8-7071] port 'm_axi_B1_WLAST' of module 'design_1_Dense_0_0' is unconnected for instance 'Dense_0' [d:/Learning/CNN_Accelerator/Project/Vivado_Project/lenet3/lenet2.gen/sources_1/bd/design_1/synth/design_1.v:616]
WARNING: [Synth 8-7071] port 'm_axi_B1_WVALID' of module 'design_1_Dense_0_0' is unconnected for instance 'Dense_0' [d:/Learning/CNN_Accelerator/Project/Vivado_Project/lenet3/lenet2.gen/sources_1/bd/design_1/synth/design_1.v:616]
WARNING: [Synth 8-7071] port 'm_axi_B1_BREADY' of module 'design_1_Dense_0_0' is unconnected for instance 'Dense_0' [d:/Learning/CNN_Accelerator/Project/Vivado_Project/lenet3/lenet2.gen/sources_1/bd/design_1/synth/design_1.v:616]
WARNING: [Synth 8-7071] port 'm_axi_B1_ARREGION' of module 'design_1_Dense_0_0' is unconnected for instance 'Dense_0' [d:/Learning/CNN_Accelerator/Project/Vivado_Project/lenet3/lenet2.gen/sources_1/bd/design_1/synth/design_1.v:616]
WARNING: [Synth 8-7071] port 'm_axi_OUT1_AWREGION' of module 'design_1_Dense_0_0' is unconnected for instance 'Dense_0' [d:/Learning/CNN_Accelerator/Project/Vivado_Project/lenet3/lenet2.gen/sources_1/bd/design_1/synth/design_1.v:616]
WARNING: [Synth 8-7071] port 'm_axi_OUT1_ARADDR' of module 'design_1_Dense_0_0' is unconnected for instance 'Dense_0' [d:/Learning/CNN_Accelerator/Project/Vivado_Project/lenet3/lenet2.gen/sources_1/bd/design_1/synth/design_1.v:616]
WARNING: [Synth 8-7071] port 'm_axi_OUT1_ARLEN' of module 'design_1_Dense_0_0' is unconnected for instance 'Dense_0' [d:/Learning/CNN_Accelerator/Project/Vivado_Project/lenet3/lenet2.gen/sources_1/bd/design_1/synth/design_1.v:616]
INFO: [Common 17-14] Message 'Synth 8-7071' appears 100 times and further instances of the messages will be disabled. Use the Tcl command set_msg_config to change the current settings.
WARNING: [Synth 8-7023] instance 'Dense_0' of module 'design_1_Dense_0_0' has 265 connections declared, but only 156 given [d:/Learning/CNN_Accelerator/Project/Vivado_Project/lenet3/lenet2.gen/sources_1/bd/design_1/synth/design_1.v:616]
INFO: [Synth 8-6157] synthesizing module 'design_1_My_Conv_0_1' [D:/Learning/CNN_Accelerator/Project/Vivado_Project/lenet3/lenet2.runs/synth_1/.Xil/Vivado-29984-WIN-05S5ST9THAA/realtime/design_1_My_Conv_0_1_stub.v:5]
INFO: [Synth 8-6155] done synthesizing module 'design_1_My_Conv_0_1' (0#1) [D:/Learning/CNN_Accelerator/Project/Vivado_Project/lenet3/lenet2.runs/synth_1/.Xil/Vivado-29984-WIN-05S5ST9THAA/realtime/design_1_My_Conv_0_1_stub.v:5]
WARNING: [Synth 8-7023] instance 'My_Conv_0' of module 'design_1_My_Conv_0_1' has 475 connections declared, but only 282 given [d:/Learning/CNN_Accelerator/Project/Vivado_Project/lenet3/lenet2.gen/sources_1/bd/design_1/synth/design_1.v:773]
INFO: [Synth 8-6157] synthesizing module 'design_1_clk_wiz_0_0' [D:/Learning/CNN_Accelerator/Project/Vivado_Project/lenet3/lenet2.runs/synth_1/.Xil/Vivado-29984-WIN-05S5ST9THAA/realtime/design_1_clk_wiz_0_0_stub.v:5]
INFO: [Synth 8-6155] done synthesizing module 'design_1_clk_wiz_0_0' (0#1) [D:/Learning/CNN_Accelerator/Project/Vivado_Project/lenet3/lenet2.runs/synth_1/.Xil/Vivado-29984-WIN-05S5ST9THAA/realtime/design_1_clk_wiz_0_0_stub.v:5]
INFO: [Synth 8-6157] synthesizing module 'design_1_proc_sys_reset_0_0' [D:/Learning/CNN_Accelerator/Project/Vivado_Project/lenet3/lenet2.runs/synth_1/.Xil/Vivado-29984-WIN-05S5ST9THAA/realtime/design_1_proc_sys_reset_0_0_stub.v:5]
INFO: [Synth 8-6155] done synthesizing module 'design_1_proc_sys_reset_0_0' (0#1) [D:/Learning/CNN_Accelerator/Project/Vivado_Project/lenet3/lenet2.runs/synth_1/.Xil/Vivado-29984-WIN-05S5ST9THAA/realtime/design_1_proc_sys_reset_0_0_stub.v:5]
WARNING: [Synth 8-7023] instance 'proc_sys_reset_0' of module 'design_1_proc_sys_reset_0_0' has 10 connections declared, but only 6 given [d:/Learning/CNN_Accelerator/Project/Vivado_Project/lenet3/lenet2.gen/sources_1/bd/design_1/synth/design_1.v:1062]
INFO: [Synth 8-6157] synthesizing module 'design_1_proc_sys_reset_0_1' [D:/Learning/CNN_Accelerator/Project/Vivado_Project/lenet3/lenet2.runs/synth_1/.Xil/Vivado-29984-WIN-05S5ST9THAA/realtime/design_1_proc_sys_reset_0_1_stub.v:5]
INFO: [Synth 8-6155] done synthesizing module 'design_1_proc_sys_reset_0_1' (0#1) [D:/Learning/CNN_Accelerator/Project/Vivado_Project/lenet3/lenet2.runs/synth_1/.Xil/Vivado-29984-WIN-05S5ST9THAA/realtime/design_1_proc_sys_reset_0_1_stub.v:5]
WARNING: [Synth 8-7023] instance 'proc_sys_reset_1' of module 'design_1_proc_sys_reset_0_1' has 10 connections declared, but only 6 given [d:/Learning/CNN_Accelerator/Project/Vivado_Project/lenet3/lenet2.gen/sources_1/bd/design_1/synth/design_1.v:1069]
INFO: [Synth 8-6157] synthesizing module 'design_1_smartconnect_0_2' [D:/Learning/CNN_Accelerator/Project/Vivado_Project/lenet3/lenet2.runs/synth_1/.Xil/Vivado-29984-WIN-05S5ST9THAA/realtime/design_1_smartconnect_0_2_stub.v:5]
INFO: [Synth 8-6155] done synthesizing module 'design_1_smartconnect_0_2' (0#1) [D:/Learning/CNN_Accelerator/Project/Vivado_Project/lenet3/lenet2.runs/synth_1/.Xil/Vivado-29984-WIN-05S5ST9THAA/realtime/design_1_smartconnect_0_2_stub.v:5]
INFO: [Synth 8-6157] synthesizing module 'design_1_smartconnect_0_5' [D:/Learning/CNN_Accelerator/Project/Vivado_Project/lenet3/lenet2.runs/synth_1/.Xil/Vivado-29984-WIN-05S5ST9THAA/realtime/design_1_smartconnect_0_5_stub.v:5]
INFO: [Synth 8-6155] done synthesizing module 'design_1_smartconnect_0_5' (0#1) [D:/Learning/CNN_Accelerator/Project/Vivado_Project/lenet3/lenet2.runs/synth_1/.Xil/Vivado-29984-WIN-05S5ST9THAA/realtime/design_1_smartconnect_0_5_stub.v:5]
INFO: [Synth 8-6157] synthesizing module 'design_1_smartconnect_0_3' [D:/Learning/CNN_Accelerator/Project/Vivado_Project/lenet3/lenet2.runs/synth_1/.Xil/Vivado-29984-WIN-05S5ST9THAA/realtime/design_1_smartconnect_0_3_stub.v:5]
INFO: [Synth 8-6155] done synthesizing module 'design_1_smartconnect_0_3' (0#1) [D:/Learning/CNN_Accelerator/Project/Vivado_Project/lenet3/lenet2.runs/synth_1/.Xil/Vivado-29984-WIN-05S5ST9THAA/realtime/design_1_smartconnect_0_3_stub.v:5]
INFO: [Synth 8-6157] synthesizing module 'design_1_smartconnect_0_4' [D:/Learning/CNN_Accelerator/Project/Vivado_Project/lenet3/lenet2.runs/synth_1/.Xil/Vivado-29984-WIN-05S5ST9THAA/realtime/design_1_smartconnect_0_4_stub.v:5]
INFO: [Synth 8-6155] done synthesizing module 'design_1_smartconnect_0_4' (0#1) [D:/Learning/CNN_Accelerator/Project/Vivado_Project/lenet3/lenet2.runs/synth_1/.Xil/Vivado-29984-WIN-05S5ST9THAA/realtime/design_1_smartconnect_0_4_stub.v:5]
INFO: [Synth 8-6157] synthesizing module 'design_1_smartconnect_3_0' [D:/Learning/CNN_Accelerator/Project/Vivado_Project/lenet3/lenet2.runs/synth_1/.Xil/Vivado-29984-WIN-05S5ST9THAA/realtime/design_1_smartconnect_3_0_stub.v:5]
INFO: [Synth 8-6155] done synthesizing module 'design_1_smartconnect_3_0' (0#1) [D:/Learning/CNN_Accelerator/Project/Vivado_Project/lenet3/lenet2.runs/synth_1/.Xil/Vivado-29984-WIN-05S5ST9THAA/realtime/design_1_smartconnect_3_0_stub.v:5]
WARNING: [Synth 8-7023] instance 'smartconnect_4' of module 'design_1_smartconnect_3_0' has 60 connections declared, but only 58 given [d:/Learning/CNN_Accelerator/Project/Vivado_Project/lenet3/lenet2.gen/sources_1/bd/design_1/synth/design_1.v:1427]
INFO: [Synth 8-6157] synthesizing module 'design_1_smartconnect_4_0' [D:/Learning/CNN_Accelerator/Project/Vivado_Project/lenet3/lenet2.runs/synth_1/.Xil/Vivado-29984-WIN-05S5ST9THAA/realtime/design_1_smartconnect_4_0_stub.v:5]
INFO: [Synth 8-6155] done synthesizing module 'design_1_smartconnect_4_0' (0#1) [D:/Learning/CNN_Accelerator/Project/Vivado_Project/lenet3/lenet2.runs/synth_1/.Xil/Vivado-29984-WIN-05S5ST9THAA/realtime/design_1_smartconnect_4_0_stub.v:5]
INFO: [Synth 8-6157] synthesizing module 'design_1_smartconnect_4_2' [D:/Learning/CNN_Accelerator/Project/Vivado_Project/lenet3/lenet2.runs/synth_1/.Xil/Vivado-29984-WIN-05S5ST9THAA/realtime/design_1_smartconnect_4_2_stub.v:5]
INFO: [Synth 8-6155] done synthesizing module 'design_1_smartconnect_4_2' (0#1) [D:/Learning/CNN_Accelerator/Project/Vivado_Project/lenet3/lenet2.runs/synth_1/.Xil/Vivado-29984-WIN-05S5ST9THAA/realtime/design_1_smartconnect_4_2_stub.v:5]
WARNING: [Synth 8-7023] instance 'smartconnect_7' of module 'design_1_smartconnect_4_2' has 60 connections declared, but only 58 given [d:/Learning/CNN_Accelerator/Project/Vivado_Project/lenet3/lenet2.gen/sources_1/bd/design_1/synth/design_1.v:1630]
INFO: [Synth 8-6157] synthesizing module 'design_1_zynq_ultra_ps_e_1_0' [D:/Learning/CNN_Accelerator/Project/Vivado_Project/lenet3/lenet2.runs/synth_1/.Xil/Vivado-29984-WIN-05S5ST9THAA/realtime/design_1_zynq_ultra_ps_e_1_0_stub.v:5]
INFO: [Synth 8-6155] done synthesizing module 'design_1_zynq_ultra_ps_e_1_0' (0#1) [D:/Learning/CNN_Accelerator/Project/Vivado_Project/lenet3/lenet2.runs/synth_1/.Xil/Vivado-29984-WIN-05S5ST9THAA/realtime/design_1_zynq_ultra_ps_e_1_0_stub.v:5]
WARNING: [Synth 8-7023] instance 'zynq_ultra_ps_e_1' of module 'design_1_zynq_ultra_ps_e_1_0' has 322 connections declared, but only 301 given [d:/Learning/CNN_Accelerator/Project/Vivado_Project/lenet3/lenet2.gen/sources_1/bd/design_1/synth/design_1.v:1689]
INFO: [Synth 8-6155] done synthesizing module 'design_1' (0#1) [d:/Learning/CNN_Accelerator/Project/Vivado_Project/lenet3/lenet2.gen/sources_1/bd/design_1/synth/design_1.v:12]
INFO: [Synth 8-6155] done synthesizing module 'design_1_wrapper' (0#1) [D:/Learning/CNN_Accelerator/Project/Vivado_Project/lenet3/lenet2.gen/sources_1/bd/design_1/hdl/design_1_wrapper.v:12]
---------------------------------------------------------------------------------
Finished RTL Elaboration : Time (s): cpu = 00:00:09 ; elapsed = 00:00:09 . Memory (MB): peak = 2345.633 ; gain = 418.047
---------------------------------------------------------------------------------
---------------------------------------------------------------------------------
Start Handling Custom Attributes
---------------------------------------------------------------------------------
---------------------------------------------------------------------------------
Finished Handling Custom Attributes : Time (s): cpu = 00:00:09 ; elapsed = 00:00:10 . Memory (MB): peak = 2363.551 ; gain = 435.965
---------------------------------------------------------------------------------
---------------------------------------------------------------------------------
Finished RTL Optimization Phase 1 : Time (s): cpu = 00:00:09 ; elapsed = 00:00:10 . Memory (MB): peak = 2363.551 ; gain = 435.965
---------------------------------------------------------------------------------
Netlist sorting complete. Time (s): cpu = 00:00:00 ; elapsed = 00:00:00.101 . Memory (MB): peak = 2363.551 ; gain = 0.000
INFO: [Project 1-570] Preparing netlist for logic optimization

Processing XDC Constraints
Initializing timing engine
Parsing XDC File [d:/Learning/CNN_Accelerator/Project/Vivado_Project/lenet3/lenet2.gen/sources_1/bd/design_1/ip/design_1_clk_wiz_0_0/design_1_clk_wiz_0_0/design_1_clk_wiz_0_0_in_context.xdc] for cell 'design_1_i/clk_wiz_0'
Finished Parsing XDC File [d:/Learning/CNN_Accelerator/Project/Vivado_Project/lenet3/lenet2.gen/sources_1/bd/design_1/ip/design_1_clk_wiz_0_0/design_1_clk_wiz_0_0/design_1_clk_wiz_0_0_in_context.xdc] for cell 'design_1_i/clk_wiz_0'
Parsing XDC File [d:/Learning/CNN_Accelerator/Project/Vivado_Project/lenet3/lenet2.gen/sources_1/bd/design_1/ip/design_1_proc_sys_reset_0_0/design_1_proc_sys_reset_0_0/design_1_proc_sys_reset_0_0_in_context.xdc] for cell 'design_1_i/proc_sys_reset_0'
Finished Parsing XDC File [d:/Learning/CNN_Accelerator/Project/Vivado_Project/lenet3/lenet2.gen/sources_1/bd/design_1/ip/design_1_proc_sys_reset_0_0/design_1_proc_sys_reset_0_0/design_1_proc_sys_reset_0_0_in_context.xdc] for cell 'design_1_i/proc_sys_reset_0'
Parsing XDC File [d:/Learning/CNN_Accelerator/Project/Vivado_Project/lenet3/lenet2.gen/sources_1/bd/design_1/ip/design_1_zynq_ultra_ps_e_1_0/design_1_zynq_ultra_ps_e_1_0/design_1_zynq_ultra_ps_e_1_0_in_context.xdc] for cell 'design_1_i/zynq_ultra_ps_e_1'
Finished Parsing XDC File [d:/Learning/CNN_Accelerator/Project/Vivado_Project/lenet3/lenet2.gen/sources_1/bd/design_1/ip/design_1_zynq_ultra_ps_e_1_0/design_1_zynq_ultra_ps_e_1_0/design_1_zynq_ultra_ps_e_1_0_in_context.xdc] for cell 'design_1_i/zynq_ultra_ps_e_1'
Parsing XDC File [d:/Learning/CNN_Accelerator/Project/Vivado_Project/lenet3/lenet2.gen/sources_1/bd/design_1/ip/design_1_smartconnect_0_2/design_1_smartconnect_0_2/design_1_smartconnect_0_2_in_context.xdc] for cell 'design_1_i/smartconnect_0'
Finished Parsing XDC File [d:/Learning/CNN_Accelerator/Project/Vivado_Project/lenet3/lenet2.gen/sources_1/bd/design_1/ip/design_1_smartconnect_0_2/design_1_smartconnect_0_2/design_1_smartconnect_0_2_in_context.xdc] for cell 'design_1_i/smartconnect_0'
Parsing XDC File [d:/Learning/CNN_Accelerator/Project/Vivado_Project/lenet3/lenet2.gen/sources_1/bd/design_1/ip/design_1_smartconnect_0_3/design_1_smartconnect_0_3/design_1_smartconnect_0_3_in_context.xdc] for cell 'design_1_i/smartconnect_2'
Finished Parsing XDC File [d:/Learning/CNN_Accelerator/Project/Vivado_Project/lenet3/lenet2.gen/sources_1/bd/design_1/ip/design_1_smartconnect_0_3/design_1_smartconnect_0_3/design_1_smartconnect_0_3_in_context.xdc] for cell 'design_1_i/smartconnect_2'
Parsing XDC File [d:/Learning/CNN_Accelerator/Project/Vivado_Project/lenet3/lenet2.gen/sources_1/bd/design_1/ip/design_1_smartconnect_0_4/design_1_smartconnect_0_4/design_1_smartconnect_0_4_in_context.xdc] for cell 'design_1_i/smartconnect_3'
Finished Parsing XDC File [d:/Learning/CNN_Accelerator/Project/Vivado_Project/lenet3/lenet2.gen/sources_1/bd/design_1/ip/design_1_smartconnect_0_4/design_1_smartconnect_0_4/design_1_smartconnect_0_4_in_context.xdc] for cell 'design_1_i/smartconnect_3'
Parsing XDC File [d:/Learning/CNN_Accelerator/Project/Vivado_Project/lenet3/lenet2.gen/sources_1/bd/design_1/ip/design_1_smartconnect_0_5/design_1_smartconnect_0_5/design_1_smartconnect_0_5_in_context.xdc] for cell 'design_1_i/smartconnect_1'
Finished Parsing XDC File [d:/Learning/CNN_Accelerator/Project/Vivado_Project/lenet3/lenet2.gen/sources_1/bd/design_1/ip/design_1_smartconnect_0_5/design_1_smartconnect_0_5/design_1_smartconnect_0_5_in_context.xdc] for cell 'design_1_i/smartconnect_1'
Parsing XDC File [d:/Learning/CNN_Accelerator/Project/Vivado_Project/lenet3/lenet2.gen/sources_1/bd/design_1/ip/design_1_smartconnect_3_0/design_1_smartconnect_3_0/design_1_smartconnect_3_0_in_context.xdc] for cell 'design_1_i/smartconnect_4'
Finished Parsing XDC File [d:/Learning/CNN_Accelerator/Project/Vivado_Project/lenet3/lenet2.gen/sources_1/bd/design_1/ip/design_1_smartconnect_3_0/design_1_smartconnect_3_0/design_1_smartconnect_3_0_in_context.xdc] for cell 'design_1_i/smartconnect_4'
Parsing XDC File [d:/Learning/CNN_Accelerator/Project/Vivado_Project/lenet3/lenet2.gen/sources_1/bd/design_1/ip/design_1_smartconnect_4_0/design_1_smartconnect_4_0/design_1_smartconnect_4_0_in_context.xdc] for cell 'design_1_i/smartconnect_5'
Finished Parsing XDC File [d:/Learning/CNN_Accelerator/Project/Vivado_Project/lenet3/lenet2.gen/sources_1/bd/design_1/ip/design_1_smartconnect_4_0/design_1_smartconnect_4_0/design_1_smartconnect_4_0_in_context.xdc] for cell 'design_1_i/smartconnect_5'
Parsing XDC File [d:/Learning/CNN_Accelerator/Project/Vivado_Project/lenet3/lenet2.gen/sources_1/bd/design_1/ip/design_1_proc_sys_reset_0_1/design_1_proc_sys_reset_0_1/design_1_proc_sys_reset_0_1_in_context.xdc] for cell 'design_1_i/proc_sys_reset_1'
Finished Parsing XDC File [d:/Learning/CNN_Accelerator/Project/Vivado_Project/lenet3/lenet2.gen/sources_1/bd/design_1/ip/design_1_proc_sys_reset_0_1/design_1_proc_sys_reset_0_1/design_1_proc_sys_reset_0_1_in_context.xdc] for cell 'design_1_i/proc_sys_reset_1'
Parsing XDC File [d:/Learning/CNN_Accelerator/Project/Vivado_Project/lenet3/lenet2.gen/sources_1/bd/design_1/ip/design_1_smartconnect_4_2/design_1_smartconnect_4_2/design_1_smartconnect_4_2_in_context.xdc] for cell 'design_1_i/smartconnect_7'
Finished Parsing XDC File [d:/Learning/CNN_Accelerator/Project/Vivado_Project/lenet3/lenet2.gen/sources_1/bd/design_1/ip/design_1_smartconnect_4_2/design_1_smartconnect_4_2/design_1_smartconnect_4_2_in_context.xdc] for cell 'design_1_i/smartconnect_7'
Parsing XDC File [d:/Learning/CNN_Accelerator/Project/Vivado_Project/lenet3/lenet2.gen/sources_1/bd/design_1/ip/design_1_Dense_0_0/design_1_Dense_0_0/design_1_Dense_0_0_in_context.xdc] for cell 'design_1_i/Dense_0'
Finished Parsing XDC File [d:/Learning/CNN_Accelerator/Project/Vivado_Project/lenet3/lenet2.gen/sources_1/bd/design_1/ip/design_1_Dense_0_0/design_1_Dense_0_0/design_1_Dense_0_0_in_context.xdc] for cell 'design_1_i/Dense_0'
Parsing XDC File [d:/Learning/CNN_Accelerator/Project/Vivado_Project/lenet3/lenet2.gen/sources_1/bd/design_1/ip/design_1_My_Conv_0_1/design_1_My_Conv_0_1/design_1_My_Conv_0_1_in_context.xdc] for cell 'design_1_i/My_Conv_0'
Finished Parsing XDC File [d:/Learning/CNN_Accelerator/Project/Vivado_Project/lenet3/lenet2.gen/sources_1/bd/design_1/ip/design_1_My_Conv_0_1/design_1_My_Conv_0_1/design_1_My_Conv_0_1_in_context.xdc] for cell 'design_1_i/My_Conv_0'
Parsing XDC File [D:/Learning/CNN_Accelerator/Project/Vivado_Project/lenet3/lenet2.runs/synth_1/dont_touch.xdc]
Finished Parsing XDC File [D:/Learning/CNN_Accelerator/Project/Vivado_Project/lenet3/lenet2.runs/synth_1/dont_touch.xdc]
Completed Processing XDC Constraints

Netlist sorting complete. Time (s): cpu = 00:00:00 ; elapsed = 00:00:00 . Memory (MB): peak = 2393.957 ; gain = 0.000
INFO: [Project 1-111] Unisim Transformation Summary:
No Unisim elements were transformed.

Constraint Validation Runtime : Time (s): cpu = 00:00:00 ; elapsed = 00:00:00.020 . Memory (MB): peak = 2393.957 ; gain = 0.000
INFO: [Designutils 20-5440] No compile time benefit to using incremental synthesis; A full resynthesis will be run
INFO: [Designutils 20-4379] Flow is switching to default flow due to incremental criteria not met. If you would like to alter this behaviour and have the flow terminate instead, please set the following parameter config_implementation {autoIncr.Synth.RejectBehavior Terminate}
---------------------------------------------------------------------------------
Finished Constraint Validation : Time (s): cpu = 00:00:23 ; elapsed = 00:00:24 . Memory (MB): peak = 2393.957 ; gain = 466.371
---------------------------------------------------------------------------------
---------------------------------------------------------------------------------
Start Loading Part and Timing Information
---------------------------------------------------------------------------------
Loading part: xck26-sfvc784-2LV-c
INFO: [Synth 8-6742] Reading net delay rules and data
---------------------------------------------------------------------------------
Finished Loading Part and Timing Information : Time (s): cpu = 00:00:23 ; elapsed = 00:00:24 . Memory (MB): peak = 2393.957 ; gain = 466.371
---------------------------------------------------------------------------------
---------------------------------------------------------------------------------
Start Applying 'set_property' XDC Constraints
---------------------------------------------------------------------------------
Applied set_property KEEP_HIERARCHY = SOFT for design_1_i. (constraint file  auto generated constraint).
Applied set_property KEEP_HIERARCHY = SOFT for design_1_i/clk_wiz_0. (constraint file  auto generated constraint).
Applied set_property KEEP_HIERARCHY = SOFT for design_1_i/proc_sys_reset_0. (constraint file  auto generated constraint).
Applied set_property KEEP_HIERARCHY = SOFT for design_1_i/zynq_ultra_ps_e_1. (constraint file  auto generated constraint).
Applied set_property KEEP_HIERARCHY = SOFT for design_1_i/smartconnect_0. (constraint file  auto generated constraint).
Applied set_property KEEP_HIERARCHY = SOFT for design_1_i/smartconnect_2. (constraint file  auto generated constraint).
Applied set_property KEEP_HIERARCHY = SOFT for design_1_i/smartconnect_3. (constraint file  auto generated constraint).
Applied set_property KEEP_HIERARCHY = SOFT for design_1_i/smartconnect_1. (constraint file  auto generated constraint).
Applied set_property KEEP_HIERARCHY = SOFT for design_1_i/smartconnect_4. (constraint file  auto generated constraint).
Applied set_property KEEP_HIERARCHY = SOFT for design_1_i/smartconnect_5. (constraint file  auto generated constraint).
Applied set_property KEEP_HIERARCHY = SOFT for design_1_i/proc_sys_reset_1. (constraint file  auto generated constraint).
Applied set_property KEEP_HIERARCHY = SOFT for design_1_i/smartconnect_7. (constraint file  auto generated constraint).
Applied set_property KEEP_HIERARCHY = SOFT for design_1_i/Dense_0. (constraint file  auto generated constraint).
Applied set_property KEEP_HIERARCHY = SOFT for design_1_i/My_Conv_0. (constraint file  auto generated constraint).
---------------------------------------------------------------------------------
Finished applying 'set_property' XDC Constraints : Time (s): cpu = 00:00:24 ; elapsed = 00:00:24 . Memory (MB): peak = 2393.957 ; gain = 466.371
---------------------------------------------------------------------------------
---------------------------------------------------------------------------------
Finished RTL Optimization Phase 2 : Time (s): cpu = 00:00:24 ; elapsed = 00:00:25 . Memory (MB): peak = 2393.957 ; gain = 466.371
---------------------------------------------------------------------------------
---------------------------------------------------------------------------------
Start RTL Component Statistics 
---------------------------------------------------------------------------------
Detailed RTL Component Info : 
---------------------------------------------------------------------------------
Finished RTL Component Statistics 
---------------------------------------------------------------------------------
---------------------------------------------------------------------------------
Start Part Resource Summary
---------------------------------------------------------------------------------
Part Resources:
DSPs: 1248 (col length:96)
BRAMs: 288 (col length: RAMB18 96 RAMB36 48)
---------------------------------------------------------------------------------
Finished Part Resource Summary
---------------------------------------------------------------------------------
---------------------------------------------------------------------------------
Start Cross Boundary and Area Optimization
---------------------------------------------------------------------------------
WARNING: [Synth 8-7080] Parallel synthesis criteria is not met
---------------------------------------------------------------------------------
Finished Cross Boundary and Area Optimization : Time (s): cpu = 00:00:26 ; elapsed = 00:00:27 . Memory (MB): peak = 2393.957 ; gain = 466.371
---------------------------------------------------------------------------------
---------------------------------------------------------------------------------
Start Applying XDC Timing Constraints
---------------------------------------------------------------------------------
---------------------------------------------------------------------------------
Finished Applying XDC Timing Constraints : Time (s): cpu = 00:00:36 ; elapsed = 00:00:38 . Memory (MB): peak = 2918.324 ; gain = 990.738
---------------------------------------------------------------------------------
---------------------------------------------------------------------------------
Start Timing Optimization
---------------------------------------------------------------------------------
---------------------------------------------------------------------------------
Finished Timing Optimization : Time (s): cpu = 00:00:36 ; elapsed = 00:00:38 . Memory (MB): peak = 2918.324 ; gain = 990.738
---------------------------------------------------------------------------------
---------------------------------------------------------------------------------
Start Technology Mapping
---------------------------------------------------------------------------------
---------------------------------------------------------------------------------
Finished Technology Mapping : Time (s): cpu = 00:00:37 ; elapsed = 00:00:38 . Memory (MB): peak = 2940.957 ; gain = 1013.371
---------------------------------------------------------------------------------
---------------------------------------------------------------------------------
Start IO Insertion
---------------------------------------------------------------------------------
---------------------------------------------------------------------------------
Start Flattening Before IO Insertion
---------------------------------------------------------------------------------
---------------------------------------------------------------------------------
Finished Flattening Before IO Insertion
---------------------------------------------------------------------------------
---------------------------------------------------------------------------------
Start Final Netlist Cleanup
---------------------------------------------------------------------------------
---------------------------------------------------------------------------------
Finished Final Netlist Cleanup
---------------------------------------------------------------------------------
---------------------------------------------------------------------------------
Finished IO Insertion : Time (s): cpu = 00:00:43 ; elapsed = 00:00:44 . Memory (MB): peak = 2944.762 ; gain = 1017.176
---------------------------------------------------------------------------------
---------------------------------------------------------------------------------
Start Renaming Generated Instances
---------------------------------------------------------------------------------
---------------------------------------------------------------------------------
Finished Renaming Generated Instances : Time (s): cpu = 00:00:43 ; elapsed = 00:00:44 . Memory (MB): peak = 2944.762 ; gain = 1017.176
---------------------------------------------------------------------------------
---------------------------------------------------------------------------------
Start Rebuilding User Hierarchy
---------------------------------------------------------------------------------
---------------------------------------------------------------------------------
Finished Rebuilding User Hierarchy : Time (s): cpu = 00:00:43 ; elapsed = 00:00:44 . Memory (MB): peak = 2944.762 ; gain = 1017.176
---------------------------------------------------------------------------------
---------------------------------------------------------------------------------
Start Renaming Generated Ports
---------------------------------------------------------------------------------
---------------------------------------------------------------------------------
Finished Renaming Generated Ports : Time (s): cpu = 00:00:43 ; elapsed = 00:00:44 . Memory (MB): peak = 2944.762 ; gain = 1017.176
---------------------------------------------------------------------------------
---------------------------------------------------------------------------------
Start Handling Custom Attributes
---------------------------------------------------------------------------------
---------------------------------------------------------------------------------
Finished Handling Custom Attributes : Time (s): cpu = 00:00:43 ; elapsed = 00:00:44 . Memory (MB): peak = 2944.762 ; gain = 1017.176
---------------------------------------------------------------------------------
---------------------------------------------------------------------------------
Start Renaming Generated Nets
---------------------------------------------------------------------------------
---------------------------------------------------------------------------------
Finished Renaming Generated Nets : Time (s): cpu = 00:00:43 ; elapsed = 00:00:44 . Memory (MB): peak = 2944.762 ; gain = 1017.176
---------------------------------------------------------------------------------
---------------------------------------------------------------------------------
Start Writing Synthesis Report
---------------------------------------------------------------------------------

Report BlackBoxes: 
+------+-----------------------------+----------+
|      |BlackBox name                |Instances |
+------+-----------------------------+----------+
|1     |design_1_Dense_0_0           |         1|
|2     |design_1_My_Conv_0_1         |         1|
|3     |design_1_clk_wiz_0_0         |         1|
|4     |design_1_proc_sys_reset_0_0  |         1|
|5     |design_1_proc_sys_reset_0_1  |         1|
|6     |design_1_smartconnect_0_2    |         1|
|7     |design_1_smartconnect_0_5    |         1|
|8     |design_1_smartconnect_0_3    |         1|
|9     |design_1_smartconnect_0_4    |         1|
|10    |design_1_smartconnect_3_0    |         1|
|11    |design_1_smartconnect_4_0    |         1|
|12    |design_1_smartconnect_4_2    |         1|
|13    |design_1_zynq_ultra_ps_e_1_0 |         1|
+------+-----------------------------+----------+

Report Cell Usage: 
+------+---------------------------+------+
|      |Cell                       |Count |
+------+---------------------------+------+
|1     |design_1_Dense_0           |     1|
|2     |design_1_My_Conv_0         |     1|
|3     |design_1_clk_wiz_0         |     1|
|4     |design_1_proc_sys_reset_0  |     2|
|6     |design_1_smartconnect_0    |     4|
|10    |design_1_smartconnect_3    |     1|
|11    |design_1_smartconnect_4    |     2|
|13    |design_1_zynq_ultra_ps_e_1 |     1|
+------+---------------------------+------+
---------------------------------------------------------------------------------
Finished Writing Synthesis Report : Time (s): cpu = 00:00:43 ; elapsed = 00:00:44 . Memory (MB): peak = 2944.762 ; gain = 1017.176
---------------------------------------------------------------------------------
Synthesis finished with 0 errors, 0 critical warnings and 1 warnings.
Synthesis Optimization Runtime : Time (s): cpu = 00:00:26 ; elapsed = 00:00:36 . Memory (MB): peak = 2944.762 ; gain = 986.770
Synthesis Optimization Complete : Time (s): cpu = 00:00:43 ; elapsed = 00:00:44 . Memory (MB): peak = 2944.762 ; gain = 1017.176
INFO: [Project 1-571] Translating synthesized netlist
Netlist sorting complete. Time (s): cpu = 00:00:00 ; elapsed = 00:00:00.087 . Memory (MB): peak = 2944.762 ; gain = 0.000
INFO: [Project 1-570] Preparing netlist for logic optimization
INFO: [Opt 31-138] Pushed 0 inverter(s) to 0 load pin(s).
Netlist sorting complete. Time (s): cpu = 00:00:00 ; elapsed = 00:00:00 . Memory (MB): peak = 2992.430 ; gain = 0.000
INFO: [Project 1-111] Unisim Transformation Summary:
No Unisim elements were transformed.

Synth Design complete, checksum: 4c1f9de8
INFO: [Common 17-83] Releasing license: Synthesis
54 Infos, 109 Warnings, 0 Critical Warnings and 0 Errors encountered.
synth_design completed successfully
synth_design: Time (s): cpu = 00:00:51 ; elapsed = 00:00:55 . Memory (MB): peak = 2997.473 ; gain = 1382.535
INFO: [Common 17-1381] The checkpoint 'D:/Learning/CNN_Accelerator/Project/Vivado_Project/lenet3/lenet2.runs/synth_1/design_1_wrapper.dcp' has been generated.
INFO: [runtcl-4] Executing : report_utilization -file design_1_wrapper_utilization_synth.rpt -pb design_1_wrapper_utilization_synth.pb
INFO: [Common 17-206] Exiting Vivado at Wed Dec 11 21:31:29 2024...
