#-----------------------------------------------------------
# Vivado v2022.1 (64-bit)
# SW Build 3526262 on Mon Apr 18 15:48:16 MDT 2022
# IP Build 3524634 on Mon Apr 18 20:55:01 MDT 2022
# Start of session at: Sat Apr 20 12:11:34 2024
# Process ID: 59632
# Current directory: D:/Vivado_program/pynq_lenet5/hls_t1/dense/dense/solution1/impl/ip
# Command line: vivado.exe -notrace -mode batch -source run_ippack.tcl
# Log file: D:/Vivado_program/pynq_lenet5/hls_t1/dense/dense/solution1/impl/ip/vivado.log
# Journal file: D:/Vivado_program/pynq_lenet5/hls_t1/dense/dense/solution1/impl/ip\vivado.jou
# Running On: WIN-05S5ST9THAA, OS: Windows, CPU Frequency: 2994 MHz, CPU Physical cores: 12, Host memory: 25095 MB
#-----------------------------------------------------------
source run_ippack.tcl -notrace
INFO: [IP_Flow 19-234] Refreshing IP repositories
INFO: [IP_Flow 19-1704] No user IP repositories specified
INFO: [IP_Flow 19-2313] Loaded Vivado IP repository 'E:/Learning_Software/Xilinx/Vivado/2022.1/data/ip'.
WARNING: [IP_Flow 19-4832] The IP name 'Dense_fmul_32ns_32ns_32_6_max_dsp_1_ip' you have specified is long. The Windows operating system has path length limitations. It is recommended you use shorter names to reduce the likelihood of issues.
INFO: [IP_Flow 19-1686] Generating 'Synthesis' target for IP 'Dense_fmul_32ns_32ns_32_6_max_dsp_1_ip'...
INFO: [IP_Flow 19-1686] Generating 'Simulation' target for IP 'Dense_fmul_32ns_32ns_32_6_max_dsp_1_ip'...
WARNING: [IP_Flow 19-4832] The IP name 'Dense_sitofp_32ns_32_7_no_dsp_1_ip' you have specified is long. The Windows operating system has path length limitations. It is recommended you use shorter names to reduce the likelihood of issues.
INFO: [IP_Flow 19-1686] Generating 'Synthesis' target for IP 'Dense_sitofp_32ns_32_7_no_dsp_1_ip'...
INFO: [IP_Flow 19-1686] Generating 'Simulation' target for IP 'Dense_sitofp_32ns_32_7_no_dsp_1_ip'...
INFO: [IP_Flow 19-234] Refreshing IP repositories
INFO: [IP_Flow 19-1704] No user IP repositories specified
INFO: [IP_Flow 19-2313] Loaded Vivado IP repository 'E:/Learning_Software/Xilinx/Vivado/2022.1/data/ip'.
INFO: [Common 17-206] Exiting Vivado at Sat Apr 20 12:11:55 2024...
