

================================================================
== Vitis HLS Report for 'My_Conv_Pipeline_1'
================================================================
* Date:           Thu May  9 17:20:25 2024

* Version:        2022.1 (Build 3526262 on Mon Apr 18 15:48:16 MDT 2022)
* Project:        Conv_Tile129
* Solution:       solution9 (Vivado IP Flow Target)
* Product family: zynquplus
* Target device:  xck26-sfvc784-2LV-c


================================================================
== Performance Estimates
================================================================
+ Timing: 
    * Summary: 
    +--------+---------+----------+------------+
    |  Clock |  Target | Estimated| Uncertainty|
    +--------+---------+----------+------------+
    |ap_clk  |  4.80 ns|  3.504 ns|     1.30 ns|
    +--------+---------+----------+------------+

+ Latency: 
    * Summary: 
    +---------+---------+-----------+----------+-----+-----+---------+
    |  Latency (cycles) |  Latency (absolute)  |  Interval | Pipeline|
    |   min   |   max   |    min    |    max   | min | max |   Type  |
    +---------+---------+-----------+----------+-----+-----+---------+
    |        4|        ?|  19.200 ns|         ?|    4|    ?|       no|
    +---------+---------+-----------+----------+-----+-----+---------+

    + Detail: 
        * Instance: 
        N/A

        * Loop: 
        +----------+---------+---------+----------+-----------+-----------+-------+----------+
        |          |  Latency (cycles) | Iteration|  Initiation Interval  |  Trip |          |
        | Loop Name|   min   |   max   |  Latency |  achieved |   target  | Count | Pipelined|
        +----------+---------+---------+----------+-----------+-----------+-------+----------+
        |- Loop 1  |        2|        ?|         2|          1|          1|  1 ~ ?|       yes|
        +----------+---------+---------+----------+-----------+-----------+-------+----------+



================================================================
== Utilization Estimates
================================================================
* Summary: 
+-----------------+---------+------+--------+--------+-----+
|       Name      | BRAM_18K|  DSP |   FF   |   LUT  | URAM|
+-----------------+---------+------+--------+--------+-----+
|DSP              |        -|     -|       -|       -|    -|
|Expression       |        -|     -|       0|      32|    -|
|FIFO             |        -|     -|       -|       -|    -|
|Instance         |        -|     -|       -|       -|    -|
|Memory           |        -|     -|       -|       -|    -|
|Multiplexer      |        -|     -|       -|      45|    -|
|Register         |        -|     -|      40|       -|    -|
+-----------------+---------+------+--------+--------+-----+
|Total            |        0|     0|      40|      77|    0|
+-----------------+---------+------+--------+--------+-----+
|Available        |      288|  1248|  234240|  117120|   64|
+-----------------+---------+------+--------+--------+-----+
|Utilization (%)  |        0|     0|      ~0|      ~0|    0|
+-----------------+---------+------+--------+--------+-----+

+ Detail: 
    * Instance: 
    N/A

    * DSP: 
    N/A

    * Memory: 
    N/A

    * FIFO: 
    N/A

    * Expression: 
    +---------------------------+----------+----+---+----+------------+------------+
    |       Variable Name       | Operation| DSP| FF| LUT| Bitwidth P0| Bitwidth P1|
    +---------------------------+----------+----+---+----+------------+------------+
    |empty_390_fu_788_p2        |         +|   0|  0|  17|          10|           1|
    |ap_block_pp0_stage0_11001  |       and|   0|  0|   2|           1|           1|
    |exitcond971_fu_794_p2      |      icmp|   0|  0|  11|          10|          10|
    |ap_enable_pp0              |       xor|   0|  0|   2|           1|           2|
    +---------------------------+----------+----+---+----+------------+------------+
    |Total                      |          |   0|  0|  32|          22|          14|
    +---------------------------+----------+----+---+----+------------+------------+

    * Multiplexer: 
    +------------------------------------+----+-----------+-----+-----------+
    |                Name                | LUT| Input Size| Bits| Total Bits|
    +------------------------------------+----+-----------+-----+-----------+
    |B1_blk_n_R                          |   9|          2|    1|          2|
    |ap_done_int                         |   9|          2|    1|          2|
    |ap_loop_exit_ready_pp0_iter1_reg    |   9|          2|    1|          2|
    |ap_sig_allocacmp_loop_index_i_load  |   9|          2|   10|         20|
    |loop_index_i_fu_190                 |   9|          2|   10|         20|
    +------------------------------------+----+-----------+-----+-----------+
    |Total                               |  45|         10|   23|         46|
    +------------------------------------+----+-----------+-----+-----------+

    * Register: 
    +----------------------------------+----+----+-----+-----------+
    |               Name               | FF | LUT| Bits| Const Bits|
    +----------------------------------+----+----+-----+-----------+
    |B1_addr_read_reg_847              |  16|   0|   16|          0|
    |ap_CS_fsm                         |   1|   0|    1|          0|
    |ap_done_reg                       |   1|   0|    1|          0|
    |ap_enable_reg_pp0_iter1           |   1|   0|    1|          0|
    |ap_loop_exit_ready_pp0_iter1_reg  |   1|   0|    1|          0|
    |empty_reg_888                     |   5|   0|    5|          0|
    |loop_index_i_fu_190               |  10|   0|   10|          0|
    |tmp_s_reg_883                     |   5|   0|    5|          0|
    +----------------------------------+----+----+-----+-----------+
    |Total                             |  40|   0|   40|          0|
    +----------------------------------+----+----+-----+-----------+



================================================================
== Interface
================================================================
* Summary: 
+-----------------------------------------------------------------------------------------------+-----+-----+------------+--------------------------------------------------------------------------------------+--------------+
|                                           RTL Ports                                           | Dir | Bits|  Protocol  |                                     Source Object                                    |    C Type    |
+-----------------------------------------------------------------------------------------------+-----+-----+------------+--------------------------------------------------------------------------------------+--------------+
|ap_clk                                                                                         |   in|    1|  ap_ctrl_hs|                                                                    My_Conv_Pipeline_1|  return value|
|ap_rst                                                                                         |   in|    1|  ap_ctrl_hs|                                                                    My_Conv_Pipeline_1|  return value|
|ap_start                                                                                       |   in|    1|  ap_ctrl_hs|                                                                    My_Conv_Pipeline_1|  return value|
|ap_done                                                                                        |  out|    1|  ap_ctrl_hs|                                                                    My_Conv_Pipeline_1|  return value|
|ap_idle                                                                                        |  out|    1|  ap_ctrl_hs|                                                                    My_Conv_Pipeline_1|  return value|
|ap_ready                                                                                       |  out|    1|  ap_ctrl_hs|                                                                    My_Conv_Pipeline_1|  return value|
|m_axi_B1_AWVALID                                                                               |  out|    1|       m_axi|                                                                                    B1|       pointer|
|m_axi_B1_AWREADY                                                                               |   in|    1|       m_axi|                                                                                    B1|       pointer|
|m_axi_B1_AWADDR                                                                                |  out|   64|       m_axi|                                                                                    B1|       pointer|
|m_axi_B1_AWID                                                                                  |  out|    1|       m_axi|                                                                                    B1|       pointer|
|m_axi_B1_AWLEN                                                                                 |  out|   32|       m_axi|                                                                                    B1|       pointer|
|m_axi_B1_AWSIZE                                                                                |  out|    3|       m_axi|                                                                                    B1|       pointer|
|m_axi_B1_AWBURST                                                                               |  out|    2|       m_axi|                                                                                    B1|       pointer|
|m_axi_B1_AWLOCK                                                                                |  out|    2|       m_axi|                                                                                    B1|       pointer|
|m_axi_B1_AWCACHE                                                                               |  out|    4|       m_axi|                                                                                    B1|       pointer|
|m_axi_B1_AWPROT                                                                                |  out|    3|       m_axi|                                                                                    B1|       pointer|
|m_axi_B1_AWQOS                                                                                 |  out|    4|       m_axi|                                                                                    B1|       pointer|
|m_axi_B1_AWREGION                                                                              |  out|    4|       m_axi|                                                                                    B1|       pointer|
|m_axi_B1_AWUSER                                                                                |  out|    1|       m_axi|                                                                                    B1|       pointer|
|m_axi_B1_WVALID                                                                                |  out|    1|       m_axi|                                                                                    B1|       pointer|
|m_axi_B1_WREADY                                                                                |   in|    1|       m_axi|                                                                                    B1|       pointer|
|m_axi_B1_WDATA                                                                                 |  out|   16|       m_axi|                                                                                    B1|       pointer|
|m_axi_B1_WSTRB                                                                                 |  out|    2|       m_axi|                                                                                    B1|       pointer|
|m_axi_B1_WLAST                                                                                 |  out|    1|       m_axi|                                                                                    B1|       pointer|
|m_axi_B1_WID                                                                                   |  out|    1|       m_axi|                                                                                    B1|       pointer|
|m_axi_B1_WUSER                                                                                 |  out|    1|       m_axi|                                                                                    B1|       pointer|
|m_axi_B1_ARVALID                                                                               |  out|    1|       m_axi|                                                                                    B1|       pointer|
|m_axi_B1_ARREADY                                                                               |   in|    1|       m_axi|                                                                                    B1|       pointer|
|m_axi_B1_ARADDR                                                                                |  out|   64|       m_axi|                                                                                    B1|       pointer|
|m_axi_B1_ARID                                                                                  |  out|    1|       m_axi|                                                                                    B1|       pointer|
|m_axi_B1_ARLEN                                                                                 |  out|   32|       m_axi|                                                                                    B1|       pointer|
|m_axi_B1_ARSIZE                                                                                |  out|    3|       m_axi|                                                                                    B1|       pointer|
|m_axi_B1_ARBURST                                                                               |  out|    2|       m_axi|                                                                                    B1|       pointer|
|m_axi_B1_ARLOCK                                                                                |  out|    2|       m_axi|                                                                                    B1|       pointer|
|m_axi_B1_ARCACHE                                                                               |  out|    4|       m_axi|                                                                                    B1|       pointer|
|m_axi_B1_ARPROT                                                                                |  out|    3|       m_axi|                                                                                    B1|       pointer|
|m_axi_B1_ARQOS                                                                                 |  out|    4|       m_axi|                                                                                    B1|       pointer|
|m_axi_B1_ARREGION                                                                              |  out|    4|       m_axi|                                                                                    B1|       pointer|
|m_axi_B1_ARUSER                                                                                |  out|    1|       m_axi|                                                                                    B1|       pointer|
|m_axi_B1_RVALID                                                                                |   in|    1|       m_axi|                                                                                    B1|       pointer|
|m_axi_B1_RREADY                                                                                |  out|    1|       m_axi|                                                                                    B1|       pointer|
|m_axi_B1_RDATA                                                                                 |   in|   16|       m_axi|                                                                                    B1|       pointer|
|m_axi_B1_RLAST                                                                                 |   in|    1|       m_axi|                                                                                    B1|       pointer|
|m_axi_B1_RID                                                                                   |   in|    1|       m_axi|                                                                                    B1|       pointer|
|m_axi_B1_RFIFONUM                                                                              |   in|   14|       m_axi|                                                                                    B1|       pointer|
|m_axi_B1_RUSER                                                                                 |   in|    1|       m_axi|                                                                                    B1|       pointer|
|m_axi_B1_RRESP                                                                                 |   in|    2|       m_axi|                                                                                    B1|       pointer|
|m_axi_B1_BVALID                                                                                |   in|    1|       m_axi|                                                                                    B1|       pointer|
|m_axi_B1_BREADY                                                                                |  out|    1|       m_axi|                                                                                    B1|       pointer|
|m_axi_B1_BRESP                                                                                 |   in|    2|       m_axi|                                                                                    B1|       pointer|
|m_axi_B1_BID                                                                                   |   in|    1|       m_axi|                                                                                    B1|       pointer|
|m_axi_B1_BUSER                                                                                 |   in|    1|       m_axi|                                                                                    B1|       pointer|
|p_cast_cast                                                                                    |   in|   63|     ap_none|                                                                           p_cast_cast|        scalar|
|CHout_ap_V                                                                                     |   in|   10|     ap_none|                                                                            CHout_ap_V|        scalar|
|My_Conv_int_int_int_int_int_int_int_int_int_int_int_ap_fixed_ap_fixed_ap_fixed_33_address1     |  out|    5|   ap_memory|     My_Conv_int_int_int_int_int_int_int_int_int_int_int_ap_fixed_ap_fixed_ap_fixed_33|         array|
|My_Conv_int_int_int_int_int_int_int_int_int_int_int_ap_fixed_ap_fixed_ap_fixed_33_ce1          |  out|    1|   ap_memory|     My_Conv_int_int_int_int_int_int_int_int_int_int_int_ap_fixed_ap_fixed_ap_fixed_33|         array|
|My_Conv_int_int_int_int_int_int_int_int_int_int_int_ap_fixed_ap_fixed_ap_fixed_33_we1          |  out|    1|   ap_memory|     My_Conv_int_int_int_int_int_int_int_int_int_int_int_ap_fixed_ap_fixed_ap_fixed_33|         array|
|My_Conv_int_int_int_int_int_int_int_int_int_int_int_ap_fixed_ap_fixed_ap_fixed_33_d1           |  out|   16|   ap_memory|     My_Conv_int_int_int_int_int_int_int_int_int_int_int_ap_fixed_ap_fixed_ap_fixed_33|         array|
|My_Conv_int_int_int_int_int_int_int_int_int_int_int_ap_fixed_ap_fixed_ap_fixed_32_address1     |  out|    5|   ap_memory|     My_Conv_int_int_int_int_int_int_int_int_int_int_int_ap_fixed_ap_fixed_ap_fixed_32|         array|
|My_Conv_int_int_int_int_int_int_int_int_int_int_int_ap_fixed_ap_fixed_ap_fixed_32_ce1          |  out|    1|   ap_memory|     My_Conv_int_int_int_int_int_int_int_int_int_int_int_ap_fixed_ap_fixed_ap_fixed_32|         array|
|My_Conv_int_int_int_int_int_int_int_int_int_int_int_ap_fixed_ap_fixed_ap_fixed_32_we1          |  out|    1|   ap_memory|     My_Conv_int_int_int_int_int_int_int_int_int_int_int_ap_fixed_ap_fixed_ap_fixed_32|         array|
|My_Conv_int_int_int_int_int_int_int_int_int_int_int_ap_fixed_ap_fixed_ap_fixed_32_d1           |  out|   16|   ap_memory|     My_Conv_int_int_int_int_int_int_int_int_int_int_int_ap_fixed_ap_fixed_ap_fixed_32|         array|
|My_Conv_int_int_int_int_int_int_int_int_int_int_int_ap_fixed_ap_fixed_ap_fixed_31_address1     |  out|    5|   ap_memory|     My_Conv_int_int_int_int_int_int_int_int_int_int_int_ap_fixed_ap_fixed_ap_fixed_31|         array|
|My_Conv_int_int_int_int_int_int_int_int_int_int_int_ap_fixed_ap_fixed_ap_fixed_31_ce1          |  out|    1|   ap_memory|     My_Conv_int_int_int_int_int_int_int_int_int_int_int_ap_fixed_ap_fixed_ap_fixed_31|         array|
|My_Conv_int_int_int_int_int_int_int_int_int_int_int_ap_fixed_ap_fixed_ap_fixed_31_we1          |  out|    1|   ap_memory|     My_Conv_int_int_int_int_int_int_int_int_int_int_int_ap_fixed_ap_fixed_ap_fixed_31|         array|
|My_Conv_int_int_int_int_int_int_int_int_int_int_int_ap_fixed_ap_fixed_ap_fixed_31_d1           |  out|   16|   ap_memory|     My_Conv_int_int_int_int_int_int_int_int_int_int_int_ap_fixed_ap_fixed_ap_fixed_31|         array|
|My_Conv_int_int_int_int_int_int_int_int_int_int_int_ap_fixed_ap_fixed_ap_fixed_30_address1     |  out|    5|   ap_memory|     My_Conv_int_int_int_int_int_int_int_int_int_int_int_ap_fixed_ap_fixed_ap_fixed_30|         array|
|My_Conv_int_int_int_int_int_int_int_int_int_int_int_ap_fixed_ap_fixed_ap_fixed_30_ce1          |  out|    1|   ap_memory|     My_Conv_int_int_int_int_int_int_int_int_int_int_int_ap_fixed_ap_fixed_ap_fixed_30|         array|
|My_Conv_int_int_int_int_int_int_int_int_int_int_int_ap_fixed_ap_fixed_ap_fixed_30_we1          |  out|    1|   ap_memory|     My_Conv_int_int_int_int_int_int_int_int_int_int_int_ap_fixed_ap_fixed_ap_fixed_30|         array|
|My_Conv_int_int_int_int_int_int_int_int_int_int_int_ap_fixed_ap_fixed_ap_fixed_30_d1           |  out|   16|   ap_memory|     My_Conv_int_int_int_int_int_int_int_int_int_int_int_ap_fixed_ap_fixed_ap_fixed_30|         array|
|My_Conv_int_int_int_int_int_int_int_int_int_int_int_ap_fixed_ap_fixed_ap_fixed_29_address1     |  out|    5|   ap_memory|     My_Conv_int_int_int_int_int_int_int_int_int_int_int_ap_fixed_ap_fixed_ap_fixed_29|         array|
|My_Conv_int_int_int_int_int_int_int_int_int_int_int_ap_fixed_ap_fixed_ap_fixed_29_ce1          |  out|    1|   ap_memory|     My_Conv_int_int_int_int_int_int_int_int_int_int_int_ap_fixed_ap_fixed_ap_fixed_29|         array|
|My_Conv_int_int_int_int_int_int_int_int_int_int_int_ap_fixed_ap_fixed_ap_fixed_29_we1          |  out|    1|   ap_memory|     My_Conv_int_int_int_int_int_int_int_int_int_int_int_ap_fixed_ap_fixed_ap_fixed_29|         array|
|My_Conv_int_int_int_int_int_int_int_int_int_int_int_ap_fixed_ap_fixed_ap_fixed_29_d1           |  out|   16|   ap_memory|     My_Conv_int_int_int_int_int_int_int_int_int_int_int_ap_fixed_ap_fixed_ap_fixed_29|         array|
|My_Conv_int_int_int_int_int_int_int_int_int_int_int_ap_fixed_ap_fixed_ap_fixed_28_address1     |  out|    5|   ap_memory|     My_Conv_int_int_int_int_int_int_int_int_int_int_int_ap_fixed_ap_fixed_ap_fixed_28|         array|
|My_Conv_int_int_int_int_int_int_int_int_int_int_int_ap_fixed_ap_fixed_ap_fixed_28_ce1          |  out|    1|   ap_memory|     My_Conv_int_int_int_int_int_int_int_int_int_int_int_ap_fixed_ap_fixed_ap_fixed_28|         array|
|My_Conv_int_int_int_int_int_int_int_int_int_int_int_ap_fixed_ap_fixed_ap_fixed_28_we1          |  out|    1|   ap_memory|     My_Conv_int_int_int_int_int_int_int_int_int_int_int_ap_fixed_ap_fixed_ap_fixed_28|         array|
|My_Conv_int_int_int_int_int_int_int_int_int_int_int_ap_fixed_ap_fixed_ap_fixed_28_d1           |  out|   16|   ap_memory|     My_Conv_int_int_int_int_int_int_int_int_int_int_int_ap_fixed_ap_fixed_ap_fixed_28|         array|
|My_Conv_int_int_int_int_int_int_int_int_int_int_int_ap_fixed_ap_fixed_ap_fixed_27_address1     |  out|    5|   ap_memory|     My_Conv_int_int_int_int_int_int_int_int_int_int_int_ap_fixed_ap_fixed_ap_fixed_27|         array|
|My_Conv_int_int_int_int_int_int_int_int_int_int_int_ap_fixed_ap_fixed_ap_fixed_27_ce1          |  out|    1|   ap_memory|     My_Conv_int_int_int_int_int_int_int_int_int_int_int_ap_fixed_ap_fixed_ap_fixed_27|         array|
|My_Conv_int_int_int_int_int_int_int_int_int_int_int_ap_fixed_ap_fixed_ap_fixed_27_we1          |  out|    1|   ap_memory|     My_Conv_int_int_int_int_int_int_int_int_int_int_int_ap_fixed_ap_fixed_ap_fixed_27|         array|
|My_Conv_int_int_int_int_int_int_int_int_int_int_int_ap_fixed_ap_fixed_ap_fixed_27_d1           |  out|   16|   ap_memory|     My_Conv_int_int_int_int_int_int_int_int_int_int_int_ap_fixed_ap_fixed_ap_fixed_27|         array|
|My_Conv_int_int_int_int_int_int_int_int_int_int_int_ap_fixed_ap_fixed_ap_fixed_26_address1     |  out|    5|   ap_memory|     My_Conv_int_int_int_int_int_int_int_int_int_int_int_ap_fixed_ap_fixed_ap_fixed_26|         array|
|My_Conv_int_int_int_int_int_int_int_int_int_int_int_ap_fixed_ap_fixed_ap_fixed_26_ce1          |  out|    1|   ap_memory|     My_Conv_int_int_int_int_int_int_int_int_int_int_int_ap_fixed_ap_fixed_ap_fixed_26|         array|
|My_Conv_int_int_int_int_int_int_int_int_int_int_int_ap_fixed_ap_fixed_ap_fixed_26_we1          |  out|    1|   ap_memory|     My_Conv_int_int_int_int_int_int_int_int_int_int_int_ap_fixed_ap_fixed_ap_fixed_26|         array|
|My_Conv_int_int_int_int_int_int_int_int_int_int_int_ap_fixed_ap_fixed_ap_fixed_26_d1           |  out|   16|   ap_memory|     My_Conv_int_int_int_int_int_int_int_int_int_int_int_ap_fixed_ap_fixed_ap_fixed_26|         array|
|My_Conv_int_int_int_int_int_int_int_int_int_int_int_ap_fixed_ap_fixed_ap_fixed_25_address1     |  out|    5|   ap_memory|     My_Conv_int_int_int_int_int_int_int_int_int_int_int_ap_fixed_ap_fixed_ap_fixed_25|         array|
|My_Conv_int_int_int_int_int_int_int_int_int_int_int_ap_fixed_ap_fixed_ap_fixed_25_ce1          |  out|    1|   ap_memory|     My_Conv_int_int_int_int_int_int_int_int_int_int_int_ap_fixed_ap_fixed_ap_fixed_25|         array|
|My_Conv_int_int_int_int_int_int_int_int_int_int_int_ap_fixed_ap_fixed_ap_fixed_25_we1          |  out|    1|   ap_memory|     My_Conv_int_int_int_int_int_int_int_int_int_int_int_ap_fixed_ap_fixed_ap_fixed_25|         array|
|My_Conv_int_int_int_int_int_int_int_int_int_int_int_ap_fixed_ap_fixed_ap_fixed_25_d1           |  out|   16|   ap_memory|     My_Conv_int_int_int_int_int_int_int_int_int_int_int_ap_fixed_ap_fixed_ap_fixed_25|         array|
|My_Conv_int_int_int_int_int_int_int_int_int_int_int_ap_fixed_ap_fixed_ap_fixed_24_address1     |  out|    5|   ap_memory|     My_Conv_int_int_int_int_int_int_int_int_int_int_int_ap_fixed_ap_fixed_ap_fixed_24|         array|
|My_Conv_int_int_int_int_int_int_int_int_int_int_int_ap_fixed_ap_fixed_ap_fixed_24_ce1          |  out|    1|   ap_memory|     My_Conv_int_int_int_int_int_int_int_int_int_int_int_ap_fixed_ap_fixed_ap_fixed_24|         array|
|My_Conv_int_int_int_int_int_int_int_int_int_int_int_ap_fixed_ap_fixed_ap_fixed_24_we1          |  out|    1|   ap_memory|     My_Conv_int_int_int_int_int_int_int_int_int_int_int_ap_fixed_ap_fixed_ap_fixed_24|         array|
|My_Conv_int_int_int_int_int_int_int_int_int_int_int_ap_fixed_ap_fixed_ap_fixed_24_d1           |  out|   16|   ap_memory|     My_Conv_int_int_int_int_int_int_int_int_int_int_int_ap_fixed_ap_fixed_ap_fixed_24|         array|
|p_ZZ7My_ConviiiiiiiiiiiP8ap_fixedILi16ELi6EL9ap_q_mode0EL9ap_o_mode0ELi0EES3_S3_S_61_address1  |  out|    5|   ap_memory|  p_ZZ7My_ConviiiiiiiiiiiP8ap_fixedILi16ELi6EL9ap_q_mode0EL9ap_o_mode0ELi0EES3_S3_S_61|         array|
|p_ZZ7My_ConviiiiiiiiiiiP8ap_fixedILi16ELi6EL9ap_q_mode0EL9ap_o_mode0ELi0EES3_S3_S_61_ce1       |  out|    1|   ap_memory|  p_ZZ7My_ConviiiiiiiiiiiP8ap_fixedILi16ELi6EL9ap_q_mode0EL9ap_o_mode0ELi0EES3_S3_S_61|         array|
|p_ZZ7My_ConviiiiiiiiiiiP8ap_fixedILi16ELi6EL9ap_q_mode0EL9ap_o_mode0ELi0EES3_S3_S_61_we1       |  out|    1|   ap_memory|  p_ZZ7My_ConviiiiiiiiiiiP8ap_fixedILi16ELi6EL9ap_q_mode0EL9ap_o_mode0ELi0EES3_S3_S_61|         array|
|p_ZZ7My_ConviiiiiiiiiiiP8ap_fixedILi16ELi6EL9ap_q_mode0EL9ap_o_mode0ELi0EES3_S3_S_61_d1        |  out|   16|   ap_memory|  p_ZZ7My_ConviiiiiiiiiiiP8ap_fixedILi16ELi6EL9ap_q_mode0EL9ap_o_mode0ELi0EES3_S3_S_61|         array|
|p_ZZ7My_ConviiiiiiiiiiiP8ap_fixedILi16ELi6EL9ap_q_mode0EL9ap_o_mode0ELi0EES3_S3_S_60_address1  |  out|    5|   ap_memory|  p_ZZ7My_ConviiiiiiiiiiiP8ap_fixedILi16ELi6EL9ap_q_mode0EL9ap_o_mode0ELi0EES3_S3_S_60|         array|
|p_ZZ7My_ConviiiiiiiiiiiP8ap_fixedILi16ELi6EL9ap_q_mode0EL9ap_o_mode0ELi0EES3_S3_S_60_ce1       |  out|    1|   ap_memory|  p_ZZ7My_ConviiiiiiiiiiiP8ap_fixedILi16ELi6EL9ap_q_mode0EL9ap_o_mode0ELi0EES3_S3_S_60|         array|
|p_ZZ7My_ConviiiiiiiiiiiP8ap_fixedILi16ELi6EL9ap_q_mode0EL9ap_o_mode0ELi0EES3_S3_S_60_we1       |  out|    1|   ap_memory|  p_ZZ7My_ConviiiiiiiiiiiP8ap_fixedILi16ELi6EL9ap_q_mode0EL9ap_o_mode0ELi0EES3_S3_S_60|         array|
|p_ZZ7My_ConviiiiiiiiiiiP8ap_fixedILi16ELi6EL9ap_q_mode0EL9ap_o_mode0ELi0EES3_S3_S_60_d1        |  out|   16|   ap_memory|  p_ZZ7My_ConviiiiiiiiiiiP8ap_fixedILi16ELi6EL9ap_q_mode0EL9ap_o_mode0ELi0EES3_S3_S_60|         array|
|p_ZZ7My_ConviiiiiiiiiiiP8ap_fixedILi16ELi6EL9ap_q_mode0EL9ap_o_mode0ELi0EES3_S3_S_59_address1  |  out|    5|   ap_memory|  p_ZZ7My_ConviiiiiiiiiiiP8ap_fixedILi16ELi6EL9ap_q_mode0EL9ap_o_mode0ELi0EES3_S3_S_59|         array|
|p_ZZ7My_ConviiiiiiiiiiiP8ap_fixedILi16ELi6EL9ap_q_mode0EL9ap_o_mode0ELi0EES3_S3_S_59_ce1       |  out|    1|   ap_memory|  p_ZZ7My_ConviiiiiiiiiiiP8ap_fixedILi16ELi6EL9ap_q_mode0EL9ap_o_mode0ELi0EES3_S3_S_59|         array|
|p_ZZ7My_ConviiiiiiiiiiiP8ap_fixedILi16ELi6EL9ap_q_mode0EL9ap_o_mode0ELi0EES3_S3_S_59_we1       |  out|    1|   ap_memory|  p_ZZ7My_ConviiiiiiiiiiiP8ap_fixedILi16ELi6EL9ap_q_mode0EL9ap_o_mode0ELi0EES3_S3_S_59|         array|
|p_ZZ7My_ConviiiiiiiiiiiP8ap_fixedILi16ELi6EL9ap_q_mode0EL9ap_o_mode0ELi0EES3_S3_S_59_d1        |  out|   16|   ap_memory|  p_ZZ7My_ConviiiiiiiiiiiP8ap_fixedILi16ELi6EL9ap_q_mode0EL9ap_o_mode0ELi0EES3_S3_S_59|         array|
|p_ZZ7My_ConviiiiiiiiiiiP8ap_fixedILi16ELi6EL9ap_q_mode0EL9ap_o_mode0ELi0EES3_S3_S_58_address1  |  out|    5|   ap_memory|  p_ZZ7My_ConviiiiiiiiiiiP8ap_fixedILi16ELi6EL9ap_q_mode0EL9ap_o_mode0ELi0EES3_S3_S_58|         array|
|p_ZZ7My_ConviiiiiiiiiiiP8ap_fixedILi16ELi6EL9ap_q_mode0EL9ap_o_mode0ELi0EES3_S3_S_58_ce1       |  out|    1|   ap_memory|  p_ZZ7My_ConviiiiiiiiiiiP8ap_fixedILi16ELi6EL9ap_q_mode0EL9ap_o_mode0ELi0EES3_S3_S_58|         array|
|p_ZZ7My_ConviiiiiiiiiiiP8ap_fixedILi16ELi6EL9ap_q_mode0EL9ap_o_mode0ELi0EES3_S3_S_58_we1       |  out|    1|   ap_memory|  p_ZZ7My_ConviiiiiiiiiiiP8ap_fixedILi16ELi6EL9ap_q_mode0EL9ap_o_mode0ELi0EES3_S3_S_58|         array|
|p_ZZ7My_ConviiiiiiiiiiiP8ap_fixedILi16ELi6EL9ap_q_mode0EL9ap_o_mode0ELi0EES3_S3_S_58_d1        |  out|   16|   ap_memory|  p_ZZ7My_ConviiiiiiiiiiiP8ap_fixedILi16ELi6EL9ap_q_mode0EL9ap_o_mode0ELi0EES3_S3_S_58|         array|
|p_ZZ7My_ConviiiiiiiiiiiP8ap_fixedILi16ELi6EL9ap_q_mode0EL9ap_o_mode0ELi0EES3_S3_S_57_address1  |  out|    5|   ap_memory|  p_ZZ7My_ConviiiiiiiiiiiP8ap_fixedILi16ELi6EL9ap_q_mode0EL9ap_o_mode0ELi0EES3_S3_S_57|         array|
|p_ZZ7My_ConviiiiiiiiiiiP8ap_fixedILi16ELi6EL9ap_q_mode0EL9ap_o_mode0ELi0EES3_S3_S_57_ce1       |  out|    1|   ap_memory|  p_ZZ7My_ConviiiiiiiiiiiP8ap_fixedILi16ELi6EL9ap_q_mode0EL9ap_o_mode0ELi0EES3_S3_S_57|         array|
|p_ZZ7My_ConviiiiiiiiiiiP8ap_fixedILi16ELi6EL9ap_q_mode0EL9ap_o_mode0ELi0EES3_S3_S_57_we1       |  out|    1|   ap_memory|  p_ZZ7My_ConviiiiiiiiiiiP8ap_fixedILi16ELi6EL9ap_q_mode0EL9ap_o_mode0ELi0EES3_S3_S_57|         array|
|p_ZZ7My_ConviiiiiiiiiiiP8ap_fixedILi16ELi6EL9ap_q_mode0EL9ap_o_mode0ELi0EES3_S3_S_57_d1        |  out|   16|   ap_memory|  p_ZZ7My_ConviiiiiiiiiiiP8ap_fixedILi16ELi6EL9ap_q_mode0EL9ap_o_mode0ELi0EES3_S3_S_57|         array|
|p_ZZ7My_ConviiiiiiiiiiiP8ap_fixedILi16ELi6EL9ap_q_mode0EL9ap_o_mode0ELi0EES3_S3_S_56_address1  |  out|    5|   ap_memory|  p_ZZ7My_ConviiiiiiiiiiiP8ap_fixedILi16ELi6EL9ap_q_mode0EL9ap_o_mode0ELi0EES3_S3_S_56|         array|
|p_ZZ7My_ConviiiiiiiiiiiP8ap_fixedILi16ELi6EL9ap_q_mode0EL9ap_o_mode0ELi0EES3_S3_S_56_ce1       |  out|    1|   ap_memory|  p_ZZ7My_ConviiiiiiiiiiiP8ap_fixedILi16ELi6EL9ap_q_mode0EL9ap_o_mode0ELi0EES3_S3_S_56|         array|
|p_ZZ7My_ConviiiiiiiiiiiP8ap_fixedILi16ELi6EL9ap_q_mode0EL9ap_o_mode0ELi0EES3_S3_S_56_we1       |  out|    1|   ap_memory|  p_ZZ7My_ConviiiiiiiiiiiP8ap_fixedILi16ELi6EL9ap_q_mode0EL9ap_o_mode0ELi0EES3_S3_S_56|         array|
|p_ZZ7My_ConviiiiiiiiiiiP8ap_fixedILi16ELi6EL9ap_q_mode0EL9ap_o_mode0ELi0EES3_S3_S_56_d1        |  out|   16|   ap_memory|  p_ZZ7My_ConviiiiiiiiiiiP8ap_fixedILi16ELi6EL9ap_q_mode0EL9ap_o_mode0ELi0EES3_S3_S_56|         array|
|p_ZZ7My_ConviiiiiiiiiiiP8ap_fixedILi16ELi6EL9ap_q_mode0EL9ap_o_mode0ELi0EES3_S3_S_55_address1  |  out|    5|   ap_memory|  p_ZZ7My_ConviiiiiiiiiiiP8ap_fixedILi16ELi6EL9ap_q_mode0EL9ap_o_mode0ELi0EES3_S3_S_55|         array|
|p_ZZ7My_ConviiiiiiiiiiiP8ap_fixedILi16ELi6EL9ap_q_mode0EL9ap_o_mode0ELi0EES3_S3_S_55_ce1       |  out|    1|   ap_memory|  p_ZZ7My_ConviiiiiiiiiiiP8ap_fixedILi16ELi6EL9ap_q_mode0EL9ap_o_mode0ELi0EES3_S3_S_55|         array|
|p_ZZ7My_ConviiiiiiiiiiiP8ap_fixedILi16ELi6EL9ap_q_mode0EL9ap_o_mode0ELi0EES3_S3_S_55_we1       |  out|    1|   ap_memory|  p_ZZ7My_ConviiiiiiiiiiiP8ap_fixedILi16ELi6EL9ap_q_mode0EL9ap_o_mode0ELi0EES3_S3_S_55|         array|
|p_ZZ7My_ConviiiiiiiiiiiP8ap_fixedILi16ELi6EL9ap_q_mode0EL9ap_o_mode0ELi0EES3_S3_S_55_d1        |  out|   16|   ap_memory|  p_ZZ7My_ConviiiiiiiiiiiP8ap_fixedILi16ELi6EL9ap_q_mode0EL9ap_o_mode0ELi0EES3_S3_S_55|         array|
|p_ZZ7My_ConviiiiiiiiiiiP8ap_fixedILi16ELi6EL9ap_q_mode0EL9ap_o_mode0ELi0EES3_S3_S_54_address1  |  out|    5|   ap_memory|  p_ZZ7My_ConviiiiiiiiiiiP8ap_fixedILi16ELi6EL9ap_q_mode0EL9ap_o_mode0ELi0EES3_S3_S_54|         array|
|p_ZZ7My_ConviiiiiiiiiiiP8ap_fixedILi16ELi6EL9ap_q_mode0EL9ap_o_mode0ELi0EES3_S3_S_54_ce1       |  out|    1|   ap_memory|  p_ZZ7My_ConviiiiiiiiiiiP8ap_fixedILi16ELi6EL9ap_q_mode0EL9ap_o_mode0ELi0EES3_S3_S_54|         array|
|p_ZZ7My_ConviiiiiiiiiiiP8ap_fixedILi16ELi6EL9ap_q_mode0EL9ap_o_mode0ELi0EES3_S3_S_54_we1       |  out|    1|   ap_memory|  p_ZZ7My_ConviiiiiiiiiiiP8ap_fixedILi16ELi6EL9ap_q_mode0EL9ap_o_mode0ELi0EES3_S3_S_54|         array|
|p_ZZ7My_ConviiiiiiiiiiiP8ap_fixedILi16ELi6EL9ap_q_mode0EL9ap_o_mode0ELi0EES3_S3_S_54_d1        |  out|   16|   ap_memory|  p_ZZ7My_ConviiiiiiiiiiiP8ap_fixedILi16ELi6EL9ap_q_mode0EL9ap_o_mode0ELi0EES3_S3_S_54|         array|
|p_ZZ7My_ConviiiiiiiiiiiP8ap_fixedILi16ELi6EL9ap_q_mode0EL9ap_o_mode0ELi0EES3_S3_S_53_address1  |  out|    5|   ap_memory|  p_ZZ7My_ConviiiiiiiiiiiP8ap_fixedILi16ELi6EL9ap_q_mode0EL9ap_o_mode0ELi0EES3_S3_S_53|         array|
|p_ZZ7My_ConviiiiiiiiiiiP8ap_fixedILi16ELi6EL9ap_q_mode0EL9ap_o_mode0ELi0EES3_S3_S_53_ce1       |  out|    1|   ap_memory|  p_ZZ7My_ConviiiiiiiiiiiP8ap_fixedILi16ELi6EL9ap_q_mode0EL9ap_o_mode0ELi0EES3_S3_S_53|         array|
|p_ZZ7My_ConviiiiiiiiiiiP8ap_fixedILi16ELi6EL9ap_q_mode0EL9ap_o_mode0ELi0EES3_S3_S_53_we1       |  out|    1|   ap_memory|  p_ZZ7My_ConviiiiiiiiiiiP8ap_fixedILi16ELi6EL9ap_q_mode0EL9ap_o_mode0ELi0EES3_S3_S_53|         array|
|p_ZZ7My_ConviiiiiiiiiiiP8ap_fixedILi16ELi6EL9ap_q_mode0EL9ap_o_mode0ELi0EES3_S3_S_53_d1        |  out|   16|   ap_memory|  p_ZZ7My_ConviiiiiiiiiiiP8ap_fixedILi16ELi6EL9ap_q_mode0EL9ap_o_mode0ELi0EES3_S3_S_53|         array|
|p_ZZ7My_ConviiiiiiiiiiiP8ap_fixedILi16ELi6EL9ap_q_mode0EL9ap_o_mode0ELi0EES3_S3_S_52_address1  |  out|    5|   ap_memory|  p_ZZ7My_ConviiiiiiiiiiiP8ap_fixedILi16ELi6EL9ap_q_mode0EL9ap_o_mode0ELi0EES3_S3_S_52|         array|
|p_ZZ7My_ConviiiiiiiiiiiP8ap_fixedILi16ELi6EL9ap_q_mode0EL9ap_o_mode0ELi0EES3_S3_S_52_ce1       |  out|    1|   ap_memory|  p_ZZ7My_ConviiiiiiiiiiiP8ap_fixedILi16ELi6EL9ap_q_mode0EL9ap_o_mode0ELi0EES3_S3_S_52|         array|
|p_ZZ7My_ConviiiiiiiiiiiP8ap_fixedILi16ELi6EL9ap_q_mode0EL9ap_o_mode0ELi0EES3_S3_S_52_we1       |  out|    1|   ap_memory|  p_ZZ7My_ConviiiiiiiiiiiP8ap_fixedILi16ELi6EL9ap_q_mode0EL9ap_o_mode0ELi0EES3_S3_S_52|         array|
|p_ZZ7My_ConviiiiiiiiiiiP8ap_fixedILi16ELi6EL9ap_q_mode0EL9ap_o_mode0ELi0EES3_S3_S_52_d1        |  out|   16|   ap_memory|  p_ZZ7My_ConviiiiiiiiiiiP8ap_fixedILi16ELi6EL9ap_q_mode0EL9ap_o_mode0ELi0EES3_S3_S_52|         array|
|p_ZZ7My_ConviiiiiiiiiiiP8ap_fixedILi16ELi6EL9ap_q_mode0EL9ap_o_mode0ELi0EES3_S3_S_51_address1  |  out|    5|   ap_memory|  p_ZZ7My_ConviiiiiiiiiiiP8ap_fixedILi16ELi6EL9ap_q_mode0EL9ap_o_mode0ELi0EES3_S3_S_51|         array|
|p_ZZ7My_ConviiiiiiiiiiiP8ap_fixedILi16ELi6EL9ap_q_mode0EL9ap_o_mode0ELi0EES3_S3_S_51_ce1       |  out|    1|   ap_memory|  p_ZZ7My_ConviiiiiiiiiiiP8ap_fixedILi16ELi6EL9ap_q_mode0EL9ap_o_mode0ELi0EES3_S3_S_51|         array|
|p_ZZ7My_ConviiiiiiiiiiiP8ap_fixedILi16ELi6EL9ap_q_mode0EL9ap_o_mode0ELi0EES3_S3_S_51_we1       |  out|    1|   ap_memory|  p_ZZ7My_ConviiiiiiiiiiiP8ap_fixedILi16ELi6EL9ap_q_mode0EL9ap_o_mode0ELi0EES3_S3_S_51|         array|
|p_ZZ7My_ConviiiiiiiiiiiP8ap_fixedILi16ELi6EL9ap_q_mode0EL9ap_o_mode0ELi0EES3_S3_S_51_d1        |  out|   16|   ap_memory|  p_ZZ7My_ConviiiiiiiiiiiP8ap_fixedILi16ELi6EL9ap_q_mode0EL9ap_o_mode0ELi0EES3_S3_S_51|         array|
|p_ZZ7My_ConviiiiiiiiiiiP8ap_fixedILi16ELi6EL9ap_q_mode0EL9ap_o_mode0ELi0EES3_S3_S_50_address1  |  out|    5|   ap_memory|  p_ZZ7My_ConviiiiiiiiiiiP8ap_fixedILi16ELi6EL9ap_q_mode0EL9ap_o_mode0ELi0EES3_S3_S_50|         array|
|p_ZZ7My_ConviiiiiiiiiiiP8ap_fixedILi16ELi6EL9ap_q_mode0EL9ap_o_mode0ELi0EES3_S3_S_50_ce1       |  out|    1|   ap_memory|  p_ZZ7My_ConviiiiiiiiiiiP8ap_fixedILi16ELi6EL9ap_q_mode0EL9ap_o_mode0ELi0EES3_S3_S_50|         array|
|p_ZZ7My_ConviiiiiiiiiiiP8ap_fixedILi16ELi6EL9ap_q_mode0EL9ap_o_mode0ELi0EES3_S3_S_50_we1       |  out|    1|   ap_memory|  p_ZZ7My_ConviiiiiiiiiiiP8ap_fixedILi16ELi6EL9ap_q_mode0EL9ap_o_mode0ELi0EES3_S3_S_50|         array|
|p_ZZ7My_ConviiiiiiiiiiiP8ap_fixedILi16ELi6EL9ap_q_mode0EL9ap_o_mode0ELi0EES3_S3_S_50_d1        |  out|   16|   ap_memory|  p_ZZ7My_ConviiiiiiiiiiiP8ap_fixedILi16ELi6EL9ap_q_mode0EL9ap_o_mode0ELi0EES3_S3_S_50|         array|
|p_ZZ7My_ConviiiiiiiiiiiP8ap_fixedILi16ELi6EL9ap_q_mode0EL9ap_o_mode0ELi0EES3_S3_S_49_address1  |  out|    5|   ap_memory|  p_ZZ7My_ConviiiiiiiiiiiP8ap_fixedILi16ELi6EL9ap_q_mode0EL9ap_o_mode0ELi0EES3_S3_S_49|         array|
|p_ZZ7My_ConviiiiiiiiiiiP8ap_fixedILi16ELi6EL9ap_q_mode0EL9ap_o_mode0ELi0EES3_S3_S_49_ce1       |  out|    1|   ap_memory|  p_ZZ7My_ConviiiiiiiiiiiP8ap_fixedILi16ELi6EL9ap_q_mode0EL9ap_o_mode0ELi0EES3_S3_S_49|         array|
|p_ZZ7My_ConviiiiiiiiiiiP8ap_fixedILi16ELi6EL9ap_q_mode0EL9ap_o_mode0ELi0EES3_S3_S_49_we1       |  out|    1|   ap_memory|  p_ZZ7My_ConviiiiiiiiiiiP8ap_fixedILi16ELi6EL9ap_q_mode0EL9ap_o_mode0ELi0EES3_S3_S_49|         array|
|p_ZZ7My_ConviiiiiiiiiiiP8ap_fixedILi16ELi6EL9ap_q_mode0EL9ap_o_mode0ELi0EES3_S3_S_49_d1        |  out|   16|   ap_memory|  p_ZZ7My_ConviiiiiiiiiiiP8ap_fixedILi16ELi6EL9ap_q_mode0EL9ap_o_mode0ELi0EES3_S3_S_49|         array|
|p_ZZ7My_ConviiiiiiiiiiiP8ap_fixedILi16ELi6EL9ap_q_mode0EL9ap_o_mode0ELi0EES3_S3_S_48_address1  |  out|    5|   ap_memory|  p_ZZ7My_ConviiiiiiiiiiiP8ap_fixedILi16ELi6EL9ap_q_mode0EL9ap_o_mode0ELi0EES3_S3_S_48|         array|
|p_ZZ7My_ConviiiiiiiiiiiP8ap_fixedILi16ELi6EL9ap_q_mode0EL9ap_o_mode0ELi0EES3_S3_S_48_ce1       |  out|    1|   ap_memory|  p_ZZ7My_ConviiiiiiiiiiiP8ap_fixedILi16ELi6EL9ap_q_mode0EL9ap_o_mode0ELi0EES3_S3_S_48|         array|
|p_ZZ7My_ConviiiiiiiiiiiP8ap_fixedILi16ELi6EL9ap_q_mode0EL9ap_o_mode0ELi0EES3_S3_S_48_we1       |  out|    1|   ap_memory|  p_ZZ7My_ConviiiiiiiiiiiP8ap_fixedILi16ELi6EL9ap_q_mode0EL9ap_o_mode0ELi0EES3_S3_S_48|         array|
|p_ZZ7My_ConviiiiiiiiiiiP8ap_fixedILi16ELi6EL9ap_q_mode0EL9ap_o_mode0ELi0EES3_S3_S_48_d1        |  out|   16|   ap_memory|  p_ZZ7My_ConviiiiiiiiiiiP8ap_fixedILi16ELi6EL9ap_q_mode0EL9ap_o_mode0ELi0EES3_S3_S_48|         array|
|p_ZZ7My_ConviiiiiiiiiiiP8ap_fixedILi16ELi6EL9ap_q_mode0EL9ap_o_mode0ELi0EES3_S3_S_47_address1  |  out|    5|   ap_memory|  p_ZZ7My_ConviiiiiiiiiiiP8ap_fixedILi16ELi6EL9ap_q_mode0EL9ap_o_mode0ELi0EES3_S3_S_47|         array|
|p_ZZ7My_ConviiiiiiiiiiiP8ap_fixedILi16ELi6EL9ap_q_mode0EL9ap_o_mode0ELi0EES3_S3_S_47_ce1       |  out|    1|   ap_memory|  p_ZZ7My_ConviiiiiiiiiiiP8ap_fixedILi16ELi6EL9ap_q_mode0EL9ap_o_mode0ELi0EES3_S3_S_47|         array|
|p_ZZ7My_ConviiiiiiiiiiiP8ap_fixedILi16ELi6EL9ap_q_mode0EL9ap_o_mode0ELi0EES3_S3_S_47_we1       |  out|    1|   ap_memory|  p_ZZ7My_ConviiiiiiiiiiiP8ap_fixedILi16ELi6EL9ap_q_mode0EL9ap_o_mode0ELi0EES3_S3_S_47|         array|
|p_ZZ7My_ConviiiiiiiiiiiP8ap_fixedILi16ELi6EL9ap_q_mode0EL9ap_o_mode0ELi0EES3_S3_S_47_d1        |  out|   16|   ap_memory|  p_ZZ7My_ConviiiiiiiiiiiP8ap_fixedILi16ELi6EL9ap_q_mode0EL9ap_o_mode0ELi0EES3_S3_S_47|         array|
|p_ZZ7My_ConviiiiiiiiiiiP8ap_fixedILi16ELi6EL9ap_q_mode0EL9ap_o_mode0ELi0EES3_S3_S_46_address1  |  out|    5|   ap_memory|  p_ZZ7My_ConviiiiiiiiiiiP8ap_fixedILi16ELi6EL9ap_q_mode0EL9ap_o_mode0ELi0EES3_S3_S_46|         array|
|p_ZZ7My_ConviiiiiiiiiiiP8ap_fixedILi16ELi6EL9ap_q_mode0EL9ap_o_mode0ELi0EES3_S3_S_46_ce1       |  out|    1|   ap_memory|  p_ZZ7My_ConviiiiiiiiiiiP8ap_fixedILi16ELi6EL9ap_q_mode0EL9ap_o_mode0ELi0EES3_S3_S_46|         array|
|p_ZZ7My_ConviiiiiiiiiiiP8ap_fixedILi16ELi6EL9ap_q_mode0EL9ap_o_mode0ELi0EES3_S3_S_46_we1       |  out|    1|   ap_memory|  p_ZZ7My_ConviiiiiiiiiiiP8ap_fixedILi16ELi6EL9ap_q_mode0EL9ap_o_mode0ELi0EES3_S3_S_46|         array|
|p_ZZ7My_ConviiiiiiiiiiiP8ap_fixedILi16ELi6EL9ap_q_mode0EL9ap_o_mode0ELi0EES3_S3_S_46_d1        |  out|   16|   ap_memory|  p_ZZ7My_ConviiiiiiiiiiiP8ap_fixedILi16ELi6EL9ap_q_mode0EL9ap_o_mode0ELi0EES3_S3_S_46|         array|
|p_ZZ7My_ConviiiiiiiiiiiP8ap_fixedILi16ELi6EL9ap_q_mode0EL9ap_o_mode0ELi0EES3_S3_S_45_address1  |  out|    5|   ap_memory|  p_ZZ7My_ConviiiiiiiiiiiP8ap_fixedILi16ELi6EL9ap_q_mode0EL9ap_o_mode0ELi0EES3_S3_S_45|         array|
|p_ZZ7My_ConviiiiiiiiiiiP8ap_fixedILi16ELi6EL9ap_q_mode0EL9ap_o_mode0ELi0EES3_S3_S_45_ce1       |  out|    1|   ap_memory|  p_ZZ7My_ConviiiiiiiiiiiP8ap_fixedILi16ELi6EL9ap_q_mode0EL9ap_o_mode0ELi0EES3_S3_S_45|         array|
|p_ZZ7My_ConviiiiiiiiiiiP8ap_fixedILi16ELi6EL9ap_q_mode0EL9ap_o_mode0ELi0EES3_S3_S_45_we1       |  out|    1|   ap_memory|  p_ZZ7My_ConviiiiiiiiiiiP8ap_fixedILi16ELi6EL9ap_q_mode0EL9ap_o_mode0ELi0EES3_S3_S_45|         array|
|p_ZZ7My_ConviiiiiiiiiiiP8ap_fixedILi16ELi6EL9ap_q_mode0EL9ap_o_mode0ELi0EES3_S3_S_45_d1        |  out|   16|   ap_memory|  p_ZZ7My_ConviiiiiiiiiiiP8ap_fixedILi16ELi6EL9ap_q_mode0EL9ap_o_mode0ELi0EES3_S3_S_45|         array|
|p_ZZ7My_ConviiiiiiiiiiiP8ap_fixedILi16ELi6EL9ap_q_mode0EL9ap_o_mode0ELi0EES3_S3_S_44_address1  |  out|    5|   ap_memory|  p_ZZ7My_ConviiiiiiiiiiiP8ap_fixedILi16ELi6EL9ap_q_mode0EL9ap_o_mode0ELi0EES3_S3_S_44|         array|
|p_ZZ7My_ConviiiiiiiiiiiP8ap_fixedILi16ELi6EL9ap_q_mode0EL9ap_o_mode0ELi0EES3_S3_S_44_ce1       |  out|    1|   ap_memory|  p_ZZ7My_ConviiiiiiiiiiiP8ap_fixedILi16ELi6EL9ap_q_mode0EL9ap_o_mode0ELi0EES3_S3_S_44|         array|
|p_ZZ7My_ConviiiiiiiiiiiP8ap_fixedILi16ELi6EL9ap_q_mode0EL9ap_o_mode0ELi0EES3_S3_S_44_we1       |  out|    1|   ap_memory|  p_ZZ7My_ConviiiiiiiiiiiP8ap_fixedILi16ELi6EL9ap_q_mode0EL9ap_o_mode0ELi0EES3_S3_S_44|         array|
|p_ZZ7My_ConviiiiiiiiiiiP8ap_fixedILi16ELi6EL9ap_q_mode0EL9ap_o_mode0ELi0EES3_S3_S_44_d1        |  out|   16|   ap_memory|  p_ZZ7My_ConviiiiiiiiiiiP8ap_fixedILi16ELi6EL9ap_q_mode0EL9ap_o_mode0ELi0EES3_S3_S_44|         array|
|p_ZZ7My_ConviiiiiiiiiiiP8ap_fixedILi16ELi6EL9ap_q_mode0EL9ap_o_mode0ELi0EES3_S3_S_43_address1  |  out|    5|   ap_memory|  p_ZZ7My_ConviiiiiiiiiiiP8ap_fixedILi16ELi6EL9ap_q_mode0EL9ap_o_mode0ELi0EES3_S3_S_43|         array|
|p_ZZ7My_ConviiiiiiiiiiiP8ap_fixedILi16ELi6EL9ap_q_mode0EL9ap_o_mode0ELi0EES3_S3_S_43_ce1       |  out|    1|   ap_memory|  p_ZZ7My_ConviiiiiiiiiiiP8ap_fixedILi16ELi6EL9ap_q_mode0EL9ap_o_mode0ELi0EES3_S3_S_43|         array|
|p_ZZ7My_ConviiiiiiiiiiiP8ap_fixedILi16ELi6EL9ap_q_mode0EL9ap_o_mode0ELi0EES3_S3_S_43_we1       |  out|    1|   ap_memory|  p_ZZ7My_ConviiiiiiiiiiiP8ap_fixedILi16ELi6EL9ap_q_mode0EL9ap_o_mode0ELi0EES3_S3_S_43|         array|
|p_ZZ7My_ConviiiiiiiiiiiP8ap_fixedILi16ELi6EL9ap_q_mode0EL9ap_o_mode0ELi0EES3_S3_S_43_d1        |  out|   16|   ap_memory|  p_ZZ7My_ConviiiiiiiiiiiP8ap_fixedILi16ELi6EL9ap_q_mode0EL9ap_o_mode0ELi0EES3_S3_S_43|         array|
|p_ZZ7My_ConviiiiiiiiiiiP8ap_fixedILi16ELi6EL9ap_q_mode0EL9ap_o_mode0ELi0EES3_S3_S_42_address1  |  out|    5|   ap_memory|  p_ZZ7My_ConviiiiiiiiiiiP8ap_fixedILi16ELi6EL9ap_q_mode0EL9ap_o_mode0ELi0EES3_S3_S_42|         array|
|p_ZZ7My_ConviiiiiiiiiiiP8ap_fixedILi16ELi6EL9ap_q_mode0EL9ap_o_mode0ELi0EES3_S3_S_42_ce1       |  out|    1|   ap_memory|  p_ZZ7My_ConviiiiiiiiiiiP8ap_fixedILi16ELi6EL9ap_q_mode0EL9ap_o_mode0ELi0EES3_S3_S_42|         array|
|p_ZZ7My_ConviiiiiiiiiiiP8ap_fixedILi16ELi6EL9ap_q_mode0EL9ap_o_mode0ELi0EES3_S3_S_42_we1       |  out|    1|   ap_memory|  p_ZZ7My_ConviiiiiiiiiiiP8ap_fixedILi16ELi6EL9ap_q_mode0EL9ap_o_mode0ELi0EES3_S3_S_42|         array|
|p_ZZ7My_ConviiiiiiiiiiiP8ap_fixedILi16ELi6EL9ap_q_mode0EL9ap_o_mode0ELi0EES3_S3_S_42_d1        |  out|   16|   ap_memory|  p_ZZ7My_ConviiiiiiiiiiiP8ap_fixedILi16ELi6EL9ap_q_mode0EL9ap_o_mode0ELi0EES3_S3_S_42|         array|
|p_ZZ7My_ConviiiiiiiiiiiP8ap_fixedILi16ELi6EL9ap_q_mode0EL9ap_o_mode0ELi0EES3_S3_S_41_address1  |  out|    5|   ap_memory|  p_ZZ7My_ConviiiiiiiiiiiP8ap_fixedILi16ELi6EL9ap_q_mode0EL9ap_o_mode0ELi0EES3_S3_S_41|         array|
|p_ZZ7My_ConviiiiiiiiiiiP8ap_fixedILi16ELi6EL9ap_q_mode0EL9ap_o_mode0ELi0EES3_S3_S_41_ce1       |  out|    1|   ap_memory|  p_ZZ7My_ConviiiiiiiiiiiP8ap_fixedILi16ELi6EL9ap_q_mode0EL9ap_o_mode0ELi0EES3_S3_S_41|         array|
|p_ZZ7My_ConviiiiiiiiiiiP8ap_fixedILi16ELi6EL9ap_q_mode0EL9ap_o_mode0ELi0EES3_S3_S_41_we1       |  out|    1|   ap_memory|  p_ZZ7My_ConviiiiiiiiiiiP8ap_fixedILi16ELi6EL9ap_q_mode0EL9ap_o_mode0ELi0EES3_S3_S_41|         array|
|p_ZZ7My_ConviiiiiiiiiiiP8ap_fixedILi16ELi6EL9ap_q_mode0EL9ap_o_mode0ELi0EES3_S3_S_41_d1        |  out|   16|   ap_memory|  p_ZZ7My_ConviiiiiiiiiiiP8ap_fixedILi16ELi6EL9ap_q_mode0EL9ap_o_mode0ELi0EES3_S3_S_41|         array|
|p_ZZ7My_ConviiiiiiiiiiiP8ap_fixedILi16ELi6EL9ap_q_mode0EL9ap_o_mode0ELi0EES3_S3_S_40_address1  |  out|    5|   ap_memory|  p_ZZ7My_ConviiiiiiiiiiiP8ap_fixedILi16ELi6EL9ap_q_mode0EL9ap_o_mode0ELi0EES3_S3_S_40|         array|
|p_ZZ7My_ConviiiiiiiiiiiP8ap_fixedILi16ELi6EL9ap_q_mode0EL9ap_o_mode0ELi0EES3_S3_S_40_ce1       |  out|    1|   ap_memory|  p_ZZ7My_ConviiiiiiiiiiiP8ap_fixedILi16ELi6EL9ap_q_mode0EL9ap_o_mode0ELi0EES3_S3_S_40|         array|
|p_ZZ7My_ConviiiiiiiiiiiP8ap_fixedILi16ELi6EL9ap_q_mode0EL9ap_o_mode0ELi0EES3_S3_S_40_we1       |  out|    1|   ap_memory|  p_ZZ7My_ConviiiiiiiiiiiP8ap_fixedILi16ELi6EL9ap_q_mode0EL9ap_o_mode0ELi0EES3_S3_S_40|         array|
|p_ZZ7My_ConviiiiiiiiiiiP8ap_fixedILi16ELi6EL9ap_q_mode0EL9ap_o_mode0ELi0EES3_S3_S_40_d1        |  out|   16|   ap_memory|  p_ZZ7My_ConviiiiiiiiiiiP8ap_fixedILi16ELi6EL9ap_q_mode0EL9ap_o_mode0ELi0EES3_S3_S_40|         array|
+-----------------------------------------------------------------------------------------------+-----+-----+------------+--------------------------------------------------------------------------------------+--------------+

