

================================================================
== Vitis HLS Report for 'p_hls_fptosi_float_i32'
================================================================
* Date:           Thu May  9 17:20:24 2024

* Version:        2022.1 (Build 3526262 on Mon Apr 18 15:48:16 MDT 2022)
* Project:        Conv_Tile129
* Solution:       solution9 (Vivado IP Flow Target)
* Product family: zynquplus
* Target device:  xck26-sfvc784-2LV-c


================================================================
== Performance Estimates
================================================================
+ Timing: 
    * Summary: 
    +--------+---------+----------+------------+
    |  Clock |  Target | Estimated| Uncertainty|
    +--------+---------+----------+------------+
    |ap_clk  |  4.80 ns|  2.551 ns|     1.30 ns|
    +--------+---------+----------+------------+

+ Latency: 
    * Summary: 
    +---------+---------+----------+----------+-----+-----+---------+
    |  Latency (cycles) |  Latency (absolute) |  Interval | Pipeline|
    |   min   |   max   |    min   |    max   | min | max |   Type  |
    +---------+---------+----------+----------+-----+-----+---------+
    |        1|        1|  4.800 ns|  4.800 ns|    1|    1|       no|
    +---------+---------+----------+----------+-----+-----+---------+

    + Detail: 
        * Instance: 
        N/A

        * Loop: 
        N/A



================================================================
== Utilization Estimates
================================================================
* Summary: 
+-----------------+---------+------+--------+--------+-----+
|       Name      | BRAM_18K|  DSP |   FF   |   LUT  | URAM|
+-----------------+---------+------+--------+--------+-----+
|DSP              |        -|     -|       -|       -|    -|
|Expression       |        -|     -|       0|     623|    -|
|FIFO             |        -|     -|       -|       -|    -|
|Instance         |        -|     -|       -|       -|    -|
|Memory           |        -|     -|       -|       -|    -|
|Multiplexer      |        -|     -|       -|      14|    -|
|Register         |        -|     -|      35|       -|    -|
+-----------------+---------+------+--------+--------+-----+
|Total            |        0|     0|      35|     637|    0|
+-----------------+---------+------+--------+--------+-----+
|Available        |      288|  1248|  234240|  117120|   64|
+-----------------+---------+------+--------+--------+-----+
|Utilization (%)  |        0|     0|      ~0|      ~0|    0|
+-----------------+---------+------+--------+--------+-----+

+ Detail: 
    * Instance: 
    N/A

    * DSP: 
    N/A

    * Memory: 
    N/A

    * FIFO: 
    N/A

    * Expression: 
    +----------------------+----------+----+---+-----+------------+------------+
    |     Variable Name    | Operation| DSP| FF| LUT | Bitwidth P0| Bitwidth P1|
    +----------------------+----------+----+---+-----+------------+------------+
    |add_ln346_fu_88_p2    |         +|   0|  0|   16|           9|           8|
    |result_V_2_fu_170_p2  |         -|   0|  0|   39|           1|          32|
    |sub_ln1512_fu_102_p2  |         -|   0|  0|   15|           7|           8|
    |r_V_fu_128_p2         |      lshr|   0|  0|  240|          79|          79|
    |ap_return             |    select|   0|  0|   32|           1|          32|
    |ush_fu_112_p3         |    select|   0|  0|    9|           1|           9|
    |val_fu_162_p3         |    select|   0|  0|   32|           1|          32|
    |r_V_1_fu_134_p2       |       shl|   0|  0|  240|          79|          79|
    +----------------------+----------+----+---+-----+------------+------------+
    |Total                 |          |   0|  0|  623|         178|         279|
    +----------------------+----------+----+---+-----+------------+------------+

    * Multiplexer: 
    +-----------+----+-----------+-----+-----------+
    |    Name   | LUT| Input Size| Bits| Total Bits|
    +-----------+----+-----------+-----+-----------+
    |ap_NS_fsm  |  14|          3|    1|          3|
    +-----------+----+-----------+-----+-----------+
    |Total      |  14|          3|    1|          3|
    +-----------+----+-----------+-----+-----------+

    * Register: 
    +--------------------+----+----+-----+-----------+
    |        Name        | FF | LUT| Bits| Const Bits|
    +--------------------+----+----+-----+-----------+
    |ap_CS_fsm           |   2|   0|    2|          0|
    |p_Result_s_reg_181  |   1|   0|    1|          0|
    |val_reg_186         |  32|   0|   32|          0|
    +--------------------+----+----+-----+-----------+
    |Total               |  35|   0|   35|          0|
    +--------------------+----+----+-----+-----------+



================================================================
== Interface
================================================================
* Summary: 
+-----------+-----+-----+------------+------------------------+--------------+
| RTL Ports | Dir | Bits|  Protocol  |      Source Object     |    C Type    |
+-----------+-----+-----+------------+------------------------+--------------+
|ap_clk     |   in|    1|  ap_ctrl_hs|  __hls_fptosi_float_i32|  return value|
|ap_rst     |   in|    1|  ap_ctrl_hs|  __hls_fptosi_float_i32|  return value|
|ap_start   |   in|    1|  ap_ctrl_hs|  __hls_fptosi_float_i32|  return value|
|ap_done    |  out|    1|  ap_ctrl_hs|  __hls_fptosi_float_i32|  return value|
|ap_idle    |  out|    1|  ap_ctrl_hs|  __hls_fptosi_float_i32|  return value|
|ap_ready   |  out|    1|  ap_ctrl_hs|  __hls_fptosi_float_i32|  return value|
|ap_return  |  out|   32|  ap_ctrl_hs|  __hls_fptosi_float_i32|  return value|
|x          |   in|   32|     ap_none|                       x|        scalar|
+-----------+-----+-----+------------+------------------------+--------------+

