

================================================================
== Vitis HLS Report for 'Write_Output_F_Pipeline_1'
================================================================
* Date:           Thu May  9 17:22:53 2024

* Version:        2022.1 (Build 3526262 on Mon Apr 18 15:48:16 MDT 2022)
* Project:        Conv_Tile129
* Solution:       solution9 (Vivado IP Flow Target)
* Product family: zynquplus
* Target device:  xck26-sfvc784-2LV-c


================================================================
== Performance Estimates
================================================================
+ Timing: 
    * Summary: 
    +--------+---------+----------+------------+
    |  Clock |  Target | Estimated| Uncertainty|
    +--------+---------+----------+------------+
    |ap_clk  |  4.80 ns|  3.504 ns|     1.30 ns|
    +--------+---------+----------+------------+

+ Latency: 
    * Summary: 
    +---------+---------+-----------+----------+-----+-----+---------+
    |  Latency (cycles) |  Latency (absolute)  |  Interval | Pipeline|
    |   min   |   max   |    min    |    max   | min | max |   Type  |
    +---------+---------+-----------+----------+-----+-----+---------+
    |        6|        ?|  28.800 ns|         ?|    6|    ?|       no|
    +---------+---------+-----------+----------+-----+-----+---------+

    + Detail: 
        * Instance: 
        N/A

        * Loop: 
        +----------+---------+---------+----------+-----------+-----------+-------+----------+
        |          |  Latency (cycles) | Iteration|  Initiation Interval  |  Trip |          |
        | Loop Name|   min   |   max   |  Latency |  achieved |   target  | Count | Pipelined|
        +----------+---------+---------+----------+-----------+-----------+-------+----------+
        |- Loop 1  |        4|        ?|         4|          1|          1|  1 ~ ?|       yes|
        +----------+---------+---------+----------+-----------+-----------+-------+----------+



================================================================
== Utilization Estimates
================================================================
* Summary: 
+-----------------+---------+------+--------+--------+-----+
|       Name      | BRAM_18K|  DSP |   FF   |   LUT  | URAM|
+-----------------+---------+------+--------+--------+-----+
|DSP              |        -|     -|       -|       -|    -|
|Expression       |        -|     -|       0|     888|    -|
|FIFO             |        -|     -|       -|       -|    -|
|Instance         |        -|     -|       0|     145|    -|
|Memory           |        -|     -|       -|       -|    -|
|Multiplexer      |        -|     -|       -|      45|    -|
|Register         |        -|     -|     281|       -|    -|
+-----------------+---------+------+--------+--------+-----+
|Total            |        0|     0|     281|    1078|    0|
+-----------------+---------+------+--------+--------+-----+
|Available        |      288|  1248|  234240|  117120|   64|
+-----------------+---------+------+--------+--------+-----+
|Utilization (%)  |        0|     0|      ~0|      ~0|    0|
+-----------------+---------+------+--------+--------+-----+

+ Detail: 
    * Instance: 
    +----------------------+-----------------+---------+----+---+-----+-----+
    |       Instance       |      Module     | BRAM_18K| DSP| FF| LUT | URAM|
    +----------------------+-----------------+---------+----+---+-----+-----+
    |mux_2934_16_1_1_U875  |mux_2934_16_1_1  |        0|   0|  0|  145|    0|
    +----------------------+-----------------+---------+----+---+-----+-----+
    |Total                 |                 |        0|   0|  0|  145|    0|
    +----------------------+-----------------+---------+----+---+-----+-----+

    * DSP: 
    N/A

    * Memory: 
    N/A

    * FIFO: 
    N/A

    * Expression: 
    +---------------------------+----------+----+---+----+------------+------------+
    |       Variable Name       | Operation| DSP| FF| LUT| Bitwidth P0| Bitwidth P1|
    +---------------------------+----------+----+---+----+------------+------------+
    |empty_352_fu_266_p2        |         +|   0|  0|  16|           9|           9|
    |empty_377_fu_283_p2        |         +|   0|  0|  71|          64|           1|
    |ap_block_pp0_stage0_11001  |       and|   0|  0|   2|           1|           1|
    |exitcond_fu_289_p2         |      icmp|   0|  0|  29|          64|          64|
    |empty_354_fu_310_p2        |      lshr|   0|  0|  96|          32|          32|
    |empty_357_fu_324_p2        |      lshr|   0|  0|  96|          32|          32|
    |empty_360_fu_338_p2        |      lshr|   0|  0|  96|          32|          32|
    |empty_363_fu_352_p2        |      lshr|   0|  0|  96|          32|          32|
    |empty_366_fu_366_p2        |      lshr|   0|  0|  96|          32|          32|
    |empty_369_fu_380_p2        |      lshr|   0|  0|  96|          32|          32|
    |empty_372_fu_394_p2        |      lshr|   0|  0|  96|          32|          32|
    |empty_375_fu_408_p2        |      lshr|   0|  0|  96|          32|          32|
    |ap_enable_pp0              |       xor|   0|  0|   2|           1|           2|
    +---------------------------+----------+----+---+----+------------+------------+
    |Total                      |          |   0|  0| 888|         395|         333|
    +---------------------------+----------+----+---+----+------------+------------+

    * Multiplexer: 
    +----------------------------------+----+-----------+-----+-----------+
    |               Name               | LUT| Input Size| Bits| Total Bits|
    +----------------------------------+----+-----------+-----+-----------+
    |OUT1_blk_n_W                      |   9|          2|    1|          2|
    |ap_done_int                       |   9|          2|    1|          2|
    |ap_enable_reg_pp0_iter1           |   9|          2|    1|          2|
    |ap_loop_exit_ready_pp0_iter4_reg  |   9|          2|    1|          2|
    |loop_index121_fu_92               |   9|          2|   64|        128|
    +----------------------------------+----+-----------+-----+-----------+
    |Total                             |  45|         10|   68|        136|
    +----------------------------------+----+-----------+-----+-----------+

    * Register: 
    +---------------------------------------------+----+----+-----+-----------+
    |                     Name                    | FF | LUT| Bits| Const Bits|
    +---------------------------------------------+----+----+-----+-----------+
    |Out_Tc_Min_cast_cast_cast_cast_cast_reg_496  |  63|   0|   64|          1|
    |ap_CS_fsm                                    |   1|   0|    1|          0|
    |ap_done_reg                                  |   1|   0|    1|          0|
    |ap_enable_reg_pp0_iter1                      |   1|   0|    1|          0|
    |ap_enable_reg_pp0_iter2                      |   1|   0|    1|          0|
    |ap_enable_reg_pp0_iter3                      |   1|   0|    1|          0|
    |ap_enable_reg_pp0_iter4                      |   1|   0|    1|          0|
    |ap_loop_exit_ready_pp0_iter2_reg             |   1|   0|    1|          0|
    |ap_loop_exit_ready_pp0_iter3_reg             |   1|   0|    1|          0|
    |ap_loop_exit_ready_pp0_iter4_reg             |   1|   0|    1|          0|
    |empty_351_reg_506                            |   1|   0|    1|          0|
    |empty_355_reg_555                            |  16|   0|   16|          0|
    |empty_358_reg_560                            |  16|   0|   16|          0|
    |empty_361_reg_565                            |  16|   0|   16|          0|
    |empty_364_reg_570                            |  16|   0|   16|          0|
    |empty_367_reg_575                            |  16|   0|   16|          0|
    |empty_370_reg_580                            |  16|   0|   16|          0|
    |empty_373_reg_585                            |  16|   0|   16|          0|
    |empty_376_reg_590                            |  16|   0|   16|          0|
    |loop_index121_fu_92                          |  64|   0|   64|          0|
    |tmp_8_reg_595                                |  16|   0|   16|          0|
    +---------------------------------------------+----+----+-----+-----------+
    |Total                                        | 281|   0|  282|          1|
    +---------------------------------------------+----+----+-----+-----------+



================================================================
== Interface
================================================================
* Summary: 
+---------------------------+-----+-----+------------+---------------------------+--------------+
|         RTL Ports         | Dir | Bits|  Protocol  |       Source Object       |    C Type    |
+---------------------------+-----+-----+------------+---------------------------+--------------+
|ap_clk                     |   in|    1|  ap_ctrl_hs|  Write_Output_F_Pipeline_1|  return value|
|ap_rst                     |   in|    1|  ap_ctrl_hs|  Write_Output_F_Pipeline_1|  return value|
|ap_start                   |   in|    1|  ap_ctrl_hs|  Write_Output_F_Pipeline_1|  return value|
|ap_done                    |  out|    1|  ap_ctrl_hs|  Write_Output_F_Pipeline_1|  return value|
|ap_idle                    |  out|    1|  ap_ctrl_hs|  Write_Output_F_Pipeline_1|  return value|
|ap_ready                   |  out|    1|  ap_ctrl_hs|  Write_Output_F_Pipeline_1|  return value|
|m_axi_OUT1_AWVALID         |  out|    1|       m_axi|                       OUT1|       pointer|
|m_axi_OUT1_AWREADY         |   in|    1|       m_axi|                       OUT1|       pointer|
|m_axi_OUT1_AWADDR          |  out|   64|       m_axi|                       OUT1|       pointer|
|m_axi_OUT1_AWID            |  out|    1|       m_axi|                       OUT1|       pointer|
|m_axi_OUT1_AWLEN           |  out|   32|       m_axi|                       OUT1|       pointer|
|m_axi_OUT1_AWSIZE          |  out|    3|       m_axi|                       OUT1|       pointer|
|m_axi_OUT1_AWBURST         |  out|    2|       m_axi|                       OUT1|       pointer|
|m_axi_OUT1_AWLOCK          |  out|    2|       m_axi|                       OUT1|       pointer|
|m_axi_OUT1_AWCACHE         |  out|    4|       m_axi|                       OUT1|       pointer|
|m_axi_OUT1_AWPROT          |  out|    3|       m_axi|                       OUT1|       pointer|
|m_axi_OUT1_AWQOS           |  out|    4|       m_axi|                       OUT1|       pointer|
|m_axi_OUT1_AWREGION        |  out|    4|       m_axi|                       OUT1|       pointer|
|m_axi_OUT1_AWUSER          |  out|    1|       m_axi|                       OUT1|       pointer|
|m_axi_OUT1_WVALID          |  out|    1|       m_axi|                       OUT1|       pointer|
|m_axi_OUT1_WREADY          |   in|    1|       m_axi|                       OUT1|       pointer|
|m_axi_OUT1_WDATA           |  out|   16|       m_axi|                       OUT1|       pointer|
|m_axi_OUT1_WSTRB           |  out|    2|       m_axi|                       OUT1|       pointer|
|m_axi_OUT1_WLAST           |  out|    1|       m_axi|                       OUT1|       pointer|
|m_axi_OUT1_WID             |  out|    1|       m_axi|                       OUT1|       pointer|
|m_axi_OUT1_WUSER           |  out|    1|       m_axi|                       OUT1|       pointer|
|m_axi_OUT1_ARVALID         |  out|    1|       m_axi|                       OUT1|       pointer|
|m_axi_OUT1_ARREADY         |   in|    1|       m_axi|                       OUT1|       pointer|
|m_axi_OUT1_ARADDR          |  out|   64|       m_axi|                       OUT1|       pointer|
|m_axi_OUT1_ARID            |  out|    1|       m_axi|                       OUT1|       pointer|
|m_axi_OUT1_ARLEN           |  out|   32|       m_axi|                       OUT1|       pointer|
|m_axi_OUT1_ARSIZE          |  out|    3|       m_axi|                       OUT1|       pointer|
|m_axi_OUT1_ARBURST         |  out|    2|       m_axi|                       OUT1|       pointer|
|m_axi_OUT1_ARLOCK          |  out|    2|       m_axi|                       OUT1|       pointer|
|m_axi_OUT1_ARCACHE         |  out|    4|       m_axi|                       OUT1|       pointer|
|m_axi_OUT1_ARPROT          |  out|    3|       m_axi|                       OUT1|       pointer|
|m_axi_OUT1_ARQOS           |  out|    4|       m_axi|                       OUT1|       pointer|
|m_axi_OUT1_ARREGION        |  out|    4|       m_axi|                       OUT1|       pointer|
|m_axi_OUT1_ARUSER          |  out|    1|       m_axi|                       OUT1|       pointer|
|m_axi_OUT1_RVALID          |   in|    1|       m_axi|                       OUT1|       pointer|
|m_axi_OUT1_RREADY          |  out|    1|       m_axi|                       OUT1|       pointer|
|m_axi_OUT1_RDATA           |   in|   16|       m_axi|                       OUT1|       pointer|
|m_axi_OUT1_RLAST           |   in|    1|       m_axi|                       OUT1|       pointer|
|m_axi_OUT1_RID             |   in|    1|       m_axi|                       OUT1|       pointer|
|m_axi_OUT1_RFIFONUM        |   in|   14|       m_axi|                       OUT1|       pointer|
|m_axi_OUT1_RUSER           |   in|    1|       m_axi|                       OUT1|       pointer|
|m_axi_OUT1_RRESP           |   in|    2|       m_axi|                       OUT1|       pointer|
|m_axi_OUT1_BVALID          |   in|    1|       m_axi|                       OUT1|       pointer|
|m_axi_OUT1_BREADY          |  out|    1|       m_axi|                       OUT1|       pointer|
|m_axi_OUT1_BRESP           |   in|    2|       m_axi|                       OUT1|       pointer|
|m_axi_OUT1_BID             |   in|    1|       m_axi|                       OUT1|       pointer|
|m_axi_OUT1_BUSER           |   in|    1|       m_axi|                       OUT1|       pointer|
|p_cast8_cast               |   in|   63|     ap_none|               p_cast8_cast|        scalar|
|empty                      |   in|    9|     ap_none|                      empty|        scalar|
|output_buffer_0_address0   |  out|    9|   ap_memory|            output_buffer_0|         array|
|output_buffer_0_ce0        |  out|    1|   ap_memory|            output_buffer_0|         array|
|output_buffer_0_q0         |   in|   32|   ap_memory|            output_buffer_0|         array|
|output_buffer_4_address0   |  out|    9|   ap_memory|            output_buffer_4|         array|
|output_buffer_4_ce0        |  out|    1|   ap_memory|            output_buffer_4|         array|
|output_buffer_4_q0         |   in|   32|   ap_memory|            output_buffer_4|         array|
|output_buffer_8_address0   |  out|    9|   ap_memory|            output_buffer_8|         array|
|output_buffer_8_ce0        |  out|    1|   ap_memory|            output_buffer_8|         array|
|output_buffer_8_q0         |   in|   32|   ap_memory|            output_buffer_8|         array|
|output_buffer_12_address0  |  out|    9|   ap_memory|           output_buffer_12|         array|
|output_buffer_12_ce0       |  out|    1|   ap_memory|           output_buffer_12|         array|
|output_buffer_12_q0        |   in|   32|   ap_memory|           output_buffer_12|         array|
|output_buffer_16_address0  |  out|    9|   ap_memory|           output_buffer_16|         array|
|output_buffer_16_ce0       |  out|    1|   ap_memory|           output_buffer_16|         array|
|output_buffer_16_q0        |   in|   32|   ap_memory|           output_buffer_16|         array|
|output_buffer_20_address0  |  out|    9|   ap_memory|           output_buffer_20|         array|
|output_buffer_20_ce0       |  out|    1|   ap_memory|           output_buffer_20|         array|
|output_buffer_20_q0        |   in|   32|   ap_memory|           output_buffer_20|         array|
|output_buffer_24_address0  |  out|    9|   ap_memory|           output_buffer_24|         array|
|output_buffer_24_ce0       |  out|    1|   ap_memory|           output_buffer_24|         array|
|output_buffer_24_q0        |   in|   32|   ap_memory|           output_buffer_24|         array|
|output_buffer_28_address0  |  out|    9|   ap_memory|           output_buffer_28|         array|
|output_buffer_28_ce0       |  out|    1|   ap_memory|           output_buffer_28|         array|
|output_buffer_28_q0        |   in|   32|   ap_memory|           output_buffer_28|         array|
|shl_ln3                    |   in|   34|     ap_none|                    shl_ln3|        scalar|
|Out_Tc_Min_cast_cast_cast  |   in|   31|     ap_none|  Out_Tc_Min_cast_cast_cast|        scalar|
+---------------------------+-----+-----+------------+---------------------------+--------------+

