

================================================================
== Vitis HLS Report for 'Load_and_Compute'
================================================================
* Date:           Sat Apr 20 12:10:32 2024

* Version:        2022.1 (Build 3526262 on Mon Apr 18 15:48:16 MDT 2022)
* Project:        dense
* Solution:       solution1 (Vivado IP Flow Target)
* Product family: zynquplus
* Target device:  xck26-sfvc784-2LV-c


================================================================
== Performance Estimates
================================================================
+ Timing: 
    * Summary: 
    +--------+---------+----------+------------+
    |  Clock |  Target | Estimated| Uncertainty|
    +--------+---------+----------+------------+
    |ap_clk  |  4.00 ns|  2.920 ns|     1.08 ns|
    +--------+---------+----------+------------+

+ Latency: 
    * Summary: 
    +---------+---------+----------+----------+-----+-----+---------+
    |  Latency (cycles) |  Latency (absolute) |  Interval | Pipeline|
    |   min   |   max   |    min   |    max   | min | max |   Type  |
    +---------+---------+----------+----------+-----+-----+---------+
    |        ?|        ?|         ?|         ?|    ?|    ?|       no|
    +---------+---------+----------+----------+-----+-----+---------+

    + Detail: 
        * Instance: 
        +------------------------+-------------+---------+---------+----------+----------+------+------+------------------------------------------+
        |                        |             |  Latency (cycles) |  Latency (absolute) |   Interval  |                 Pipeline                 |
        |        Instance        |    Module   |   min   |   max   |    min   |    max   |  min |  max |                   Type                   |
        +------------------------+-------------+---------+---------+----------+----------+------+------+------------------------------------------+
        |grp_Load_Input_fu_282   |Load_Input   |      521|      521|  2.084 us|  2.084 us|   521|   521|                                        no|
        |grp_Load_Weight_fu_295  |Load_Weight  |     1040|     1041|  4.160 us|  4.164 us|  1024|  1024|  loop rewind stp(delay=0 clock cycles(s))|
        |grp_Compute_fu_318      |Compute      |     2336|     2336|  9.344 us|  9.344 us|  2336|  2336|                                        no|
        +------------------------+-------------+---------+---------+----------+----------+------+------+------------------------------------------+

        * Loop: 
        +--------------+---------+---------+----------+-----------+-----------+------+----------+
        |              |  Latency (cycles) | Iteration|  Initiation Interval  | Trip |          |
        |   Loop Name  |   min   |   max   |  Latency |  achieved |   target  | Count| Pipelined|
        +--------------+---------+---------+----------+-----------+-----------+------+----------+
        |- Loop 1      |       96|       96|         3|          -|          -|    32|        no|
        |- Loop 2      |       64|       64|         2|          -|          -|    32|        no|
        |- input_loop  |        ?|        ?|      2339|          -|          -|     ?|        no|
        +--------------+---------+---------+----------+-----------+-----------+------+----------+



================================================================
== Utilization Estimates
================================================================
* Summary: 
+-----------------+---------+------+--------+--------+-----+
|       Name      | BRAM_18K|  DSP |   FF   |   LUT  | URAM|
+-----------------+---------+------+--------+--------+-----+
|DSP              |        -|     -|       -|       -|    -|
|Expression       |        -|     -|       0|     252|    -|
|FIFO             |        -|     -|       -|       -|    -|
|Instance         |        -|    67|    6117|   18502|    -|
|Memory           |       17|     -|       0|       0|    -|
|Multiplexer      |        -|     -|       -|     597|    -|
|Register         |        -|     -|     247|       -|    -|
+-----------------+---------+------+--------+--------+-----+
|Total            |       17|    67|    6364|   19351|    0|
+-----------------+---------+------+--------+--------+-----+
|Available        |      288|  1248|  234240|  117120|   64|
+-----------------+---------+------+--------+--------+-----+
|Utilization (%)  |        5|     5|       2|      16|    0|
+-----------------+---------+------+--------+--------+-----+

+ Detail: 
    * Instance: 
    +------------------------+-------------+---------+----+------+-------+-----+
    |        Instance        |    Module   | BRAM_18K| DSP|  FF  |  LUT  | URAM|
    +------------------------+-------------+---------+----+------+-------+-----+
    |grp_Compute_fu_318      |Compute      |        0|  64|  3404|  13472|    0|
    |grp_Load_Input_fu_282   |Load_Input   |        0|   0|   172|    534|    0|
    |grp_Load_Weight_fu_295  |Load_Weight  |        0|   3|  2541|   4496|    0|
    +------------------------+-------------+---------+----+------+-------+-----+
    |Total                   |             |        0|  67|  6117|  18502|    0|
    +------------------------+-------------+---------+----+------+-------+-----+

    * DSP: 
    N/A

    * Memory: 
    +-----------------------------------------------------------------------------------------------+----------------------------------------------------------------------------------+---------+---+----+-----+------+-----+------+-------------+
    |                                             Memory                                            |                                      Module                                      | BRAM_18K| FF| LUT| URAM| Words| Bits| Banks| W*Bits*Banks|
    +-----------------------------------------------------------------------------------------------+----------------------------------------------------------------------------------+---------+---+----+-----+------+-----+------+-------------+
    |Load_and_Compute_ap_fixed_ap_fixed_ap_fixed_ap_fixed_ap_fixed_ap_fixed_ap_3_U                  |Load_and_Compute_Load_and_Compute_ap_fixed_ap_fixed_ap_fixed_ap_fixed_ap_fixebkb  |        4|  0|   0|    0|    32|   64|     1|         2048|
    |Load_and_Compute_ap_fixed_ap_fixed_ap_fixed_ap_fixed_ap_fixed_ap_fixed_ap_2_U                  |Load_and_Compute_Load_and_Compute_ap_fixed_ap_fixed_ap_fixed_ap_fixed_ap_fixebkb  |        4|  0|   0|    0|    32|   64|     1|         2048|
    |Load_and_Compute_ap_fixed_ap_fixed_ap_fixed_ap_fixed_ap_fixed_ap_fixed_ap_1_U                  |Load_and_Compute_Load_and_Compute_ap_fixed_ap_fixed_ap_fixed_ap_fixed_ap_fixecud  |        4|  0|   0|    0|  1024|   64|     1|        65536|
    |Load_mulmulmulmulmulmuland_Compute_ap_fixed_ap_fixed_ap_fixed_ap_fixed_ap_fixed_ap_fixed_ap_U  |Load_and_Compute_Load_and_Compute_ap_fixed_ap_fixed_ap_fixed_ap_fixed_ap_fixecud  |        4|  0|   0|    0|  1024|   64|     1|        65536|
    |bias_buffer_V_U                                                                                |Load_and_Compute_bias_buffer_V_RAM_2P_BRAM_1R1W                                   |        1|  0|   0|    0|    32|   16|     1|          512|
    +-----------------------------------------------------------------------------------------------+----------------------------------------------------------------------------------+---------+---+----+-----+------+-----+------+-------------+
    |Total                                                                                          |                                                                                  |       17|  0|   0|    0|  2144|  272|     5|       135680|
    +-----------------------------------------------------------------------------------------------+----------------------------------------------------------------------------------+---------+---+----+-----+------+-----+------+-------------+

    * FIFO: 
    N/A

    * Expression: 
    +----------------------------------+----------+----+---+----+------------+------------+
    |           Variable Name          | Operation| DSP| FF| LUT| Bitwidth P0| Bitwidth P1|
    +----------------------------------+----------+----+---+----+------------+------------+
    |In_LP_now_2_fu_449_p2             |         +|   0|  0|  38|          31|           1|
    |add_ln185_fu_432_p2               |         +|   0|  0|  39|          32|           2|
    |add_ln187_fu_459_p2               |         +|   0|  0|  32|          25|           1|
    |add_ln7_fu_342_p2                 |         +|   0|  0|  71|          64|          64|
    |empty_215_fu_386_p2               |         +|   0|  0|  13|           6|           1|
    |empty_217_fu_416_p2               |         +|   0|  0|  13|           6|           1|
    |exitcond104_fu_380_p2             |      icmp|   0|  0|  10|           6|           7|
    |exitcond93_fu_410_p2              |      icmp|   0|  0|  10|           6|           7|
    |icmp_ln185_fu_444_p2              |      icmp|   0|  0|  20|          32|          32|
    |ap_block_state15_on_subcall_done  |        or|   0|  0|   2|           1|           1|
    |ap_block_state18_on_subcall_done  |        or|   0|  0|   2|           1|           1|
    |ap_block_state20_on_subcall_done  |        or|   0|  0|   2|           1|           1|
    +----------------------------------+----------+----+---+----+------------+------------+
    |Total                             |          |   0|  0| 252|         211|         119|
    +----------------------------------+----------+----+---+----+------------+------------+

    * Multiplexer: 
    +------------------------------------------------------------------------------------------------------+-----+-----------+-----+-----------+
    |                                                 Name                                                 | LUT | Input Size| Bits| Total Bits|
    +------------------------------------------------------------------------------------------------------+-----+-----------+-----+-----------+
    |B1_blk_n_AR                                                                                           |    9|          2|    1|          2|
    |B1_blk_n_R                                                                                            |    9|          2|    1|          2|
    |In_LP_now_fu_144                                                                                      |    9|          2|   31|         62|
    |Load_and_Compute_ap_fixed_ap_fixed_ap_fixed_ap_fixed_ap_fixed_ap_fixed_ap_1_address1                  |   14|          3|   10|         30|
    |Load_and_Compute_ap_fixed_ap_fixed_ap_fixed_ap_fixed_ap_fixed_ap_fixed_ap_1_ce0                       |    9|          2|    1|          2|
    |Load_and_Compute_ap_fixed_ap_fixed_ap_fixed_ap_fixed_ap_fixed_ap_fixed_ap_1_ce1                       |   14|          3|    1|          3|
    |Load_and_Compute_ap_fixed_ap_fixed_ap_fixed_ap_fixed_ap_fixed_ap_fixed_ap_1_we1                       |    9|          2|    1|          2|
    |Load_and_Compute_ap_fixed_ap_fixed_ap_fixed_ap_fixed_ap_fixed_ap_fixed_ap_2_address1                  |   14|          3|    5|         15|
    |Load_and_Compute_ap_fixed_ap_fixed_ap_fixed_ap_fixed_ap_fixed_ap_fixed_ap_2_ce0                       |    9|          2|    1|          2|
    |Load_and_Compute_ap_fixed_ap_fixed_ap_fixed_ap_fixed_ap_fixed_ap_fixed_ap_2_ce1                       |   14|          3|    1|          3|
    |Load_and_Compute_ap_fixed_ap_fixed_ap_fixed_ap_fixed_ap_fixed_ap_fixed_ap_2_we1                       |    9|          2|    8|         16|
    |Load_and_Compute_ap_fixed_ap_fixed_ap_fixed_ap_fixed_ap_fixed_ap_fixed_ap_3_address1                  |   14|          3|    5|         15|
    |Load_and_Compute_ap_fixed_ap_fixed_ap_fixed_ap_fixed_ap_fixed_ap_fixed_ap_3_ce0                       |    9|          2|    1|          2|
    |Load_and_Compute_ap_fixed_ap_fixed_ap_fixed_ap_fixed_ap_fixed_ap_fixed_ap_3_ce1                       |   14|          3|    1|          3|
    |Load_and_Compute_ap_fixed_ap_fixed_ap_fixed_ap_fixed_ap_fixed_ap_fixed_ap_3_we1                       |    9|          2|    8|         16|
    |Load_mulmulmulmulmulmuland_Compute_ap_fixed_ap_fixed_ap_fixed_ap_fixed_ap_fixed_ap_fixed_ap_address1  |   14|          3|   10|         30|
    |Load_mulmulmulmulmulmuland_Compute_ap_fixed_ap_fixed_ap_fixed_ap_fixed_ap_fixed_ap_fixed_ap_ce0       |    9|          2|    1|          2|
    |Load_mulmulmulmulmulmuland_Compute_ap_fixed_ap_fixed_ap_fixed_ap_fixed_ap_fixed_ap_fixed_ap_ce1       |   14|          3|    1|          3|
    |Load_mulmulmulmulmulmuland_Compute_ap_fixed_ap_fixed_ap_fixed_ap_fixed_ap_fixed_ap_fixed_ap_we1       |    9|          2|    1|          2|
    |ap_NS_fsm                                                                                             |  106|         21|    1|         21|
    |ap_phi_mux_pp_1_phi_fu_273_p4                                                                         |   14|          3|    1|          3|
    |grp_Compute_fu_318_input_buffer_q0                                                                    |   14|          3|   64|        192|
    |grp_Compute_fu_318_input_buffer_q1                                                                    |   14|          3|   64|        192|
    |grp_Compute_fu_318_weight_buffer_q0                                                                   |   14|          3|   64|        192|
    |grp_Compute_fu_318_weight_buffer_q1                                                                   |   14|          3|   64|        192|
    |grp_Load_Input_fu_282_In_LP_now                                                                       |   14|          3|   25|         75|
    |grp_Load_Weight_fu_295_In_LP_now                                                                      |   14|          3|   25|         75|
    |loop_index_i4_fu_140                                                                                  |    9|          2|    6|         12|
    |loop_index_i_fu_136                                                                                   |    9|          2|    6|         12|
    |m_axi_IN1_ARVALID                                                                                     |    9|          2|    1|          2|
    |m_axi_IN1_RREADY                                                                                      |    9|          2|    1|          2|
    |m_axi_W1_ARVALID                                                                                      |    9|          2|    1|          2|
    |m_axi_W1_RREADY                                                                                       |    9|          2|    1|          2|
    |m_axi_W2_ARVALID                                                                                      |    9|          2|    1|          2|
    |m_axi_W2_RREADY                                                                                       |    9|          2|    1|          2|
    |m_axi_W3_ARVALID                                                                                      |    9|          2|    1|          2|
    |m_axi_W3_RREADY                                                                                       |    9|          2|    1|          2|
    |m_axi_W4_ARVALID                                                                                      |    9|          2|    1|          2|
    |m_axi_W4_RREADY                                                                                       |    9|          2|    1|          2|
    |output_buffer_address1                                                                                |   14|          3|    5|         15|
    |output_buffer_ce0                                                                                     |    9|          2|    1|          2|
    |output_buffer_ce1                                                                                     |   14|          3|    1|          3|
    |output_buffer_d1                                                                                      |   14|          3|   16|         48|
    |output_buffer_we1                                                                                     |   14|          3|    1|          3|
    |pp_reg_257                                                                                            |    9|          2|    1|          2|
    +------------------------------------------------------------------------------------------------------+-----+-----------+-----+-----------+
    |Total                                                                                                 |  597|        128|  444|       1271|
    +------------------------------------------------------------------------------------------------------+-----+-----------+-----+-----------+

    * Register: 
    +-------------------------------------+----+----+-----+-----------+
    |                 Name                | FF | LUT| Bits| Const Bits|
    +-------------------------------------+----+----+-----+-----------+
    |B1_addr_read_reg_538                 |  16|   0|   16|          0|
    |B1_addr_reg_481                      |  64|   0|   64|          0|
    |In_LP_now_2_reg_571                  |  31|   0|   31|          0|
    |In_LP_now_fu_144                     |  31|   0|   31|          0|
    |add_ln185_reg_563                    |  32|   0|   32|          0|
    |add_ln187_reg_576                    |  25|   0|   25|          0|
    |ap_CS_fsm                            |  20|   0|   20|          0|
    |grp_Compute_fu_318_ap_start_reg      |   1|   0|    1|          0|
    |grp_Load_Input_fu_282_ap_start_reg   |   1|   0|    1|          0|
    |grp_Load_Weight_fu_295_ap_start_reg  |   1|   0|    1|          0|
    |loop_index_i4_cast_reg_543           |   6|   0|   64|         58|
    |loop_index_i4_fu_140                 |   6|   0|    6|          0|
    |loop_index_i_cast_reg_523            |   6|   0|   64|         58|
    |loop_index_i_fu_136                  |   6|   0|    6|          0|
    |pp_reg_257                           |   1|   0|    1|          0|
    +-------------------------------------+----+----+-----+-----------+
    |Total                                | 247|   0|  363|        116|
    +-------------------------------------+----+----+-----+-----------+



================================================================
== Interface
================================================================
* Summary: 
+------------------------+-----+-----+------------+------------------+--------------+
|        RTL Ports       | Dir | Bits|  Protocol  |   Source Object  |    C Type    |
+------------------------+-----+-----+------------+------------------+--------------+
|ap_clk                  |   in|    1|  ap_ctrl_hs|  Load_and_Compute|  return value|
|ap_rst                  |   in|    1|  ap_ctrl_hs|  Load_and_Compute|  return value|
|ap_start                |   in|    1|  ap_ctrl_hs|  Load_and_Compute|  return value|
|ap_done                 |  out|    1|  ap_ctrl_hs|  Load_and_Compute|  return value|
|ap_idle                 |  out|    1|  ap_ctrl_hs|  Load_and_Compute|  return value|
|ap_ready                |  out|    1|  ap_ctrl_hs|  Load_and_Compute|  return value|
|m_axi_IN1_AWVALID       |  out|    1|       m_axi|               IN1|       pointer|
|m_axi_IN1_AWREADY       |   in|    1|       m_axi|               IN1|       pointer|
|m_axi_IN1_AWADDR        |  out|   64|       m_axi|               IN1|       pointer|
|m_axi_IN1_AWID          |  out|    1|       m_axi|               IN1|       pointer|
|m_axi_IN1_AWLEN         |  out|   32|       m_axi|               IN1|       pointer|
|m_axi_IN1_AWSIZE        |  out|    3|       m_axi|               IN1|       pointer|
|m_axi_IN1_AWBURST       |  out|    2|       m_axi|               IN1|       pointer|
|m_axi_IN1_AWLOCK        |  out|    2|       m_axi|               IN1|       pointer|
|m_axi_IN1_AWCACHE       |  out|    4|       m_axi|               IN1|       pointer|
|m_axi_IN1_AWPROT        |  out|    3|       m_axi|               IN1|       pointer|
|m_axi_IN1_AWQOS         |  out|    4|       m_axi|               IN1|       pointer|
|m_axi_IN1_AWREGION      |  out|    4|       m_axi|               IN1|       pointer|
|m_axi_IN1_AWUSER        |  out|    1|       m_axi|               IN1|       pointer|
|m_axi_IN1_WVALID        |  out|    1|       m_axi|               IN1|       pointer|
|m_axi_IN1_WREADY        |   in|    1|       m_axi|               IN1|       pointer|
|m_axi_IN1_WDATA         |  out|   16|       m_axi|               IN1|       pointer|
|m_axi_IN1_WSTRB         |  out|    2|       m_axi|               IN1|       pointer|
|m_axi_IN1_WLAST         |  out|    1|       m_axi|               IN1|       pointer|
|m_axi_IN1_WID           |  out|    1|       m_axi|               IN1|       pointer|
|m_axi_IN1_WUSER         |  out|    1|       m_axi|               IN1|       pointer|
|m_axi_IN1_ARVALID       |  out|    1|       m_axi|               IN1|       pointer|
|m_axi_IN1_ARREADY       |   in|    1|       m_axi|               IN1|       pointer|
|m_axi_IN1_ARADDR        |  out|   64|       m_axi|               IN1|       pointer|
|m_axi_IN1_ARID          |  out|    1|       m_axi|               IN1|       pointer|
|m_axi_IN1_ARLEN         |  out|   32|       m_axi|               IN1|       pointer|
|m_axi_IN1_ARSIZE        |  out|    3|       m_axi|               IN1|       pointer|
|m_axi_IN1_ARBURST       |  out|    2|       m_axi|               IN1|       pointer|
|m_axi_IN1_ARLOCK        |  out|    2|       m_axi|               IN1|       pointer|
|m_axi_IN1_ARCACHE       |  out|    4|       m_axi|               IN1|       pointer|
|m_axi_IN1_ARPROT        |  out|    3|       m_axi|               IN1|       pointer|
|m_axi_IN1_ARQOS         |  out|    4|       m_axi|               IN1|       pointer|
|m_axi_IN1_ARREGION      |  out|    4|       m_axi|               IN1|       pointer|
|m_axi_IN1_ARUSER        |  out|    1|       m_axi|               IN1|       pointer|
|m_axi_IN1_RVALID        |   in|    1|       m_axi|               IN1|       pointer|
|m_axi_IN1_RREADY        |  out|    1|       m_axi|               IN1|       pointer|
|m_axi_IN1_RDATA         |   in|   16|       m_axi|               IN1|       pointer|
|m_axi_IN1_RLAST         |   in|    1|       m_axi|               IN1|       pointer|
|m_axi_IN1_RID           |   in|    1|       m_axi|               IN1|       pointer|
|m_axi_IN1_RFIFONUM      |   in|   11|       m_axi|               IN1|       pointer|
|m_axi_IN1_RUSER         |   in|    1|       m_axi|               IN1|       pointer|
|m_axi_IN1_RRESP         |   in|    2|       m_axi|               IN1|       pointer|
|m_axi_IN1_BVALID        |   in|    1|       m_axi|               IN1|       pointer|
|m_axi_IN1_BREADY        |  out|    1|       m_axi|               IN1|       pointer|
|m_axi_IN1_BRESP         |   in|    2|       m_axi|               IN1|       pointer|
|m_axi_IN1_BID           |   in|    1|       m_axi|               IN1|       pointer|
|m_axi_IN1_BUSER         |   in|    1|       m_axi|               IN1|       pointer|
|feature_in              |   in|   64|     ap_none|        feature_in|        scalar|
|m_axi_W1_AWVALID        |  out|    1|       m_axi|                W1|       pointer|
|m_axi_W1_AWREADY        |   in|    1|       m_axi|                W1|       pointer|
|m_axi_W1_AWADDR         |  out|   64|       m_axi|                W1|       pointer|
|m_axi_W1_AWID           |  out|    1|       m_axi|                W1|       pointer|
|m_axi_W1_AWLEN          |  out|   32|       m_axi|                W1|       pointer|
|m_axi_W1_AWSIZE         |  out|    3|       m_axi|                W1|       pointer|
|m_axi_W1_AWBURST        |  out|    2|       m_axi|                W1|       pointer|
|m_axi_W1_AWLOCK         |  out|    2|       m_axi|                W1|       pointer|
|m_axi_W1_AWCACHE        |  out|    4|       m_axi|                W1|       pointer|
|m_axi_W1_AWPROT         |  out|    3|       m_axi|                W1|       pointer|
|m_axi_W1_AWQOS          |  out|    4|       m_axi|                W1|       pointer|
|m_axi_W1_AWREGION       |  out|    4|       m_axi|                W1|       pointer|
|m_axi_W1_AWUSER         |  out|    1|       m_axi|                W1|       pointer|
|m_axi_W1_WVALID         |  out|    1|       m_axi|                W1|       pointer|
|m_axi_W1_WREADY         |   in|    1|       m_axi|                W1|       pointer|
|m_axi_W1_WDATA          |  out|   16|       m_axi|                W1|       pointer|
|m_axi_W1_WSTRB          |  out|    2|       m_axi|                W1|       pointer|
|m_axi_W1_WLAST          |  out|    1|       m_axi|                W1|       pointer|
|m_axi_W1_WID            |  out|    1|       m_axi|                W1|       pointer|
|m_axi_W1_WUSER          |  out|    1|       m_axi|                W1|       pointer|
|m_axi_W1_ARVALID        |  out|    1|       m_axi|                W1|       pointer|
|m_axi_W1_ARREADY        |   in|    1|       m_axi|                W1|       pointer|
|m_axi_W1_ARADDR         |  out|   64|       m_axi|                W1|       pointer|
|m_axi_W1_ARID           |  out|    1|       m_axi|                W1|       pointer|
|m_axi_W1_ARLEN          |  out|   32|       m_axi|                W1|       pointer|
|m_axi_W1_ARSIZE         |  out|    3|       m_axi|                W1|       pointer|
|m_axi_W1_ARBURST        |  out|    2|       m_axi|                W1|       pointer|
|m_axi_W1_ARLOCK         |  out|    2|       m_axi|                W1|       pointer|
|m_axi_W1_ARCACHE        |  out|    4|       m_axi|                W1|       pointer|
|m_axi_W1_ARPROT         |  out|    3|       m_axi|                W1|       pointer|
|m_axi_W1_ARQOS          |  out|    4|       m_axi|                W1|       pointer|
|m_axi_W1_ARREGION       |  out|    4|       m_axi|                W1|       pointer|
|m_axi_W1_ARUSER         |  out|    1|       m_axi|                W1|       pointer|
|m_axi_W1_RVALID         |   in|    1|       m_axi|                W1|       pointer|
|m_axi_W1_RREADY         |  out|    1|       m_axi|                W1|       pointer|
|m_axi_W1_RDATA          |   in|   16|       m_axi|                W1|       pointer|
|m_axi_W1_RLAST          |   in|    1|       m_axi|                W1|       pointer|
|m_axi_W1_RID            |   in|    1|       m_axi|                W1|       pointer|
|m_axi_W1_RFIFONUM       |   in|   11|       m_axi|                W1|       pointer|
|m_axi_W1_RUSER          |   in|    1|       m_axi|                W1|       pointer|
|m_axi_W1_RRESP          |   in|    2|       m_axi|                W1|       pointer|
|m_axi_W1_BVALID         |   in|    1|       m_axi|                W1|       pointer|
|m_axi_W1_BREADY         |  out|    1|       m_axi|                W1|       pointer|
|m_axi_W1_BRESP          |   in|    2|       m_axi|                W1|       pointer|
|m_axi_W1_BID            |   in|    1|       m_axi|                W1|       pointer|
|m_axi_W1_BUSER          |   in|    1|       m_axi|                W1|       pointer|
|Weight1                 |   in|   64|     ap_none|           Weight1|        scalar|
|m_axi_W2_AWVALID        |  out|    1|       m_axi|                W2|       pointer|
|m_axi_W2_AWREADY        |   in|    1|       m_axi|                W2|       pointer|
|m_axi_W2_AWADDR         |  out|   64|       m_axi|                W2|       pointer|
|m_axi_W2_AWID           |  out|    1|       m_axi|                W2|       pointer|
|m_axi_W2_AWLEN          |  out|   32|       m_axi|                W2|       pointer|
|m_axi_W2_AWSIZE         |  out|    3|       m_axi|                W2|       pointer|
|m_axi_W2_AWBURST        |  out|    2|       m_axi|                W2|       pointer|
|m_axi_W2_AWLOCK         |  out|    2|       m_axi|                W2|       pointer|
|m_axi_W2_AWCACHE        |  out|    4|       m_axi|                W2|       pointer|
|m_axi_W2_AWPROT         |  out|    3|       m_axi|                W2|       pointer|
|m_axi_W2_AWQOS          |  out|    4|       m_axi|                W2|       pointer|
|m_axi_W2_AWREGION       |  out|    4|       m_axi|                W2|       pointer|
|m_axi_W2_AWUSER         |  out|    1|       m_axi|                W2|       pointer|
|m_axi_W2_WVALID         |  out|    1|       m_axi|                W2|       pointer|
|m_axi_W2_WREADY         |   in|    1|       m_axi|                W2|       pointer|
|m_axi_W2_WDATA          |  out|   16|       m_axi|                W2|       pointer|
|m_axi_W2_WSTRB          |  out|    2|       m_axi|                W2|       pointer|
|m_axi_W2_WLAST          |  out|    1|       m_axi|                W2|       pointer|
|m_axi_W2_WID            |  out|    1|       m_axi|                W2|       pointer|
|m_axi_W2_WUSER          |  out|    1|       m_axi|                W2|       pointer|
|m_axi_W2_ARVALID        |  out|    1|       m_axi|                W2|       pointer|
|m_axi_W2_ARREADY        |   in|    1|       m_axi|                W2|       pointer|
|m_axi_W2_ARADDR         |  out|   64|       m_axi|                W2|       pointer|
|m_axi_W2_ARID           |  out|    1|       m_axi|                W2|       pointer|
|m_axi_W2_ARLEN          |  out|   32|       m_axi|                W2|       pointer|
|m_axi_W2_ARSIZE         |  out|    3|       m_axi|                W2|       pointer|
|m_axi_W2_ARBURST        |  out|    2|       m_axi|                W2|       pointer|
|m_axi_W2_ARLOCK         |  out|    2|       m_axi|                W2|       pointer|
|m_axi_W2_ARCACHE        |  out|    4|       m_axi|                W2|       pointer|
|m_axi_W2_ARPROT         |  out|    3|       m_axi|                W2|       pointer|
|m_axi_W2_ARQOS          |  out|    4|       m_axi|                W2|       pointer|
|m_axi_W2_ARREGION       |  out|    4|       m_axi|                W2|       pointer|
|m_axi_W2_ARUSER         |  out|    1|       m_axi|                W2|       pointer|
|m_axi_W2_RVALID         |   in|    1|       m_axi|                W2|       pointer|
|m_axi_W2_RREADY         |  out|    1|       m_axi|                W2|       pointer|
|m_axi_W2_RDATA          |   in|   16|       m_axi|                W2|       pointer|
|m_axi_W2_RLAST          |   in|    1|       m_axi|                W2|       pointer|
|m_axi_W2_RID            |   in|    1|       m_axi|                W2|       pointer|
|m_axi_W2_RFIFONUM       |   in|   11|       m_axi|                W2|       pointer|
|m_axi_W2_RUSER          |   in|    1|       m_axi|                W2|       pointer|
|m_axi_W2_RRESP          |   in|    2|       m_axi|                W2|       pointer|
|m_axi_W2_BVALID         |   in|    1|       m_axi|                W2|       pointer|
|m_axi_W2_BREADY         |  out|    1|       m_axi|                W2|       pointer|
|m_axi_W2_BRESP          |   in|    2|       m_axi|                W2|       pointer|
|m_axi_W2_BID            |   in|    1|       m_axi|                W2|       pointer|
|m_axi_W2_BUSER          |   in|    1|       m_axi|                W2|       pointer|
|Weight2                 |   in|   64|     ap_none|           Weight2|        scalar|
|m_axi_W3_AWVALID        |  out|    1|       m_axi|                W3|       pointer|
|m_axi_W3_AWREADY        |   in|    1|       m_axi|                W3|       pointer|
|m_axi_W3_AWADDR         |  out|   64|       m_axi|                W3|       pointer|
|m_axi_W3_AWID           |  out|    1|       m_axi|                W3|       pointer|
|m_axi_W3_AWLEN          |  out|   32|       m_axi|                W3|       pointer|
|m_axi_W3_AWSIZE         |  out|    3|       m_axi|                W3|       pointer|
|m_axi_W3_AWBURST        |  out|    2|       m_axi|                W3|       pointer|
|m_axi_W3_AWLOCK         |  out|    2|       m_axi|                W3|       pointer|
|m_axi_W3_AWCACHE        |  out|    4|       m_axi|                W3|       pointer|
|m_axi_W3_AWPROT         |  out|    3|       m_axi|                W3|       pointer|
|m_axi_W3_AWQOS          |  out|    4|       m_axi|                W3|       pointer|
|m_axi_W3_AWREGION       |  out|    4|       m_axi|                W3|       pointer|
|m_axi_W3_AWUSER         |  out|    1|       m_axi|                W3|       pointer|
|m_axi_W3_WVALID         |  out|    1|       m_axi|                W3|       pointer|
|m_axi_W3_WREADY         |   in|    1|       m_axi|                W3|       pointer|
|m_axi_W3_WDATA          |  out|   16|       m_axi|                W3|       pointer|
|m_axi_W3_WSTRB          |  out|    2|       m_axi|                W3|       pointer|
|m_axi_W3_WLAST          |  out|    1|       m_axi|                W3|       pointer|
|m_axi_W3_WID            |  out|    1|       m_axi|                W3|       pointer|
|m_axi_W3_WUSER          |  out|    1|       m_axi|                W3|       pointer|
|m_axi_W3_ARVALID        |  out|    1|       m_axi|                W3|       pointer|
|m_axi_W3_ARREADY        |   in|    1|       m_axi|                W3|       pointer|
|m_axi_W3_ARADDR         |  out|   64|       m_axi|                W3|       pointer|
|m_axi_W3_ARID           |  out|    1|       m_axi|                W3|       pointer|
|m_axi_W3_ARLEN          |  out|   32|       m_axi|                W3|       pointer|
|m_axi_W3_ARSIZE         |  out|    3|       m_axi|                W3|       pointer|
|m_axi_W3_ARBURST        |  out|    2|       m_axi|                W3|       pointer|
|m_axi_W3_ARLOCK         |  out|    2|       m_axi|                W3|       pointer|
|m_axi_W3_ARCACHE        |  out|    4|       m_axi|                W3|       pointer|
|m_axi_W3_ARPROT         |  out|    3|       m_axi|                W3|       pointer|
|m_axi_W3_ARQOS          |  out|    4|       m_axi|                W3|       pointer|
|m_axi_W3_ARREGION       |  out|    4|       m_axi|                W3|       pointer|
|m_axi_W3_ARUSER         |  out|    1|       m_axi|                W3|       pointer|
|m_axi_W3_RVALID         |   in|    1|       m_axi|                W3|       pointer|
|m_axi_W3_RREADY         |  out|    1|       m_axi|                W3|       pointer|
|m_axi_W3_RDATA          |   in|   16|       m_axi|                W3|       pointer|
|m_axi_W3_RLAST          |   in|    1|       m_axi|                W3|       pointer|
|m_axi_W3_RID            |   in|    1|       m_axi|                W3|       pointer|
|m_axi_W3_RFIFONUM       |   in|   11|       m_axi|                W3|       pointer|
|m_axi_W3_RUSER          |   in|    1|       m_axi|                W3|       pointer|
|m_axi_W3_RRESP          |   in|    2|       m_axi|                W3|       pointer|
|m_axi_W3_BVALID         |   in|    1|       m_axi|                W3|       pointer|
|m_axi_W3_BREADY         |  out|    1|       m_axi|                W3|       pointer|
|m_axi_W3_BRESP          |   in|    2|       m_axi|                W3|       pointer|
|m_axi_W3_BID            |   in|    1|       m_axi|                W3|       pointer|
|m_axi_W3_BUSER          |   in|    1|       m_axi|                W3|       pointer|
|Weight3                 |   in|   64|     ap_none|           Weight3|        scalar|
|m_axi_W4_AWVALID        |  out|    1|       m_axi|                W4|       pointer|
|m_axi_W4_AWREADY        |   in|    1|       m_axi|                W4|       pointer|
|m_axi_W4_AWADDR         |  out|   64|       m_axi|                W4|       pointer|
|m_axi_W4_AWID           |  out|    1|       m_axi|                W4|       pointer|
|m_axi_W4_AWLEN          |  out|   32|       m_axi|                W4|       pointer|
|m_axi_W4_AWSIZE         |  out|    3|       m_axi|                W4|       pointer|
|m_axi_W4_AWBURST        |  out|    2|       m_axi|                W4|       pointer|
|m_axi_W4_AWLOCK         |  out|    2|       m_axi|                W4|       pointer|
|m_axi_W4_AWCACHE        |  out|    4|       m_axi|                W4|       pointer|
|m_axi_W4_AWPROT         |  out|    3|       m_axi|                W4|       pointer|
|m_axi_W4_AWQOS          |  out|    4|       m_axi|                W4|       pointer|
|m_axi_W4_AWREGION       |  out|    4|       m_axi|                W4|       pointer|
|m_axi_W4_AWUSER         |  out|    1|       m_axi|                W4|       pointer|
|m_axi_W4_WVALID         |  out|    1|       m_axi|                W4|       pointer|
|m_axi_W4_WREADY         |   in|    1|       m_axi|                W4|       pointer|
|m_axi_W4_WDATA          |  out|   16|       m_axi|                W4|       pointer|
|m_axi_W4_WSTRB          |  out|    2|       m_axi|                W4|       pointer|
|m_axi_W4_WLAST          |  out|    1|       m_axi|                W4|       pointer|
|m_axi_W4_WID            |  out|    1|       m_axi|                W4|       pointer|
|m_axi_W4_WUSER          |  out|    1|       m_axi|                W4|       pointer|
|m_axi_W4_ARVALID        |  out|    1|       m_axi|                W4|       pointer|
|m_axi_W4_ARREADY        |   in|    1|       m_axi|                W4|       pointer|
|m_axi_W4_ARADDR         |  out|   64|       m_axi|                W4|       pointer|
|m_axi_W4_ARID           |  out|    1|       m_axi|                W4|       pointer|
|m_axi_W4_ARLEN          |  out|   32|       m_axi|                W4|       pointer|
|m_axi_W4_ARSIZE         |  out|    3|       m_axi|                W4|       pointer|
|m_axi_W4_ARBURST        |  out|    2|       m_axi|                W4|       pointer|
|m_axi_W4_ARLOCK         |  out|    2|       m_axi|                W4|       pointer|
|m_axi_W4_ARCACHE        |  out|    4|       m_axi|                W4|       pointer|
|m_axi_W4_ARPROT         |  out|    3|       m_axi|                W4|       pointer|
|m_axi_W4_ARQOS          |  out|    4|       m_axi|                W4|       pointer|
|m_axi_W4_ARREGION       |  out|    4|       m_axi|                W4|       pointer|
|m_axi_W4_ARUSER         |  out|    1|       m_axi|                W4|       pointer|
|m_axi_W4_RVALID         |   in|    1|       m_axi|                W4|       pointer|
|m_axi_W4_RREADY         |  out|    1|       m_axi|                W4|       pointer|
|m_axi_W4_RDATA          |   in|   16|       m_axi|                W4|       pointer|
|m_axi_W4_RLAST          |   in|    1|       m_axi|                W4|       pointer|
|m_axi_W4_RID            |   in|    1|       m_axi|                W4|       pointer|
|m_axi_W4_RFIFONUM       |   in|   11|       m_axi|                W4|       pointer|
|m_axi_W4_RUSER          |   in|    1|       m_axi|                W4|       pointer|
|m_axi_W4_RRESP          |   in|    2|       m_axi|                W4|       pointer|
|m_axi_W4_BVALID         |   in|    1|       m_axi|                W4|       pointer|
|m_axi_W4_BREADY         |  out|    1|       m_axi|                W4|       pointer|
|m_axi_W4_BRESP          |   in|    2|       m_axi|                W4|       pointer|
|m_axi_W4_BID            |   in|    1|       m_axi|                W4|       pointer|
|m_axi_W4_BUSER          |   in|    1|       m_axi|                W4|       pointer|
|Weight4                 |   in|   64|     ap_none|           Weight4|        scalar|
|m_axi_B1_AWVALID        |  out|    1|       m_axi|                B1|       pointer|
|m_axi_B1_AWREADY        |   in|    1|       m_axi|                B1|       pointer|
|m_axi_B1_AWADDR         |  out|   64|       m_axi|                B1|       pointer|
|m_axi_B1_AWID           |  out|    1|       m_axi|                B1|       pointer|
|m_axi_B1_AWLEN          |  out|   32|       m_axi|                B1|       pointer|
|m_axi_B1_AWSIZE         |  out|    3|       m_axi|                B1|       pointer|
|m_axi_B1_AWBURST        |  out|    2|       m_axi|                B1|       pointer|
|m_axi_B1_AWLOCK         |  out|    2|       m_axi|                B1|       pointer|
|m_axi_B1_AWCACHE        |  out|    4|       m_axi|                B1|       pointer|
|m_axi_B1_AWPROT         |  out|    3|       m_axi|                B1|       pointer|
|m_axi_B1_AWQOS          |  out|    4|       m_axi|                B1|       pointer|
|m_axi_B1_AWREGION       |  out|    4|       m_axi|                B1|       pointer|
|m_axi_B1_AWUSER         |  out|    1|       m_axi|                B1|       pointer|
|m_axi_B1_WVALID         |  out|    1|       m_axi|                B1|       pointer|
|m_axi_B1_WREADY         |   in|    1|       m_axi|                B1|       pointer|
|m_axi_B1_WDATA          |  out|   16|       m_axi|                B1|       pointer|
|m_axi_B1_WSTRB          |  out|    2|       m_axi|                B1|       pointer|
|m_axi_B1_WLAST          |  out|    1|       m_axi|                B1|       pointer|
|m_axi_B1_WID            |  out|    1|       m_axi|                B1|       pointer|
|m_axi_B1_WUSER          |  out|    1|       m_axi|                B1|       pointer|
|m_axi_B1_ARVALID        |  out|    1|       m_axi|                B1|       pointer|
|m_axi_B1_ARREADY        |   in|    1|       m_axi|                B1|       pointer|
|m_axi_B1_ARADDR         |  out|   64|       m_axi|                B1|       pointer|
|m_axi_B1_ARID           |  out|    1|       m_axi|                B1|       pointer|
|m_axi_B1_ARLEN          |  out|   32|       m_axi|                B1|       pointer|
|m_axi_B1_ARSIZE         |  out|    3|       m_axi|                B1|       pointer|
|m_axi_B1_ARBURST        |  out|    2|       m_axi|                B1|       pointer|
|m_axi_B1_ARLOCK         |  out|    2|       m_axi|                B1|       pointer|
|m_axi_B1_ARCACHE        |  out|    4|       m_axi|                B1|       pointer|
|m_axi_B1_ARPROT         |  out|    3|       m_axi|                B1|       pointer|
|m_axi_B1_ARQOS          |  out|    4|       m_axi|                B1|       pointer|
|m_axi_B1_ARREGION       |  out|    4|       m_axi|                B1|       pointer|
|m_axi_B1_ARUSER         |  out|    1|       m_axi|                B1|       pointer|
|m_axi_B1_RVALID         |   in|    1|       m_axi|                B1|       pointer|
|m_axi_B1_RREADY         |  out|    1|       m_axi|                B1|       pointer|
|m_axi_B1_RDATA          |   in|   16|       m_axi|                B1|       pointer|
|m_axi_B1_RLAST          |   in|    1|       m_axi|                B1|       pointer|
|m_axi_B1_RID            |   in|    1|       m_axi|                B1|       pointer|
|m_axi_B1_RFIFONUM       |   in|   11|       m_axi|                B1|       pointer|
|m_axi_B1_RUSER          |   in|    1|       m_axi|                B1|       pointer|
|m_axi_B1_RRESP          |   in|    2|       m_axi|                B1|       pointer|
|m_axi_B1_BVALID         |   in|    1|       m_axi|                B1|       pointer|
|m_axi_B1_BREADY         |  out|    1|       m_axi|                B1|       pointer|
|m_axi_B1_BRESP          |   in|    2|       m_axi|                B1|       pointer|
|m_axi_B1_BID            |   in|    1|       m_axi|                B1|       pointer|
|m_axi_B1_BUSER          |   in|    1|       m_axi|                B1|       pointer|
|bias                    |   in|   64|     ap_none|              bias|        scalar|
|output_buffer_address0  |  out|    5|   ap_memory|     output_buffer|         array|
|output_buffer_ce0       |  out|    1|   ap_memory|     output_buffer|         array|
|output_buffer_q0        |   in|   16|   ap_memory|     output_buffer|         array|
|output_buffer_address1  |  out|    5|   ap_memory|     output_buffer|         array|
|output_buffer_ce1       |  out|    1|   ap_memory|     output_buffer|         array|
|output_buffer_we1       |  out|    1|   ap_memory|     output_buffer|         array|
|output_buffer_d1        |  out|   16|   ap_memory|     output_buffer|         array|
|Out_LP_now              |   in|   27|     ap_none|        Out_LP_now|        scalar|
|Input_Loops             |   in|   32|     ap_none|       Input_Loops|        scalar|
|CHin                    |   in|   32|     ap_none|              CHin|        scalar|
+------------------------+-----+-----+------------+------------------+--------------+

