

================================================================
== Vitis HLS Report for 'Write_Output'
================================================================
* Date:           Sat Apr 20 12:10:38 2024

* Version:        2022.1 (Build 3526262 on Mon Apr 18 15:48:16 MDT 2022)
* Project:        dense
* Solution:       solution1 (Vivado IP Flow Target)
* Product family: zynquplus
* Target device:  xck26-sfvc784-2LV-c


================================================================
== Performance Estimates
================================================================
+ Timing: 
    * Summary: 
    +--------+---------+----------+------------+
    |  Clock |  Target | Estimated| Uncertainty|
    +--------+---------+----------+------------+
    |ap_clk  |  4.00 ns|  2.920 ns|     1.08 ns|
    +--------+---------+----------+------------+

+ Latency: 
    * Summary: 
    +---------+---------+----------+----------+-----+-----+---------+
    |  Latency (cycles) |  Latency (absolute) |  Interval | Pipeline|
    |   min   |   max   |    min   |    max   | min | max |   Type  |
    +---------+---------+----------+----------+-----+-----+---------+
    |      137|      233|  0.548 us|  0.932 us|  137|  233|       no|
    +---------+---------+----------+----------+-----+-----+---------+

    + Detail: 
        * Instance: 
        N/A

        * Loop: 
        +--------------------+---------+---------+----------+-----------+-----------+------+----------+
        |                    |  Latency (cycles) | Iteration|  Initiation Interval  | Trip |          |
        |      Loop Name     |   min   |   max   |  Latency |  achieved |   target  | Count| Pipelined|
        +--------------------+---------+---------+----------+-----------+-----------+------+----------+
        |- VITIS_LOOP_123_1  |       96|       96|         3|          -|          -|    32|        no|
        |- Loop 2            |       96|       96|         3|          -|          -|    32|        no|
        |- zero_o            |       32|       32|         1|          -|          -|    32|        no|
        +--------------------+---------+---------+----------+-----------+-----------+------+----------+



================================================================
== Utilization Estimates
================================================================
* Summary: 
+-----------------+---------+------+--------+--------+-----+
|       Name      | BRAM_18K|  DSP |   FF   |   LUT  | URAM|
+-----------------+---------+------+--------+--------+-----+
|DSP              |        -|     -|       -|       -|    -|
|Expression       |        -|     -|       0|     188|    -|
|FIFO             |        -|     -|       -|       -|    -|
|Instance         |        -|     -|       -|       -|    -|
|Memory           |        -|     -|       -|       -|    -|
|Multiplexer      |        -|     -|       -|     161|    -|
|Register         |        -|     -|     133|       -|    -|
+-----------------+---------+------+--------+--------+-----+
|Total            |        0|     0|     133|     349|    0|
+-----------------+---------+------+--------+--------+-----+
|Available        |      288|  1248|  234240|  117120|   64|
+-----------------+---------+------+--------+--------+-----+
|Utilization (%)  |        0|     0|      ~0|      ~0|    0|
+-----------------+---------+------+--------+--------+-----+

+ Detail: 
    * Instance: 
    N/A

    * DSP: 
    N/A

    * Memory: 
    N/A

    * FIFO: 
    N/A

    * Expression: 
    +------------------------+----------+----+---+----+------------+------------+
    |      Variable Name     | Operation| DSP| FF| LUT| Bitwidth P0| Bitwidth P1|
    +------------------------+----------+----+---+----+------------+------------+
    |add_ln123_fu_189_p2     |         +|   0|  0|  13|           6|           1|
    |add_ln129_fu_211_p2     |         +|   0|  0|  71|          64|          64|
    |add_ln131_fu_307_p2     |         +|   0|  0|  13|           6|           1|
    |empty_211_fu_277_p2     |         +|   0|  0|  13|           6|           1|
    |exitcond82_fu_271_p2    |      icmp|   0|  0|  10|           6|           7|
    |icmp_ln122_fu_164_p2    |      icmp|   0|  0|  20|          32|           1|
    |icmp_ln123_fu_183_p2    |      icmp|   0|  0|  10|           6|           7|
    |icmp_ln131_fu_301_p2    |      icmp|   0|  0|  10|           6|           7|
    |icmp_ln1695_fu_245_p2   |      icmp|   0|  0|  13|          16|           1|
    |select_ln124_fu_251_p3  |    select|   0|  0|  15|           1|          15|
    +------------------------+----------+----+---+----+------------+------------+
    |Total                   |          |   0|  0| 188|         149|         105|
    +------------------------+----------+----+---+----+------------+------------+

    * Multiplexer: 
    +------------------------+----+-----------+-----+-----------+
    |          Name          | LUT| Input Size| Bits| Total Bits|
    +------------------------+----+-----------+-----+-----------+
    |OUT1_blk_n_AW           |   9|          2|    1|          2|
    |OUT1_blk_n_B            |   9|          2|    1|          2|
    |OUT1_blk_n_W            |   9|          2|    1|          2|
    |ap_NS_fsm               |  65|         15|    1|         15|
    |i_1_fu_92               |   9|          2|    6|         12|
    |i_fu_84                 |   9|          2|    6|         12|
    |loop_index_fu_88        |   9|          2|    6|         12|
    |output_buffer_address0  |  14|          3|    5|         15|
    |output_buffer_address1  |  14|          3|    5|         15|
    |output_buffer_d1        |  14|          3|   16|         48|
    +------------------------+----+-----------+-----+-----------+
    |Total                   | 161|         36|   48|        135|
    +------------------------+----+-----------+-----+-----------+

    * Register: 
    +------------------------------+----+----+-----+-----------+
    |             Name             | FF | LUT| Bits| Const Bits|
    +------------------------------+----+----+-----+-----------+
    |OUT1_addr_reg_355             |  64|   0|   64|          0|
    |ap_CS_fsm                     |  14|   0|   14|          0|
    |i_1_fu_92                     |   6|   0|    6|          0|
    |i_fu_84                       |   6|   0|    6|          0|
    |icmp_ln122_reg_328            |   1|   0|    1|          0|
    |loop_index_fu_88              |   6|   0|    6|          0|
    |output_buffer_addr_reg_342    |   5|   0|    5|          0|
    |output_buffer_load_1_reg_374  |  16|   0|   16|          0|
    |select_ln124_reg_361          |  15|   0|   15|          0|
    +------------------------------+----+----+-----+-----------+
    |Total                         | 133|   0|  133|          0|
    +------------------------------+----+----+-----+-----------+



================================================================
== Interface
================================================================
* Summary: 
+------------------------+-----+-----+------------+---------------+--------------+
|        RTL Ports       | Dir | Bits|  Protocol  | Source Object |    C Type    |
+------------------------+-----+-----+------------+---------------+--------------+
|ap_clk                  |   in|    1|  ap_ctrl_hs|   Write_Output|  return value|
|ap_rst                  |   in|    1|  ap_ctrl_hs|   Write_Output|  return value|
|ap_start                |   in|    1|  ap_ctrl_hs|   Write_Output|  return value|
|ap_done                 |  out|    1|  ap_ctrl_hs|   Write_Output|  return value|
|ap_idle                 |  out|    1|  ap_ctrl_hs|   Write_Output|  return value|
|ap_ready                |  out|    1|  ap_ctrl_hs|   Write_Output|  return value|
|m_axi_OUT1_AWVALID      |  out|    1|       m_axi|           OUT1|       pointer|
|m_axi_OUT1_AWREADY      |   in|    1|       m_axi|           OUT1|       pointer|
|m_axi_OUT1_AWADDR       |  out|   64|       m_axi|           OUT1|       pointer|
|m_axi_OUT1_AWID         |  out|    1|       m_axi|           OUT1|       pointer|
|m_axi_OUT1_AWLEN        |  out|   32|       m_axi|           OUT1|       pointer|
|m_axi_OUT1_AWSIZE       |  out|    3|       m_axi|           OUT1|       pointer|
|m_axi_OUT1_AWBURST      |  out|    2|       m_axi|           OUT1|       pointer|
|m_axi_OUT1_AWLOCK       |  out|    2|       m_axi|           OUT1|       pointer|
|m_axi_OUT1_AWCACHE      |  out|    4|       m_axi|           OUT1|       pointer|
|m_axi_OUT1_AWPROT       |  out|    3|       m_axi|           OUT1|       pointer|
|m_axi_OUT1_AWQOS        |  out|    4|       m_axi|           OUT1|       pointer|
|m_axi_OUT1_AWREGION     |  out|    4|       m_axi|           OUT1|       pointer|
|m_axi_OUT1_AWUSER       |  out|    1|       m_axi|           OUT1|       pointer|
|m_axi_OUT1_WVALID       |  out|    1|       m_axi|           OUT1|       pointer|
|m_axi_OUT1_WREADY       |   in|    1|       m_axi|           OUT1|       pointer|
|m_axi_OUT1_WDATA        |  out|   16|       m_axi|           OUT1|       pointer|
|m_axi_OUT1_WSTRB        |  out|    2|       m_axi|           OUT1|       pointer|
|m_axi_OUT1_WLAST        |  out|    1|       m_axi|           OUT1|       pointer|
|m_axi_OUT1_WID          |  out|    1|       m_axi|           OUT1|       pointer|
|m_axi_OUT1_WUSER        |  out|    1|       m_axi|           OUT1|       pointer|
|m_axi_OUT1_ARVALID      |  out|    1|       m_axi|           OUT1|       pointer|
|m_axi_OUT1_ARREADY      |   in|    1|       m_axi|           OUT1|       pointer|
|m_axi_OUT1_ARADDR       |  out|   64|       m_axi|           OUT1|       pointer|
|m_axi_OUT1_ARID         |  out|    1|       m_axi|           OUT1|       pointer|
|m_axi_OUT1_ARLEN        |  out|   32|       m_axi|           OUT1|       pointer|
|m_axi_OUT1_ARSIZE       |  out|    3|       m_axi|           OUT1|       pointer|
|m_axi_OUT1_ARBURST      |  out|    2|       m_axi|           OUT1|       pointer|
|m_axi_OUT1_ARLOCK       |  out|    2|       m_axi|           OUT1|       pointer|
|m_axi_OUT1_ARCACHE      |  out|    4|       m_axi|           OUT1|       pointer|
|m_axi_OUT1_ARPROT       |  out|    3|       m_axi|           OUT1|       pointer|
|m_axi_OUT1_ARQOS        |  out|    4|       m_axi|           OUT1|       pointer|
|m_axi_OUT1_ARREGION     |  out|    4|       m_axi|           OUT1|       pointer|
|m_axi_OUT1_ARUSER       |  out|    1|       m_axi|           OUT1|       pointer|
|m_axi_OUT1_RVALID       |   in|    1|       m_axi|           OUT1|       pointer|
|m_axi_OUT1_RREADY       |  out|    1|       m_axi|           OUT1|       pointer|
|m_axi_OUT1_RDATA        |   in|   16|       m_axi|           OUT1|       pointer|
|m_axi_OUT1_RLAST        |   in|    1|       m_axi|           OUT1|       pointer|
|m_axi_OUT1_RID          |   in|    1|       m_axi|           OUT1|       pointer|
|m_axi_OUT1_RFIFONUM     |   in|   11|       m_axi|           OUT1|       pointer|
|m_axi_OUT1_RUSER        |   in|    1|       m_axi|           OUT1|       pointer|
|m_axi_OUT1_RRESP        |   in|    2|       m_axi|           OUT1|       pointer|
|m_axi_OUT1_BVALID       |   in|    1|       m_axi|           OUT1|       pointer|
|m_axi_OUT1_BREADY       |  out|    1|       m_axi|           OUT1|       pointer|
|m_axi_OUT1_BRESP        |   in|    2|       m_axi|           OUT1|       pointer|
|m_axi_OUT1_BID          |   in|    1|       m_axi|           OUT1|       pointer|
|m_axi_OUT1_BUSER        |   in|    1|       m_axi|           OUT1|       pointer|
|feature_out             |   in|   64|     ap_none|    feature_out|        scalar|
|output_buffer_address0  |  out|    5|   ap_memory|  output_buffer|         array|
|output_buffer_ce0       |  out|    1|   ap_memory|  output_buffer|         array|
|output_buffer_q0        |   in|   16|   ap_memory|  output_buffer|         array|
|output_buffer_address1  |  out|    5|   ap_memory|  output_buffer|         array|
|output_buffer_ce1       |  out|    1|   ap_memory|  output_buffer|         array|
|output_buffer_we1       |  out|    1|   ap_memory|  output_buffer|         array|
|output_buffer_d1        |  out|   16|   ap_memory|  output_buffer|         array|
|Out_LP_now              |   in|   27|     ap_none|     Out_LP_now|        scalar|
|relu_en                 |   in|   32|     ap_none|        relu_en|        scalar|
+------------------------+-----+-----+------------+---------------+--------------+

