INFO: [SIM 2] *************** CSIM start ***************
INFO: [SIM 4] CSIM will launch GCC as the compiler.
   Compiling ../../../main.cpp in debug mode
   Generating csim.exe
in:

0.004883 0.009766 0.014648 0.019531 0.025391 0.030273 0.035156 0.040039 

0.044922 0.049805 0.054688 0.059570 0.065430 0.070313 0.075195 0.080078 

0.084961 0.089844 0.094727 0.099609 0.105469 0.110352 0.115234 0.120117 

0.125000 0.129883 0.134766 0.139648 0.144531 0.150391 0.155273 0.160156 

0.165039 0.169922 0.174805 0.179688 0.184570 0.190430 0.195313 0.200195 

0.205078 0.209961 0.214844 0.219727 0.224609 0.230469 0.235352 0.240234 

0.245117 0.250000 0.254883 0.259766 0.264648 0.269531 0.275391 0.280273 

0.285156 0.290039 0.294922 0.299805 0.304688 0.309570 0.315430 0.320313 



0.004883 0.009766 0.014648 0.019531 0.025391 0.030273 0.035156 0.040039 

0.044922 0.049805 0.054688 0.059570 0.065430 0.070313 0.075195 0.080078 

0.084961 0.089844 0.094727 0.099609 0.105469 0.110352 0.115234 0.120117 

0.125000 0.129883 0.134766 0.139648 0.144531 0.150391 0.155273 0.160156 

0.165039 0.169922 0.174805 0.179688 0.184570 0.190430 0.195313 0.200195 

0.205078 0.209961 0.214844 0.219727 0.224609 0.230469 0.235352 0.240234 

0.245117 0.250000 0.254883 0.259766 0.264648 0.269531 0.275391 0.280273 

0.285156 0.290039 0.294922 0.299805 0.304688 0.309570 0.315430 0.320313 



0.004883 0.009766 0.014648 0.019531 0.025391 0.030273 0.035156 0.040039 

0.044922 0.049805 0.054688 0.059570 0.065430 0.070313 0.075195 0.080078 

0.084961 0.089844 0.094727 0.099609 0.105469 0.110352 0.115234 0.120117 

0.125000 0.129883 0.134766 0.139648 0.144531 0.150391 0.155273 0.160156 

0.165039 0.169922 0.174805 0.179688 0.184570 0.190430 0.195313 0.200195 

0.205078 0.209961 0.214844 0.219727 0.224609 0.230469 0.235352 0.240234 

0.245117 0.250000 0.254883 0.259766 0.264648 0.269531 0.275391 0.280273 

0.285156 0.290039 0.294922 0.299805 0.304688 0.309570 0.315430 0.320313 



0.004883 0.009766 0.014648 0.019531 0.025391 0.030273 0.035156 0.040039 

0.044922 0.049805 0.054688 0.059570 0.065430 0.070313 0.075195 0.080078 

0.084961 0.089844 0.094727 0.099609 0.105469 0.110352 0.115234 0.120117 

0.125000 0.129883 0.134766 0.139648 0.144531 0.150391 0.155273 0.160156 

0.165039 0.169922 0.174805 0.179688 0.184570 0.190430 0.195313 0.200195 

0.205078 0.209961 0.214844 0.219727 0.224609 0.230469 0.235352 0.240234 

0.245117 0.250000 0.254883 0.259766 0.264648 0.269531 0.275391 0.280273 

0.285156 0.290039 0.294922 0.299805 0.304688 0.309570 0.315430 0.320313 





1.000000 2.000000 3.000000 4.000000 5.000000 6.000000 7.000000 8.000000 9.000000 1.000000 2.000000 3.000000 4.000000 5.000000 6.000000 7.000000 8.000000 9.000000 1.000000 2.000000 3.000000 4.000000 5.000000 6.000000 7.000000 8.000000 9.000000 1.000000 2.000000 3.000000 4.000000 5.000000 6.000000 7.000000 8.000000 9.000000 1.000000 2.000000 3.000000 4.000000 5.000000 6.000000 7.000000 8.000000 9.000000 1.000000 2.000000 3.000000 4.000000 5.000000 6.000000 7.000000 8.000000 9.000000 1.000000 2.000000 3.000000 4.000000 5.000000 6.000000 7.000000 8.000000 9.000000 1.000000 2.000000 3.000000 4.000000 5.000000 6.000000 7.000000 8.000000 9.000000 1.000000 2.000000 3.000000 4.000000 5.000000 6.000000 7.000000 8.000000 9.000000 1.000000 2.000000 3.000000 4.000000 5.000000 6.000000 7.000000 8.000000 9.000000 1.000000 2.000000 3.000000 4.000000 5.000000 6.000000 7.000000 8.000000 9.000000 1.000000 2.000000 3.000000 4.000000 5.000000 6.000000 7.000000 8.000000 9.000000 1.000000 2.000000 3.000000 4.000000 5.000000 6.000000 7.000000 8.000000 9.000000 1.000000 2.000000 3.000000 4.000000 5.000000 6.000000 7.000000 8.000000 9.000000 1.000000 2.000000 3.000000 4.000000 5.000000 6.000000 7.000000 8.000000 9.000000 1.000000 2.000000 3.000000 4.000000 5.000000 6.000000 7.000000 8.000000 9.000000 



-----output----

3.56250 5.44531 6.20703 7.02734 7.83984 8.64453 9.40625 6.03125 

8.20313 11.96484 12.84375 13.79297 14.73047 15.65625 16.53516 10.33594 

13.48828 19.17188 20.05078 20.96484 21.90625 22.83594 23.74219 14.66016 

18.77344 26.37891 27.25781 28.14844 29.09375 30.02734 30.94922 18.98438 

24.05859 31.99902 31.99902 31.99902 31.99902 31.99902 31.99902 23.30859 

29.34375 31.99902 31.99902 31.99902 31.99902 31.99902 31.99902 27.63281 

31.99902 31.99902 31.99902 31.99902 31.99902 31.99902 31.99902 31.95703 

17.62500 23.48047 23.89063 24.30078 24.71094 25.15625 25.59375 14.79688 



3.56250 5.44531 6.20703 7.02734 7.83984 8.64453 9.40625 6.03125 

8.20313 11.96484 12.84375 13.79297 14.73047 15.65625 16.53516 10.33594 

13.48828 19.17188 20.05078 20.96484 21.90625 22.83594 23.74219 14.66016 

18.77344 26.37891 27.25781 28.14844 29.09375 30.02734 30.94922 18.98438 

24.05859 31.99902 31.99902 31.99902 31.99902 31.99902 31.99902 23.30859 

29.34375 31.99902 31.99902 31.99902 31.99902 31.99902 31.99902 27.63281 

31.99902 31.99902 31.99902 31.99902 31.99902 31.99902 31.99902 31.95703 

17.62500 23.48047 23.89063 24.30078 24.71094 25.15625 25.59375 14.79688 



3.56250 5.44531 6.20703 7.02734 7.83984 8.64453 9.40625 6.03125 

8.20313 11.96484 12.84375 13.79297 14.73047 15.65625 16.53516 10.33594 

13.48828 19.17188 20.05078 20.96484 21.90625 22.83594 23.74219 14.66016 

18.77344 26.37891 27.25781 28.14844 29.09375 30.02734 30.94922 18.98438 

24.05859 31.99902 31.99902 31.99902 31.99902 31.99902 31.99902 23.30859 

29.34375 31.99902 31.99902 31.99902 31.99902 31.99902 31.99902 27.63281 

31.99902 31.99902 31.99902 31.99902 31.99902 31.99902 31.99902 31.95703 

17.62500 23.48047 23.89063 24.30078 24.71094 25.15625 25.59375 14.79688 



3.56250 5.44531 6.20703 7.02734 7.83984 8.64453 9.40625 6.03125 

8.20313 11.96484 12.84375 13.79297 14.73047 15.65625 16.53516 10.33594 

13.48828 19.17188 20.05078 20.96484 21.90625 22.83594 23.74219 14.66016 

18.77344 26.37891 27.25781 28.14844 29.09375 30.02734 30.94922 18.98438 

24.05859 31.99902 31.99902 31.99902 31.99902 31.99902 31.99902 23.30859 

29.34375 31.99902 31.99902 31.99902 31.99902 31.99902 31.99902 27.63281 

31.99902 31.99902 31.99902 31.99902 31.99902 31.99902 31.99902 31.95703 

17.62500 23.48047 23.89063 24.30078 24.71094 25.15625 25.59375 14.79688 



done

INFO: [SIM 1] CSim done with 0 errors.
INFO: [SIM 3] *************** CSIM finish ***************
