

================================================================
== Vitis HLS Report for 'Write_Output_F_Pipeline_1'
================================================================
* Date:           Thu May  9 17:19:40 2024

* Version:        2022.1 (Build 3526262 on Mon Apr 18 15:48:16 MDT 2022)
* Project:        Conv_Tile129
* Solution:       solution9 (Vivado IP Flow Target)
* Product family: zynquplus
* Target device:  xck26-sfvc784-2LV-c


================================================================
== Performance Estimates
================================================================
+ Timing: 
    * Summary: 
    +--------+---------+----------+------------+
    |  Clock |  Target | Estimated| Uncertainty|
    +--------+---------+----------+------------+
    |ap_clk  |  4.80 ns|  3.504 ns|     1.30 ns|
    +--------+---------+----------+------------+

+ Latency: 
    * Summary: 
    +---------+---------+-----------+----------+-----+-----+---------+
    |  Latency (cycles) |  Latency (absolute)  |  Interval | Pipeline|
    |   min   |   max   |    min    |    max   | min | max |   Type  |
    +---------+---------+-----------+----------+-----+-----+---------+
    |        6|        ?|  28.800 ns|         ?|    6|    ?|       no|
    +---------+---------+-----------+----------+-----+-----+---------+

    + Detail: 
        * Instance: 
        N/A

        * Loop: 
        +----------+---------+---------+----------+-----------+-----------+-------+----------+
        |          |  Latency (cycles) | Iteration|  Initiation Interval  |  Trip |          |
        | Loop Name|   min   |   max   |  Latency |  achieved |   target  | Count | Pipelined|
        +----------+---------+---------+----------+-----------+-----------+-------+----------+
        |- Loop 1  |        4|        ?|         4|          1|          1|  1 ~ ?|       yes|
        +----------+---------+---------+----------+-----------+-----------+-------+----------+

============================================================
+ Verbose Summary: Synthesis Manager
============================================================
InlineROM: 1
ExposeGlobal: 0
============================================================
+ Verbose Summary: CDFG Model
============================================================
IsTopModel: 0
ResetActiveHigh: 1
IsCombinational: 0
IsDatapathOnly: 0
HasWiredReturn: 1
HasMFsm: 2
HasVarLatency: 1
IsPipeline: 0
IsRtlPipelined: 0
IsInstanceOverlapped: 0
IsDontTouch: 0
HasImplIP: 0
IsGatedGlobalClock: 0

+ Individual pipeline summary: 
  * Pipeline-0: initiation interval (II) = 1, depth = 5


============================================================
+ Verbose Summary: Schedule
============================================================
* Number of FSM states : 5
* Pipeline : 1
  Pipeline-0 : II = 1, D = 5, States = { 1 2 3 4 5 }
* Dataflow Pipeline: 0

* FSM state transitions: 
1 --> 2 
2 --> 3 
3 --> 4 
4 --> 5 
5 --> 

* FSM state operations: 

State 1 <SV = 0> <Delay = 0.42>
ST_1 : Operation 7 [1/1] (0.00ns)   --->   "%loop_index121 = alloca i32 1"   --->   Operation 7 'alloca' 'loop_index121' <Predicate = true> <Delay = 0.00>
ST_1 : Operation 8 [1/1] (0.00ns)   --->   "%specbramwithbyteenable_ln0 = specbramwithbyteenable void @_ssdm_op_SpecBRAMWithByteEnable, i32 %output_buffer_0"   --->   Operation 8 'specbramwithbyteenable' 'specbramwithbyteenable_ln0' <Predicate = true> <Delay = 0.00>
ST_1 : Operation 9 [1/1] (0.00ns)   --->   "%specbramwithbyteenable_ln0 = specbramwithbyteenable void @_ssdm_op_SpecBRAMWithByteEnable, i32 %output_buffer_4"   --->   Operation 9 'specbramwithbyteenable' 'specbramwithbyteenable_ln0' <Predicate = true> <Delay = 0.00>
ST_1 : Operation 10 [1/1] (0.00ns)   --->   "%specbramwithbyteenable_ln0 = specbramwithbyteenable void @_ssdm_op_SpecBRAMWithByteEnable, i32 %output_buffer_8"   --->   Operation 10 'specbramwithbyteenable' 'specbramwithbyteenable_ln0' <Predicate = true> <Delay = 0.00>
ST_1 : Operation 11 [1/1] (0.00ns)   --->   "%specbramwithbyteenable_ln0 = specbramwithbyteenable void @_ssdm_op_SpecBRAMWithByteEnable, i32 %output_buffer_12"   --->   Operation 11 'specbramwithbyteenable' 'specbramwithbyteenable_ln0' <Predicate = true> <Delay = 0.00>
ST_1 : Operation 12 [1/1] (0.00ns)   --->   "%specbramwithbyteenable_ln0 = specbramwithbyteenable void @_ssdm_op_SpecBRAMWithByteEnable, i32 %output_buffer_16"   --->   Operation 12 'specbramwithbyteenable' 'specbramwithbyteenable_ln0' <Predicate = true> <Delay = 0.00>
ST_1 : Operation 13 [1/1] (0.00ns)   --->   "%specbramwithbyteenable_ln0 = specbramwithbyteenable void @_ssdm_op_SpecBRAMWithByteEnable, i32 %output_buffer_20"   --->   Operation 13 'specbramwithbyteenable' 'specbramwithbyteenable_ln0' <Predicate = true> <Delay = 0.00>
ST_1 : Operation 14 [1/1] (0.00ns)   --->   "%specbramwithbyteenable_ln0 = specbramwithbyteenable void @_ssdm_op_SpecBRAMWithByteEnable, i32 %output_buffer_24"   --->   Operation 14 'specbramwithbyteenable' 'specbramwithbyteenable_ln0' <Predicate = true> <Delay = 0.00>
ST_1 : Operation 15 [1/1] (0.00ns)   --->   "%specbramwithbyteenable_ln0 = specbramwithbyteenable void @_ssdm_op_SpecBRAMWithByteEnable, i32 %output_buffer_28"   --->   Operation 15 'specbramwithbyteenable' 'specbramwithbyteenable_ln0' <Predicate = true> <Delay = 0.00>
ST_1 : Operation 16 [1/1] (0.00ns)   --->   "%Out_Tc_Min_cast_cast_cast_read = read i31 @_ssdm_op_Read.ap_auto.i31, i31 %Out_Tc_Min_cast_cast_cast"   --->   Operation 16 'read' 'Out_Tc_Min_cast_cast_cast_read' <Predicate = true> <Delay = 0.00>
ST_1 : Operation 17 [1/1] (0.00ns)   --->   "%shl_ln3_read = read i34 @_ssdm_op_Read.ap_auto.i34, i34 %shl_ln3"   --->   Operation 17 'read' 'shl_ln3_read' <Predicate = true> <Delay = 0.00>
ST_1 : Operation 18 [1/1] (0.00ns)   --->   "%tmp = read i9 @_ssdm_op_Read.ap_auto.i9, i9 %empty"   --->   Operation 18 'read' 'tmp' <Predicate = true> <Delay = 0.00>
ST_1 : Operation 19 [1/1] (0.00ns)   --->   "%p_cast8_cast_read = read i63 @_ssdm_op_Read.ap_auto.i63, i63 %p_cast8_cast"   --->   Operation 19 'read' 'p_cast8_cast_read' <Predicate = true> <Delay = 0.00>
ST_1 : Operation 20 [1/1] (0.00ns)   --->   "%Out_Tc_Min_cast_cast_cast_cast = sext i31 %Out_Tc_Min_cast_cast_cast_read"   --->   Operation 20 'sext' 'Out_Tc_Min_cast_cast_cast_cast' <Predicate = true> <Delay = 0.00>
ST_1 : Operation 21 [1/1] (0.00ns)   --->   "%Out_Tc_Min_cast_cast_cast_cast_cast = zext i63 %Out_Tc_Min_cast_cast_cast_cast"   --->   Operation 21 'zext' 'Out_Tc_Min_cast_cast_cast_cast_cast' <Predicate = true> <Delay = 0.00>
ST_1 : Operation 22 [1/1] (0.00ns)   --->   "%p_cast8_cast_cast = sext i63 %p_cast8_cast_read"   --->   Operation 22 'sext' 'p_cast8_cast_cast' <Predicate = true> <Delay = 0.00>
ST_1 : Operation 23 [1/1] (0.00ns)   --->   "%specmemcore_ln0 = specmemcore void @_ssdm_op_SpecMemCore, i32 %output_buffer_28, i64 666, i64 22, i64 18446744073709551615"   --->   Operation 23 'specmemcore' 'specmemcore_ln0' <Predicate = true> <Delay = 0.00>
ST_1 : Operation 24 [1/1] (0.00ns)   --->   "%specmemcore_ln0 = specmemcore void @_ssdm_op_SpecMemCore, i32 %output_buffer_24, i64 666, i64 22, i64 18446744073709551615"   --->   Operation 24 'specmemcore' 'specmemcore_ln0' <Predicate = true> <Delay = 0.00>
ST_1 : Operation 25 [1/1] (0.00ns)   --->   "%specmemcore_ln0 = specmemcore void @_ssdm_op_SpecMemCore, i32 %output_buffer_20, i64 666, i64 22, i64 18446744073709551615"   --->   Operation 25 'specmemcore' 'specmemcore_ln0' <Predicate = true> <Delay = 0.00>
ST_1 : Operation 26 [1/1] (0.00ns)   --->   "%specmemcore_ln0 = specmemcore void @_ssdm_op_SpecMemCore, i32 %output_buffer_16, i64 666, i64 22, i64 18446744073709551615"   --->   Operation 26 'specmemcore' 'specmemcore_ln0' <Predicate = true> <Delay = 0.00>
ST_1 : Operation 27 [1/1] (0.00ns)   --->   "%specmemcore_ln0 = specmemcore void @_ssdm_op_SpecMemCore, i32 %output_buffer_12, i64 666, i64 22, i64 18446744073709551615"   --->   Operation 27 'specmemcore' 'specmemcore_ln0' <Predicate = true> <Delay = 0.00>
ST_1 : Operation 28 [1/1] (0.00ns)   --->   "%specmemcore_ln0 = specmemcore void @_ssdm_op_SpecMemCore, i32 %output_buffer_8, i64 666, i64 22, i64 18446744073709551615"   --->   Operation 28 'specmemcore' 'specmemcore_ln0' <Predicate = true> <Delay = 0.00>
ST_1 : Operation 29 [1/1] (0.00ns)   --->   "%specmemcore_ln0 = specmemcore void @_ssdm_op_SpecMemCore, i32 %output_buffer_4, i64 666, i64 22, i64 18446744073709551615"   --->   Operation 29 'specmemcore' 'specmemcore_ln0' <Predicate = true> <Delay = 0.00>
ST_1 : Operation 30 [1/1] (0.00ns)   --->   "%specmemcore_ln0 = specmemcore void @_ssdm_op_SpecMemCore, i32 %output_buffer_0, i64 666, i64 22, i64 18446744073709551615"   --->   Operation 30 'specmemcore' 'specmemcore_ln0' <Predicate = true> <Delay = 0.00>
ST_1 : Operation 31 [1/1] (0.00ns)   --->   "%specinterface_ln0 = specinterface void @_ssdm_op_SpecInterface, i16 %OUT1, void @empty_36, i32 0, i32 0, void @empty_39, i32 0, i32 512, void @empty_8, void @empty_37, void @empty_39, i32 16, i32 16, i32 256, i32 256, void @empty_39, void @empty_39, i32 4294967295, i32 0"   --->   Operation 31 'specinterface' 'specinterface_ln0' <Predicate = true> <Delay = 0.00>
ST_1 : Operation 32 [1/1] (0.42ns)   --->   "%store_ln0 = store i64 0, i64 %loop_index121"   --->   Operation 32 'store' 'store_ln0' <Predicate = true> <Delay = 0.42>
ST_1 : Operation 33 [1/1] (0.00ns)   --->   "%br_ln0 = br void %loop-memcpy-expansion120"   --->   Operation 33 'br' 'br_ln0' <Predicate = true> <Delay = 0.00>

State 2 <SV = 1> <Delay = 2.64>
ST_2 : Operation 34 [1/1] (0.00ns)   --->   "%loop_index121_load = load i64 %loop_index121"   --->   Operation 34 'load' 'loop_index121_load' <Predicate = true> <Delay = 0.00>
ST_2 : Operation 35 [1/1] (0.00ns)   --->   "%empty_351 = trunc i64 %loop_index121_load"   --->   Operation 35 'trunc' 'empty_351' <Predicate = true> <Delay = 0.00>
ST_2 : Operation 36 [1/1] (0.00ns)   --->   "%tmp_7 = partselect i9 @_ssdm_op_PartSelect.i9.i64.i32.i32, i64 %loop_index121_load, i32 1, i32 9"   --->   Operation 36 'partselect' 'tmp_7' <Predicate = true> <Delay = 0.00>
ST_2 : Operation 37 [1/1] (0.77ns)   --->   "%empty_352 = add i9 %tmp, i9 %tmp_7"   --->   Operation 37 'add' 'empty_352' <Predicate = true> <Delay = 0.77> <CoreInst = "Adder">   --->   Core 1 'Adder' <Latency = 0> <II = 1> <Delay = 0.77> <FuncUnit> <Opcode : 'add' 'sub'> <InPorts = 2> <OutPorts = 1>
ST_2 : Operation 38 [1/1] (0.00ns)   --->   "%p_cast = zext i9 %empty_352"   --->   Operation 38 'zext' 'p_cast' <Predicate = true> <Delay = 0.00>
ST_2 : Operation 39 [1/1] (0.00ns)   --->   "%output_buffer_0_addr = getelementptr i32 %output_buffer_0, i64 0, i64 %p_cast"   --->   Operation 39 'getelementptr' 'output_buffer_0_addr' <Predicate = true> <Delay = 0.00>
ST_2 : Operation 40 [1/1] (0.00ns)   --->   "%output_buffer_4_addr = getelementptr i32 %output_buffer_4, i64 0, i64 %p_cast"   --->   Operation 40 'getelementptr' 'output_buffer_4_addr' <Predicate = true> <Delay = 0.00>
ST_2 : Operation 41 [1/1] (0.00ns)   --->   "%output_buffer_8_addr = getelementptr i32 %output_buffer_8, i64 0, i64 %p_cast"   --->   Operation 41 'getelementptr' 'output_buffer_8_addr' <Predicate = true> <Delay = 0.00>
ST_2 : Operation 42 [1/1] (0.00ns)   --->   "%output_buffer_12_addr = getelementptr i32 %output_buffer_12, i64 0, i64 %p_cast"   --->   Operation 42 'getelementptr' 'output_buffer_12_addr' <Predicate = true> <Delay = 0.00>
ST_2 : Operation 43 [1/1] (0.00ns)   --->   "%output_buffer_16_addr = getelementptr i32 %output_buffer_16, i64 0, i64 %p_cast"   --->   Operation 43 'getelementptr' 'output_buffer_16_addr' <Predicate = true> <Delay = 0.00>
ST_2 : Operation 44 [1/1] (0.00ns)   --->   "%output_buffer_20_addr = getelementptr i32 %output_buffer_20, i64 0, i64 %p_cast"   --->   Operation 44 'getelementptr' 'output_buffer_20_addr' <Predicate = true> <Delay = 0.00>
ST_2 : Operation 45 [1/1] (0.00ns)   --->   "%output_buffer_24_addr = getelementptr i32 %output_buffer_24, i64 0, i64 %p_cast"   --->   Operation 45 'getelementptr' 'output_buffer_24_addr' <Predicate = true> <Delay = 0.00>
ST_2 : Operation 46 [1/1] (0.00ns)   --->   "%output_buffer_28_addr = getelementptr i32 %output_buffer_28, i64 0, i64 %p_cast"   --->   Operation 46 'getelementptr' 'output_buffer_28_addr' <Predicate = true> <Delay = 0.00>
ST_2 : Operation 47 [2/2] (1.23ns)   --->   "%output_buffer_0_load = load i9 %output_buffer_0_addr"   --->   Operation 47 'load' 'output_buffer_0_load' <Predicate = true> <Delay = 1.23> <CoreInst = "RAM_2P_BRAM">   --->   Core 94 'RAM_2P_BRAM' <Latency = 1> <II = 1> <Delay = 1.23> <Storage> <Opcode : 'load' 'store'> <Ports = 2> <Width = 32> <Depth = 392> <RAM>
ST_2 : Operation 48 [2/2] (1.23ns)   --->   "%output_buffer_4_load = load i9 %output_buffer_4_addr"   --->   Operation 48 'load' 'output_buffer_4_load' <Predicate = true> <Delay = 1.23> <CoreInst = "RAM_2P_BRAM">   --->   Core 94 'RAM_2P_BRAM' <Latency = 1> <II = 1> <Delay = 1.23> <Storage> <Opcode : 'load' 'store'> <Ports = 2> <Width = 32> <Depth = 392> <RAM>
ST_2 : Operation 49 [2/2] (1.23ns)   --->   "%output_buffer_8_load = load i9 %output_buffer_8_addr"   --->   Operation 49 'load' 'output_buffer_8_load' <Predicate = true> <Delay = 1.23> <CoreInst = "RAM_2P_BRAM">   --->   Core 94 'RAM_2P_BRAM' <Latency = 1> <II = 1> <Delay = 1.23> <Storage> <Opcode : 'load' 'store'> <Ports = 2> <Width = 32> <Depth = 392> <RAM>
ST_2 : Operation 50 [2/2] (1.23ns)   --->   "%output_buffer_12_load = load i9 %output_buffer_12_addr"   --->   Operation 50 'load' 'output_buffer_12_load' <Predicate = true> <Delay = 1.23> <CoreInst = "RAM_2P_BRAM">   --->   Core 94 'RAM_2P_BRAM' <Latency = 1> <II = 1> <Delay = 1.23> <Storage> <Opcode : 'load' 'store'> <Ports = 2> <Width = 32> <Depth = 392> <RAM>
ST_2 : Operation 51 [2/2] (1.23ns)   --->   "%output_buffer_16_load = load i9 %output_buffer_16_addr"   --->   Operation 51 'load' 'output_buffer_16_load' <Predicate = true> <Delay = 1.23> <CoreInst = "RAM_2P_BRAM">   --->   Core 94 'RAM_2P_BRAM' <Latency = 1> <II = 1> <Delay = 1.23> <Storage> <Opcode : 'load' 'store'> <Ports = 2> <Width = 32> <Depth = 392> <RAM>
ST_2 : Operation 52 [2/2] (1.23ns)   --->   "%output_buffer_20_load = load i9 %output_buffer_20_addr"   --->   Operation 52 'load' 'output_buffer_20_load' <Predicate = true> <Delay = 1.23> <CoreInst = "RAM_2P_BRAM">   --->   Core 94 'RAM_2P_BRAM' <Latency = 1> <II = 1> <Delay = 1.23> <Storage> <Opcode : 'load' 'store'> <Ports = 2> <Width = 32> <Depth = 392> <RAM>
ST_2 : Operation 53 [2/2] (1.23ns)   --->   "%output_buffer_24_load = load i9 %output_buffer_24_addr"   --->   Operation 53 'load' 'output_buffer_24_load' <Predicate = true> <Delay = 1.23> <CoreInst = "RAM_2P_BRAM">   --->   Core 94 'RAM_2P_BRAM' <Latency = 1> <II = 1> <Delay = 1.23> <Storage> <Opcode : 'load' 'store'> <Ports = 2> <Width = 32> <Depth = 392> <RAM>
ST_2 : Operation 54 [2/2] (1.23ns)   --->   "%output_buffer_28_load = load i9 %output_buffer_28_addr"   --->   Operation 54 'load' 'output_buffer_28_load' <Predicate = true> <Delay = 1.23> <CoreInst = "RAM_2P_BRAM">   --->   Core 94 'RAM_2P_BRAM' <Latency = 1> <II = 1> <Delay = 1.23> <Storage> <Opcode : 'load' 'store'> <Ports = 2> <Width = 32> <Depth = 392> <RAM>
ST_2 : Operation 55 [1/1] (1.08ns)   --->   "%empty_377 = add i64 %loop_index121_load, i64 1"   --->   Operation 55 'add' 'empty_377' <Predicate = true> <Delay = 1.08> <CoreInst = "Adder">   --->   Core 1 'Adder' <Latency = 0> <II = 1> <Delay = 1.08> <FuncUnit> <Opcode : 'add' 'sub'> <InPorts = 2> <OutPorts = 1>
ST_2 : Operation 56 [1/1] (1.13ns)   --->   "%exitcond = icmp_eq  i64 %empty_377, i64 %Out_Tc_Min_cast_cast_cast_cast_cast"   --->   Operation 56 'icmp' 'exitcond' <Predicate = true> <Delay = 1.13> <CoreInst = "Cmp">   --->   Core 9 'Cmp' <Latency = 0> <II = 1> <Delay = 1.13> <FuncUnit> <Opcode : 'icmp'> <InPorts = 2> <OutPorts = 1>
ST_2 : Operation 57 [1/1] (0.00ns)   --->   "%br_ln0 = br i1 %exitcond, void %loop-memcpy-expansion120.loop-memcpy-expansion120_crit_edge, void %loop-memcpy-residual-header123.exitStub"   --->   Operation 57 'br' 'br_ln0' <Predicate = true> <Delay = 0.00>
ST_2 : Operation 58 [1/1] (0.42ns)   --->   "%store_ln0 = store i64 %empty_377, i64 %loop_index121"   --->   Operation 58 'store' 'store_ln0' <Predicate = (!exitcond)> <Delay = 0.42>
ST_2 : Operation 59 [1/1] (0.00ns)   --->   "%br_ln0 = br void %loop-memcpy-expansion120"   --->   Operation 59 'br' 'br_ln0' <Predicate = (!exitcond)> <Delay = 0.00>

State 3 <SV = 2> <Delay = 2.62>
ST_3 : Operation 60 [1/1] (0.00ns)   --->   "%tmp_s = bitconcatenate i5 @_ssdm_op_BitConcatenate.i5.i1.i4, i1 %empty_351, i4 0"   --->   Operation 60 'bitconcatenate' 'tmp_s' <Predicate = true> <Delay = 0.00>
ST_3 : Operation 61 [1/2] (1.23ns)   --->   "%output_buffer_0_load = load i9 %output_buffer_0_addr"   --->   Operation 61 'load' 'output_buffer_0_load' <Predicate = true> <Delay = 1.23> <CoreInst = "RAM_2P_BRAM">   --->   Core 94 'RAM_2P_BRAM' <Latency = 1> <II = 1> <Delay = 1.23> <Storage> <Opcode : 'load' 'store'> <Ports = 2> <Width = 32> <Depth = 392> <RAM>
ST_3 : Operation 62 [1/1] (0.00ns)   --->   "%empty_353 = zext i5 %tmp_s"   --->   Operation 62 'zext' 'empty_353' <Predicate = true> <Delay = 0.00>
ST_3 : Operation 63 [1/1] (1.38ns)   --->   "%empty_354 = lshr i32 %output_buffer_0_load, i32 %empty_353"   --->   Operation 63 'lshr' 'empty_354' <Predicate = true> <Delay = 1.38> <CoreInst = "Shifter">   --->   Core 75 'Shifter' <Latency = 0> <II = 1> <Delay = 1.38> <FuncUnit> <Opcode : 'shl' 'lshr' 'ashr'> <InPorts = 2> <OutPorts = 1>
ST_3 : Operation 64 [1/1] (0.00ns)   --->   "%empty_355 = trunc i32 %empty_354"   --->   Operation 64 'trunc' 'empty_355' <Predicate = true> <Delay = 0.00>
ST_3 : Operation 65 [1/2] (1.23ns)   --->   "%output_buffer_4_load = load i9 %output_buffer_4_addr"   --->   Operation 65 'load' 'output_buffer_4_load' <Predicate = true> <Delay = 1.23> <CoreInst = "RAM_2P_BRAM">   --->   Core 94 'RAM_2P_BRAM' <Latency = 1> <II = 1> <Delay = 1.23> <Storage> <Opcode : 'load' 'store'> <Ports = 2> <Width = 32> <Depth = 392> <RAM>
ST_3 : Operation 66 [1/1] (0.00ns)   --->   "%empty_356 = zext i5 %tmp_s"   --->   Operation 66 'zext' 'empty_356' <Predicate = true> <Delay = 0.00>
ST_3 : Operation 67 [1/1] (1.38ns)   --->   "%empty_357 = lshr i32 %output_buffer_4_load, i32 %empty_356"   --->   Operation 67 'lshr' 'empty_357' <Predicate = true> <Delay = 1.38> <CoreInst = "Shifter">   --->   Core 75 'Shifter' <Latency = 0> <II = 1> <Delay = 1.38> <FuncUnit> <Opcode : 'shl' 'lshr' 'ashr'> <InPorts = 2> <OutPorts = 1>
ST_3 : Operation 68 [1/1] (0.00ns)   --->   "%empty_358 = trunc i32 %empty_357"   --->   Operation 68 'trunc' 'empty_358' <Predicate = true> <Delay = 0.00>
ST_3 : Operation 69 [1/2] (1.23ns)   --->   "%output_buffer_8_load = load i9 %output_buffer_8_addr"   --->   Operation 69 'load' 'output_buffer_8_load' <Predicate = true> <Delay = 1.23> <CoreInst = "RAM_2P_BRAM">   --->   Core 94 'RAM_2P_BRAM' <Latency = 1> <II = 1> <Delay = 1.23> <Storage> <Opcode : 'load' 'store'> <Ports = 2> <Width = 32> <Depth = 392> <RAM>
ST_3 : Operation 70 [1/1] (0.00ns)   --->   "%empty_359 = zext i5 %tmp_s"   --->   Operation 70 'zext' 'empty_359' <Predicate = true> <Delay = 0.00>
ST_3 : Operation 71 [1/1] (1.38ns)   --->   "%empty_360 = lshr i32 %output_buffer_8_load, i32 %empty_359"   --->   Operation 71 'lshr' 'empty_360' <Predicate = true> <Delay = 1.38> <CoreInst = "Shifter">   --->   Core 75 'Shifter' <Latency = 0> <II = 1> <Delay = 1.38> <FuncUnit> <Opcode : 'shl' 'lshr' 'ashr'> <InPorts = 2> <OutPorts = 1>
ST_3 : Operation 72 [1/1] (0.00ns)   --->   "%empty_361 = trunc i32 %empty_360"   --->   Operation 72 'trunc' 'empty_361' <Predicate = true> <Delay = 0.00>
ST_3 : Operation 73 [1/2] (1.23ns)   --->   "%output_buffer_12_load = load i9 %output_buffer_12_addr"   --->   Operation 73 'load' 'output_buffer_12_load' <Predicate = true> <Delay = 1.23> <CoreInst = "RAM_2P_BRAM">   --->   Core 94 'RAM_2P_BRAM' <Latency = 1> <II = 1> <Delay = 1.23> <Storage> <Opcode : 'load' 'store'> <Ports = 2> <Width = 32> <Depth = 392> <RAM>
ST_3 : Operation 74 [1/1] (0.00ns)   --->   "%empty_362 = zext i5 %tmp_s"   --->   Operation 74 'zext' 'empty_362' <Predicate = true> <Delay = 0.00>
ST_3 : Operation 75 [1/1] (1.38ns)   --->   "%empty_363 = lshr i32 %output_buffer_12_load, i32 %empty_362"   --->   Operation 75 'lshr' 'empty_363' <Predicate = true> <Delay = 1.38> <CoreInst = "Shifter">   --->   Core 75 'Shifter' <Latency = 0> <II = 1> <Delay = 1.38> <FuncUnit> <Opcode : 'shl' 'lshr' 'ashr'> <InPorts = 2> <OutPorts = 1>
ST_3 : Operation 76 [1/1] (0.00ns)   --->   "%empty_364 = trunc i32 %empty_363"   --->   Operation 76 'trunc' 'empty_364' <Predicate = true> <Delay = 0.00>
ST_3 : Operation 77 [1/2] (1.23ns)   --->   "%output_buffer_16_load = load i9 %output_buffer_16_addr"   --->   Operation 77 'load' 'output_buffer_16_load' <Predicate = true> <Delay = 1.23> <CoreInst = "RAM_2P_BRAM">   --->   Core 94 'RAM_2P_BRAM' <Latency = 1> <II = 1> <Delay = 1.23> <Storage> <Opcode : 'load' 'store'> <Ports = 2> <Width = 32> <Depth = 392> <RAM>
ST_3 : Operation 78 [1/1] (0.00ns)   --->   "%empty_365 = zext i5 %tmp_s"   --->   Operation 78 'zext' 'empty_365' <Predicate = true> <Delay = 0.00>
ST_3 : Operation 79 [1/1] (1.38ns)   --->   "%empty_366 = lshr i32 %output_buffer_16_load, i32 %empty_365"   --->   Operation 79 'lshr' 'empty_366' <Predicate = true> <Delay = 1.38> <CoreInst = "Shifter">   --->   Core 75 'Shifter' <Latency = 0> <II = 1> <Delay = 1.38> <FuncUnit> <Opcode : 'shl' 'lshr' 'ashr'> <InPorts = 2> <OutPorts = 1>
ST_3 : Operation 80 [1/1] (0.00ns)   --->   "%empty_367 = trunc i32 %empty_366"   --->   Operation 80 'trunc' 'empty_367' <Predicate = true> <Delay = 0.00>
ST_3 : Operation 81 [1/2] (1.23ns)   --->   "%output_buffer_20_load = load i9 %output_buffer_20_addr"   --->   Operation 81 'load' 'output_buffer_20_load' <Predicate = true> <Delay = 1.23> <CoreInst = "RAM_2P_BRAM">   --->   Core 94 'RAM_2P_BRAM' <Latency = 1> <II = 1> <Delay = 1.23> <Storage> <Opcode : 'load' 'store'> <Ports = 2> <Width = 32> <Depth = 392> <RAM>
ST_3 : Operation 82 [1/1] (0.00ns)   --->   "%empty_368 = zext i5 %tmp_s"   --->   Operation 82 'zext' 'empty_368' <Predicate = true> <Delay = 0.00>
ST_3 : Operation 83 [1/1] (1.38ns)   --->   "%empty_369 = lshr i32 %output_buffer_20_load, i32 %empty_368"   --->   Operation 83 'lshr' 'empty_369' <Predicate = true> <Delay = 1.38> <CoreInst = "Shifter">   --->   Core 75 'Shifter' <Latency = 0> <II = 1> <Delay = 1.38> <FuncUnit> <Opcode : 'shl' 'lshr' 'ashr'> <InPorts = 2> <OutPorts = 1>
ST_3 : Operation 84 [1/1] (0.00ns)   --->   "%empty_370 = trunc i32 %empty_369"   --->   Operation 84 'trunc' 'empty_370' <Predicate = true> <Delay = 0.00>
ST_3 : Operation 85 [1/2] (1.23ns)   --->   "%output_buffer_24_load = load i9 %output_buffer_24_addr"   --->   Operation 85 'load' 'output_buffer_24_load' <Predicate = true> <Delay = 1.23> <CoreInst = "RAM_2P_BRAM">   --->   Core 94 'RAM_2P_BRAM' <Latency = 1> <II = 1> <Delay = 1.23> <Storage> <Opcode : 'load' 'store'> <Ports = 2> <Width = 32> <Depth = 392> <RAM>
ST_3 : Operation 86 [1/1] (0.00ns)   --->   "%empty_371 = zext i5 %tmp_s"   --->   Operation 86 'zext' 'empty_371' <Predicate = true> <Delay = 0.00>
ST_3 : Operation 87 [1/1] (1.38ns)   --->   "%empty_372 = lshr i32 %output_buffer_24_load, i32 %empty_371"   --->   Operation 87 'lshr' 'empty_372' <Predicate = true> <Delay = 1.38> <CoreInst = "Shifter">   --->   Core 75 'Shifter' <Latency = 0> <II = 1> <Delay = 1.38> <FuncUnit> <Opcode : 'shl' 'lshr' 'ashr'> <InPorts = 2> <OutPorts = 1>
ST_3 : Operation 88 [1/1] (0.00ns)   --->   "%empty_373 = trunc i32 %empty_372"   --->   Operation 88 'trunc' 'empty_373' <Predicate = true> <Delay = 0.00>
ST_3 : Operation 89 [1/2] (1.23ns)   --->   "%output_buffer_28_load = load i9 %output_buffer_28_addr"   --->   Operation 89 'load' 'output_buffer_28_load' <Predicate = true> <Delay = 1.23> <CoreInst = "RAM_2P_BRAM">   --->   Core 94 'RAM_2P_BRAM' <Latency = 1> <II = 1> <Delay = 1.23> <Storage> <Opcode : 'load' 'store'> <Ports = 2> <Width = 32> <Depth = 392> <RAM>
ST_3 : Operation 90 [1/1] (0.00ns)   --->   "%empty_374 = zext i5 %tmp_s"   --->   Operation 90 'zext' 'empty_374' <Predicate = true> <Delay = 0.00>
ST_3 : Operation 91 [1/1] (1.38ns)   --->   "%empty_375 = lshr i32 %output_buffer_28_load, i32 %empty_374"   --->   Operation 91 'lshr' 'empty_375' <Predicate = true> <Delay = 1.38> <CoreInst = "Shifter">   --->   Core 75 'Shifter' <Latency = 0> <II = 1> <Delay = 1.38> <FuncUnit> <Opcode : 'shl' 'lshr' 'ashr'> <InPorts = 2> <OutPorts = 1>
ST_3 : Operation 92 [1/1] (0.00ns)   --->   "%empty_376 = trunc i32 %empty_375"   --->   Operation 92 'trunc' 'empty_376' <Predicate = true> <Delay = 0.00>

State 4 <SV = 3> <Delay = 0.98>
ST_4 : Operation 93 [1/1] (0.98ns)   --->   "%tmp_8 = mux i16 @_ssdm_op_Mux.ap_auto.29i16.i34, i16 %empty_355, i16 0, i16 0, i16 0, i16 %empty_358, i16 0, i16 0, i16 0, i16 %empty_361, i16 0, i16 0, i16 0, i16 %empty_364, i16 0, i16 0, i16 0, i16 %empty_367, i16 0, i16 0, i16 0, i16 %empty_370, i16 0, i16 0, i16 0, i16 %empty_373, i16 0, i16 0, i16 0, i16 %empty_376, i34 %shl_ln3_read"   --->   Operation 93 'mux' 'tmp_8' <Predicate = true> <Delay = 0.98> <CoreInst = "Multiplexer">   --->   Core 76 'Multiplexer' <Latency = 0> <II = 1> <Delay = 0.98> <FuncUnit> <Opcode : 'mux'> <InPorts = 2> <OutPorts = 1>

State 5 <SV = 4> <Delay = 3.50>
ST_5 : Operation 94 [1/1] (0.00ns)   --->   "%OUT1_addr = getelementptr i16 %OUT1, i64 %p_cast8_cast_cast"   --->   Operation 94 'getelementptr' 'OUT1_addr' <Predicate = true> <Delay = 0.00>
ST_5 : Operation 95 [1/1] (0.00ns)   --->   "%specpipeline_ln0 = specpipeline void @_ssdm_op_SpecPipeline, i32 4294967295, i32 0, i32 1, i32 0, void @p_str"   --->   Operation 95 'specpipeline' 'specpipeline_ln0' <Predicate = true> <Delay = 0.00>
ST_5 : Operation 96 [1/1] (3.50ns)   --->   "%write_ln0 = write void @_ssdm_op_Write.m_axi.p1i16, i16 %OUT1_addr, i16 %tmp_8, i2 3"   --->   Operation 96 'write' 'write_ln0' <Predicate = true> <Delay = 3.50> <CoreInst = "m_axi">   --->   Core 121 'm_axi' <Latency = 0> <II = 1> <Delay = 1.00> <Adapter> <Opcode : 'read' 'write' 'readreq' 'writereq' 'writeresp'>
ST_5 : Operation 97 [1/1] (0.00ns)   --->   "%speclooptripcount_ln0 = speclooptripcount void @_ssdm_op_SpecLoopTripCount, i64 1, i64 18446744073709551615, i64 0"   --->   Operation 97 'speclooptripcount' 'speclooptripcount_ln0' <Predicate = true> <Delay = 0.00>
ST_5 : Operation 98 [1/1] (0.00ns)   --->   "%ret_ln0 = ret"   --->   Operation 98 'ret' 'ret_ln0' <Predicate = (exitcond)> <Delay = 0.00>


============================================================
+ Verbose Summary: Timing violations
============================================================
Target clock period: 4.8ns, clock uncertainty: 1.3ns.

 <State 1>: 0.427ns
The critical path consists of the following:
	'alloca' operation ('loop_index121') [14]  (0 ns)
	'store' operation ('store_ln0') of constant 0 on local variable 'loop_index121' [39]  (0.427 ns)

 <State 2>: 2.64ns
The critical path consists of the following:
	'load' operation ('loop_index121_load') on local variable 'loop_index121' [42]  (0 ns)
	'add' operation ('empty_377') [92]  (1.08 ns)
	'icmp' operation ('exitcond') [93]  (1.13 ns)
	blocking operation 0.427 ns on control path)

 <State 3>: 2.62ns
The critical path consists of the following:
	'load' operation ('output_buffer_0_load') on array 'output_buffer_0' [58]  (1.24 ns)
	'lshr' operation ('empty_354') [60]  (1.39 ns)

 <State 4>: 0.989ns
The critical path consists of the following:
	'mux' operation ('tmp_8') [90]  (0.989 ns)

 <State 5>: 3.5ns
The critical path consists of the following:
	'getelementptr' operation ('OUT1_addr') [43]  (0 ns)
	bus write operation ('write_ln0') on port 'OUT1' [91]  (3.5 ns)


============================================================
+ Verbose Summary: Binding
============================================================
N/A
* FSMD analyzer results:
  - Output states:
 - Input state : 
  - Chain level:
	State 1
	State 2
	State 3
	State 4
	State 5


============================================================
+ Verbose Summary: Datapath Resource usage 
============================================================
N/A
