

================================================================
== Vitis HLS Report for 'Write_Output_F_Pipeline_3'
================================================================
* Date:           Thu May  9 17:19:42 2024

* Version:        2022.1 (Build 3526262 on Mon Apr 18 15:48:16 MDT 2022)
* Project:        Conv_Tile129
* Solution:       solution9 (Vivado IP Flow Target)
* Product family: zynquplus
* Target device:  xck26-sfvc784-2LV-c


================================================================
== Performance Estimates
================================================================
+ Timing: 
    * Summary: 
    +--------+---------+----------+------------+
    |  Clock |  Target | Estimated| Uncertainty|
    +--------+---------+----------+------------+
    |ap_clk  |  4.80 ns|  3.504 ns|     1.30 ns|
    +--------+---------+----------+------------+

+ Latency: 
    * Summary: 
    +---------+---------+-----------+----------+-----+-----+---------+
    |  Latency (cycles) |  Latency (absolute)  |  Interval | Pipeline|
    |   min   |   max   |    min    |    max   | min | max |   Type  |
    +---------+---------+-----------+----------+-----+-----+---------+
    |        6|        ?|  28.800 ns|         ?|    6|    ?|       no|
    +---------+---------+-----------+----------+-----+-----+---------+

    + Detail: 
        * Instance: 
        N/A

        * Loop: 
        +----------+---------+---------+----------+-----------+-----------+-------+----------+
        |          |  Latency (cycles) | Iteration|  Initiation Interval  |  Trip |          |
        | Loop Name|   min   |   max   |  Latency |  achieved |   target  | Count | Pipelined|
        +----------+---------+---------+----------+-----------+-----------+-------+----------+
        |- Loop 1  |        4|        ?|         4|          1|          1|  1 ~ ?|       yes|
        +----------+---------+---------+----------+-----------+-----------+-------+----------+

============================================================
+ Verbose Summary: Synthesis Manager
============================================================
InlineROM: 1
ExposeGlobal: 0
============================================================
+ Verbose Summary: CDFG Model
============================================================
IsTopModel: 0
ResetActiveHigh: 1
IsCombinational: 0
IsDatapathOnly: 0
HasWiredReturn: 1
HasMFsm: 2
HasVarLatency: 1
IsPipeline: 0
IsRtlPipelined: 0
IsInstanceOverlapped: 0
IsDontTouch: 0
HasImplIP: 0
IsGatedGlobalClock: 0

+ Individual pipeline summary: 
  * Pipeline-0: initiation interval (II) = 1, depth = 5


============================================================
+ Verbose Summary: Schedule
============================================================
* Number of FSM states : 5
* Pipeline : 1
  Pipeline-0 : II = 1, D = 5, States = { 1 2 3 4 5 }
* Dataflow Pipeline: 0

* FSM state transitions: 
1 --> 2 
2 --> 3 
3 --> 4 
4 --> 5 
5 --> 

* FSM state operations: 

State 1 <SV = 0> <Delay = 0.42>
ST_1 : Operation 7 [1/1] (0.00ns)   --->   "%loop_index109 = alloca i32 1"   --->   Operation 7 'alloca' 'loop_index109' <Predicate = true> <Delay = 0.00>
ST_1 : Operation 8 [1/1] (0.00ns)   --->   "%specbramwithbyteenable_ln0 = specbramwithbyteenable void @_ssdm_op_SpecBRAMWithByteEnable, i32 %output_buffer_2"   --->   Operation 8 'specbramwithbyteenable' 'specbramwithbyteenable_ln0' <Predicate = true> <Delay = 0.00>
ST_1 : Operation 9 [1/1] (0.00ns)   --->   "%specbramwithbyteenable_ln0 = specbramwithbyteenable void @_ssdm_op_SpecBRAMWithByteEnable, i32 %output_buffer_6"   --->   Operation 9 'specbramwithbyteenable' 'specbramwithbyteenable_ln0' <Predicate = true> <Delay = 0.00>
ST_1 : Operation 10 [1/1] (0.00ns)   --->   "%specbramwithbyteenable_ln0 = specbramwithbyteenable void @_ssdm_op_SpecBRAMWithByteEnable, i32 %output_buffer_10"   --->   Operation 10 'specbramwithbyteenable' 'specbramwithbyteenable_ln0' <Predicate = true> <Delay = 0.00>
ST_1 : Operation 11 [1/1] (0.00ns)   --->   "%specbramwithbyteenable_ln0 = specbramwithbyteenable void @_ssdm_op_SpecBRAMWithByteEnable, i32 %output_buffer_14"   --->   Operation 11 'specbramwithbyteenable' 'specbramwithbyteenable_ln0' <Predicate = true> <Delay = 0.00>
ST_1 : Operation 12 [1/1] (0.00ns)   --->   "%specbramwithbyteenable_ln0 = specbramwithbyteenable void @_ssdm_op_SpecBRAMWithByteEnable, i32 %output_buffer_18"   --->   Operation 12 'specbramwithbyteenable' 'specbramwithbyteenable_ln0' <Predicate = true> <Delay = 0.00>
ST_1 : Operation 13 [1/1] (0.00ns)   --->   "%specbramwithbyteenable_ln0 = specbramwithbyteenable void @_ssdm_op_SpecBRAMWithByteEnable, i32 %output_buffer_22"   --->   Operation 13 'specbramwithbyteenable' 'specbramwithbyteenable_ln0' <Predicate = true> <Delay = 0.00>
ST_1 : Operation 14 [1/1] (0.00ns)   --->   "%specbramwithbyteenable_ln0 = specbramwithbyteenable void @_ssdm_op_SpecBRAMWithByteEnable, i32 %output_buffer_26"   --->   Operation 14 'specbramwithbyteenable' 'specbramwithbyteenable_ln0' <Predicate = true> <Delay = 0.00>
ST_1 : Operation 15 [1/1] (0.00ns)   --->   "%specbramwithbyteenable_ln0 = specbramwithbyteenable void @_ssdm_op_SpecBRAMWithByteEnable, i32 %output_buffer_30"   --->   Operation 15 'specbramwithbyteenable' 'specbramwithbyteenable_ln0' <Predicate = true> <Delay = 0.00>
ST_1 : Operation 16 [1/1] (0.00ns)   --->   "%Out_Tc_Min_cast_cast_cast_read = read i31 @_ssdm_op_Read.ap_auto.i31, i31 %Out_Tc_Min_cast_cast_cast"   --->   Operation 16 'read' 'Out_Tc_Min_cast_cast_cast_read' <Predicate = true> <Delay = 0.00>
ST_1 : Operation 17 [1/1] (0.00ns)   --->   "%shl_ln3_read = read i34 @_ssdm_op_Read.ap_auto.i34, i34 %shl_ln3"   --->   Operation 17 'read' 'shl_ln3_read' <Predicate = true> <Delay = 0.00>
ST_1 : Operation 18 [1/1] (0.00ns)   --->   "%tmp = read i9 @_ssdm_op_Read.ap_auto.i9, i9 %empty"   --->   Operation 18 'read' 'tmp' <Predicate = true> <Delay = 0.00>
ST_1 : Operation 19 [1/1] (0.00ns)   --->   "%p_cast15_cast_read = read i63 @_ssdm_op_Read.ap_auto.i63, i63 %p_cast15_cast"   --->   Operation 19 'read' 'p_cast15_cast_read' <Predicate = true> <Delay = 0.00>
ST_1 : Operation 20 [1/1] (0.00ns)   --->   "%Out_Tc_Min_cast_cast_cast_cast = sext i31 %Out_Tc_Min_cast_cast_cast_read"   --->   Operation 20 'sext' 'Out_Tc_Min_cast_cast_cast_cast' <Predicate = true> <Delay = 0.00>
ST_1 : Operation 21 [1/1] (0.00ns)   --->   "%Out_Tc_Min_cast_cast_cast_cast_cast = zext i63 %Out_Tc_Min_cast_cast_cast_cast"   --->   Operation 21 'zext' 'Out_Tc_Min_cast_cast_cast_cast_cast' <Predicate = true> <Delay = 0.00>
ST_1 : Operation 22 [1/1] (0.00ns)   --->   "%p_cast15_cast_cast = sext i63 %p_cast15_cast_read"   --->   Operation 22 'sext' 'p_cast15_cast_cast' <Predicate = true> <Delay = 0.00>
ST_1 : Operation 23 [1/1] (0.00ns)   --->   "%specmemcore_ln0 = specmemcore void @_ssdm_op_SpecMemCore, i32 %output_buffer_30, i64 666, i64 22, i64 18446744073709551615"   --->   Operation 23 'specmemcore' 'specmemcore_ln0' <Predicate = true> <Delay = 0.00>
ST_1 : Operation 24 [1/1] (0.00ns)   --->   "%specmemcore_ln0 = specmemcore void @_ssdm_op_SpecMemCore, i32 %output_buffer_26, i64 666, i64 22, i64 18446744073709551615"   --->   Operation 24 'specmemcore' 'specmemcore_ln0' <Predicate = true> <Delay = 0.00>
ST_1 : Operation 25 [1/1] (0.00ns)   --->   "%specmemcore_ln0 = specmemcore void @_ssdm_op_SpecMemCore, i32 %output_buffer_22, i64 666, i64 22, i64 18446744073709551615"   --->   Operation 25 'specmemcore' 'specmemcore_ln0' <Predicate = true> <Delay = 0.00>
ST_1 : Operation 26 [1/1] (0.00ns)   --->   "%specmemcore_ln0 = specmemcore void @_ssdm_op_SpecMemCore, i32 %output_buffer_18, i64 666, i64 22, i64 18446744073709551615"   --->   Operation 26 'specmemcore' 'specmemcore_ln0' <Predicate = true> <Delay = 0.00>
ST_1 : Operation 27 [1/1] (0.00ns)   --->   "%specmemcore_ln0 = specmemcore void @_ssdm_op_SpecMemCore, i32 %output_buffer_14, i64 666, i64 22, i64 18446744073709551615"   --->   Operation 27 'specmemcore' 'specmemcore_ln0' <Predicate = true> <Delay = 0.00>
ST_1 : Operation 28 [1/1] (0.00ns)   --->   "%specmemcore_ln0 = specmemcore void @_ssdm_op_SpecMemCore, i32 %output_buffer_10, i64 666, i64 22, i64 18446744073709551615"   --->   Operation 28 'specmemcore' 'specmemcore_ln0' <Predicate = true> <Delay = 0.00>
ST_1 : Operation 29 [1/1] (0.00ns)   --->   "%specmemcore_ln0 = specmemcore void @_ssdm_op_SpecMemCore, i32 %output_buffer_6, i64 666, i64 22, i64 18446744073709551615"   --->   Operation 29 'specmemcore' 'specmemcore_ln0' <Predicate = true> <Delay = 0.00>
ST_1 : Operation 30 [1/1] (0.00ns)   --->   "%specmemcore_ln0 = specmemcore void @_ssdm_op_SpecMemCore, i32 %output_buffer_2, i64 666, i64 22, i64 18446744073709551615"   --->   Operation 30 'specmemcore' 'specmemcore_ln0' <Predicate = true> <Delay = 0.00>
ST_1 : Operation 31 [1/1] (0.00ns)   --->   "%specinterface_ln0 = specinterface void @_ssdm_op_SpecInterface, i16 %OUT3, void @empty_36, i32 0, i32 0, void @empty_39, i32 0, i32 512, void @empty_31, void @empty_37, void @empty_39, i32 16, i32 16, i32 256, i32 256, void @empty_39, void @empty_39, i32 4294967295, i32 0"   --->   Operation 31 'specinterface' 'specinterface_ln0' <Predicate = true> <Delay = 0.00>
ST_1 : Operation 32 [1/1] (0.42ns)   --->   "%store_ln0 = store i64 0, i64 %loop_index109"   --->   Operation 32 'store' 'store_ln0' <Predicate = true> <Delay = 0.42>
ST_1 : Operation 33 [1/1] (0.00ns)   --->   "%br_ln0 = br void %loop-memcpy-expansion108"   --->   Operation 33 'br' 'br_ln0' <Predicate = true> <Delay = 0.00>

State 2 <SV = 1> <Delay = 2.64>
ST_2 : Operation 34 [1/1] (0.00ns)   --->   "%loop_index109_load = load i64 %loop_index109"   --->   Operation 34 'load' 'loop_index109_load' <Predicate = true> <Delay = 0.00>
ST_2 : Operation 35 [1/1] (0.00ns)   --->   "%empty_297 = trunc i64 %loop_index109_load"   --->   Operation 35 'trunc' 'empty_297' <Predicate = true> <Delay = 0.00>
ST_2 : Operation 36 [1/1] (0.00ns)   --->   "%tmp_3 = partselect i9 @_ssdm_op_PartSelect.i9.i64.i32.i32, i64 %loop_index109_load, i32 1, i32 9"   --->   Operation 36 'partselect' 'tmp_3' <Predicate = true> <Delay = 0.00>
ST_2 : Operation 37 [1/1] (0.77ns)   --->   "%empty_298 = add i9 %tmp, i9 %tmp_3"   --->   Operation 37 'add' 'empty_298' <Predicate = true> <Delay = 0.77> <CoreInst = "Adder">   --->   Core 1 'Adder' <Latency = 0> <II = 1> <Delay = 0.77> <FuncUnit> <Opcode : 'add' 'sub'> <InPorts = 2> <OutPorts = 1>
ST_2 : Operation 38 [1/1] (0.00ns)   --->   "%p_cast = zext i9 %empty_298"   --->   Operation 38 'zext' 'p_cast' <Predicate = true> <Delay = 0.00>
ST_2 : Operation 39 [1/1] (0.00ns)   --->   "%output_buffer_2_addr = getelementptr i32 %output_buffer_2, i64 0, i64 %p_cast"   --->   Operation 39 'getelementptr' 'output_buffer_2_addr' <Predicate = true> <Delay = 0.00>
ST_2 : Operation 40 [1/1] (0.00ns)   --->   "%output_buffer_6_addr = getelementptr i32 %output_buffer_6, i64 0, i64 %p_cast"   --->   Operation 40 'getelementptr' 'output_buffer_6_addr' <Predicate = true> <Delay = 0.00>
ST_2 : Operation 41 [1/1] (0.00ns)   --->   "%output_buffer_10_addr = getelementptr i32 %output_buffer_10, i64 0, i64 %p_cast"   --->   Operation 41 'getelementptr' 'output_buffer_10_addr' <Predicate = true> <Delay = 0.00>
ST_2 : Operation 42 [1/1] (0.00ns)   --->   "%output_buffer_14_addr = getelementptr i32 %output_buffer_14, i64 0, i64 %p_cast"   --->   Operation 42 'getelementptr' 'output_buffer_14_addr' <Predicate = true> <Delay = 0.00>
ST_2 : Operation 43 [1/1] (0.00ns)   --->   "%output_buffer_18_addr = getelementptr i32 %output_buffer_18, i64 0, i64 %p_cast"   --->   Operation 43 'getelementptr' 'output_buffer_18_addr' <Predicate = true> <Delay = 0.00>
ST_2 : Operation 44 [1/1] (0.00ns)   --->   "%output_buffer_22_addr = getelementptr i32 %output_buffer_22, i64 0, i64 %p_cast"   --->   Operation 44 'getelementptr' 'output_buffer_22_addr' <Predicate = true> <Delay = 0.00>
ST_2 : Operation 45 [1/1] (0.00ns)   --->   "%output_buffer_26_addr = getelementptr i32 %output_buffer_26, i64 0, i64 %p_cast"   --->   Operation 45 'getelementptr' 'output_buffer_26_addr' <Predicate = true> <Delay = 0.00>
ST_2 : Operation 46 [1/1] (0.00ns)   --->   "%output_buffer_30_addr = getelementptr i32 %output_buffer_30, i64 0, i64 %p_cast"   --->   Operation 46 'getelementptr' 'output_buffer_30_addr' <Predicate = true> <Delay = 0.00>
ST_2 : Operation 47 [2/2] (1.23ns)   --->   "%output_buffer_2_load = load i9 %output_buffer_2_addr"   --->   Operation 47 'load' 'output_buffer_2_load' <Predicate = true> <Delay = 1.23> <CoreInst = "RAM_2P_BRAM">   --->   Core 94 'RAM_2P_BRAM' <Latency = 1> <II = 1> <Delay = 1.23> <Storage> <Opcode : 'load' 'store'> <Ports = 2> <Width = 32> <Depth = 392> <RAM>
ST_2 : Operation 48 [2/2] (1.23ns)   --->   "%output_buffer_6_load = load i9 %output_buffer_6_addr"   --->   Operation 48 'load' 'output_buffer_6_load' <Predicate = true> <Delay = 1.23> <CoreInst = "RAM_2P_BRAM">   --->   Core 94 'RAM_2P_BRAM' <Latency = 1> <II = 1> <Delay = 1.23> <Storage> <Opcode : 'load' 'store'> <Ports = 2> <Width = 32> <Depth = 392> <RAM>
ST_2 : Operation 49 [2/2] (1.23ns)   --->   "%output_buffer_10_load = load i9 %output_buffer_10_addr"   --->   Operation 49 'load' 'output_buffer_10_load' <Predicate = true> <Delay = 1.23> <CoreInst = "RAM_2P_BRAM">   --->   Core 94 'RAM_2P_BRAM' <Latency = 1> <II = 1> <Delay = 1.23> <Storage> <Opcode : 'load' 'store'> <Ports = 2> <Width = 32> <Depth = 392> <RAM>
ST_2 : Operation 50 [2/2] (1.23ns)   --->   "%output_buffer_14_load = load i9 %output_buffer_14_addr"   --->   Operation 50 'load' 'output_buffer_14_load' <Predicate = true> <Delay = 1.23> <CoreInst = "RAM_2P_BRAM">   --->   Core 94 'RAM_2P_BRAM' <Latency = 1> <II = 1> <Delay = 1.23> <Storage> <Opcode : 'load' 'store'> <Ports = 2> <Width = 32> <Depth = 392> <RAM>
ST_2 : Operation 51 [2/2] (1.23ns)   --->   "%output_buffer_18_load = load i9 %output_buffer_18_addr"   --->   Operation 51 'load' 'output_buffer_18_load' <Predicate = true> <Delay = 1.23> <CoreInst = "RAM_2P_BRAM">   --->   Core 94 'RAM_2P_BRAM' <Latency = 1> <II = 1> <Delay = 1.23> <Storage> <Opcode : 'load' 'store'> <Ports = 2> <Width = 32> <Depth = 392> <RAM>
ST_2 : Operation 52 [2/2] (1.23ns)   --->   "%output_buffer_22_load = load i9 %output_buffer_22_addr"   --->   Operation 52 'load' 'output_buffer_22_load' <Predicate = true> <Delay = 1.23> <CoreInst = "RAM_2P_BRAM">   --->   Core 94 'RAM_2P_BRAM' <Latency = 1> <II = 1> <Delay = 1.23> <Storage> <Opcode : 'load' 'store'> <Ports = 2> <Width = 32> <Depth = 392> <RAM>
ST_2 : Operation 53 [2/2] (1.23ns)   --->   "%output_buffer_26_load = load i9 %output_buffer_26_addr"   --->   Operation 53 'load' 'output_buffer_26_load' <Predicate = true> <Delay = 1.23> <CoreInst = "RAM_2P_BRAM">   --->   Core 94 'RAM_2P_BRAM' <Latency = 1> <II = 1> <Delay = 1.23> <Storage> <Opcode : 'load' 'store'> <Ports = 2> <Width = 32> <Depth = 392> <RAM>
ST_2 : Operation 54 [2/2] (1.23ns)   --->   "%output_buffer_30_load = load i9 %output_buffer_30_addr"   --->   Operation 54 'load' 'output_buffer_30_load' <Predicate = true> <Delay = 1.23> <CoreInst = "RAM_2P_BRAM">   --->   Core 94 'RAM_2P_BRAM' <Latency = 1> <II = 1> <Delay = 1.23> <Storage> <Opcode : 'load' 'store'> <Ports = 2> <Width = 32> <Depth = 392> <RAM>
ST_2 : Operation 55 [1/1] (1.08ns)   --->   "%empty_323 = add i64 %loop_index109_load, i64 1"   --->   Operation 55 'add' 'empty_323' <Predicate = true> <Delay = 1.08> <CoreInst = "Adder">   --->   Core 1 'Adder' <Latency = 0> <II = 1> <Delay = 1.08> <FuncUnit> <Opcode : 'add' 'sub'> <InPorts = 2> <OutPorts = 1>
ST_2 : Operation 56 [1/1] (1.13ns)   --->   "%exitcond28 = icmp_eq  i64 %empty_323, i64 %Out_Tc_Min_cast_cast_cast_cast_cast"   --->   Operation 56 'icmp' 'exitcond28' <Predicate = true> <Delay = 1.13> <CoreInst = "Cmp">   --->   Core 9 'Cmp' <Latency = 0> <II = 1> <Delay = 1.13> <FuncUnit> <Opcode : 'icmp'> <InPorts = 2> <OutPorts = 1>
ST_2 : Operation 57 [1/1] (0.00ns)   --->   "%br_ln0 = br i1 %exitcond28, void %loop-memcpy-expansion108.loop-memcpy-expansion108_crit_edge, void %loop-memcpy-residual-header111.exitStub"   --->   Operation 57 'br' 'br_ln0' <Predicate = true> <Delay = 0.00>
ST_2 : Operation 58 [1/1] (0.42ns)   --->   "%store_ln0 = store i64 %empty_323, i64 %loop_index109"   --->   Operation 58 'store' 'store_ln0' <Predicate = (!exitcond28)> <Delay = 0.42>
ST_2 : Operation 59 [1/1] (0.00ns)   --->   "%br_ln0 = br void %loop-memcpy-expansion108"   --->   Operation 59 'br' 'br_ln0' <Predicate = (!exitcond28)> <Delay = 0.00>

State 3 <SV = 2> <Delay = 2.62>
ST_3 : Operation 60 [1/1] (0.00ns)   --->   "%tmp_s = bitconcatenate i5 @_ssdm_op_BitConcatenate.i5.i1.i4, i1 %empty_297, i4 0"   --->   Operation 60 'bitconcatenate' 'tmp_s' <Predicate = true> <Delay = 0.00>
ST_3 : Operation 61 [1/2] (1.23ns)   --->   "%output_buffer_2_load = load i9 %output_buffer_2_addr"   --->   Operation 61 'load' 'output_buffer_2_load' <Predicate = true> <Delay = 1.23> <CoreInst = "RAM_2P_BRAM">   --->   Core 94 'RAM_2P_BRAM' <Latency = 1> <II = 1> <Delay = 1.23> <Storage> <Opcode : 'load' 'store'> <Ports = 2> <Width = 32> <Depth = 392> <RAM>
ST_3 : Operation 62 [1/1] (0.00ns)   --->   "%empty_299 = zext i5 %tmp_s"   --->   Operation 62 'zext' 'empty_299' <Predicate = true> <Delay = 0.00>
ST_3 : Operation 63 [1/1] (1.38ns)   --->   "%empty_300 = lshr i32 %output_buffer_2_load, i32 %empty_299"   --->   Operation 63 'lshr' 'empty_300' <Predicate = true> <Delay = 1.38> <CoreInst = "Shifter">   --->   Core 75 'Shifter' <Latency = 0> <II = 1> <Delay = 1.38> <FuncUnit> <Opcode : 'shl' 'lshr' 'ashr'> <InPorts = 2> <OutPorts = 1>
ST_3 : Operation 64 [1/1] (0.00ns)   --->   "%empty_301 = trunc i32 %empty_300"   --->   Operation 64 'trunc' 'empty_301' <Predicate = true> <Delay = 0.00>
ST_3 : Operation 65 [1/2] (1.23ns)   --->   "%output_buffer_6_load = load i9 %output_buffer_6_addr"   --->   Operation 65 'load' 'output_buffer_6_load' <Predicate = true> <Delay = 1.23> <CoreInst = "RAM_2P_BRAM">   --->   Core 94 'RAM_2P_BRAM' <Latency = 1> <II = 1> <Delay = 1.23> <Storage> <Opcode : 'load' 'store'> <Ports = 2> <Width = 32> <Depth = 392> <RAM>
ST_3 : Operation 66 [1/1] (0.00ns)   --->   "%empty_302 = zext i5 %tmp_s"   --->   Operation 66 'zext' 'empty_302' <Predicate = true> <Delay = 0.00>
ST_3 : Operation 67 [1/1] (1.38ns)   --->   "%empty_303 = lshr i32 %output_buffer_6_load, i32 %empty_302"   --->   Operation 67 'lshr' 'empty_303' <Predicate = true> <Delay = 1.38> <CoreInst = "Shifter">   --->   Core 75 'Shifter' <Latency = 0> <II = 1> <Delay = 1.38> <FuncUnit> <Opcode : 'shl' 'lshr' 'ashr'> <InPorts = 2> <OutPorts = 1>
ST_3 : Operation 68 [1/1] (0.00ns)   --->   "%empty_304 = trunc i32 %empty_303"   --->   Operation 68 'trunc' 'empty_304' <Predicate = true> <Delay = 0.00>
ST_3 : Operation 69 [1/2] (1.23ns)   --->   "%output_buffer_10_load = load i9 %output_buffer_10_addr"   --->   Operation 69 'load' 'output_buffer_10_load' <Predicate = true> <Delay = 1.23> <CoreInst = "RAM_2P_BRAM">   --->   Core 94 'RAM_2P_BRAM' <Latency = 1> <II = 1> <Delay = 1.23> <Storage> <Opcode : 'load' 'store'> <Ports = 2> <Width = 32> <Depth = 392> <RAM>
ST_3 : Operation 70 [1/1] (0.00ns)   --->   "%empty_305 = zext i5 %tmp_s"   --->   Operation 70 'zext' 'empty_305' <Predicate = true> <Delay = 0.00>
ST_3 : Operation 71 [1/1] (1.38ns)   --->   "%empty_306 = lshr i32 %output_buffer_10_load, i32 %empty_305"   --->   Operation 71 'lshr' 'empty_306' <Predicate = true> <Delay = 1.38> <CoreInst = "Shifter">   --->   Core 75 'Shifter' <Latency = 0> <II = 1> <Delay = 1.38> <FuncUnit> <Opcode : 'shl' 'lshr' 'ashr'> <InPorts = 2> <OutPorts = 1>
ST_3 : Operation 72 [1/1] (0.00ns)   --->   "%empty_307 = trunc i32 %empty_306"   --->   Operation 72 'trunc' 'empty_307' <Predicate = true> <Delay = 0.00>
ST_3 : Operation 73 [1/2] (1.23ns)   --->   "%output_buffer_14_load = load i9 %output_buffer_14_addr"   --->   Operation 73 'load' 'output_buffer_14_load' <Predicate = true> <Delay = 1.23> <CoreInst = "RAM_2P_BRAM">   --->   Core 94 'RAM_2P_BRAM' <Latency = 1> <II = 1> <Delay = 1.23> <Storage> <Opcode : 'load' 'store'> <Ports = 2> <Width = 32> <Depth = 392> <RAM>
ST_3 : Operation 74 [1/1] (0.00ns)   --->   "%empty_308 = zext i5 %tmp_s"   --->   Operation 74 'zext' 'empty_308' <Predicate = true> <Delay = 0.00>
ST_3 : Operation 75 [1/1] (1.38ns)   --->   "%empty_309 = lshr i32 %output_buffer_14_load, i32 %empty_308"   --->   Operation 75 'lshr' 'empty_309' <Predicate = true> <Delay = 1.38> <CoreInst = "Shifter">   --->   Core 75 'Shifter' <Latency = 0> <II = 1> <Delay = 1.38> <FuncUnit> <Opcode : 'shl' 'lshr' 'ashr'> <InPorts = 2> <OutPorts = 1>
ST_3 : Operation 76 [1/1] (0.00ns)   --->   "%empty_310 = trunc i32 %empty_309"   --->   Operation 76 'trunc' 'empty_310' <Predicate = true> <Delay = 0.00>
ST_3 : Operation 77 [1/2] (1.23ns)   --->   "%output_buffer_18_load = load i9 %output_buffer_18_addr"   --->   Operation 77 'load' 'output_buffer_18_load' <Predicate = true> <Delay = 1.23> <CoreInst = "RAM_2P_BRAM">   --->   Core 94 'RAM_2P_BRAM' <Latency = 1> <II = 1> <Delay = 1.23> <Storage> <Opcode : 'load' 'store'> <Ports = 2> <Width = 32> <Depth = 392> <RAM>
ST_3 : Operation 78 [1/1] (0.00ns)   --->   "%empty_311 = zext i5 %tmp_s"   --->   Operation 78 'zext' 'empty_311' <Predicate = true> <Delay = 0.00>
ST_3 : Operation 79 [1/1] (1.38ns)   --->   "%empty_312 = lshr i32 %output_buffer_18_load, i32 %empty_311"   --->   Operation 79 'lshr' 'empty_312' <Predicate = true> <Delay = 1.38> <CoreInst = "Shifter">   --->   Core 75 'Shifter' <Latency = 0> <II = 1> <Delay = 1.38> <FuncUnit> <Opcode : 'shl' 'lshr' 'ashr'> <InPorts = 2> <OutPorts = 1>
ST_3 : Operation 80 [1/1] (0.00ns)   --->   "%empty_313 = trunc i32 %empty_312"   --->   Operation 80 'trunc' 'empty_313' <Predicate = true> <Delay = 0.00>
ST_3 : Operation 81 [1/2] (1.23ns)   --->   "%output_buffer_22_load = load i9 %output_buffer_22_addr"   --->   Operation 81 'load' 'output_buffer_22_load' <Predicate = true> <Delay = 1.23> <CoreInst = "RAM_2P_BRAM">   --->   Core 94 'RAM_2P_BRAM' <Latency = 1> <II = 1> <Delay = 1.23> <Storage> <Opcode : 'load' 'store'> <Ports = 2> <Width = 32> <Depth = 392> <RAM>
ST_3 : Operation 82 [1/1] (0.00ns)   --->   "%empty_314 = zext i5 %tmp_s"   --->   Operation 82 'zext' 'empty_314' <Predicate = true> <Delay = 0.00>
ST_3 : Operation 83 [1/1] (1.38ns)   --->   "%empty_315 = lshr i32 %output_buffer_22_load, i32 %empty_314"   --->   Operation 83 'lshr' 'empty_315' <Predicate = true> <Delay = 1.38> <CoreInst = "Shifter">   --->   Core 75 'Shifter' <Latency = 0> <II = 1> <Delay = 1.38> <FuncUnit> <Opcode : 'shl' 'lshr' 'ashr'> <InPorts = 2> <OutPorts = 1>
ST_3 : Operation 84 [1/1] (0.00ns)   --->   "%empty_316 = trunc i32 %empty_315"   --->   Operation 84 'trunc' 'empty_316' <Predicate = true> <Delay = 0.00>
ST_3 : Operation 85 [1/2] (1.23ns)   --->   "%output_buffer_26_load = load i9 %output_buffer_26_addr"   --->   Operation 85 'load' 'output_buffer_26_load' <Predicate = true> <Delay = 1.23> <CoreInst = "RAM_2P_BRAM">   --->   Core 94 'RAM_2P_BRAM' <Latency = 1> <II = 1> <Delay = 1.23> <Storage> <Opcode : 'load' 'store'> <Ports = 2> <Width = 32> <Depth = 392> <RAM>
ST_3 : Operation 86 [1/1] (0.00ns)   --->   "%empty_317 = zext i5 %tmp_s"   --->   Operation 86 'zext' 'empty_317' <Predicate = true> <Delay = 0.00>
ST_3 : Operation 87 [1/1] (1.38ns)   --->   "%empty_318 = lshr i32 %output_buffer_26_load, i32 %empty_317"   --->   Operation 87 'lshr' 'empty_318' <Predicate = true> <Delay = 1.38> <CoreInst = "Shifter">   --->   Core 75 'Shifter' <Latency = 0> <II = 1> <Delay = 1.38> <FuncUnit> <Opcode : 'shl' 'lshr' 'ashr'> <InPorts = 2> <OutPorts = 1>
ST_3 : Operation 88 [1/1] (0.00ns)   --->   "%empty_319 = trunc i32 %empty_318"   --->   Operation 88 'trunc' 'empty_319' <Predicate = true> <Delay = 0.00>
ST_3 : Operation 89 [1/2] (1.23ns)   --->   "%output_buffer_30_load = load i9 %output_buffer_30_addr"   --->   Operation 89 'load' 'output_buffer_30_load' <Predicate = true> <Delay = 1.23> <CoreInst = "RAM_2P_BRAM">   --->   Core 94 'RAM_2P_BRAM' <Latency = 1> <II = 1> <Delay = 1.23> <Storage> <Opcode : 'load' 'store'> <Ports = 2> <Width = 32> <Depth = 392> <RAM>
ST_3 : Operation 90 [1/1] (0.00ns)   --->   "%empty_320 = zext i5 %tmp_s"   --->   Operation 90 'zext' 'empty_320' <Predicate = true> <Delay = 0.00>
ST_3 : Operation 91 [1/1] (1.38ns)   --->   "%empty_321 = lshr i32 %output_buffer_30_load, i32 %empty_320"   --->   Operation 91 'lshr' 'empty_321' <Predicate = true> <Delay = 1.38> <CoreInst = "Shifter">   --->   Core 75 'Shifter' <Latency = 0> <II = 1> <Delay = 1.38> <FuncUnit> <Opcode : 'shl' 'lshr' 'ashr'> <InPorts = 2> <OutPorts = 1>
ST_3 : Operation 92 [1/1] (0.00ns)   --->   "%empty_322 = trunc i32 %empty_321"   --->   Operation 92 'trunc' 'empty_322' <Predicate = true> <Delay = 0.00>

State 4 <SV = 3> <Delay = 0.98>
ST_4 : Operation 93 [1/1] (0.98ns)   --->   "%tmp_4 = mux i16 @_ssdm_op_Mux.ap_auto.29i16.i34, i16 %empty_301, i16 0, i16 0, i16 0, i16 %empty_304, i16 0, i16 0, i16 0, i16 %empty_307, i16 0, i16 0, i16 0, i16 %empty_310, i16 0, i16 0, i16 0, i16 %empty_313, i16 0, i16 0, i16 0, i16 %empty_316, i16 0, i16 0, i16 0, i16 %empty_319, i16 0, i16 0, i16 0, i16 %empty_322, i34 %shl_ln3_read"   --->   Operation 93 'mux' 'tmp_4' <Predicate = true> <Delay = 0.98> <CoreInst = "Multiplexer">   --->   Core 76 'Multiplexer' <Latency = 0> <II = 1> <Delay = 0.98> <FuncUnit> <Opcode : 'mux'> <InPorts = 2> <OutPorts = 1>

State 5 <SV = 4> <Delay = 3.50>
ST_5 : Operation 94 [1/1] (0.00ns)   --->   "%OUT3_addr = getelementptr i16 %OUT3, i64 %p_cast15_cast_cast"   --->   Operation 94 'getelementptr' 'OUT3_addr' <Predicate = true> <Delay = 0.00>
ST_5 : Operation 95 [1/1] (0.00ns)   --->   "%specpipeline_ln0 = specpipeline void @_ssdm_op_SpecPipeline, i32 4294967295, i32 0, i32 1, i32 0, void @p_str"   --->   Operation 95 'specpipeline' 'specpipeline_ln0' <Predicate = true> <Delay = 0.00>
ST_5 : Operation 96 [1/1] (3.50ns)   --->   "%write_ln0 = write void @_ssdm_op_Write.m_axi.p1i16, i16 %OUT3_addr, i16 %tmp_4, i2 3"   --->   Operation 96 'write' 'write_ln0' <Predicate = true> <Delay = 3.50> <CoreInst = "m_axi">   --->   Core 121 'm_axi' <Latency = 0> <II = 1> <Delay = 1.00> <Adapter> <Opcode : 'read' 'write' 'readreq' 'writereq' 'writeresp'>
ST_5 : Operation 97 [1/1] (0.00ns)   --->   "%speclooptripcount_ln0 = speclooptripcount void @_ssdm_op_SpecLoopTripCount, i64 1, i64 18446744073709551615, i64 0"   --->   Operation 97 'speclooptripcount' 'speclooptripcount_ln0' <Predicate = true> <Delay = 0.00>
ST_5 : Operation 98 [1/1] (0.00ns)   --->   "%ret_ln0 = ret"   --->   Operation 98 'ret' 'ret_ln0' <Predicate = (exitcond28)> <Delay = 0.00>


============================================================
+ Verbose Summary: Timing violations
============================================================
Target clock period: 4.8ns, clock uncertainty: 1.3ns.

 <State 1>: 0.427ns
The critical path consists of the following:
	'alloca' operation ('loop_index109') [14]  (0 ns)
	'store' operation ('store_ln0') of constant 0 on local variable 'loop_index109' [39]  (0.427 ns)

 <State 2>: 2.64ns
The critical path consists of the following:
	'load' operation ('loop_index109_load') on local variable 'loop_index109' [42]  (0 ns)
	'add' operation ('empty_323') [92]  (1.08 ns)
	'icmp' operation ('exitcond28') [93]  (1.13 ns)
	blocking operation 0.427 ns on control path)

 <State 3>: 2.62ns
The critical path consists of the following:
	'load' operation ('output_buffer_2_load') on array 'output_buffer_2' [58]  (1.24 ns)
	'lshr' operation ('empty_300') [60]  (1.39 ns)

 <State 4>: 0.989ns
The critical path consists of the following:
	'mux' operation ('tmp_4') [90]  (0.989 ns)

 <State 5>: 3.5ns
The critical path consists of the following:
	'getelementptr' operation ('OUT3_addr') [43]  (0 ns)
	bus write operation ('write_ln0') on port 'OUT3' [91]  (3.5 ns)


============================================================
+ Verbose Summary: Binding
============================================================
N/A
* FSMD analyzer results:
  - Output states:
 - Input state : 
  - Chain level:
	State 1
	State 2
	State 3
	State 4
	State 5


============================================================
+ Verbose Summary: Datapath Resource usage 
============================================================
N/A
