

================================================================
== Vitis HLS Report for 'Write_Output_F_Pipeline_2'
================================================================
* Date:           Thu May  9 17:19:41 2024

* Version:        2022.1 (Build 3526262 on Mon Apr 18 15:48:16 MDT 2022)
* Project:        Conv_Tile129
* Solution:       solution9 (Vivado IP Flow Target)
* Product family: zynquplus
* Target device:  xck26-sfvc784-2LV-c


================================================================
== Performance Estimates
================================================================
+ Timing: 
    * Summary: 
    +--------+---------+----------+------------+
    |  Clock |  Target | Estimated| Uncertainty|
    +--------+---------+----------+------------+
    |ap_clk  |  4.80 ns|  3.504 ns|     1.30 ns|
    +--------+---------+----------+------------+

+ Latency: 
    * Summary: 
    +---------+---------+-----------+----------+-----+-----+---------+
    |  Latency (cycles) |  Latency (absolute)  |  Interval | Pipeline|
    |   min   |   max   |    min    |    max   | min | max |   Type  |
    +---------+---------+-----------+----------+-----+-----+---------+
    |        6|        ?|  28.800 ns|         ?|    6|    ?|       no|
    +---------+---------+-----------+----------+-----+-----+---------+

    + Detail: 
        * Instance: 
        N/A

        * Loop: 
        +----------+---------+---------+----------+-----------+-----------+-------+----------+
        |          |  Latency (cycles) | Iteration|  Initiation Interval  |  Trip |          |
        | Loop Name|   min   |   max   |  Latency |  achieved |   target  | Count | Pipelined|
        +----------+---------+---------+----------+-----------+-----------+-------+----------+
        |- Loop 1  |        4|        ?|         4|          1|          1|  1 ~ ?|       yes|
        +----------+---------+---------+----------+-----------+-----------+-------+----------+

============================================================
+ Verbose Summary: Synthesis Manager
============================================================
InlineROM: 1
ExposeGlobal: 0
============================================================
+ Verbose Summary: CDFG Model
============================================================
IsTopModel: 0
ResetActiveHigh: 1
IsCombinational: 0
IsDatapathOnly: 0
HasWiredReturn: 1
HasMFsm: 2
HasVarLatency: 1
IsPipeline: 0
IsRtlPipelined: 0
IsInstanceOverlapped: 0
IsDontTouch: 0
HasImplIP: 0
IsGatedGlobalClock: 0

+ Individual pipeline summary: 
  * Pipeline-0: initiation interval (II) = 1, depth = 5


============================================================
+ Verbose Summary: Schedule
============================================================
* Number of FSM states : 5
* Pipeline : 1
  Pipeline-0 : II = 1, D = 5, States = { 1 2 3 4 5 }
* Dataflow Pipeline: 0

* FSM state transitions: 
1 --> 2 
2 --> 3 
3 --> 4 
4 --> 5 
5 --> 

* FSM state operations: 

State 1 <SV = 0> <Delay = 0.42>
ST_1 : Operation 7 [1/1] (0.00ns)   --->   "%loop_index115 = alloca i32 1"   --->   Operation 7 'alloca' 'loop_index115' <Predicate = true> <Delay = 0.00>
ST_1 : Operation 8 [1/1] (0.00ns)   --->   "%specbramwithbyteenable_ln0 = specbramwithbyteenable void @_ssdm_op_SpecBRAMWithByteEnable, i32 %output_buffer_1"   --->   Operation 8 'specbramwithbyteenable' 'specbramwithbyteenable_ln0' <Predicate = true> <Delay = 0.00>
ST_1 : Operation 9 [1/1] (0.00ns)   --->   "%specbramwithbyteenable_ln0 = specbramwithbyteenable void @_ssdm_op_SpecBRAMWithByteEnable, i32 %output_buffer_5"   --->   Operation 9 'specbramwithbyteenable' 'specbramwithbyteenable_ln0' <Predicate = true> <Delay = 0.00>
ST_1 : Operation 10 [1/1] (0.00ns)   --->   "%specbramwithbyteenable_ln0 = specbramwithbyteenable void @_ssdm_op_SpecBRAMWithByteEnable, i32 %output_buffer_9"   --->   Operation 10 'specbramwithbyteenable' 'specbramwithbyteenable_ln0' <Predicate = true> <Delay = 0.00>
ST_1 : Operation 11 [1/1] (0.00ns)   --->   "%specbramwithbyteenable_ln0 = specbramwithbyteenable void @_ssdm_op_SpecBRAMWithByteEnable, i32 %output_buffer_13"   --->   Operation 11 'specbramwithbyteenable' 'specbramwithbyteenable_ln0' <Predicate = true> <Delay = 0.00>
ST_1 : Operation 12 [1/1] (0.00ns)   --->   "%specbramwithbyteenable_ln0 = specbramwithbyteenable void @_ssdm_op_SpecBRAMWithByteEnable, i32 %output_buffer_17"   --->   Operation 12 'specbramwithbyteenable' 'specbramwithbyteenable_ln0' <Predicate = true> <Delay = 0.00>
ST_1 : Operation 13 [1/1] (0.00ns)   --->   "%specbramwithbyteenable_ln0 = specbramwithbyteenable void @_ssdm_op_SpecBRAMWithByteEnable, i32 %output_buffer_21"   --->   Operation 13 'specbramwithbyteenable' 'specbramwithbyteenable_ln0' <Predicate = true> <Delay = 0.00>
ST_1 : Operation 14 [1/1] (0.00ns)   --->   "%specbramwithbyteenable_ln0 = specbramwithbyteenable void @_ssdm_op_SpecBRAMWithByteEnable, i32 %output_buffer_25"   --->   Operation 14 'specbramwithbyteenable' 'specbramwithbyteenable_ln0' <Predicate = true> <Delay = 0.00>
ST_1 : Operation 15 [1/1] (0.00ns)   --->   "%specbramwithbyteenable_ln0 = specbramwithbyteenable void @_ssdm_op_SpecBRAMWithByteEnable, i32 %output_buffer_29"   --->   Operation 15 'specbramwithbyteenable' 'specbramwithbyteenable_ln0' <Predicate = true> <Delay = 0.00>
ST_1 : Operation 16 [1/1] (0.00ns)   --->   "%Out_Tc_Min_cast_cast_cast_read = read i31 @_ssdm_op_Read.ap_auto.i31, i31 %Out_Tc_Min_cast_cast_cast"   --->   Operation 16 'read' 'Out_Tc_Min_cast_cast_cast_read' <Predicate = true> <Delay = 0.00>
ST_1 : Operation 17 [1/1] (0.00ns)   --->   "%shl_ln3_read = read i34 @_ssdm_op_Read.ap_auto.i34, i34 %shl_ln3"   --->   Operation 17 'read' 'shl_ln3_read' <Predicate = true> <Delay = 0.00>
ST_1 : Operation 18 [1/1] (0.00ns)   --->   "%tmp = read i9 @_ssdm_op_Read.ap_auto.i9, i9 %empty"   --->   Operation 18 'read' 'tmp' <Predicate = true> <Delay = 0.00>
ST_1 : Operation 19 [1/1] (0.00ns)   --->   "%p_cast13_cast_read = read i63 @_ssdm_op_Read.ap_auto.i63, i63 %p_cast13_cast"   --->   Operation 19 'read' 'p_cast13_cast_read' <Predicate = true> <Delay = 0.00>
ST_1 : Operation 20 [1/1] (0.00ns)   --->   "%Out_Tc_Min_cast_cast_cast_cast = sext i31 %Out_Tc_Min_cast_cast_cast_read"   --->   Operation 20 'sext' 'Out_Tc_Min_cast_cast_cast_cast' <Predicate = true> <Delay = 0.00>
ST_1 : Operation 21 [1/1] (0.00ns)   --->   "%Out_Tc_Min_cast_cast_cast_cast_cast = zext i63 %Out_Tc_Min_cast_cast_cast_cast"   --->   Operation 21 'zext' 'Out_Tc_Min_cast_cast_cast_cast_cast' <Predicate = true> <Delay = 0.00>
ST_1 : Operation 22 [1/1] (0.00ns)   --->   "%p_cast13_cast_cast = sext i63 %p_cast13_cast_read"   --->   Operation 22 'sext' 'p_cast13_cast_cast' <Predicate = true> <Delay = 0.00>
ST_1 : Operation 23 [1/1] (0.00ns)   --->   "%specmemcore_ln0 = specmemcore void @_ssdm_op_SpecMemCore, i32 %output_buffer_29, i64 666, i64 22, i64 18446744073709551615"   --->   Operation 23 'specmemcore' 'specmemcore_ln0' <Predicate = true> <Delay = 0.00>
ST_1 : Operation 24 [1/1] (0.00ns)   --->   "%specmemcore_ln0 = specmemcore void @_ssdm_op_SpecMemCore, i32 %output_buffer_25, i64 666, i64 22, i64 18446744073709551615"   --->   Operation 24 'specmemcore' 'specmemcore_ln0' <Predicate = true> <Delay = 0.00>
ST_1 : Operation 25 [1/1] (0.00ns)   --->   "%specmemcore_ln0 = specmemcore void @_ssdm_op_SpecMemCore, i32 %output_buffer_21, i64 666, i64 22, i64 18446744073709551615"   --->   Operation 25 'specmemcore' 'specmemcore_ln0' <Predicate = true> <Delay = 0.00>
ST_1 : Operation 26 [1/1] (0.00ns)   --->   "%specmemcore_ln0 = specmemcore void @_ssdm_op_SpecMemCore, i32 %output_buffer_17, i64 666, i64 22, i64 18446744073709551615"   --->   Operation 26 'specmemcore' 'specmemcore_ln0' <Predicate = true> <Delay = 0.00>
ST_1 : Operation 27 [1/1] (0.00ns)   --->   "%specmemcore_ln0 = specmemcore void @_ssdm_op_SpecMemCore, i32 %output_buffer_13, i64 666, i64 22, i64 18446744073709551615"   --->   Operation 27 'specmemcore' 'specmemcore_ln0' <Predicate = true> <Delay = 0.00>
ST_1 : Operation 28 [1/1] (0.00ns)   --->   "%specmemcore_ln0 = specmemcore void @_ssdm_op_SpecMemCore, i32 %output_buffer_9, i64 666, i64 22, i64 18446744073709551615"   --->   Operation 28 'specmemcore' 'specmemcore_ln0' <Predicate = true> <Delay = 0.00>
ST_1 : Operation 29 [1/1] (0.00ns)   --->   "%specmemcore_ln0 = specmemcore void @_ssdm_op_SpecMemCore, i32 %output_buffer_5, i64 666, i64 22, i64 18446744073709551615"   --->   Operation 29 'specmemcore' 'specmemcore_ln0' <Predicate = true> <Delay = 0.00>
ST_1 : Operation 30 [1/1] (0.00ns)   --->   "%specmemcore_ln0 = specmemcore void @_ssdm_op_SpecMemCore, i32 %output_buffer_1, i64 666, i64 22, i64 18446744073709551615"   --->   Operation 30 'specmemcore' 'specmemcore_ln0' <Predicate = true> <Delay = 0.00>
ST_1 : Operation 31 [1/1] (0.00ns)   --->   "%specinterface_ln0 = specinterface void @_ssdm_op_SpecInterface, i16 %OUT2, void @empty_36, i32 0, i32 0, void @empty_39, i32 0, i32 512, void @empty_29, void @empty_37, void @empty_39, i32 16, i32 16, i32 256, i32 256, void @empty_39, void @empty_39, i32 4294967295, i32 0"   --->   Operation 31 'specinterface' 'specinterface_ln0' <Predicate = true> <Delay = 0.00>
ST_1 : Operation 32 [1/1] (0.42ns)   --->   "%store_ln0 = store i64 0, i64 %loop_index115"   --->   Operation 32 'store' 'store_ln0' <Predicate = true> <Delay = 0.42>
ST_1 : Operation 33 [1/1] (0.00ns)   --->   "%br_ln0 = br void %loop-memcpy-expansion114"   --->   Operation 33 'br' 'br_ln0' <Predicate = true> <Delay = 0.00>

State 2 <SV = 1> <Delay = 2.64>
ST_2 : Operation 34 [1/1] (0.00ns)   --->   "%loop_index115_load = load i64 %loop_index115"   --->   Operation 34 'load' 'loop_index115_load' <Predicate = true> <Delay = 0.00>
ST_2 : Operation 35 [1/1] (0.00ns)   --->   "%empty_324 = trunc i64 %loop_index115_load"   --->   Operation 35 'trunc' 'empty_324' <Predicate = true> <Delay = 0.00>
ST_2 : Operation 36 [1/1] (0.00ns)   --->   "%tmp_5 = partselect i9 @_ssdm_op_PartSelect.i9.i64.i32.i32, i64 %loop_index115_load, i32 1, i32 9"   --->   Operation 36 'partselect' 'tmp_5' <Predicate = true> <Delay = 0.00>
ST_2 : Operation 37 [1/1] (0.77ns)   --->   "%empty_325 = add i9 %tmp, i9 %tmp_5"   --->   Operation 37 'add' 'empty_325' <Predicate = true> <Delay = 0.77> <CoreInst = "Adder">   --->   Core 1 'Adder' <Latency = 0> <II = 1> <Delay = 0.77> <FuncUnit> <Opcode : 'add' 'sub'> <InPorts = 2> <OutPorts = 1>
ST_2 : Operation 38 [1/1] (0.00ns)   --->   "%p_cast = zext i9 %empty_325"   --->   Operation 38 'zext' 'p_cast' <Predicate = true> <Delay = 0.00>
ST_2 : Operation 39 [1/1] (0.00ns)   --->   "%output_buffer_1_addr = getelementptr i32 %output_buffer_1, i64 0, i64 %p_cast"   --->   Operation 39 'getelementptr' 'output_buffer_1_addr' <Predicate = true> <Delay = 0.00>
ST_2 : Operation 40 [1/1] (0.00ns)   --->   "%output_buffer_5_addr = getelementptr i32 %output_buffer_5, i64 0, i64 %p_cast"   --->   Operation 40 'getelementptr' 'output_buffer_5_addr' <Predicate = true> <Delay = 0.00>
ST_2 : Operation 41 [1/1] (0.00ns)   --->   "%output_buffer_9_addr = getelementptr i32 %output_buffer_9, i64 0, i64 %p_cast"   --->   Operation 41 'getelementptr' 'output_buffer_9_addr' <Predicate = true> <Delay = 0.00>
ST_2 : Operation 42 [1/1] (0.00ns)   --->   "%output_buffer_13_addr = getelementptr i32 %output_buffer_13, i64 0, i64 %p_cast"   --->   Operation 42 'getelementptr' 'output_buffer_13_addr' <Predicate = true> <Delay = 0.00>
ST_2 : Operation 43 [1/1] (0.00ns)   --->   "%output_buffer_17_addr = getelementptr i32 %output_buffer_17, i64 0, i64 %p_cast"   --->   Operation 43 'getelementptr' 'output_buffer_17_addr' <Predicate = true> <Delay = 0.00>
ST_2 : Operation 44 [1/1] (0.00ns)   --->   "%output_buffer_21_addr = getelementptr i32 %output_buffer_21, i64 0, i64 %p_cast"   --->   Operation 44 'getelementptr' 'output_buffer_21_addr' <Predicate = true> <Delay = 0.00>
ST_2 : Operation 45 [1/1] (0.00ns)   --->   "%output_buffer_25_addr = getelementptr i32 %output_buffer_25, i64 0, i64 %p_cast"   --->   Operation 45 'getelementptr' 'output_buffer_25_addr' <Predicate = true> <Delay = 0.00>
ST_2 : Operation 46 [1/1] (0.00ns)   --->   "%output_buffer_29_addr = getelementptr i32 %output_buffer_29, i64 0, i64 %p_cast"   --->   Operation 46 'getelementptr' 'output_buffer_29_addr' <Predicate = true> <Delay = 0.00>
ST_2 : Operation 47 [2/2] (1.23ns)   --->   "%output_buffer_1_load = load i9 %output_buffer_1_addr"   --->   Operation 47 'load' 'output_buffer_1_load' <Predicate = true> <Delay = 1.23> <CoreInst = "RAM_2P_BRAM">   --->   Core 94 'RAM_2P_BRAM' <Latency = 1> <II = 1> <Delay = 1.23> <Storage> <Opcode : 'load' 'store'> <Ports = 2> <Width = 32> <Depth = 392> <RAM>
ST_2 : Operation 48 [2/2] (1.23ns)   --->   "%output_buffer_5_load = load i9 %output_buffer_5_addr"   --->   Operation 48 'load' 'output_buffer_5_load' <Predicate = true> <Delay = 1.23> <CoreInst = "RAM_2P_BRAM">   --->   Core 94 'RAM_2P_BRAM' <Latency = 1> <II = 1> <Delay = 1.23> <Storage> <Opcode : 'load' 'store'> <Ports = 2> <Width = 32> <Depth = 392> <RAM>
ST_2 : Operation 49 [2/2] (1.23ns)   --->   "%output_buffer_9_load = load i9 %output_buffer_9_addr"   --->   Operation 49 'load' 'output_buffer_9_load' <Predicate = true> <Delay = 1.23> <CoreInst = "RAM_2P_BRAM">   --->   Core 94 'RAM_2P_BRAM' <Latency = 1> <II = 1> <Delay = 1.23> <Storage> <Opcode : 'load' 'store'> <Ports = 2> <Width = 32> <Depth = 392> <RAM>
ST_2 : Operation 50 [2/2] (1.23ns)   --->   "%output_buffer_13_load = load i9 %output_buffer_13_addr"   --->   Operation 50 'load' 'output_buffer_13_load' <Predicate = true> <Delay = 1.23> <CoreInst = "RAM_2P_BRAM">   --->   Core 94 'RAM_2P_BRAM' <Latency = 1> <II = 1> <Delay = 1.23> <Storage> <Opcode : 'load' 'store'> <Ports = 2> <Width = 32> <Depth = 392> <RAM>
ST_2 : Operation 51 [2/2] (1.23ns)   --->   "%output_buffer_17_load = load i9 %output_buffer_17_addr"   --->   Operation 51 'load' 'output_buffer_17_load' <Predicate = true> <Delay = 1.23> <CoreInst = "RAM_2P_BRAM">   --->   Core 94 'RAM_2P_BRAM' <Latency = 1> <II = 1> <Delay = 1.23> <Storage> <Opcode : 'load' 'store'> <Ports = 2> <Width = 32> <Depth = 392> <RAM>
ST_2 : Operation 52 [2/2] (1.23ns)   --->   "%output_buffer_21_load = load i9 %output_buffer_21_addr"   --->   Operation 52 'load' 'output_buffer_21_load' <Predicate = true> <Delay = 1.23> <CoreInst = "RAM_2P_BRAM">   --->   Core 94 'RAM_2P_BRAM' <Latency = 1> <II = 1> <Delay = 1.23> <Storage> <Opcode : 'load' 'store'> <Ports = 2> <Width = 32> <Depth = 392> <RAM>
ST_2 : Operation 53 [2/2] (1.23ns)   --->   "%output_buffer_25_load = load i9 %output_buffer_25_addr"   --->   Operation 53 'load' 'output_buffer_25_load' <Predicate = true> <Delay = 1.23> <CoreInst = "RAM_2P_BRAM">   --->   Core 94 'RAM_2P_BRAM' <Latency = 1> <II = 1> <Delay = 1.23> <Storage> <Opcode : 'load' 'store'> <Ports = 2> <Width = 32> <Depth = 392> <RAM>
ST_2 : Operation 54 [2/2] (1.23ns)   --->   "%output_buffer_29_load = load i9 %output_buffer_29_addr"   --->   Operation 54 'load' 'output_buffer_29_load' <Predicate = true> <Delay = 1.23> <CoreInst = "RAM_2P_BRAM">   --->   Core 94 'RAM_2P_BRAM' <Latency = 1> <II = 1> <Delay = 1.23> <Storage> <Opcode : 'load' 'store'> <Ports = 2> <Width = 32> <Depth = 392> <RAM>
ST_2 : Operation 55 [1/1] (1.08ns)   --->   "%empty_350 = add i64 %loop_index115_load, i64 1"   --->   Operation 55 'add' 'empty_350' <Predicate = true> <Delay = 1.08> <CoreInst = "Adder">   --->   Core 1 'Adder' <Latency = 0> <II = 1> <Delay = 1.08> <FuncUnit> <Opcode : 'add' 'sub'> <InPorts = 2> <OutPorts = 1>
ST_2 : Operation 56 [1/1] (1.13ns)   --->   "%exitcond27 = icmp_eq  i64 %empty_350, i64 %Out_Tc_Min_cast_cast_cast_cast_cast"   --->   Operation 56 'icmp' 'exitcond27' <Predicate = true> <Delay = 1.13> <CoreInst = "Cmp">   --->   Core 9 'Cmp' <Latency = 0> <II = 1> <Delay = 1.13> <FuncUnit> <Opcode : 'icmp'> <InPorts = 2> <OutPorts = 1>
ST_2 : Operation 57 [1/1] (0.00ns)   --->   "%br_ln0 = br i1 %exitcond27, void %loop-memcpy-expansion114.loop-memcpy-expansion114_crit_edge, void %loop-memcpy-residual-header117.exitStub"   --->   Operation 57 'br' 'br_ln0' <Predicate = true> <Delay = 0.00>
ST_2 : Operation 58 [1/1] (0.42ns)   --->   "%store_ln0 = store i64 %empty_350, i64 %loop_index115"   --->   Operation 58 'store' 'store_ln0' <Predicate = (!exitcond27)> <Delay = 0.42>
ST_2 : Operation 59 [1/1] (0.00ns)   --->   "%br_ln0 = br void %loop-memcpy-expansion114"   --->   Operation 59 'br' 'br_ln0' <Predicate = (!exitcond27)> <Delay = 0.00>

State 3 <SV = 2> <Delay = 2.62>
ST_3 : Operation 60 [1/1] (0.00ns)   --->   "%tmp_s = bitconcatenate i5 @_ssdm_op_BitConcatenate.i5.i1.i4, i1 %empty_324, i4 0"   --->   Operation 60 'bitconcatenate' 'tmp_s' <Predicate = true> <Delay = 0.00>
ST_3 : Operation 61 [1/2] (1.23ns)   --->   "%output_buffer_1_load = load i9 %output_buffer_1_addr"   --->   Operation 61 'load' 'output_buffer_1_load' <Predicate = true> <Delay = 1.23> <CoreInst = "RAM_2P_BRAM">   --->   Core 94 'RAM_2P_BRAM' <Latency = 1> <II = 1> <Delay = 1.23> <Storage> <Opcode : 'load' 'store'> <Ports = 2> <Width = 32> <Depth = 392> <RAM>
ST_3 : Operation 62 [1/1] (0.00ns)   --->   "%empty_326 = zext i5 %tmp_s"   --->   Operation 62 'zext' 'empty_326' <Predicate = true> <Delay = 0.00>
ST_3 : Operation 63 [1/1] (1.38ns)   --->   "%empty_327 = lshr i32 %output_buffer_1_load, i32 %empty_326"   --->   Operation 63 'lshr' 'empty_327' <Predicate = true> <Delay = 1.38> <CoreInst = "Shifter">   --->   Core 75 'Shifter' <Latency = 0> <II = 1> <Delay = 1.38> <FuncUnit> <Opcode : 'shl' 'lshr' 'ashr'> <InPorts = 2> <OutPorts = 1>
ST_3 : Operation 64 [1/1] (0.00ns)   --->   "%empty_328 = trunc i32 %empty_327"   --->   Operation 64 'trunc' 'empty_328' <Predicate = true> <Delay = 0.00>
ST_3 : Operation 65 [1/2] (1.23ns)   --->   "%output_buffer_5_load = load i9 %output_buffer_5_addr"   --->   Operation 65 'load' 'output_buffer_5_load' <Predicate = true> <Delay = 1.23> <CoreInst = "RAM_2P_BRAM">   --->   Core 94 'RAM_2P_BRAM' <Latency = 1> <II = 1> <Delay = 1.23> <Storage> <Opcode : 'load' 'store'> <Ports = 2> <Width = 32> <Depth = 392> <RAM>
ST_3 : Operation 66 [1/1] (0.00ns)   --->   "%empty_329 = zext i5 %tmp_s"   --->   Operation 66 'zext' 'empty_329' <Predicate = true> <Delay = 0.00>
ST_3 : Operation 67 [1/1] (1.38ns)   --->   "%empty_330 = lshr i32 %output_buffer_5_load, i32 %empty_329"   --->   Operation 67 'lshr' 'empty_330' <Predicate = true> <Delay = 1.38> <CoreInst = "Shifter">   --->   Core 75 'Shifter' <Latency = 0> <II = 1> <Delay = 1.38> <FuncUnit> <Opcode : 'shl' 'lshr' 'ashr'> <InPorts = 2> <OutPorts = 1>
ST_3 : Operation 68 [1/1] (0.00ns)   --->   "%empty_331 = trunc i32 %empty_330"   --->   Operation 68 'trunc' 'empty_331' <Predicate = true> <Delay = 0.00>
ST_3 : Operation 69 [1/2] (1.23ns)   --->   "%output_buffer_9_load = load i9 %output_buffer_9_addr"   --->   Operation 69 'load' 'output_buffer_9_load' <Predicate = true> <Delay = 1.23> <CoreInst = "RAM_2P_BRAM">   --->   Core 94 'RAM_2P_BRAM' <Latency = 1> <II = 1> <Delay = 1.23> <Storage> <Opcode : 'load' 'store'> <Ports = 2> <Width = 32> <Depth = 392> <RAM>
ST_3 : Operation 70 [1/1] (0.00ns)   --->   "%empty_332 = zext i5 %tmp_s"   --->   Operation 70 'zext' 'empty_332' <Predicate = true> <Delay = 0.00>
ST_3 : Operation 71 [1/1] (1.38ns)   --->   "%empty_333 = lshr i32 %output_buffer_9_load, i32 %empty_332"   --->   Operation 71 'lshr' 'empty_333' <Predicate = true> <Delay = 1.38> <CoreInst = "Shifter">   --->   Core 75 'Shifter' <Latency = 0> <II = 1> <Delay = 1.38> <FuncUnit> <Opcode : 'shl' 'lshr' 'ashr'> <InPorts = 2> <OutPorts = 1>
ST_3 : Operation 72 [1/1] (0.00ns)   --->   "%empty_334 = trunc i32 %empty_333"   --->   Operation 72 'trunc' 'empty_334' <Predicate = true> <Delay = 0.00>
ST_3 : Operation 73 [1/2] (1.23ns)   --->   "%output_buffer_13_load = load i9 %output_buffer_13_addr"   --->   Operation 73 'load' 'output_buffer_13_load' <Predicate = true> <Delay = 1.23> <CoreInst = "RAM_2P_BRAM">   --->   Core 94 'RAM_2P_BRAM' <Latency = 1> <II = 1> <Delay = 1.23> <Storage> <Opcode : 'load' 'store'> <Ports = 2> <Width = 32> <Depth = 392> <RAM>
ST_3 : Operation 74 [1/1] (0.00ns)   --->   "%empty_335 = zext i5 %tmp_s"   --->   Operation 74 'zext' 'empty_335' <Predicate = true> <Delay = 0.00>
ST_3 : Operation 75 [1/1] (1.38ns)   --->   "%empty_336 = lshr i32 %output_buffer_13_load, i32 %empty_335"   --->   Operation 75 'lshr' 'empty_336' <Predicate = true> <Delay = 1.38> <CoreInst = "Shifter">   --->   Core 75 'Shifter' <Latency = 0> <II = 1> <Delay = 1.38> <FuncUnit> <Opcode : 'shl' 'lshr' 'ashr'> <InPorts = 2> <OutPorts = 1>
ST_3 : Operation 76 [1/1] (0.00ns)   --->   "%empty_337 = trunc i32 %empty_336"   --->   Operation 76 'trunc' 'empty_337' <Predicate = true> <Delay = 0.00>
ST_3 : Operation 77 [1/2] (1.23ns)   --->   "%output_buffer_17_load = load i9 %output_buffer_17_addr"   --->   Operation 77 'load' 'output_buffer_17_load' <Predicate = true> <Delay = 1.23> <CoreInst = "RAM_2P_BRAM">   --->   Core 94 'RAM_2P_BRAM' <Latency = 1> <II = 1> <Delay = 1.23> <Storage> <Opcode : 'load' 'store'> <Ports = 2> <Width = 32> <Depth = 392> <RAM>
ST_3 : Operation 78 [1/1] (0.00ns)   --->   "%empty_338 = zext i5 %tmp_s"   --->   Operation 78 'zext' 'empty_338' <Predicate = true> <Delay = 0.00>
ST_3 : Operation 79 [1/1] (1.38ns)   --->   "%empty_339 = lshr i32 %output_buffer_17_load, i32 %empty_338"   --->   Operation 79 'lshr' 'empty_339' <Predicate = true> <Delay = 1.38> <CoreInst = "Shifter">   --->   Core 75 'Shifter' <Latency = 0> <II = 1> <Delay = 1.38> <FuncUnit> <Opcode : 'shl' 'lshr' 'ashr'> <InPorts = 2> <OutPorts = 1>
ST_3 : Operation 80 [1/1] (0.00ns)   --->   "%empty_340 = trunc i32 %empty_339"   --->   Operation 80 'trunc' 'empty_340' <Predicate = true> <Delay = 0.00>
ST_3 : Operation 81 [1/2] (1.23ns)   --->   "%output_buffer_21_load = load i9 %output_buffer_21_addr"   --->   Operation 81 'load' 'output_buffer_21_load' <Predicate = true> <Delay = 1.23> <CoreInst = "RAM_2P_BRAM">   --->   Core 94 'RAM_2P_BRAM' <Latency = 1> <II = 1> <Delay = 1.23> <Storage> <Opcode : 'load' 'store'> <Ports = 2> <Width = 32> <Depth = 392> <RAM>
ST_3 : Operation 82 [1/1] (0.00ns)   --->   "%empty_341 = zext i5 %tmp_s"   --->   Operation 82 'zext' 'empty_341' <Predicate = true> <Delay = 0.00>
ST_3 : Operation 83 [1/1] (1.38ns)   --->   "%empty_342 = lshr i32 %output_buffer_21_load, i32 %empty_341"   --->   Operation 83 'lshr' 'empty_342' <Predicate = true> <Delay = 1.38> <CoreInst = "Shifter">   --->   Core 75 'Shifter' <Latency = 0> <II = 1> <Delay = 1.38> <FuncUnit> <Opcode : 'shl' 'lshr' 'ashr'> <InPorts = 2> <OutPorts = 1>
ST_3 : Operation 84 [1/1] (0.00ns)   --->   "%empty_343 = trunc i32 %empty_342"   --->   Operation 84 'trunc' 'empty_343' <Predicate = true> <Delay = 0.00>
ST_3 : Operation 85 [1/2] (1.23ns)   --->   "%output_buffer_25_load = load i9 %output_buffer_25_addr"   --->   Operation 85 'load' 'output_buffer_25_load' <Predicate = true> <Delay = 1.23> <CoreInst = "RAM_2P_BRAM">   --->   Core 94 'RAM_2P_BRAM' <Latency = 1> <II = 1> <Delay = 1.23> <Storage> <Opcode : 'load' 'store'> <Ports = 2> <Width = 32> <Depth = 392> <RAM>
ST_3 : Operation 86 [1/1] (0.00ns)   --->   "%empty_344 = zext i5 %tmp_s"   --->   Operation 86 'zext' 'empty_344' <Predicate = true> <Delay = 0.00>
ST_3 : Operation 87 [1/1] (1.38ns)   --->   "%empty_345 = lshr i32 %output_buffer_25_load, i32 %empty_344"   --->   Operation 87 'lshr' 'empty_345' <Predicate = true> <Delay = 1.38> <CoreInst = "Shifter">   --->   Core 75 'Shifter' <Latency = 0> <II = 1> <Delay = 1.38> <FuncUnit> <Opcode : 'shl' 'lshr' 'ashr'> <InPorts = 2> <OutPorts = 1>
ST_3 : Operation 88 [1/1] (0.00ns)   --->   "%empty_346 = trunc i32 %empty_345"   --->   Operation 88 'trunc' 'empty_346' <Predicate = true> <Delay = 0.00>
ST_3 : Operation 89 [1/2] (1.23ns)   --->   "%output_buffer_29_load = load i9 %output_buffer_29_addr"   --->   Operation 89 'load' 'output_buffer_29_load' <Predicate = true> <Delay = 1.23> <CoreInst = "RAM_2P_BRAM">   --->   Core 94 'RAM_2P_BRAM' <Latency = 1> <II = 1> <Delay = 1.23> <Storage> <Opcode : 'load' 'store'> <Ports = 2> <Width = 32> <Depth = 392> <RAM>
ST_3 : Operation 90 [1/1] (0.00ns)   --->   "%empty_347 = zext i5 %tmp_s"   --->   Operation 90 'zext' 'empty_347' <Predicate = true> <Delay = 0.00>
ST_3 : Operation 91 [1/1] (1.38ns)   --->   "%empty_348 = lshr i32 %output_buffer_29_load, i32 %empty_347"   --->   Operation 91 'lshr' 'empty_348' <Predicate = true> <Delay = 1.38> <CoreInst = "Shifter">   --->   Core 75 'Shifter' <Latency = 0> <II = 1> <Delay = 1.38> <FuncUnit> <Opcode : 'shl' 'lshr' 'ashr'> <InPorts = 2> <OutPorts = 1>
ST_3 : Operation 92 [1/1] (0.00ns)   --->   "%empty_349 = trunc i32 %empty_348"   --->   Operation 92 'trunc' 'empty_349' <Predicate = true> <Delay = 0.00>

State 4 <SV = 3> <Delay = 0.98>
ST_4 : Operation 93 [1/1] (0.98ns)   --->   "%tmp_6 = mux i16 @_ssdm_op_Mux.ap_auto.29i16.i34, i16 %empty_328, i16 0, i16 0, i16 0, i16 %empty_331, i16 0, i16 0, i16 0, i16 %empty_334, i16 0, i16 0, i16 0, i16 %empty_337, i16 0, i16 0, i16 0, i16 %empty_340, i16 0, i16 0, i16 0, i16 %empty_343, i16 0, i16 0, i16 0, i16 %empty_346, i16 0, i16 0, i16 0, i16 %empty_349, i34 %shl_ln3_read"   --->   Operation 93 'mux' 'tmp_6' <Predicate = true> <Delay = 0.98> <CoreInst = "Multiplexer">   --->   Core 76 'Multiplexer' <Latency = 0> <II = 1> <Delay = 0.98> <FuncUnit> <Opcode : 'mux'> <InPorts = 2> <OutPorts = 1>

State 5 <SV = 4> <Delay = 3.50>
ST_5 : Operation 94 [1/1] (0.00ns)   --->   "%OUT2_addr = getelementptr i16 %OUT2, i64 %p_cast13_cast_cast"   --->   Operation 94 'getelementptr' 'OUT2_addr' <Predicate = true> <Delay = 0.00>
ST_5 : Operation 95 [1/1] (0.00ns)   --->   "%specpipeline_ln0 = specpipeline void @_ssdm_op_SpecPipeline, i32 4294967295, i32 0, i32 1, i32 0, void @p_str"   --->   Operation 95 'specpipeline' 'specpipeline_ln0' <Predicate = true> <Delay = 0.00>
ST_5 : Operation 96 [1/1] (3.50ns)   --->   "%write_ln0 = write void @_ssdm_op_Write.m_axi.p1i16, i16 %OUT2_addr, i16 %tmp_6, i2 3"   --->   Operation 96 'write' 'write_ln0' <Predicate = true> <Delay = 3.50> <CoreInst = "m_axi">   --->   Core 121 'm_axi' <Latency = 0> <II = 1> <Delay = 1.00> <Adapter> <Opcode : 'read' 'write' 'readreq' 'writereq' 'writeresp'>
ST_5 : Operation 97 [1/1] (0.00ns)   --->   "%speclooptripcount_ln0 = speclooptripcount void @_ssdm_op_SpecLoopTripCount, i64 1, i64 18446744073709551615, i64 0"   --->   Operation 97 'speclooptripcount' 'speclooptripcount_ln0' <Predicate = true> <Delay = 0.00>
ST_5 : Operation 98 [1/1] (0.00ns)   --->   "%ret_ln0 = ret"   --->   Operation 98 'ret' 'ret_ln0' <Predicate = (exitcond27)> <Delay = 0.00>


============================================================
+ Verbose Summary: Binding
============================================================
STG Binding: 
---------------- STG Properties BEGIN ----------------
- Is combinational: 0
- Is one-state seq: 0
- Is datapath-only: 0
- Is pipelined: 0
- Is top level: 0
Port [ Return ] is wired: 1; IO mode=ap_ctrl_hs:ce=0
Port [ OUT2]:  wired=1; compound=1; hidden=0; nouse=0; global=0; static=0; extern=0; dir=1; type=4; pingpong=0; private_global=0; IO mode=m_axi:ce=0
Port [ p_cast13_cast]:  wired=1; compound=0; hidden=0; nouse=0; global=0; static=0; extern=0; dir=0; type=0; pingpong=0; private_global=0; IO mode=ap_none:ce=0
Port [ empty]:  wired=1; compound=0; hidden=0; nouse=0; global=0; static=0; extern=0; dir=0; type=0; pingpong=0; private_global=0; IO mode=ap_none:ce=0
Port [ output_buffer_1]:  wired=1; compound=1; hidden=0; nouse=0; global=0; static=0; extern=0; dir=0; type=1; pingpong=0; private_global=0; MemPort=[13]; IO mode=ap_memory:ce=0
Port [ output_buffer_5]:  wired=1; compound=1; hidden=0; nouse=0; global=0; static=0; extern=0; dir=0; type=1; pingpong=0; private_global=0; MemPort=[13]; IO mode=ap_memory:ce=0
Port [ output_buffer_9]:  wired=1; compound=1; hidden=0; nouse=0; global=0; static=0; extern=0; dir=0; type=1; pingpong=0; private_global=0; MemPort=[13]; IO mode=ap_memory:ce=0
Port [ output_buffer_13]:  wired=1; compound=1; hidden=0; nouse=0; global=0; static=0; extern=0; dir=0; type=1; pingpong=0; private_global=0; MemPort=[13]; IO mode=ap_memory:ce=0
Port [ output_buffer_17]:  wired=1; compound=1; hidden=0; nouse=0; global=0; static=0; extern=0; dir=0; type=1; pingpong=0; private_global=0; MemPort=[13]; IO mode=ap_memory:ce=0
Port [ output_buffer_21]:  wired=1; compound=1; hidden=0; nouse=0; global=0; static=0; extern=0; dir=0; type=1; pingpong=0; private_global=0; MemPort=[13]; IO mode=ap_memory:ce=0
Port [ output_buffer_25]:  wired=1; compound=1; hidden=0; nouse=0; global=0; static=0; extern=0; dir=0; type=1; pingpong=0; private_global=0; MemPort=[13]; IO mode=ap_memory:ce=0
Port [ output_buffer_29]:  wired=1; compound=1; hidden=0; nouse=0; global=0; static=0; extern=0; dir=0; type=1; pingpong=0; private_global=0; MemPort=[13]; IO mode=ap_memory:ce=0
Port [ shl_ln3]:  wired=1; compound=0; hidden=0; nouse=0; global=0; static=0; extern=0; dir=0; type=0; pingpong=0; private_global=0; IO mode=ap_none:ce=0
Port [ Out_Tc_Min_cast_cast_cast]:  wired=1; compound=0; hidden=0; nouse=0; global=0; static=0; extern=0; dir=0; type=0; pingpong=0; private_global=0; IO mode=ap_none:ce=0
---------------- STG Properties END ------------------

---------------- Datapath Model BEGIN ----------------

<LifeTime>
<method=bitvector/>
loop_index115                       (alloca                ) [ 011000]
specbramwithbyteenable_ln0          (specbramwithbyteenable) [ 000000]
specbramwithbyteenable_ln0          (specbramwithbyteenable) [ 000000]
specbramwithbyteenable_ln0          (specbramwithbyteenable) [ 000000]
specbramwithbyteenable_ln0          (specbramwithbyteenable) [ 000000]
specbramwithbyteenable_ln0          (specbramwithbyteenable) [ 000000]
specbramwithbyteenable_ln0          (specbramwithbyteenable) [ 000000]
specbramwithbyteenable_ln0          (specbramwithbyteenable) [ 000000]
specbramwithbyteenable_ln0          (specbramwithbyteenable) [ 000000]
Out_Tc_Min_cast_cast_cast_read      (read                  ) [ 000000]
shl_ln3_read                        (read                  ) [ 011110]
tmp                                 (read                  ) [ 011000]
p_cast13_cast_read                  (read                  ) [ 000000]
Out_Tc_Min_cast_cast_cast_cast      (sext                  ) [ 000000]
Out_Tc_Min_cast_cast_cast_cast_cast (zext                  ) [ 011000]
p_cast13_cast_cast                  (sext                  ) [ 011111]
specmemcore_ln0                     (specmemcore           ) [ 000000]
specmemcore_ln0                     (specmemcore           ) [ 000000]
specmemcore_ln0                     (specmemcore           ) [ 000000]
specmemcore_ln0                     (specmemcore           ) [ 000000]
specmemcore_ln0                     (specmemcore           ) [ 000000]
specmemcore_ln0                     (specmemcore           ) [ 000000]
specmemcore_ln0                     (specmemcore           ) [ 000000]
specmemcore_ln0                     (specmemcore           ) [ 000000]
specinterface_ln0                   (specinterface         ) [ 000000]
store_ln0                           (store                 ) [ 000000]
br_ln0                              (br                    ) [ 000000]
loop_index115_load                  (load                  ) [ 000000]
empty_324                           (trunc                 ) [ 010100]
tmp_5                               (partselect            ) [ 000000]
empty_325                           (add                   ) [ 000000]
p_cast                              (zext                  ) [ 000000]
output_buffer_1_addr                (getelementptr         ) [ 010100]
output_buffer_5_addr                (getelementptr         ) [ 010100]
output_buffer_9_addr                (getelementptr         ) [ 010100]
output_buffer_13_addr               (getelementptr         ) [ 010100]
output_buffer_17_addr               (getelementptr         ) [ 010100]
output_buffer_21_addr               (getelementptr         ) [ 010100]
output_buffer_25_addr               (getelementptr         ) [ 010100]
output_buffer_29_addr               (getelementptr         ) [ 010100]
empty_350                           (add                   ) [ 000000]
exitcond27                          (icmp                  ) [ 011111]
br_ln0                              (br                    ) [ 000000]
store_ln0                           (store                 ) [ 000000]
br_ln0                              (br                    ) [ 000000]
tmp_s                               (bitconcatenate        ) [ 000000]
output_buffer_1_load                (load                  ) [ 000000]
empty_326                           (zext                  ) [ 000000]
empty_327                           (lshr                  ) [ 000000]
empty_328                           (trunc                 ) [ 010010]
output_buffer_5_load                (load                  ) [ 000000]
empty_329                           (zext                  ) [ 000000]
empty_330                           (lshr                  ) [ 000000]
empty_331                           (trunc                 ) [ 010010]
output_buffer_9_load                (load                  ) [ 000000]
empty_332                           (zext                  ) [ 000000]
empty_333                           (lshr                  ) [ 000000]
empty_334                           (trunc                 ) [ 010010]
output_buffer_13_load               (load                  ) [ 000000]
empty_335                           (zext                  ) [ 000000]
empty_336                           (lshr                  ) [ 000000]
empty_337                           (trunc                 ) [ 010010]
output_buffer_17_load               (load                  ) [ 000000]
empty_338                           (zext                  ) [ 000000]
empty_339                           (lshr                  ) [ 000000]
empty_340                           (trunc                 ) [ 010010]
output_buffer_21_load               (load                  ) [ 000000]
empty_341                           (zext                  ) [ 000000]
empty_342                           (lshr                  ) [ 000000]
empty_343                           (trunc                 ) [ 010010]
output_buffer_25_load               (load                  ) [ 000000]
empty_344                           (zext                  ) [ 000000]
empty_345                           (lshr                  ) [ 000000]
empty_346                           (trunc                 ) [ 010010]
output_buffer_29_load               (load                  ) [ 000000]
empty_347                           (zext                  ) [ 000000]
empty_348                           (lshr                  ) [ 000000]
empty_349                           (trunc                 ) [ 010010]
tmp_6                               (mux                   ) [ 010001]
OUT2_addr                           (getelementptr         ) [ 000000]
specpipeline_ln0                    (specpipeline          ) [ 000000]
write_ln0                           (write                 ) [ 000000]
speclooptripcount_ln0               (speclooptripcount     ) [ 000000]
ret_ln0                             (ret                   ) [ 000000]
</LifeTime>

<model>

<comp_list>
<comp id="0" class="1000" name="OUT2">
<pin_list>
<pin id="1" dir="1" index="0" bw="1" slack="0"/>
</pin_list>
<bind>
<StgValue><ssdm name="OUT2"/></StgValue>
</bind>
</comp>

<comp id="2" class="1000" name="p_cast13_cast">
<pin_list>
<pin id="3" dir="1" index="0" bw="1" slack="0"/>
</pin_list>
<bind>
<StgValue><ssdm name="p_cast13_cast"/></StgValue>
</bind>
</comp>

<comp id="4" class="1000" name="empty">
<pin_list>
<pin id="5" dir="1" index="0" bw="1" slack="0"/>
</pin_list>
<bind>
<StgValue><ssdm name="empty"/></StgValue>
</bind>
</comp>

<comp id="6" class="1000" name="output_buffer_1">
<pin_list>
<pin id="7" dir="1" index="0" bw="1" slack="0"/>
</pin_list>
<bind>
<StgValue><ssdm name="output_buffer_1"/><MemPortTyVec>1 3 </MemPortTyVec>
</StgValue>
</bind>
</comp>

<comp id="8" class="1000" name="output_buffer_5">
<pin_list>
<pin id="9" dir="1" index="0" bw="1" slack="0"/>
</pin_list>
<bind>
<StgValue><ssdm name="output_buffer_5"/><MemPortTyVec>1 3 </MemPortTyVec>
</StgValue>
</bind>
</comp>

<comp id="10" class="1000" name="output_buffer_9">
<pin_list>
<pin id="11" dir="1" index="0" bw="1" slack="0"/>
</pin_list>
<bind>
<StgValue><ssdm name="output_buffer_9"/><MemPortTyVec>1 3 </MemPortTyVec>
</StgValue>
</bind>
</comp>

<comp id="12" class="1000" name="output_buffer_13">
<pin_list>
<pin id="13" dir="1" index="0" bw="1" slack="0"/>
</pin_list>
<bind>
<StgValue><ssdm name="output_buffer_13"/><MemPortTyVec>1 3 </MemPortTyVec>
</StgValue>
</bind>
</comp>

<comp id="14" class="1000" name="output_buffer_17">
<pin_list>
<pin id="15" dir="1" index="0" bw="1" slack="0"/>
</pin_list>
<bind>
<StgValue><ssdm name="output_buffer_17"/><MemPortTyVec>1 3 </MemPortTyVec>
</StgValue>
</bind>
</comp>

<comp id="16" class="1000" name="output_buffer_21">
<pin_list>
<pin id="17" dir="1" index="0" bw="1" slack="0"/>
</pin_list>
<bind>
<StgValue><ssdm name="output_buffer_21"/><MemPortTyVec>1 3 </MemPortTyVec>
</StgValue>
</bind>
</comp>

<comp id="18" class="1000" name="output_buffer_25">
<pin_list>
<pin id="19" dir="1" index="0" bw="1" slack="0"/>
</pin_list>
<bind>
<StgValue><ssdm name="output_buffer_25"/><MemPortTyVec>1 3 </MemPortTyVec>
</StgValue>
</bind>
</comp>

<comp id="20" class="1000" name="output_buffer_29">
<pin_list>
<pin id="21" dir="1" index="0" bw="1" slack="0"/>
</pin_list>
<bind>
<StgValue><ssdm name="output_buffer_29"/><MemPortTyVec>1 3 </MemPortTyVec>
</StgValue>
</bind>
</comp>

<comp id="22" class="1000" name="shl_ln3">
<pin_list>
<pin id="23" dir="1" index="0" bw="1" slack="0"/>
</pin_list>
<bind>
<StgValue><ssdm name="shl_ln3"/></StgValue>
</bind>
</comp>

<comp id="24" class="1000" name="Out_Tc_Min_cast_cast_cast">
<pin_list>
<pin id="25" dir="1" index="0" bw="1" slack="0"/>
</pin_list>
<bind>
<StgValue><ssdm name="Out_Tc_Min_cast_cast_cast"/></StgValue>
</bind>
</comp>

<comp id="26" class="1001" name="const_26">
<pin_list>
<pin id="27" dir="1" index="0" bw="1" slack="0"/>
</pin_list>
<bind>
<StgValue><ssdm name=""/></StgValue>
</bind>
</comp>

<comp id="28" class="1001" name="const_28">
<pin_list>
<pin id="29" dir="1" index="0" bw="1" slack="2147483647"/>
</pin_list>
<bind>
<StgValue><ssdm name="_ssdm_op_SpecBRAMWithByteEnable"/></StgValue>
</bind>
</comp>

<comp id="30" class="1001" name="const_30">
<pin_list>
<pin id="31" dir="1" index="0" bw="1" slack="0"/>
</pin_list>
<bind>
<StgValue><ssdm name="_ssdm_op_Read.ap_auto.i31"/></StgValue>
</bind>
</comp>

<comp id="32" class="1001" name="const_32">
<pin_list>
<pin id="33" dir="1" index="0" bw="1" slack="0"/>
</pin_list>
<bind>
<StgValue><ssdm name="_ssdm_op_Read.ap_auto.i34"/></StgValue>
</bind>
</comp>

<comp id="34" class="1001" name="const_34">
<pin_list>
<pin id="35" dir="1" index="0" bw="1" slack="0"/>
</pin_list>
<bind>
<StgValue><ssdm name="_ssdm_op_Read.ap_auto.i9"/></StgValue>
</bind>
</comp>

<comp id="36" class="1001" name="const_36">
<pin_list>
<pin id="37" dir="1" index="0" bw="1" slack="0"/>
</pin_list>
<bind>
<StgValue><ssdm name="_ssdm_op_Read.ap_auto.i63"/></StgValue>
</bind>
</comp>

<comp id="38" class="1001" name="const_38">
<pin_list>
<pin id="39" dir="1" index="0" bw="1" slack="2147483647"/>
</pin_list>
<bind>
<StgValue><ssdm name="_ssdm_op_SpecMemCore"/></StgValue>
</bind>
</comp>

<comp id="40" class="1001" name="const_40">
<pin_list>
<pin id="41" dir="1" index="0" bw="1" slack="2147483647"/>
</pin_list>
<bind>
<StgValue><ssdm name=""/></StgValue>
</bind>
</comp>

<comp id="42" class="1001" name="const_42">
<pin_list>
<pin id="43" dir="1" index="0" bw="1" slack="2147483647"/>
</pin_list>
<bind>
<StgValue><ssdm name=""/></StgValue>
</bind>
</comp>

<comp id="44" class="1001" name="const_44">
<pin_list>
<pin id="45" dir="1" index="0" bw="1" slack="2147483647"/>
</pin_list>
<bind>
<StgValue><ssdm name=""/></StgValue>
</bind>
</comp>

<comp id="46" class="1001" name="const_46">
<pin_list>
<pin id="47" dir="1" index="0" bw="1" slack="2147483647"/>
</pin_list>
<bind>
<StgValue><ssdm name="_ssdm_op_SpecInterface"/></StgValue>
</bind>
</comp>

<comp id="48" class="1001" name="const_48">
<pin_list>
<pin id="49" dir="1" index="0" bw="1" slack="2147483647"/>
</pin_list>
<bind>
<StgValue><ssdm name="empty_36"/></StgValue>
</bind>
</comp>

<comp id="50" class="1001" name="const_50">
<pin_list>
<pin id="51" dir="1" index="0" bw="1" slack="2147483647"/>
</pin_list>
<bind>
<StgValue><ssdm name=""/></StgValue>
</bind>
</comp>

<comp id="52" class="1001" name="const_52">
<pin_list>
<pin id="53" dir="1" index="0" bw="1" slack="2147483647"/>
</pin_list>
<bind>
<StgValue><ssdm name="empty_39"/></StgValue>
</bind>
</comp>

<comp id="54" class="1001" name="const_54">
<pin_list>
<pin id="55" dir="1" index="0" bw="1" slack="2147483647"/>
</pin_list>
<bind>
<StgValue><ssdm name=""/></StgValue>
</bind>
</comp>

<comp id="56" class="1001" name="const_56">
<pin_list>
<pin id="57" dir="1" index="0" bw="1" slack="2147483647"/>
</pin_list>
<bind>
<StgValue><ssdm name="empty_29"/></StgValue>
</bind>
</comp>

<comp id="58" class="1001" name="const_58">
<pin_list>
<pin id="59" dir="1" index="0" bw="1" slack="2147483647"/>
</pin_list>
<bind>
<StgValue><ssdm name="empty_37"/></StgValue>
</bind>
</comp>

<comp id="60" class="1001" name="const_60">
<pin_list>
<pin id="61" dir="1" index="0" bw="1" slack="2147483647"/>
</pin_list>
<bind>
<StgValue><ssdm name=""/></StgValue>
</bind>
</comp>

<comp id="62" class="1001" name="const_62">
<pin_list>
<pin id="63" dir="1" index="0" bw="1" slack="2147483647"/>
</pin_list>
<bind>
<StgValue><ssdm name=""/></StgValue>
</bind>
</comp>

<comp id="64" class="1001" name="const_64">
<pin_list>
<pin id="65" dir="1" index="0" bw="1" slack="2147483647"/>
</pin_list>
<bind>
<StgValue><ssdm name=""/></StgValue>
</bind>
</comp>

<comp id="66" class="1001" name="const_66">
<pin_list>
<pin id="67" dir="1" index="0" bw="1" slack="0"/>
</pin_list>
<bind>
<StgValue><ssdm name=""/></StgValue>
</bind>
</comp>

<comp id="68" class="1001" name="const_68">
<pin_list>
<pin id="69" dir="1" index="0" bw="1" slack="0"/>
</pin_list>
<bind>
<StgValue><ssdm name="_ssdm_op_PartSelect.i9.i64.i32.i32"/></StgValue>
</bind>
</comp>

<comp id="70" class="1001" name="const_70">
<pin_list>
<pin id="71" dir="1" index="0" bw="1" slack="0"/>
</pin_list>
<bind>
<StgValue><ssdm name=""/></StgValue>
</bind>
</comp>

<comp id="72" class="1001" name="const_72">
<pin_list>
<pin id="73" dir="1" index="0" bw="1" slack="0"/>
</pin_list>
<bind>
<StgValue><ssdm name=""/></StgValue>
</bind>
</comp>

<comp id="74" class="1001" name="const_74">
<pin_list>
<pin id="75" dir="1" index="0" bw="1" slack="0"/>
</pin_list>
<bind>
<StgValue><ssdm name="_ssdm_op_BitConcatenate.i5.i1.i4"/></StgValue>
</bind>
</comp>

<comp id="76" class="1001" name="const_76">
<pin_list>
<pin id="77" dir="1" index="0" bw="1" slack="0"/>
</pin_list>
<bind>
<StgValue><ssdm name=""/></StgValue>
</bind>
</comp>

<comp id="78" class="1001" name="const_78">
<pin_list>
<pin id="79" dir="1" index="0" bw="1" slack="0"/>
</pin_list>
<bind>
<StgValue><ssdm name="_ssdm_op_Mux.ap_auto.29i16.i34"/></StgValue>
</bind>
</comp>

<comp id="80" class="1001" name="const_80">
<pin_list>
<pin id="81" dir="1" index="0" bw="1" slack="0"/>
</pin_list>
<bind>
<StgValue><ssdm name=""/></StgValue>
</bind>
</comp>

<comp id="82" class="1001" name="const_82">
<pin_list>
<pin id="83" dir="1" index="0" bw="1" slack="2147483647"/>
</pin_list>
<bind>
<StgValue><ssdm name="_ssdm_op_SpecPipeline"/></StgValue>
</bind>
</comp>

<comp id="84" class="1001" name="const_84">
<pin_list>
<pin id="85" dir="1" index="0" bw="1" slack="2147483647"/>
</pin_list>
<bind>
<StgValue><ssdm name="p_str"/></StgValue>
</bind>
</comp>

<comp id="86" class="1001" name="const_86">
<pin_list>
<pin id="87" dir="1" index="0" bw="1" slack="0"/>
</pin_list>
<bind>
<StgValue><ssdm name="_ssdm_op_Write.m_axi.p1i16"/></StgValue>
</bind>
</comp>

<comp id="88" class="1001" name="const_88">
<pin_list>
<pin id="89" dir="1" index="0" bw="1" slack="0"/>
</pin_list>
<bind>
<StgValue><ssdm name=""/></StgValue>
</bind>
</comp>

<comp id="90" class="1001" name="const_90">
<pin_list>
<pin id="91" dir="1" index="0" bw="1" slack="2147483647"/>
</pin_list>
<bind>
<StgValue><ssdm name="_ssdm_op_SpecLoopTripCount"/></StgValue>
</bind>
</comp>

<comp id="92" class="1004" name="loop_index115_fu_92">
<pin_list>
<pin id="93" dir="0" index="0" bw="1" slack="0"/>
<pin id="94" dir="1" index="1" bw="64" slack="0"/>
</pin_list>
<bind>
<opcode="alloca(26) " fcode="alloca"/>
<opset="loop_index115/1 "/>
</bind>
</comp>

<comp id="96" class="1004" name="Out_Tc_Min_cast_cast_cast_read_read_fu_96">
<pin_list>
<pin id="97" dir="0" index="0" bw="31" slack="0"/>
<pin id="98" dir="0" index="1" bw="31" slack="0"/>
<pin id="99" dir="1" index="2" bw="31" slack="0"/>
</pin_list>
<bind>
<opcode="read(1150) " fcode="read"/>
<opset="Out_Tc_Min_cast_cast_cast_read/1 "/>
</bind>
</comp>

<comp id="102" class="1004" name="shl_ln3_read_read_fu_102">
<pin_list>
<pin id="103" dir="0" index="0" bw="34" slack="0"/>
<pin id="104" dir="0" index="1" bw="34" slack="0"/>
<pin id="105" dir="1" index="2" bw="34" slack="3"/>
</pin_list>
<bind>
<opcode="read(1150) " fcode="read"/>
<opset="shl_ln3_read/1 "/>
</bind>
</comp>

<comp id="108" class="1004" name="tmp_read_fu_108">
<pin_list>
<pin id="109" dir="0" index="0" bw="9" slack="0"/>
<pin id="110" dir="0" index="1" bw="9" slack="0"/>
<pin id="111" dir="1" index="2" bw="9" slack="1"/>
</pin_list>
<bind>
<opcode="read(1150) " fcode="read"/>
<opset="tmp/1 "/>
</bind>
</comp>

<comp id="114" class="1004" name="p_cast13_cast_read_read_fu_114">
<pin_list>
<pin id="115" dir="0" index="0" bw="63" slack="0"/>
<pin id="116" dir="0" index="1" bw="63" slack="0"/>
<pin id="117" dir="1" index="2" bw="63" slack="0"/>
</pin_list>
<bind>
<opcode="read(1150) " fcode="read"/>
<opset="p_cast13_cast_read/1 "/>
</bind>
</comp>

<comp id="120" class="1004" name="write_ln0_write_fu_120">
<pin_list>
<pin id="121" dir="0" index="0" bw="0" slack="0"/>
<pin id="122" dir="0" index="1" bw="16" slack="0"/>
<pin id="123" dir="0" index="2" bw="16" slack="1"/>
<pin id="124" dir="0" index="3" bw="1" slack="0"/>
<pin id="125" dir="1" index="4" bw="0" slack="2147483647"/>
</pin_list>
<bind>
<opcode="write(1151) " fcode="write"/>
<opset="write_ln0/5 "/>
</bind>
</comp>

<comp id="128" class="1004" name="output_buffer_1_addr_gep_fu_128">
<pin_list>
<pin id="129" dir="0" index="0" bw="32" slack="0"/>
<pin id="130" dir="0" index="1" bw="1" slack="0"/>
<pin id="131" dir="0" index="2" bw="9" slack="0"/>
<pin id="132" dir="1" index="3" bw="9" slack="0"/>
</pin_list>
<bind>
<opcode="getelementptr(29) " fcode="getelementptr"/>
<opset="output_buffer_1_addr/2 "/>
</bind>
</comp>

<comp id="135" class="1004" name="output_buffer_5_addr_gep_fu_135">
<pin_list>
<pin id="136" dir="0" index="0" bw="32" slack="0"/>
<pin id="137" dir="0" index="1" bw="1" slack="0"/>
<pin id="138" dir="0" index="2" bw="9" slack="0"/>
<pin id="139" dir="1" index="3" bw="9" slack="0"/>
</pin_list>
<bind>
<opcode="getelementptr(29) " fcode="getelementptr"/>
<opset="output_buffer_5_addr/2 "/>
</bind>
</comp>

<comp id="142" class="1004" name="output_buffer_9_addr_gep_fu_142">
<pin_list>
<pin id="143" dir="0" index="0" bw="32" slack="0"/>
<pin id="144" dir="0" index="1" bw="1" slack="0"/>
<pin id="145" dir="0" index="2" bw="9" slack="0"/>
<pin id="146" dir="1" index="3" bw="9" slack="0"/>
</pin_list>
<bind>
<opcode="getelementptr(29) " fcode="getelementptr"/>
<opset="output_buffer_9_addr/2 "/>
</bind>
</comp>

<comp id="149" class="1004" name="output_buffer_13_addr_gep_fu_149">
<pin_list>
<pin id="150" dir="0" index="0" bw="32" slack="0"/>
<pin id="151" dir="0" index="1" bw="1" slack="0"/>
<pin id="152" dir="0" index="2" bw="9" slack="0"/>
<pin id="153" dir="1" index="3" bw="9" slack="0"/>
</pin_list>
<bind>
<opcode="getelementptr(29) " fcode="getelementptr"/>
<opset="output_buffer_13_addr/2 "/>
</bind>
</comp>

<comp id="156" class="1004" name="output_buffer_17_addr_gep_fu_156">
<pin_list>
<pin id="157" dir="0" index="0" bw="32" slack="0"/>
<pin id="158" dir="0" index="1" bw="1" slack="0"/>
<pin id="159" dir="0" index="2" bw="9" slack="0"/>
<pin id="160" dir="1" index="3" bw="9" slack="0"/>
</pin_list>
<bind>
<opcode="getelementptr(29) " fcode="getelementptr"/>
<opset="output_buffer_17_addr/2 "/>
</bind>
</comp>

<comp id="163" class="1004" name="output_buffer_21_addr_gep_fu_163">
<pin_list>
<pin id="164" dir="0" index="0" bw="32" slack="0"/>
<pin id="165" dir="0" index="1" bw="1" slack="0"/>
<pin id="166" dir="0" index="2" bw="9" slack="0"/>
<pin id="167" dir="1" index="3" bw="9" slack="0"/>
</pin_list>
<bind>
<opcode="getelementptr(29) " fcode="getelementptr"/>
<opset="output_buffer_21_addr/2 "/>
</bind>
</comp>

<comp id="170" class="1004" name="output_buffer_25_addr_gep_fu_170">
<pin_list>
<pin id="171" dir="0" index="0" bw="32" slack="0"/>
<pin id="172" dir="0" index="1" bw="1" slack="0"/>
<pin id="173" dir="0" index="2" bw="9" slack="0"/>
<pin id="174" dir="1" index="3" bw="9" slack="0"/>
</pin_list>
<bind>
<opcode="getelementptr(29) " fcode="getelementptr"/>
<opset="output_buffer_25_addr/2 "/>
</bind>
</comp>

<comp id="177" class="1004" name="output_buffer_29_addr_gep_fu_177">
<pin_list>
<pin id="178" dir="0" index="0" bw="32" slack="0"/>
<pin id="179" dir="0" index="1" bw="1" slack="0"/>
<pin id="180" dir="0" index="2" bw="9" slack="0"/>
<pin id="181" dir="1" index="3" bw="9" slack="0"/>
</pin_list>
<bind>
<opcode="getelementptr(29) " fcode="getelementptr"/>
<opset="output_buffer_29_addr/2 "/>
</bind>
</comp>

<comp id="184" class="1004" name="grp_access_fu_184">
<pin_list>
<pin id="185" dir="0" index="0" bw="9" slack="0"/>
<pin id="186" dir="0" index="1" bw="32" slack="2147483647"/>
<pin id="187" dir="0" index="2" bw="0" slack="2147483647"/>
<pin id="188" dir="1" index="3" bw="32" slack="0"/>
</pin_list>
<bind>
<opcode="load(27) " fcode="load"/>
<opset="output_buffer_1_load/2 "/>
</bind>
</comp>

<comp id="190" class="1004" name="grp_access_fu_190">
<pin_list>
<pin id="191" dir="0" index="0" bw="9" slack="0"/>
<pin id="192" dir="0" index="1" bw="32" slack="2147483647"/>
<pin id="193" dir="0" index="2" bw="0" slack="2147483647"/>
<pin id="194" dir="1" index="3" bw="32" slack="0"/>
</pin_list>
<bind>
<opcode="load(27) " fcode="load"/>
<opset="output_buffer_5_load/2 "/>
</bind>
</comp>

<comp id="196" class="1004" name="grp_access_fu_196">
<pin_list>
<pin id="197" dir="0" index="0" bw="9" slack="0"/>
<pin id="198" dir="0" index="1" bw="32" slack="2147483647"/>
<pin id="199" dir="0" index="2" bw="0" slack="2147483647"/>
<pin id="200" dir="1" index="3" bw="32" slack="0"/>
</pin_list>
<bind>
<opcode="load(27) " fcode="load"/>
<opset="output_buffer_9_load/2 "/>
</bind>
</comp>

<comp id="202" class="1004" name="grp_access_fu_202">
<pin_list>
<pin id="203" dir="0" index="0" bw="9" slack="0"/>
<pin id="204" dir="0" index="1" bw="32" slack="2147483647"/>
<pin id="205" dir="0" index="2" bw="0" slack="2147483647"/>
<pin id="206" dir="1" index="3" bw="32" slack="0"/>
</pin_list>
<bind>
<opcode="load(27) " fcode="load"/>
<opset="output_buffer_13_load/2 "/>
</bind>
</comp>

<comp id="208" class="1004" name="grp_access_fu_208">
<pin_list>
<pin id="209" dir="0" index="0" bw="9" slack="0"/>
<pin id="210" dir="0" index="1" bw="32" slack="2147483647"/>
<pin id="211" dir="0" index="2" bw="0" slack="2147483647"/>
<pin id="212" dir="1" index="3" bw="32" slack="0"/>
</pin_list>
<bind>
<opcode="load(27) " fcode="load"/>
<opset="output_buffer_17_load/2 "/>
</bind>
</comp>

<comp id="214" class="1004" name="grp_access_fu_214">
<pin_list>
<pin id="215" dir="0" index="0" bw="9" slack="0"/>
<pin id="216" dir="0" index="1" bw="32" slack="2147483647"/>
<pin id="217" dir="0" index="2" bw="0" slack="2147483647"/>
<pin id="218" dir="1" index="3" bw="32" slack="0"/>
</pin_list>
<bind>
<opcode="load(27) " fcode="load"/>
<opset="output_buffer_21_load/2 "/>
</bind>
</comp>

<comp id="220" class="1004" name="grp_access_fu_220">
<pin_list>
<pin id="221" dir="0" index="0" bw="9" slack="0"/>
<pin id="222" dir="0" index="1" bw="32" slack="2147483647"/>
<pin id="223" dir="0" index="2" bw="0" slack="2147483647"/>
<pin id="224" dir="1" index="3" bw="32" slack="0"/>
</pin_list>
<bind>
<opcode="load(27) " fcode="load"/>
<opset="output_buffer_25_load/2 "/>
</bind>
</comp>

<comp id="226" class="1004" name="grp_access_fu_226">
<pin_list>
<pin id="227" dir="0" index="0" bw="9" slack="0"/>
<pin id="228" dir="0" index="1" bw="32" slack="2147483647"/>
<pin id="229" dir="0" index="2" bw="0" slack="2147483647"/>
<pin id="230" dir="1" index="3" bw="32" slack="0"/>
</pin_list>
<bind>
<opcode="load(27) " fcode="load"/>
<opset="output_buffer_29_load/2 "/>
</bind>
</comp>

<comp id="232" class="1004" name="Out_Tc_Min_cast_cast_cast_cast_fu_232">
<pin_list>
<pin id="233" dir="0" index="0" bw="31" slack="0"/>
<pin id="234" dir="1" index="1" bw="63" slack="0"/>
</pin_list>
<bind>
<opcode="sext(35) " fcode="sext"/>
<opset="Out_Tc_Min_cast_cast_cast_cast/1 "/>
</bind>
</comp>

<comp id="236" class="1004" name="Out_Tc_Min_cast_cast_cast_cast_cast_fu_236">
<pin_list>
<pin id="237" dir="0" index="0" bw="31" slack="0"/>
<pin id="238" dir="1" index="1" bw="64" slack="1"/>
</pin_list>
<bind>
<opcode="zext(34) " fcode="zext"/>
<opset="Out_Tc_Min_cast_cast_cast_cast_cast/1 "/>
</bind>
</comp>

<comp id="240" class="1004" name="p_cast13_cast_cast_fu_240">
<pin_list>
<pin id="241" dir="0" index="0" bw="63" slack="0"/>
<pin id="242" dir="1" index="1" bw="64" slack="4"/>
</pin_list>
<bind>
<opcode="sext(35) " fcode="sext"/>
<opset="p_cast13_cast_cast/1 "/>
</bind>
</comp>

<comp id="244" class="1004" name="store_ln0_store_fu_244">
<pin_list>
<pin id="245" dir="0" index="0" bw="1" slack="0"/>
<pin id="246" dir="0" index="1" bw="64" slack="0"/>
<pin id="247" dir="1" index="2" bw="0" slack="2147483647"/>
</pin_list>
<bind>
<opcode="store(28) " fcode="store"/>
<opset="store_ln0/1 "/>
</bind>
</comp>

<comp id="249" class="1004" name="loop_index115_load_load_fu_249">
<pin_list>
<pin id="250" dir="0" index="0" bw="64" slack="1"/>
<pin id="251" dir="1" index="1" bw="64" slack="0"/>
</pin_list>
<bind>
<opcode="load(27) " fcode="load"/>
<opset="loop_index115_load/2 "/>
</bind>
</comp>

<comp id="252" class="1004" name="empty_324_fu_252">
<pin_list>
<pin id="253" dir="0" index="0" bw="64" slack="0"/>
<pin id="254" dir="1" index="1" bw="1" slack="1"/>
</pin_list>
<bind>
<opcode="trunc(33) " fcode="trunc"/>
<opset="empty_324/2 "/>
</bind>
</comp>

<comp id="256" class="1004" name="tmp_5_fu_256">
<pin_list>
<pin id="257" dir="0" index="0" bw="9" slack="0"/>
<pin id="258" dir="0" index="1" bw="64" slack="0"/>
<pin id="259" dir="0" index="2" bw="1" slack="0"/>
<pin id="260" dir="0" index="3" bw="5" slack="0"/>
<pin id="261" dir="1" index="4" bw="9" slack="0"/>
</pin_list>
<bind>
<opcode="partselect(1002) " fcode="partselect"/>
<opset="tmp_5/2 "/>
</bind>
</comp>

<comp id="266" class="1004" name="empty_325_fu_266">
<pin_list>
<pin id="267" dir="0" index="0" bw="9" slack="1"/>
<pin id="268" dir="0" index="1" bw="9" slack="0"/>
<pin id="269" dir="1" index="2" bw="9" slack="0"/>
</pin_list>
<bind>
<opcode="add(8) " fcode="add"/>
<opset="empty_325/2 "/>
</bind>
</comp>

<comp id="271" class="1004" name="p_cast_fu_271">
<pin_list>
<pin id="272" dir="0" index="0" bw="9" slack="0"/>
<pin id="273" dir="1" index="1" bw="64" slack="0"/>
</pin_list>
<bind>
<opcode="zext(34) " fcode="zext"/>
<opset="p_cast/2 "/>
</bind>
</comp>

<comp id="283" class="1004" name="empty_350_fu_283">
<pin_list>
<pin id="284" dir="0" index="0" bw="64" slack="0"/>
<pin id="285" dir="0" index="1" bw="1" slack="0"/>
<pin id="286" dir="1" index="2" bw="64" slack="0"/>
</pin_list>
<bind>
<opcode="add(8) " fcode="add"/>
<opset="empty_350/2 "/>
</bind>
</comp>

<comp id="289" class="1004" name="exitcond27_fu_289">
<pin_list>
<pin id="290" dir="0" index="0" bw="64" slack="0"/>
<pin id="291" dir="0" index="1" bw="63" slack="1"/>
<pin id="292" dir="1" index="2" bw="1" slack="3"/>
</pin_list>
<bind>
<opcode="icmp(45) " fcode="icmp"/>
<opset="exitcond27/2 "/>
</bind>
</comp>

<comp id="294" class="1004" name="store_ln0_store_fu_294">
<pin_list>
<pin id="295" dir="0" index="0" bw="64" slack="0"/>
<pin id="296" dir="0" index="1" bw="64" slack="1"/>
<pin id="297" dir="1" index="2" bw="0" slack="2147483647"/>
</pin_list>
<bind>
<opcode="store(28) " fcode="store"/>
<opset="store_ln0/2 "/>
</bind>
</comp>

<comp id="299" class="1004" name="tmp_s_fu_299">
<pin_list>
<pin id="300" dir="0" index="0" bw="5" slack="0"/>
<pin id="301" dir="0" index="1" bw="1" slack="1"/>
<pin id="302" dir="0" index="2" bw="1" slack="0"/>
<pin id="303" dir="1" index="3" bw="5" slack="0"/>
</pin_list>
<bind>
<opcode="bitconcatenate(1004) " fcode="bitconcatenate"/>
<opset="tmp_s/3 "/>
</bind>
</comp>

<comp id="306" class="1004" name="empty_326_fu_306">
<pin_list>
<pin id="307" dir="0" index="0" bw="5" slack="0"/>
<pin id="308" dir="1" index="1" bw="32" slack="0"/>
</pin_list>
<bind>
<opcode="zext(34) " fcode="zext"/>
<opset="empty_326/3 "/>
</bind>
</comp>

<comp id="310" class="1004" name="empty_327_fu_310">
<pin_list>
<pin id="311" dir="0" index="0" bw="32" slack="0"/>
<pin id="312" dir="0" index="1" bw="5" slack="0"/>
<pin id="313" dir="1" index="2" bw="32" slack="0"/>
</pin_list>
<bind>
<opcode="lshr(21) " fcode="lshr"/>
<opset="empty_327/3 "/>
</bind>
</comp>

<comp id="316" class="1004" name="empty_328_fu_316">
<pin_list>
<pin id="317" dir="0" index="0" bw="32" slack="0"/>
<pin id="318" dir="1" index="1" bw="16" slack="1"/>
</pin_list>
<bind>
<opcode="trunc(33) " fcode="trunc"/>
<opset="empty_328/3 "/>
</bind>
</comp>

<comp id="320" class="1004" name="empty_329_fu_320">
<pin_list>
<pin id="321" dir="0" index="0" bw="5" slack="0"/>
<pin id="322" dir="1" index="1" bw="32" slack="0"/>
</pin_list>
<bind>
<opcode="zext(34) " fcode="zext"/>
<opset="empty_329/3 "/>
</bind>
</comp>

<comp id="324" class="1004" name="empty_330_fu_324">
<pin_list>
<pin id="325" dir="0" index="0" bw="32" slack="0"/>
<pin id="326" dir="0" index="1" bw="5" slack="0"/>
<pin id="327" dir="1" index="2" bw="32" slack="0"/>
</pin_list>
<bind>
<opcode="lshr(21) " fcode="lshr"/>
<opset="empty_330/3 "/>
</bind>
</comp>

<comp id="330" class="1004" name="empty_331_fu_330">
<pin_list>
<pin id="331" dir="0" index="0" bw="32" slack="0"/>
<pin id="332" dir="1" index="1" bw="16" slack="1"/>
</pin_list>
<bind>
<opcode="trunc(33) " fcode="trunc"/>
<opset="empty_331/3 "/>
</bind>
</comp>

<comp id="334" class="1004" name="empty_332_fu_334">
<pin_list>
<pin id="335" dir="0" index="0" bw="5" slack="0"/>
<pin id="336" dir="1" index="1" bw="32" slack="0"/>
</pin_list>
<bind>
<opcode="zext(34) " fcode="zext"/>
<opset="empty_332/3 "/>
</bind>
</comp>

<comp id="338" class="1004" name="empty_333_fu_338">
<pin_list>
<pin id="339" dir="0" index="0" bw="32" slack="0"/>
<pin id="340" dir="0" index="1" bw="5" slack="0"/>
<pin id="341" dir="1" index="2" bw="32" slack="0"/>
</pin_list>
<bind>
<opcode="lshr(21) " fcode="lshr"/>
<opset="empty_333/3 "/>
</bind>
</comp>

<comp id="344" class="1004" name="empty_334_fu_344">
<pin_list>
<pin id="345" dir="0" index="0" bw="32" slack="0"/>
<pin id="346" dir="1" index="1" bw="16" slack="1"/>
</pin_list>
<bind>
<opcode="trunc(33) " fcode="trunc"/>
<opset="empty_334/3 "/>
</bind>
</comp>

<comp id="348" class="1004" name="empty_335_fu_348">
<pin_list>
<pin id="349" dir="0" index="0" bw="5" slack="0"/>
<pin id="350" dir="1" index="1" bw="32" slack="0"/>
</pin_list>
<bind>
<opcode="zext(34) " fcode="zext"/>
<opset="empty_335/3 "/>
</bind>
</comp>

<comp id="352" class="1004" name="empty_336_fu_352">
<pin_list>
<pin id="353" dir="0" index="0" bw="32" slack="0"/>
<pin id="354" dir="0" index="1" bw="5" slack="0"/>
<pin id="355" dir="1" index="2" bw="32" slack="0"/>
</pin_list>
<bind>
<opcode="lshr(21) " fcode="lshr"/>
<opset="empty_336/3 "/>
</bind>
</comp>

<comp id="358" class="1004" name="empty_337_fu_358">
<pin_list>
<pin id="359" dir="0" index="0" bw="32" slack="0"/>
<pin id="360" dir="1" index="1" bw="16" slack="1"/>
</pin_list>
<bind>
<opcode="trunc(33) " fcode="trunc"/>
<opset="empty_337/3 "/>
</bind>
</comp>

<comp id="362" class="1004" name="empty_338_fu_362">
<pin_list>
<pin id="363" dir="0" index="0" bw="5" slack="0"/>
<pin id="364" dir="1" index="1" bw="32" slack="0"/>
</pin_list>
<bind>
<opcode="zext(34) " fcode="zext"/>
<opset="empty_338/3 "/>
</bind>
</comp>

<comp id="366" class="1004" name="empty_339_fu_366">
<pin_list>
<pin id="367" dir="0" index="0" bw="32" slack="0"/>
<pin id="368" dir="0" index="1" bw="5" slack="0"/>
<pin id="369" dir="1" index="2" bw="32" slack="0"/>
</pin_list>
<bind>
<opcode="lshr(21) " fcode="lshr"/>
<opset="empty_339/3 "/>
</bind>
</comp>

<comp id="372" class="1004" name="empty_340_fu_372">
<pin_list>
<pin id="373" dir="0" index="0" bw="32" slack="0"/>
<pin id="374" dir="1" index="1" bw="16" slack="1"/>
</pin_list>
<bind>
<opcode="trunc(33) " fcode="trunc"/>
<opset="empty_340/3 "/>
</bind>
</comp>

<comp id="376" class="1004" name="empty_341_fu_376">
<pin_list>
<pin id="377" dir="0" index="0" bw="5" slack="0"/>
<pin id="378" dir="1" index="1" bw="32" slack="0"/>
</pin_list>
<bind>
<opcode="zext(34) " fcode="zext"/>
<opset="empty_341/3 "/>
</bind>
</comp>

<comp id="380" class="1004" name="empty_342_fu_380">
<pin_list>
<pin id="381" dir="0" index="0" bw="32" slack="0"/>
<pin id="382" dir="0" index="1" bw="5" slack="0"/>
<pin id="383" dir="1" index="2" bw="32" slack="0"/>
</pin_list>
<bind>
<opcode="lshr(21) " fcode="lshr"/>
<opset="empty_342/3 "/>
</bind>
</comp>

<comp id="386" class="1004" name="empty_343_fu_386">
<pin_list>
<pin id="387" dir="0" index="0" bw="32" slack="0"/>
<pin id="388" dir="1" index="1" bw="16" slack="1"/>
</pin_list>
<bind>
<opcode="trunc(33) " fcode="trunc"/>
<opset="empty_343/3 "/>
</bind>
</comp>

<comp id="390" class="1004" name="empty_344_fu_390">
<pin_list>
<pin id="391" dir="0" index="0" bw="5" slack="0"/>
<pin id="392" dir="1" index="1" bw="32" slack="0"/>
</pin_list>
<bind>
<opcode="zext(34) " fcode="zext"/>
<opset="empty_344/3 "/>
</bind>
</comp>

<comp id="394" class="1004" name="empty_345_fu_394">
<pin_list>
<pin id="395" dir="0" index="0" bw="32" slack="0"/>
<pin id="396" dir="0" index="1" bw="5" slack="0"/>
<pin id="397" dir="1" index="2" bw="32" slack="0"/>
</pin_list>
<bind>
<opcode="lshr(21) " fcode="lshr"/>
<opset="empty_345/3 "/>
</bind>
</comp>

<comp id="400" class="1004" name="empty_346_fu_400">
<pin_list>
<pin id="401" dir="0" index="0" bw="32" slack="0"/>
<pin id="402" dir="1" index="1" bw="16" slack="1"/>
</pin_list>
<bind>
<opcode="trunc(33) " fcode="trunc"/>
<opset="empty_346/3 "/>
</bind>
</comp>

<comp id="404" class="1004" name="empty_347_fu_404">
<pin_list>
<pin id="405" dir="0" index="0" bw="5" slack="0"/>
<pin id="406" dir="1" index="1" bw="32" slack="0"/>
</pin_list>
<bind>
<opcode="zext(34) " fcode="zext"/>
<opset="empty_347/3 "/>
</bind>
</comp>

<comp id="408" class="1004" name="empty_348_fu_408">
<pin_list>
<pin id="409" dir="0" index="0" bw="32" slack="0"/>
<pin id="410" dir="0" index="1" bw="5" slack="0"/>
<pin id="411" dir="1" index="2" bw="32" slack="0"/>
</pin_list>
<bind>
<opcode="lshr(21) " fcode="lshr"/>
<opset="empty_348/3 "/>
</bind>
</comp>

<comp id="414" class="1004" name="empty_349_fu_414">
<pin_list>
<pin id="415" dir="0" index="0" bw="32" slack="0"/>
<pin id="416" dir="1" index="1" bw="16" slack="1"/>
</pin_list>
<bind>
<opcode="trunc(33) " fcode="trunc"/>
<opset="empty_349/3 "/>
</bind>
</comp>

<comp id="418" class="1004" name="tmp_6_fu_418">
<pin_list>
<pin id="419" dir="0" index="0" bw="16" slack="0"/>
<pin id="420" dir="0" index="1" bw="16" slack="1"/>
<pin id="421" dir="0" index="2" bw="1" slack="0"/>
<pin id="422" dir="0" index="3" bw="1" slack="0"/>
<pin id="423" dir="0" index="4" bw="1" slack="0"/>
<pin id="424" dir="0" index="5" bw="16" slack="1"/>
<pin id="425" dir="0" index="6" bw="1" slack="0"/>
<pin id="426" dir="0" index="7" bw="1" slack="0"/>
<pin id="427" dir="0" index="8" bw="1" slack="0"/>
<pin id="428" dir="0" index="9" bw="16" slack="1"/>
<pin id="429" dir="0" index="10" bw="1" slack="0"/>
<pin id="430" dir="0" index="11" bw="1" slack="0"/>
<pin id="431" dir="0" index="12" bw="1" slack="0"/>
<pin id="432" dir="0" index="13" bw="16" slack="1"/>
<pin id="433" dir="0" index="14" bw="1" slack="0"/>
<pin id="434" dir="0" index="15" bw="1" slack="0"/>
<pin id="435" dir="0" index="16" bw="1" slack="0"/>
<pin id="436" dir="0" index="17" bw="16" slack="1"/>
<pin id="437" dir="0" index="18" bw="1" slack="0"/>
<pin id="438" dir="0" index="19" bw="1" slack="0"/>
<pin id="439" dir="0" index="20" bw="1" slack="0"/>
<pin id="440" dir="0" index="21" bw="16" slack="1"/>
<pin id="441" dir="0" index="22" bw="1" slack="0"/>
<pin id="442" dir="0" index="23" bw="1" slack="0"/>
<pin id="443" dir="0" index="24" bw="1" slack="0"/>
<pin id="444" dir="0" index="25" bw="16" slack="1"/>
<pin id="445" dir="0" index="26" bw="1" slack="0"/>
<pin id="446" dir="0" index="27" bw="1" slack="0"/>
<pin id="447" dir="0" index="28" bw="1" slack="0"/>
<pin id="448" dir="0" index="29" bw="16" slack="1"/>
<pin id="449" dir="0" index="30" bw="34" slack="3"/>
<pin id="450" dir="1" index="31" bw="16" slack="1"/>
</pin_list>
<bind>
<opcode="mux(1196) " fcode="mux"/>
<opset="tmp_6/4 "/>
</bind>
</comp>

<comp id="473" class="1004" name="OUT2_addr_fu_473">
<pin_list>
<pin id="474" dir="0" index="0" bw="16" slack="0"/>
<pin id="475" dir="0" index="1" bw="63" slack="4"/>
<pin id="476" dir="1" index="2" bw="16" slack="0"/>
</pin_list>
<bind>
<opcode="getelementptr(29) " fcode="getelementptr"/>
<opset="OUT2_addr/5 "/>
</bind>
</comp>

<comp id="479" class="1005" name="loop_index115_reg_479">
<pin_list>
<pin id="480" dir="0" index="0" bw="64" slack="0"/>
<pin id="481" dir="1" index="1" bw="64" slack="0"/>
</pin_list>
<bind>
<opset="loop_index115 "/>
</bind>
</comp>

<comp id="486" class="1005" name="shl_ln3_read_reg_486">
<pin_list>
<pin id="487" dir="0" index="0" bw="34" slack="3"/>
<pin id="488" dir="1" index="1" bw="34" slack="3"/>
</pin_list>
<bind>
<opset="shl_ln3_read "/>
</bind>
</comp>

<comp id="491" class="1005" name="tmp_reg_491">
<pin_list>
<pin id="492" dir="0" index="0" bw="9" slack="1"/>
<pin id="493" dir="1" index="1" bw="9" slack="1"/>
</pin_list>
<bind>
<opset="tmp "/>
</bind>
</comp>

<comp id="496" class="1005" name="Out_Tc_Min_cast_cast_cast_cast_cast_reg_496">
<pin_list>
<pin id="497" dir="0" index="0" bw="64" slack="1"/>
<pin id="498" dir="1" index="1" bw="64" slack="1"/>
</pin_list>
<bind>
<opset="Out_Tc_Min_cast_cast_cast_cast_cast "/>
</bind>
</comp>

<comp id="501" class="1005" name="p_cast13_cast_cast_reg_501">
<pin_list>
<pin id="502" dir="0" index="0" bw="64" slack="4"/>
<pin id="503" dir="1" index="1" bw="64" slack="4"/>
</pin_list>
<bind>
<opset="p_cast13_cast_cast "/>
</bind>
</comp>

<comp id="506" class="1005" name="empty_324_reg_506">
<pin_list>
<pin id="507" dir="0" index="0" bw="1" slack="1"/>
<pin id="508" dir="1" index="1" bw="1" slack="1"/>
</pin_list>
<bind>
<opset="empty_324 "/>
</bind>
</comp>

<comp id="511" class="1005" name="output_buffer_1_addr_reg_511">
<pin_list>
<pin id="512" dir="0" index="0" bw="9" slack="1"/>
<pin id="513" dir="1" index="1" bw="9" slack="1"/>
</pin_list>
<bind>
<opset="output_buffer_1_addr "/>
</bind>
</comp>

<comp id="516" class="1005" name="output_buffer_5_addr_reg_516">
<pin_list>
<pin id="517" dir="0" index="0" bw="9" slack="1"/>
<pin id="518" dir="1" index="1" bw="9" slack="1"/>
</pin_list>
<bind>
<opset="output_buffer_5_addr "/>
</bind>
</comp>

<comp id="521" class="1005" name="output_buffer_9_addr_reg_521">
<pin_list>
<pin id="522" dir="0" index="0" bw="9" slack="1"/>
<pin id="523" dir="1" index="1" bw="9" slack="1"/>
</pin_list>
<bind>
<opset="output_buffer_9_addr "/>
</bind>
</comp>

<comp id="526" class="1005" name="output_buffer_13_addr_reg_526">
<pin_list>
<pin id="527" dir="0" index="0" bw="9" slack="1"/>
<pin id="528" dir="1" index="1" bw="9" slack="1"/>
</pin_list>
<bind>
<opset="output_buffer_13_addr "/>
</bind>
</comp>

<comp id="531" class="1005" name="output_buffer_17_addr_reg_531">
<pin_list>
<pin id="532" dir="0" index="0" bw="9" slack="1"/>
<pin id="533" dir="1" index="1" bw="9" slack="1"/>
</pin_list>
<bind>
<opset="output_buffer_17_addr "/>
</bind>
</comp>

<comp id="536" class="1005" name="output_buffer_21_addr_reg_536">
<pin_list>
<pin id="537" dir="0" index="0" bw="9" slack="1"/>
<pin id="538" dir="1" index="1" bw="9" slack="1"/>
</pin_list>
<bind>
<opset="output_buffer_21_addr "/>
</bind>
</comp>

<comp id="541" class="1005" name="output_buffer_25_addr_reg_541">
<pin_list>
<pin id="542" dir="0" index="0" bw="9" slack="1"/>
<pin id="543" dir="1" index="1" bw="9" slack="1"/>
</pin_list>
<bind>
<opset="output_buffer_25_addr "/>
</bind>
</comp>

<comp id="546" class="1005" name="output_buffer_29_addr_reg_546">
<pin_list>
<pin id="547" dir="0" index="0" bw="9" slack="1"/>
<pin id="548" dir="1" index="1" bw="9" slack="1"/>
</pin_list>
<bind>
<opset="output_buffer_29_addr "/>
</bind>
</comp>

<comp id="551" class="1005" name="exitcond27_reg_551">
<pin_list>
<pin id="552" dir="0" index="0" bw="1" slack="3"/>
<pin id="553" dir="1" index="1" bw="1" slack="2147483647"/>
</pin_list>
<bind>
<opset="exitcond27 "/>
</bind>
</comp>

<comp id="555" class="1005" name="empty_328_reg_555">
<pin_list>
<pin id="556" dir="0" index="0" bw="16" slack="1"/>
<pin id="557" dir="1" index="1" bw="16" slack="1"/>
</pin_list>
<bind>
<opset="empty_328 "/>
</bind>
</comp>

<comp id="560" class="1005" name="empty_331_reg_560">
<pin_list>
<pin id="561" dir="0" index="0" bw="16" slack="1"/>
<pin id="562" dir="1" index="1" bw="16" slack="1"/>
</pin_list>
<bind>
<opset="empty_331 "/>
</bind>
</comp>

<comp id="565" class="1005" name="empty_334_reg_565">
<pin_list>
<pin id="566" dir="0" index="0" bw="16" slack="1"/>
<pin id="567" dir="1" index="1" bw="16" slack="1"/>
</pin_list>
<bind>
<opset="empty_334 "/>
</bind>
</comp>

<comp id="570" class="1005" name="empty_337_reg_570">
<pin_list>
<pin id="571" dir="0" index="0" bw="16" slack="1"/>
<pin id="572" dir="1" index="1" bw="16" slack="1"/>
</pin_list>
<bind>
<opset="empty_337 "/>
</bind>
</comp>

<comp id="575" class="1005" name="empty_340_reg_575">
<pin_list>
<pin id="576" dir="0" index="0" bw="16" slack="1"/>
<pin id="577" dir="1" index="1" bw="16" slack="1"/>
</pin_list>
<bind>
<opset="empty_340 "/>
</bind>
</comp>

<comp id="580" class="1005" name="empty_343_reg_580">
<pin_list>
<pin id="581" dir="0" index="0" bw="16" slack="1"/>
<pin id="582" dir="1" index="1" bw="16" slack="1"/>
</pin_list>
<bind>
<opset="empty_343 "/>
</bind>
</comp>

<comp id="585" class="1005" name="empty_346_reg_585">
<pin_list>
<pin id="586" dir="0" index="0" bw="16" slack="1"/>
<pin id="587" dir="1" index="1" bw="16" slack="1"/>
</pin_list>
<bind>
<opset="empty_346 "/>
</bind>
</comp>

<comp id="590" class="1005" name="empty_349_reg_590">
<pin_list>
<pin id="591" dir="0" index="0" bw="16" slack="1"/>
<pin id="592" dir="1" index="1" bw="16" slack="1"/>
</pin_list>
<bind>
<opset="empty_349 "/>
</bind>
</comp>

<comp id="595" class="1005" name="tmp_6_reg_595">
<pin_list>
<pin id="596" dir="0" index="0" bw="16" slack="1"/>
<pin id="597" dir="1" index="1" bw="16" slack="1"/>
</pin_list>
<bind>
<opset="tmp_6 "/>
</bind>
</comp>

</comp_list>

<net_list>
<net id="95"><net_src comp="26" pin="0"/><net_sink comp="92" pin=0"/></net>

<net id="100"><net_src comp="30" pin="0"/><net_sink comp="96" pin=0"/></net>

<net id="101"><net_src comp="24" pin="0"/><net_sink comp="96" pin=1"/></net>

<net id="106"><net_src comp="32" pin="0"/><net_sink comp="102" pin=0"/></net>

<net id="107"><net_src comp="22" pin="0"/><net_sink comp="102" pin=1"/></net>

<net id="112"><net_src comp="34" pin="0"/><net_sink comp="108" pin=0"/></net>

<net id="113"><net_src comp="4" pin="0"/><net_sink comp="108" pin=1"/></net>

<net id="118"><net_src comp="36" pin="0"/><net_sink comp="114" pin=0"/></net>

<net id="119"><net_src comp="2" pin="0"/><net_sink comp="114" pin=1"/></net>

<net id="126"><net_src comp="86" pin="0"/><net_sink comp="120" pin=0"/></net>

<net id="127"><net_src comp="88" pin="0"/><net_sink comp="120" pin=3"/></net>

<net id="133"><net_src comp="6" pin="0"/><net_sink comp="128" pin=0"/></net>

<net id="134"><net_src comp="66" pin="0"/><net_sink comp="128" pin=1"/></net>

<net id="140"><net_src comp="8" pin="0"/><net_sink comp="135" pin=0"/></net>

<net id="141"><net_src comp="66" pin="0"/><net_sink comp="135" pin=1"/></net>

<net id="147"><net_src comp="10" pin="0"/><net_sink comp="142" pin=0"/></net>

<net id="148"><net_src comp="66" pin="0"/><net_sink comp="142" pin=1"/></net>

<net id="154"><net_src comp="12" pin="0"/><net_sink comp="149" pin=0"/></net>

<net id="155"><net_src comp="66" pin="0"/><net_sink comp="149" pin=1"/></net>

<net id="161"><net_src comp="14" pin="0"/><net_sink comp="156" pin=0"/></net>

<net id="162"><net_src comp="66" pin="0"/><net_sink comp="156" pin=1"/></net>

<net id="168"><net_src comp="16" pin="0"/><net_sink comp="163" pin=0"/></net>

<net id="169"><net_src comp="66" pin="0"/><net_sink comp="163" pin=1"/></net>

<net id="175"><net_src comp="18" pin="0"/><net_sink comp="170" pin=0"/></net>

<net id="176"><net_src comp="66" pin="0"/><net_sink comp="170" pin=1"/></net>

<net id="182"><net_src comp="20" pin="0"/><net_sink comp="177" pin=0"/></net>

<net id="183"><net_src comp="66" pin="0"/><net_sink comp="177" pin=1"/></net>

<net id="189"><net_src comp="128" pin="3"/><net_sink comp="184" pin=0"/></net>

<net id="195"><net_src comp="135" pin="3"/><net_sink comp="190" pin=0"/></net>

<net id="201"><net_src comp="142" pin="3"/><net_sink comp="196" pin=0"/></net>

<net id="207"><net_src comp="149" pin="3"/><net_sink comp="202" pin=0"/></net>

<net id="213"><net_src comp="156" pin="3"/><net_sink comp="208" pin=0"/></net>

<net id="219"><net_src comp="163" pin="3"/><net_sink comp="214" pin=0"/></net>

<net id="225"><net_src comp="170" pin="3"/><net_sink comp="220" pin=0"/></net>

<net id="231"><net_src comp="177" pin="3"/><net_sink comp="226" pin=0"/></net>

<net id="235"><net_src comp="96" pin="2"/><net_sink comp="232" pin=0"/></net>

<net id="239"><net_src comp="232" pin="1"/><net_sink comp="236" pin=0"/></net>

<net id="243"><net_src comp="114" pin="2"/><net_sink comp="240" pin=0"/></net>

<net id="248"><net_src comp="66" pin="0"/><net_sink comp="244" pin=0"/></net>

<net id="255"><net_src comp="249" pin="1"/><net_sink comp="252" pin=0"/></net>

<net id="262"><net_src comp="68" pin="0"/><net_sink comp="256" pin=0"/></net>

<net id="263"><net_src comp="249" pin="1"/><net_sink comp="256" pin=1"/></net>

<net id="264"><net_src comp="26" pin="0"/><net_sink comp="256" pin=2"/></net>

<net id="265"><net_src comp="70" pin="0"/><net_sink comp="256" pin=3"/></net>

<net id="270"><net_src comp="256" pin="4"/><net_sink comp="266" pin=1"/></net>

<net id="274"><net_src comp="266" pin="2"/><net_sink comp="271" pin=0"/></net>

<net id="275"><net_src comp="271" pin="1"/><net_sink comp="128" pin=2"/></net>

<net id="276"><net_src comp="271" pin="1"/><net_sink comp="135" pin=2"/></net>

<net id="277"><net_src comp="271" pin="1"/><net_sink comp="142" pin=2"/></net>

<net id="278"><net_src comp="271" pin="1"/><net_sink comp="149" pin=2"/></net>

<net id="279"><net_src comp="271" pin="1"/><net_sink comp="156" pin=2"/></net>

<net id="280"><net_src comp="271" pin="1"/><net_sink comp="163" pin=2"/></net>

<net id="281"><net_src comp="271" pin="1"/><net_sink comp="170" pin=2"/></net>

<net id="282"><net_src comp="271" pin="1"/><net_sink comp="177" pin=2"/></net>

<net id="287"><net_src comp="249" pin="1"/><net_sink comp="283" pin=0"/></net>

<net id="288"><net_src comp="72" pin="0"/><net_sink comp="283" pin=1"/></net>

<net id="293"><net_src comp="283" pin="2"/><net_sink comp="289" pin=0"/></net>

<net id="298"><net_src comp="283" pin="2"/><net_sink comp="294" pin=0"/></net>

<net id="304"><net_src comp="74" pin="0"/><net_sink comp="299" pin=0"/></net>

<net id="305"><net_src comp="76" pin="0"/><net_sink comp="299" pin=2"/></net>

<net id="309"><net_src comp="299" pin="3"/><net_sink comp="306" pin=0"/></net>

<net id="314"><net_src comp="184" pin="3"/><net_sink comp="310" pin=0"/></net>

<net id="315"><net_src comp="306" pin="1"/><net_sink comp="310" pin=1"/></net>

<net id="319"><net_src comp="310" pin="2"/><net_sink comp="316" pin=0"/></net>

<net id="323"><net_src comp="299" pin="3"/><net_sink comp="320" pin=0"/></net>

<net id="328"><net_src comp="190" pin="3"/><net_sink comp="324" pin=0"/></net>

<net id="329"><net_src comp="320" pin="1"/><net_sink comp="324" pin=1"/></net>

<net id="333"><net_src comp="324" pin="2"/><net_sink comp="330" pin=0"/></net>

<net id="337"><net_src comp="299" pin="3"/><net_sink comp="334" pin=0"/></net>

<net id="342"><net_src comp="196" pin="3"/><net_sink comp="338" pin=0"/></net>

<net id="343"><net_src comp="334" pin="1"/><net_sink comp="338" pin=1"/></net>

<net id="347"><net_src comp="338" pin="2"/><net_sink comp="344" pin=0"/></net>

<net id="351"><net_src comp="299" pin="3"/><net_sink comp="348" pin=0"/></net>

<net id="356"><net_src comp="202" pin="3"/><net_sink comp="352" pin=0"/></net>

<net id="357"><net_src comp="348" pin="1"/><net_sink comp="352" pin=1"/></net>

<net id="361"><net_src comp="352" pin="2"/><net_sink comp="358" pin=0"/></net>

<net id="365"><net_src comp="299" pin="3"/><net_sink comp="362" pin=0"/></net>

<net id="370"><net_src comp="208" pin="3"/><net_sink comp="366" pin=0"/></net>

<net id="371"><net_src comp="362" pin="1"/><net_sink comp="366" pin=1"/></net>

<net id="375"><net_src comp="366" pin="2"/><net_sink comp="372" pin=0"/></net>

<net id="379"><net_src comp="299" pin="3"/><net_sink comp="376" pin=0"/></net>

<net id="384"><net_src comp="214" pin="3"/><net_sink comp="380" pin=0"/></net>

<net id="385"><net_src comp="376" pin="1"/><net_sink comp="380" pin=1"/></net>

<net id="389"><net_src comp="380" pin="2"/><net_sink comp="386" pin=0"/></net>

<net id="393"><net_src comp="299" pin="3"/><net_sink comp="390" pin=0"/></net>

<net id="398"><net_src comp="220" pin="3"/><net_sink comp="394" pin=0"/></net>

<net id="399"><net_src comp="390" pin="1"/><net_sink comp="394" pin=1"/></net>

<net id="403"><net_src comp="394" pin="2"/><net_sink comp="400" pin=0"/></net>

<net id="407"><net_src comp="299" pin="3"/><net_sink comp="404" pin=0"/></net>

<net id="412"><net_src comp="226" pin="3"/><net_sink comp="408" pin=0"/></net>

<net id="413"><net_src comp="404" pin="1"/><net_sink comp="408" pin=1"/></net>

<net id="417"><net_src comp="408" pin="2"/><net_sink comp="414" pin=0"/></net>

<net id="451"><net_src comp="78" pin="0"/><net_sink comp="418" pin=0"/></net>

<net id="452"><net_src comp="80" pin="0"/><net_sink comp="418" pin=2"/></net>

<net id="453"><net_src comp="80" pin="0"/><net_sink comp="418" pin=3"/></net>

<net id="454"><net_src comp="80" pin="0"/><net_sink comp="418" pin=4"/></net>

<net id="455"><net_src comp="80" pin="0"/><net_sink comp="418" pin=6"/></net>

<net id="456"><net_src comp="80" pin="0"/><net_sink comp="418" pin=7"/></net>

<net id="457"><net_src comp="80" pin="0"/><net_sink comp="418" pin=8"/></net>

<net id="458"><net_src comp="80" pin="0"/><net_sink comp="418" pin=10"/></net>

<net id="459"><net_src comp="80" pin="0"/><net_sink comp="418" pin=11"/></net>

<net id="460"><net_src comp="80" pin="0"/><net_sink comp="418" pin=12"/></net>

<net id="461"><net_src comp="80" pin="0"/><net_sink comp="418" pin=14"/></net>

<net id="462"><net_src comp="80" pin="0"/><net_sink comp="418" pin=15"/></net>

<net id="463"><net_src comp="80" pin="0"/><net_sink comp="418" pin=16"/></net>

<net id="464"><net_src comp="80" pin="0"/><net_sink comp="418" pin=18"/></net>

<net id="465"><net_src comp="80" pin="0"/><net_sink comp="418" pin=19"/></net>

<net id="466"><net_src comp="80" pin="0"/><net_sink comp="418" pin=20"/></net>

<net id="467"><net_src comp="80" pin="0"/><net_sink comp="418" pin=22"/></net>

<net id="468"><net_src comp="80" pin="0"/><net_sink comp="418" pin=23"/></net>

<net id="469"><net_src comp="80" pin="0"/><net_sink comp="418" pin=24"/></net>

<net id="470"><net_src comp="80" pin="0"/><net_sink comp="418" pin=26"/></net>

<net id="471"><net_src comp="80" pin="0"/><net_sink comp="418" pin=27"/></net>

<net id="472"><net_src comp="80" pin="0"/><net_sink comp="418" pin=28"/></net>

<net id="477"><net_src comp="0" pin="0"/><net_sink comp="473" pin=0"/></net>

<net id="478"><net_src comp="473" pin="2"/><net_sink comp="120" pin=1"/></net>

<net id="482"><net_src comp="92" pin="1"/><net_sink comp="479" pin=0"/></net>

<net id="483"><net_src comp="479" pin="1"/><net_sink comp="244" pin=1"/></net>

<net id="484"><net_src comp="479" pin="1"/><net_sink comp="249" pin=0"/></net>

<net id="485"><net_src comp="479" pin="1"/><net_sink comp="294" pin=1"/></net>

<net id="489"><net_src comp="102" pin="2"/><net_sink comp="486" pin=0"/></net>

<net id="490"><net_src comp="486" pin="1"/><net_sink comp="418" pin=30"/></net>

<net id="494"><net_src comp="108" pin="2"/><net_sink comp="491" pin=0"/></net>

<net id="495"><net_src comp="491" pin="1"/><net_sink comp="266" pin=0"/></net>

<net id="499"><net_src comp="236" pin="1"/><net_sink comp="496" pin=0"/></net>

<net id="500"><net_src comp="496" pin="1"/><net_sink comp="289" pin=1"/></net>

<net id="504"><net_src comp="240" pin="1"/><net_sink comp="501" pin=0"/></net>

<net id="505"><net_src comp="501" pin="1"/><net_sink comp="473" pin=1"/></net>

<net id="509"><net_src comp="252" pin="1"/><net_sink comp="506" pin=0"/></net>

<net id="510"><net_src comp="506" pin="1"/><net_sink comp="299" pin=1"/></net>

<net id="514"><net_src comp="128" pin="3"/><net_sink comp="511" pin=0"/></net>

<net id="515"><net_src comp="511" pin="1"/><net_sink comp="184" pin=0"/></net>

<net id="519"><net_src comp="135" pin="3"/><net_sink comp="516" pin=0"/></net>

<net id="520"><net_src comp="516" pin="1"/><net_sink comp="190" pin=0"/></net>

<net id="524"><net_src comp="142" pin="3"/><net_sink comp="521" pin=0"/></net>

<net id="525"><net_src comp="521" pin="1"/><net_sink comp="196" pin=0"/></net>

<net id="529"><net_src comp="149" pin="3"/><net_sink comp="526" pin=0"/></net>

<net id="530"><net_src comp="526" pin="1"/><net_sink comp="202" pin=0"/></net>

<net id="534"><net_src comp="156" pin="3"/><net_sink comp="531" pin=0"/></net>

<net id="535"><net_src comp="531" pin="1"/><net_sink comp="208" pin=0"/></net>

<net id="539"><net_src comp="163" pin="3"/><net_sink comp="536" pin=0"/></net>

<net id="540"><net_src comp="536" pin="1"/><net_sink comp="214" pin=0"/></net>

<net id="544"><net_src comp="170" pin="3"/><net_sink comp="541" pin=0"/></net>

<net id="545"><net_src comp="541" pin="1"/><net_sink comp="220" pin=0"/></net>

<net id="549"><net_src comp="177" pin="3"/><net_sink comp="546" pin=0"/></net>

<net id="550"><net_src comp="546" pin="1"/><net_sink comp="226" pin=0"/></net>

<net id="554"><net_src comp="289" pin="2"/><net_sink comp="551" pin=0"/></net>

<net id="558"><net_src comp="316" pin="1"/><net_sink comp="555" pin=0"/></net>

<net id="559"><net_src comp="555" pin="1"/><net_sink comp="418" pin=1"/></net>

<net id="563"><net_src comp="330" pin="1"/><net_sink comp="560" pin=0"/></net>

<net id="564"><net_src comp="560" pin="1"/><net_sink comp="418" pin=5"/></net>

<net id="568"><net_src comp="344" pin="1"/><net_sink comp="565" pin=0"/></net>

<net id="569"><net_src comp="565" pin="1"/><net_sink comp="418" pin=9"/></net>

<net id="573"><net_src comp="358" pin="1"/><net_sink comp="570" pin=0"/></net>

<net id="574"><net_src comp="570" pin="1"/><net_sink comp="418" pin=13"/></net>

<net id="578"><net_src comp="372" pin="1"/><net_sink comp="575" pin=0"/></net>

<net id="579"><net_src comp="575" pin="1"/><net_sink comp="418" pin=17"/></net>

<net id="583"><net_src comp="386" pin="1"/><net_sink comp="580" pin=0"/></net>

<net id="584"><net_src comp="580" pin="1"/><net_sink comp="418" pin=21"/></net>

<net id="588"><net_src comp="400" pin="1"/><net_sink comp="585" pin=0"/></net>

<net id="589"><net_src comp="585" pin="1"/><net_sink comp="418" pin=25"/></net>

<net id="593"><net_src comp="414" pin="1"/><net_sink comp="590" pin=0"/></net>

<net id="594"><net_src comp="590" pin="1"/><net_sink comp="418" pin=29"/></net>

<net id="598"><net_src comp="418" pin="31"/><net_sink comp="595" pin=0"/></net>

<net id="599"><net_src comp="595" pin="1"/><net_sink comp="120" pin=2"/></net>

</net_list>

</model> 
---------------- Datapath Model END ------------------

* FSMD analyzer results:
  - Output states:
	Port: OUT2 | {5 }
 - Input state : 
	Port: Write_Output_F_Pipeline_2 : p_cast13_cast | {1 }
	Port: Write_Output_F_Pipeline_2 : empty | {1 }
	Port: Write_Output_F_Pipeline_2 : output_buffer_1 | {2 3 }
	Port: Write_Output_F_Pipeline_2 : output_buffer_5 | {2 3 }
	Port: Write_Output_F_Pipeline_2 : output_buffer_9 | {2 3 }
	Port: Write_Output_F_Pipeline_2 : output_buffer_13 | {2 3 }
	Port: Write_Output_F_Pipeline_2 : output_buffer_17 | {2 3 }
	Port: Write_Output_F_Pipeline_2 : output_buffer_21 | {2 3 }
	Port: Write_Output_F_Pipeline_2 : output_buffer_25 | {2 3 }
	Port: Write_Output_F_Pipeline_2 : output_buffer_29 | {2 3 }
	Port: Write_Output_F_Pipeline_2 : shl_ln3 | {1 }
	Port: Write_Output_F_Pipeline_2 : Out_Tc_Min_cast_cast_cast | {1 }
  - Chain level:
	State 1
		Out_Tc_Min_cast_cast_cast_cast_cast : 1
		store_ln0 : 1
	State 2
		empty_324 : 1
		tmp_5 : 1
		empty_325 : 2
		p_cast : 3
		output_buffer_1_addr : 4
		output_buffer_5_addr : 4
		output_buffer_9_addr : 4
		output_buffer_13_addr : 4
		output_buffer_17_addr : 4
		output_buffer_21_addr : 4
		output_buffer_25_addr : 4
		output_buffer_29_addr : 4
		output_buffer_1_load : 5
		output_buffer_5_load : 5
		output_buffer_9_load : 5
		output_buffer_13_load : 5
		output_buffer_17_load : 5
		output_buffer_21_load : 5
		output_buffer_25_load : 5
		output_buffer_29_load : 5
		empty_350 : 1
		exitcond27 : 2
		br_ln0 : 3
		store_ln0 : 2
	State 3
		empty_326 : 1
		empty_327 : 2
		empty_328 : 3
		empty_329 : 1
		empty_330 : 2
		empty_331 : 3
		empty_332 : 1
		empty_333 : 2
		empty_334 : 3
		empty_335 : 1
		empty_336 : 2
		empty_337 : 3
		empty_338 : 1
		empty_339 : 2
		empty_340 : 3
		empty_341 : 1
		empty_342 : 2
		empty_343 : 3
		empty_344 : 1
		empty_345 : 2
		empty_346 : 3
		empty_347 : 1
		empty_348 : 2
		empty_349 : 3
	State 4
	State 5
		write_ln0 : 1


============================================================
+ Verbose Summary: Datapath Resource usage 
============================================================

* Functional unit list:
|----------|--------------------------------------------|---------|---------|
| Operation|               Functional Unit              |    FF   |   LUT   |
|----------|--------------------------------------------|---------|---------|
|          |              empty_327_fu_310              |    0    |    96   |
|          |              empty_330_fu_324              |    0    |    96   |
|          |              empty_333_fu_338              |    0    |    96   |
|   lshr   |              empty_336_fu_352              |    0    |    96   |
|          |              empty_339_fu_366              |    0    |    96   |
|          |              empty_342_fu_380              |    0    |    96   |
|          |              empty_345_fu_394              |    0    |    96   |
|          |              empty_348_fu_408              |    0    |    96   |
|----------|--------------------------------------------|---------|---------|
|    mux   |                tmp_6_fu_418                |    0    |   145   |
|----------|--------------------------------------------|---------|---------|
|    add   |              empty_325_fu_266              |    0    |    16   |
|          |              empty_350_fu_283              |    0    |    71   |
|----------|--------------------------------------------|---------|---------|
|   icmp   |              exitcond27_fu_289             |    0    |    29   |
|----------|--------------------------------------------|---------|---------|
|          |  Out_Tc_Min_cast_cast_cast_read_read_fu_96 |    0    |    0    |
|   read   |          shl_ln3_read_read_fu_102          |    0    |    0    |
|          |               tmp_read_fu_108              |    0    |    0    |
|          |       p_cast13_cast_read_read_fu_114       |    0    |    0    |
|----------|--------------------------------------------|---------|---------|
|   write  |           write_ln0_write_fu_120           |    0    |    0    |
|----------|--------------------------------------------|---------|---------|
|   sext   |    Out_Tc_Min_cast_cast_cast_cast_fu_232   |    0    |    0    |
|          |          p_cast13_cast_cast_fu_240         |    0    |    0    |
|----------|--------------------------------------------|---------|---------|
|          | Out_Tc_Min_cast_cast_cast_cast_cast_fu_236 |    0    |    0    |
|          |                p_cast_fu_271               |    0    |    0    |
|          |              empty_326_fu_306              |    0    |    0    |
|          |              empty_329_fu_320              |    0    |    0    |
|   zext   |              empty_332_fu_334              |    0    |    0    |
|          |              empty_335_fu_348              |    0    |    0    |
|          |              empty_338_fu_362              |    0    |    0    |
|          |              empty_341_fu_376              |    0    |    0    |
|          |              empty_344_fu_390              |    0    |    0    |
|          |              empty_347_fu_404              |    0    |    0    |
|----------|--------------------------------------------|---------|---------|
|          |              empty_324_fu_252              |    0    |    0    |
|          |              empty_328_fu_316              |    0    |    0    |
|          |              empty_331_fu_330              |    0    |    0    |
|          |              empty_334_fu_344              |    0    |    0    |
|   trunc  |              empty_337_fu_358              |    0    |    0    |
|          |              empty_340_fu_372              |    0    |    0    |
|          |              empty_343_fu_386              |    0    |    0    |
|          |              empty_346_fu_400              |    0    |    0    |
|          |              empty_349_fu_414              |    0    |    0    |
|----------|--------------------------------------------|---------|---------|
|partselect|                tmp_5_fu_256                |    0    |    0    |
|----------|--------------------------------------------|---------|---------|
|bitconcatenate|                tmp_s_fu_299                |    0    |    0    |
|----------|--------------------------------------------|---------|---------|
|   Total  |                                            |    0    |   1029  |
|----------|--------------------------------------------|---------|---------|

Memories:
N/A

* Register list:
+-------------------------------------------+--------+
|                                           |   FF   |
+-------------------------------------------+--------+
|Out_Tc_Min_cast_cast_cast_cast_cast_reg_496|   64   |
|             empty_324_reg_506             |    1   |
|             empty_328_reg_555             |   16   |
|             empty_331_reg_560             |   16   |
|             empty_334_reg_565             |   16   |
|             empty_337_reg_570             |   16   |
|             empty_340_reg_575             |   16   |
|             empty_343_reg_580             |   16   |
|             empty_346_reg_585             |   16   |
|             empty_349_reg_590             |   16   |
|             exitcond27_reg_551            |    1   |
|           loop_index115_reg_479           |   64   |
|       output_buffer_13_addr_reg_526       |    9   |
|       output_buffer_17_addr_reg_531       |    9   |
|        output_buffer_1_addr_reg_511       |    9   |
|       output_buffer_21_addr_reg_536       |    9   |
|       output_buffer_25_addr_reg_541       |    9   |
|       output_buffer_29_addr_reg_546       |    9   |
|        output_buffer_5_addr_reg_516       |    9   |
|        output_buffer_9_addr_reg_521       |    9   |
|         p_cast13_cast_cast_reg_501        |   64   |
|            shl_ln3_read_reg_486           |   34   |
|               tmp_6_reg_595               |   16   |
|                tmp_reg_491                |    9   |
+-------------------------------------------+--------+
|                   Total                   |   453  |
+-------------------------------------------+--------+

* Multiplexer (MUX) list: 
|-------------------|------|------|------|--------||---------||---------|
|        Comp       |  Pin | Size |  BW  | S x BW ||  Delay  ||   LUT   |
|-------------------|------|------|------|--------||---------||---------|
| grp_access_fu_184 |  p0  |   2  |   9  |   18   ||    9    |
| grp_access_fu_190 |  p0  |   2  |   9  |   18   ||    9    |
| grp_access_fu_196 |  p0  |   2  |   9  |   18   ||    9    |
| grp_access_fu_202 |  p0  |   2  |   9  |   18   ||    9    |
| grp_access_fu_208 |  p0  |   2  |   9  |   18   ||    9    |
| grp_access_fu_214 |  p0  |   2  |   9  |   18   ||    9    |
| grp_access_fu_220 |  p0  |   2  |   9  |   18   ||    9    |
| grp_access_fu_226 |  p0  |   2  |   9  |   18   ||    9    |
|-------------------|------|------|------|--------||---------||---------|
|       Total       |      |      |      |   144  ||  3.416  ||    72   |
|-------------------|------|------|------|--------||---------||---------|



* Summary:
+-----------+--------+--------+--------+
|           |  Delay |   FF   |   LUT  |
+-----------+--------+--------+--------+
|  Function |    -   |    0   |  1029  |
|   Memory  |    -   |    -   |    -   |
|Multiplexer|    3   |    -   |   72   |
|  Register |    -   |   453  |    -   |
+-----------+--------+--------+--------+
|   Total   |    3   |   453  |  1101  |
+-----------+--------+--------+--------+
