

================================================================
== Vitis HLS Report for 'Write_Output_F_Pipeline_6'
================================================================
* Date:           Thu May  9 17:19:44 2024

* Version:        2022.1 (Build 3526262 on Mon Apr 18 15:48:16 MDT 2022)
* Project:        Conv_Tile129
* Solution:       solution9 (Vivado IP Flow Target)
* Product family: zynquplus
* Target device:  xck26-sfvc784-2LV-c


================================================================
== Performance Estimates
================================================================
+ Timing: 
    * Summary: 
    +--------+---------+----------+------------+
    |  Clock |  Target | Estimated| Uncertainty|
    +--------+---------+----------+------------+
    |ap_clk  |  4.80 ns|  2.642 ns|     1.30 ns|
    +--------+---------+----------+------------+

+ Latency: 
    * Summary: 
    +---------+---------+----------+----------+-----+-----+---------+
    |  Latency (cycles) |  Latency (absolute) |  Interval | Pipeline|
    |   min   |   max   |    min   |    max   | min | max |   Type  |
    +---------+---------+----------+----------+-----+-----+---------+
    |        ?|        ?|         ?|         ?|    ?|    ?|       no|
    +---------+---------+----------+----------+-----+-----+---------+

    + Detail: 
        * Instance: 
        N/A

        * Loop: 
        +----------+---------+---------+----------+-----------+-----------+------+----------+
        |          |  Latency (cycles) | Iteration|  Initiation Interval  | Trip |          |
        | Loop Name|   min   |   max   |  Latency |  achieved |   target  | Count| Pipelined|
        +----------+---------+---------+----------+-----------+-----------+------+----------+
        |- Loop 1  |        ?|        ?|         1|          1|          1|     ?|       yes|
        +----------+---------+---------+----------+-----------+-----------+------+----------+

============================================================
+ Verbose Summary: Synthesis Manager
============================================================
InlineROM: 1
ExposeGlobal: 0
============================================================
+ Verbose Summary: CDFG Model
============================================================
IsTopModel: 0
ResetActiveHigh: 1
IsCombinational: 0
IsDatapathOnly: 0
HasWiredReturn: 1
HasMFsm: 2
HasVarLatency: 1
IsPipeline: 0
IsRtlPipelined: 0
IsInstanceOverlapped: 0
IsDontTouch: 0
HasImplIP: 0
IsGatedGlobalClock: 0

+ Individual pipeline summary: 
  * Pipeline-0: initiation interval (II) = 1, depth = 2


============================================================
+ Verbose Summary: Schedule
============================================================
* Number of FSM states : 2
* Pipeline : 1
  Pipeline-0 : II = 1, D = 2, States = { 1 2 }
* Dataflow Pipeline: 0

* FSM state transitions: 
1 --> 2 
2 --> 

* FSM state operations: 

State 1 <SV = 0> <Delay = 0.42>
ST_1 : Operation 4 [1/1] (0.00ns)   --->   "%empty_244 = alloca i32 1"   --->   Operation 4 'alloca' 'empty_244' <Predicate = true> <Delay = 0.00>
ST_1 : Operation 5 [1/1] (0.00ns)   --->   "%Out_Tc_Min_cast_cast_cast_read = read i31 @_ssdm_op_Read.ap_auto.i31, i31 %Out_Tc_Min_cast_cast_cast"   --->   Operation 5 'read' 'Out_Tc_Min_cast_cast_cast_read' <Predicate = true> <Delay = 0.00>
ST_1 : Operation 6 [1/1] (0.00ns)   --->   "%tmp = read i3 @_ssdm_op_Read.ap_auto.i3, i3 %empty"   --->   Operation 6 'read' 'tmp' <Predicate = true> <Delay = 0.00>
ST_1 : Operation 7 [1/1] (0.00ns)   --->   "%tmp_3 = read i9 @_ssdm_op_Read.ap_auto.i9, i9 %empty_83"   --->   Operation 7 'read' 'tmp_3' <Predicate = true> <Delay = 0.00>
ST_1 : Operation 8 [1/1] (0.00ns)   --->   "%Out_Tc_Min_cast_cast_cast_cast = sext i31 %Out_Tc_Min_cast_cast_cast_read"   --->   Operation 8 'sext' 'Out_Tc_Min_cast_cast_cast_cast' <Predicate = true> <Delay = 0.00>
ST_1 : Operation 9 [1/1] (0.00ns)   --->   "%Out_Tc_Min_cast_cast_cast_cast_cast = zext i63 %Out_Tc_Min_cast_cast_cast_cast"   --->   Operation 9 'zext' 'Out_Tc_Min_cast_cast_cast_cast_cast' <Predicate = true> <Delay = 0.00>
ST_1 : Operation 10 [1/1] (0.00ns)   --->   "%specmemcore_ln0 = specmemcore void @_ssdm_op_SpecMemCore, i32 %output_buffer_29, i64 666, i64 22, i64 18446744073709551615"   --->   Operation 10 'specmemcore' 'specmemcore_ln0' <Predicate = true> <Delay = 0.00>
ST_1 : Operation 11 [1/1] (0.00ns)   --->   "%specmemcore_ln0 = specmemcore void @_ssdm_op_SpecMemCore, i32 %output_buffer_25, i64 666, i64 22, i64 18446744073709551615"   --->   Operation 11 'specmemcore' 'specmemcore_ln0' <Predicate = true> <Delay = 0.00>
ST_1 : Operation 12 [1/1] (0.00ns)   --->   "%specmemcore_ln0 = specmemcore void @_ssdm_op_SpecMemCore, i32 %output_buffer_21, i64 666, i64 22, i64 18446744073709551615"   --->   Operation 12 'specmemcore' 'specmemcore_ln0' <Predicate = true> <Delay = 0.00>
ST_1 : Operation 13 [1/1] (0.00ns)   --->   "%specmemcore_ln0 = specmemcore void @_ssdm_op_SpecMemCore, i32 %output_buffer_17, i64 666, i64 22, i64 18446744073709551615"   --->   Operation 13 'specmemcore' 'specmemcore_ln0' <Predicate = true> <Delay = 0.00>
ST_1 : Operation 14 [1/1] (0.00ns)   --->   "%specmemcore_ln0 = specmemcore void @_ssdm_op_SpecMemCore, i32 %output_buffer_13, i64 666, i64 22, i64 18446744073709551615"   --->   Operation 14 'specmemcore' 'specmemcore_ln0' <Predicate = true> <Delay = 0.00>
ST_1 : Operation 15 [1/1] (0.00ns)   --->   "%specmemcore_ln0 = specmemcore void @_ssdm_op_SpecMemCore, i32 %output_buffer_9, i64 666, i64 22, i64 18446744073709551615"   --->   Operation 15 'specmemcore' 'specmemcore_ln0' <Predicate = true> <Delay = 0.00>
ST_1 : Operation 16 [1/1] (0.00ns)   --->   "%specmemcore_ln0 = specmemcore void @_ssdm_op_SpecMemCore, i32 %output_buffer_5, i64 666, i64 22, i64 18446744073709551615"   --->   Operation 16 'specmemcore' 'specmemcore_ln0' <Predicate = true> <Delay = 0.00>
ST_1 : Operation 17 [1/1] (0.00ns)   --->   "%specmemcore_ln0 = specmemcore void @_ssdm_op_SpecMemCore, i32 %output_buffer_1, i64 666, i64 22, i64 18446744073709551615"   --->   Operation 17 'specmemcore' 'specmemcore_ln0' <Predicate = true> <Delay = 0.00>
ST_1 : Operation 18 [1/1] (0.42ns)   --->   "%store_ln0 = store i64 0, i64 %empty_244"   --->   Operation 18 'store' 'store_ln0' <Predicate = true> <Delay = 0.42>
ST_1 : Operation 19 [1/1] (0.00ns)   --->   "%br_ln0 = br void %memset.loop128"   --->   Operation 19 'br' 'br_ln0' <Predicate = true> <Delay = 0.00>

State 2 <SV = 1> <Delay = 2.64>
ST_2 : Operation 20 [1/1] (0.00ns)   --->   "%p_load = load i64 %empty_244"   --->   Operation 20 'load' 'p_load' <Predicate = true> <Delay = 0.00>
ST_2 : Operation 21 [1/1] (0.00ns)   --->   "%specpipeline_ln0 = specpipeline void @_ssdm_op_SpecPipeline, i32 4294967295, i32 0, i32 1, i32 0, void @p_str"   --->   Operation 21 'specpipeline' 'specpipeline_ln0' <Predicate = true> <Delay = 0.00>
ST_2 : Operation 22 [1/1] (0.00ns)   --->   "%empty_245 = trunc i64 %p_load"   --->   Operation 22 'trunc' 'empty_245' <Predicate = true> <Delay = 0.00>
ST_2 : Operation 23 [1/1] (0.00ns)   --->   "%tmp_s = partselect i9 @_ssdm_op_PartSelect.i9.i64.i32.i32, i64 %p_load, i32 1, i32 9"   --->   Operation 23 'partselect' 'tmp_s' <Predicate = true> <Delay = 0.00>
ST_2 : Operation 24 [1/1] (0.77ns)   --->   "%empty_246 = add i9 %tmp_3, i9 %tmp_s"   --->   Operation 24 'add' 'empty_246' <Predicate = true> <Delay = 0.77> <CoreInst = "Adder">   --->   Core 1 'Adder' <Latency = 0> <II = 1> <Delay = 0.77> <FuncUnit> <Opcode : 'add' 'sub'> <InPorts = 2> <OutPorts = 1>
ST_2 : Operation 25 [1/1] (0.00ns)   --->   "%p_cast = zext i9 %empty_246"   --->   Operation 25 'zext' 'p_cast' <Predicate = true> <Delay = 0.00>
ST_2 : Operation 26 [1/1] (0.00ns)   --->   "%output_buffer_1_addr = getelementptr i32 %output_buffer_1, i64 0, i64 %p_cast"   --->   Operation 26 'getelementptr' 'output_buffer_1_addr' <Predicate = true> <Delay = 0.00>
ST_2 : Operation 27 [1/1] (0.00ns)   --->   "%output_buffer_5_addr = getelementptr i32 %output_buffer_5, i64 0, i64 %p_cast"   --->   Operation 27 'getelementptr' 'output_buffer_5_addr' <Predicate = true> <Delay = 0.00>
ST_2 : Operation 28 [1/1] (0.00ns)   --->   "%output_buffer_9_addr = getelementptr i32 %output_buffer_9, i64 0, i64 %p_cast"   --->   Operation 28 'getelementptr' 'output_buffer_9_addr' <Predicate = true> <Delay = 0.00>
ST_2 : Operation 29 [1/1] (0.00ns)   --->   "%output_buffer_13_addr = getelementptr i32 %output_buffer_13, i64 0, i64 %p_cast"   --->   Operation 29 'getelementptr' 'output_buffer_13_addr' <Predicate = true> <Delay = 0.00>
ST_2 : Operation 30 [1/1] (0.00ns)   --->   "%output_buffer_17_addr = getelementptr i32 %output_buffer_17, i64 0, i64 %p_cast"   --->   Operation 30 'getelementptr' 'output_buffer_17_addr' <Predicate = true> <Delay = 0.00>
ST_2 : Operation 31 [1/1] (0.00ns)   --->   "%output_buffer_21_addr = getelementptr i32 %output_buffer_21, i64 0, i64 %p_cast"   --->   Operation 31 'getelementptr' 'output_buffer_21_addr' <Predicate = true> <Delay = 0.00>
ST_2 : Operation 32 [1/1] (0.00ns)   --->   "%output_buffer_25_addr = getelementptr i32 %output_buffer_25, i64 0, i64 %p_cast"   --->   Operation 32 'getelementptr' 'output_buffer_25_addr' <Predicate = true> <Delay = 0.00>
ST_2 : Operation 33 [1/1] (0.00ns)   --->   "%output_buffer_29_addr = getelementptr i32 %output_buffer_29, i64 0, i64 %p_cast"   --->   Operation 33 'getelementptr' 'output_buffer_29_addr' <Predicate = true> <Delay = 0.00>
ST_2 : Operation 34 [1/1] (1.08ns)   --->   "%empty_247 = add i64 %p_load, i64 1"   --->   Operation 34 'add' 'empty_247' <Predicate = true> <Delay = 1.08> <CoreInst = "Adder">   --->   Core 1 'Adder' <Latency = 0> <II = 1> <Delay = 1.08> <FuncUnit> <Opcode : 'add' 'sub'> <InPorts = 2> <OutPorts = 1>
ST_2 : Operation 35 [1/1] (0.44ns)   --->   "%switch_ln0 = switch i3 %tmp, void %.0.0.014223.case.29, i3 4, void %.0.0.014223.case.1, i3 5, void %.0.0.014223.case.5, i3 6, void %.0.0.014223.case.9, i3 7, void %.0.0.014223.case.13, i3 0, void %.0.0.014223.case.17, i3 1, void %.0.0.014223.case.21, i3 2, void %.0.0.014223.case.25"   --->   Operation 35 'switch' 'switch_ln0' <Predicate = true> <Delay = 0.44>
ST_2 : Operation 36 [1/1] (0.00ns)   --->   "%specbramwithbyteenable_ln0 = specbramwithbyteenable void @_ssdm_op_SpecBRAMWithByteEnable, i32 %output_buffer_25"   --->   Operation 36 'specbramwithbyteenable' 'specbramwithbyteenable_ln0' <Predicate = (tmp == 2)> <Delay = 0.00>
ST_2 : Operation 37 [1/1] (0.00ns)   --->   "%udiv691_cast_cast = bitconcatenate i2 @_ssdm_op_BitConcatenate.i2.i1.i1, i1 %empty_245, i1 0"   --->   Operation 37 'bitconcatenate' 'udiv691_cast_cast' <Predicate = (tmp == 2)> <Delay = 0.00>
ST_2 : Operation 38 [1/1] (0.00ns)   --->   "%empty_255 = zext i2 %udiv691_cast_cast"   --->   Operation 38 'zext' 'empty_255' <Predicate = (tmp == 2)> <Delay = 0.00>
ST_2 : Operation 39 [1/1] (0.56ns)   --->   "%mask692 = shl i4 3, i4 %empty_255"   --->   Operation 39 'shl' 'mask692' <Predicate = (tmp == 2)> <Delay = 0.56> <CoreInst = "Shifter">   --->   Core 75 'Shifter' <Latency = 0> <II = 1> <Delay = 0.56> <FuncUnit> <Opcode : 'shl' 'lshr' 'ashr'> <InPorts = 2> <OutPorts = 1>
ST_2 : Operation 40 [1/1] (1.23ns)   --->   "%store_ln0 = store void @_ssdm_op_Write.bram.i32, i9 %output_buffer_25_addr, i32 0, i4 %mask692"   --->   Operation 40 'store' 'store_ln0' <Predicate = (tmp == 2)> <Delay = 1.23> <CoreInst = "RAM_2P_BRAM">   --->   Core 94 'RAM_2P_BRAM' <Latency = 1> <II = 1> <Delay = 1.23> <Storage> <Opcode : 'load' 'store'> <Ports = 2> <Width = 32> <Depth = 392> <RAM>
ST_2 : Operation 41 [1/1] (0.00ns)   --->   "%br_ln0 = br void %.0.0.014223.exit"   --->   Operation 41 'br' 'br_ln0' <Predicate = (tmp == 2)> <Delay = 0.00>
ST_2 : Operation 42 [1/1] (0.00ns)   --->   "%specbramwithbyteenable_ln0 = specbramwithbyteenable void @_ssdm_op_SpecBRAMWithByteEnable, i32 %output_buffer_21"   --->   Operation 42 'specbramwithbyteenable' 'specbramwithbyteenable_ln0' <Predicate = (tmp == 1)> <Delay = 0.00>
ST_2 : Operation 43 [1/1] (0.00ns)   --->   "%udiv689_cast_cast = bitconcatenate i2 @_ssdm_op_BitConcatenate.i2.i1.i1, i1 %empty_245, i1 0"   --->   Operation 43 'bitconcatenate' 'udiv689_cast_cast' <Predicate = (tmp == 1)> <Delay = 0.00>
ST_2 : Operation 44 [1/1] (0.00ns)   --->   "%empty_254 = zext i2 %udiv689_cast_cast"   --->   Operation 44 'zext' 'empty_254' <Predicate = (tmp == 1)> <Delay = 0.00>
ST_2 : Operation 45 [1/1] (0.56ns)   --->   "%mask690 = shl i4 3, i4 %empty_254"   --->   Operation 45 'shl' 'mask690' <Predicate = (tmp == 1)> <Delay = 0.56> <CoreInst = "Shifter">   --->   Core 75 'Shifter' <Latency = 0> <II = 1> <Delay = 0.56> <FuncUnit> <Opcode : 'shl' 'lshr' 'ashr'> <InPorts = 2> <OutPorts = 1>
ST_2 : Operation 46 [1/1] (1.23ns)   --->   "%store_ln0 = store void @_ssdm_op_Write.bram.i32, i9 %output_buffer_21_addr, i32 0, i4 %mask690"   --->   Operation 46 'store' 'store_ln0' <Predicate = (tmp == 1)> <Delay = 1.23> <CoreInst = "RAM_2P_BRAM">   --->   Core 94 'RAM_2P_BRAM' <Latency = 1> <II = 1> <Delay = 1.23> <Storage> <Opcode : 'load' 'store'> <Ports = 2> <Width = 32> <Depth = 392> <RAM>
ST_2 : Operation 47 [1/1] (0.00ns)   --->   "%br_ln0 = br void %.0.0.014223.exit"   --->   Operation 47 'br' 'br_ln0' <Predicate = (tmp == 1)> <Delay = 0.00>
ST_2 : Operation 48 [1/1] (0.00ns)   --->   "%specbramwithbyteenable_ln0 = specbramwithbyteenable void @_ssdm_op_SpecBRAMWithByteEnable, i32 %output_buffer_17"   --->   Operation 48 'specbramwithbyteenable' 'specbramwithbyteenable_ln0' <Predicate = (tmp == 0)> <Delay = 0.00>
ST_2 : Operation 49 [1/1] (0.00ns)   --->   "%udiv687_cast_cast = bitconcatenate i2 @_ssdm_op_BitConcatenate.i2.i1.i1, i1 %empty_245, i1 0"   --->   Operation 49 'bitconcatenate' 'udiv687_cast_cast' <Predicate = (tmp == 0)> <Delay = 0.00>
ST_2 : Operation 50 [1/1] (0.00ns)   --->   "%empty_253 = zext i2 %udiv687_cast_cast"   --->   Operation 50 'zext' 'empty_253' <Predicate = (tmp == 0)> <Delay = 0.00>
ST_2 : Operation 51 [1/1] (0.56ns)   --->   "%mask688 = shl i4 3, i4 %empty_253"   --->   Operation 51 'shl' 'mask688' <Predicate = (tmp == 0)> <Delay = 0.56> <CoreInst = "Shifter">   --->   Core 75 'Shifter' <Latency = 0> <II = 1> <Delay = 0.56> <FuncUnit> <Opcode : 'shl' 'lshr' 'ashr'> <InPorts = 2> <OutPorts = 1>
ST_2 : Operation 52 [1/1] (1.23ns)   --->   "%store_ln0 = store void @_ssdm_op_Write.bram.i32, i9 %output_buffer_17_addr, i32 0, i4 %mask688"   --->   Operation 52 'store' 'store_ln0' <Predicate = (tmp == 0)> <Delay = 1.23> <CoreInst = "RAM_2P_BRAM">   --->   Core 94 'RAM_2P_BRAM' <Latency = 1> <II = 1> <Delay = 1.23> <Storage> <Opcode : 'load' 'store'> <Ports = 2> <Width = 32> <Depth = 392> <RAM>
ST_2 : Operation 53 [1/1] (0.00ns)   --->   "%br_ln0 = br void %.0.0.014223.exit"   --->   Operation 53 'br' 'br_ln0' <Predicate = (tmp == 0)> <Delay = 0.00>
ST_2 : Operation 54 [1/1] (0.00ns)   --->   "%specbramwithbyteenable_ln0 = specbramwithbyteenable void @_ssdm_op_SpecBRAMWithByteEnable, i32 %output_buffer_13"   --->   Operation 54 'specbramwithbyteenable' 'specbramwithbyteenable_ln0' <Predicate = (tmp == 7)> <Delay = 0.00>
ST_2 : Operation 55 [1/1] (0.00ns)   --->   "%udiv685_cast_cast = bitconcatenate i2 @_ssdm_op_BitConcatenate.i2.i1.i1, i1 %empty_245, i1 0"   --->   Operation 55 'bitconcatenate' 'udiv685_cast_cast' <Predicate = (tmp == 7)> <Delay = 0.00>
ST_2 : Operation 56 [1/1] (0.00ns)   --->   "%empty_252 = zext i2 %udiv685_cast_cast"   --->   Operation 56 'zext' 'empty_252' <Predicate = (tmp == 7)> <Delay = 0.00>
ST_2 : Operation 57 [1/1] (0.56ns)   --->   "%mask686 = shl i4 3, i4 %empty_252"   --->   Operation 57 'shl' 'mask686' <Predicate = (tmp == 7)> <Delay = 0.56> <CoreInst = "Shifter">   --->   Core 75 'Shifter' <Latency = 0> <II = 1> <Delay = 0.56> <FuncUnit> <Opcode : 'shl' 'lshr' 'ashr'> <InPorts = 2> <OutPorts = 1>
ST_2 : Operation 58 [1/1] (1.23ns)   --->   "%store_ln0 = store void @_ssdm_op_Write.bram.i32, i9 %output_buffer_13_addr, i32 0, i4 %mask686"   --->   Operation 58 'store' 'store_ln0' <Predicate = (tmp == 7)> <Delay = 1.23> <CoreInst = "RAM_2P_BRAM">   --->   Core 94 'RAM_2P_BRAM' <Latency = 1> <II = 1> <Delay = 1.23> <Storage> <Opcode : 'load' 'store'> <Ports = 2> <Width = 32> <Depth = 392> <RAM>
ST_2 : Operation 59 [1/1] (0.00ns)   --->   "%br_ln0 = br void %.0.0.014223.exit"   --->   Operation 59 'br' 'br_ln0' <Predicate = (tmp == 7)> <Delay = 0.00>
ST_2 : Operation 60 [1/1] (0.00ns)   --->   "%specbramwithbyteenable_ln0 = specbramwithbyteenable void @_ssdm_op_SpecBRAMWithByteEnable, i32 %output_buffer_9"   --->   Operation 60 'specbramwithbyteenable' 'specbramwithbyteenable_ln0' <Predicate = (tmp == 6)> <Delay = 0.00>
ST_2 : Operation 61 [1/1] (0.00ns)   --->   "%udiv683_cast_cast = bitconcatenate i2 @_ssdm_op_BitConcatenate.i2.i1.i1, i1 %empty_245, i1 0"   --->   Operation 61 'bitconcatenate' 'udiv683_cast_cast' <Predicate = (tmp == 6)> <Delay = 0.00>
ST_2 : Operation 62 [1/1] (0.00ns)   --->   "%empty_251 = zext i2 %udiv683_cast_cast"   --->   Operation 62 'zext' 'empty_251' <Predicate = (tmp == 6)> <Delay = 0.00>
ST_2 : Operation 63 [1/1] (0.56ns)   --->   "%mask684 = shl i4 3, i4 %empty_251"   --->   Operation 63 'shl' 'mask684' <Predicate = (tmp == 6)> <Delay = 0.56> <CoreInst = "Shifter">   --->   Core 75 'Shifter' <Latency = 0> <II = 1> <Delay = 0.56> <FuncUnit> <Opcode : 'shl' 'lshr' 'ashr'> <InPorts = 2> <OutPorts = 1>
ST_2 : Operation 64 [1/1] (1.23ns)   --->   "%store_ln0 = store void @_ssdm_op_Write.bram.i32, i9 %output_buffer_9_addr, i32 0, i4 %mask684"   --->   Operation 64 'store' 'store_ln0' <Predicate = (tmp == 6)> <Delay = 1.23> <CoreInst = "RAM_2P_BRAM">   --->   Core 94 'RAM_2P_BRAM' <Latency = 1> <II = 1> <Delay = 1.23> <Storage> <Opcode : 'load' 'store'> <Ports = 2> <Width = 32> <Depth = 392> <RAM>
ST_2 : Operation 65 [1/1] (0.00ns)   --->   "%br_ln0 = br void %.0.0.014223.exit"   --->   Operation 65 'br' 'br_ln0' <Predicate = (tmp == 6)> <Delay = 0.00>
ST_2 : Operation 66 [1/1] (0.00ns)   --->   "%specbramwithbyteenable_ln0 = specbramwithbyteenable void @_ssdm_op_SpecBRAMWithByteEnable, i32 %output_buffer_5"   --->   Operation 66 'specbramwithbyteenable' 'specbramwithbyteenable_ln0' <Predicate = (tmp == 5)> <Delay = 0.00>
ST_2 : Operation 67 [1/1] (0.00ns)   --->   "%udiv681_cast_cast = bitconcatenate i2 @_ssdm_op_BitConcatenate.i2.i1.i1, i1 %empty_245, i1 0"   --->   Operation 67 'bitconcatenate' 'udiv681_cast_cast' <Predicate = (tmp == 5)> <Delay = 0.00>
ST_2 : Operation 68 [1/1] (0.00ns)   --->   "%empty_250 = zext i2 %udiv681_cast_cast"   --->   Operation 68 'zext' 'empty_250' <Predicate = (tmp == 5)> <Delay = 0.00>
ST_2 : Operation 69 [1/1] (0.56ns)   --->   "%mask682 = shl i4 3, i4 %empty_250"   --->   Operation 69 'shl' 'mask682' <Predicate = (tmp == 5)> <Delay = 0.56> <CoreInst = "Shifter">   --->   Core 75 'Shifter' <Latency = 0> <II = 1> <Delay = 0.56> <FuncUnit> <Opcode : 'shl' 'lshr' 'ashr'> <InPorts = 2> <OutPorts = 1>
ST_2 : Operation 70 [1/1] (1.23ns)   --->   "%store_ln0 = store void @_ssdm_op_Write.bram.i32, i9 %output_buffer_5_addr, i32 0, i4 %mask682"   --->   Operation 70 'store' 'store_ln0' <Predicate = (tmp == 5)> <Delay = 1.23> <CoreInst = "RAM_2P_BRAM">   --->   Core 94 'RAM_2P_BRAM' <Latency = 1> <II = 1> <Delay = 1.23> <Storage> <Opcode : 'load' 'store'> <Ports = 2> <Width = 32> <Depth = 392> <RAM>
ST_2 : Operation 71 [1/1] (0.00ns)   --->   "%br_ln0 = br void %.0.0.014223.exit"   --->   Operation 71 'br' 'br_ln0' <Predicate = (tmp == 5)> <Delay = 0.00>
ST_2 : Operation 72 [1/1] (0.00ns)   --->   "%specbramwithbyteenable_ln0 = specbramwithbyteenable void @_ssdm_op_SpecBRAMWithByteEnable, i32 %output_buffer_1"   --->   Operation 72 'specbramwithbyteenable' 'specbramwithbyteenable_ln0' <Predicate = (tmp == 4)> <Delay = 0.00>
ST_2 : Operation 73 [1/1] (0.00ns)   --->   "%udiv679_cast_cast = bitconcatenate i2 @_ssdm_op_BitConcatenate.i2.i1.i1, i1 %empty_245, i1 0"   --->   Operation 73 'bitconcatenate' 'udiv679_cast_cast' <Predicate = (tmp == 4)> <Delay = 0.00>
ST_2 : Operation 74 [1/1] (0.00ns)   --->   "%empty_249 = zext i2 %udiv679_cast_cast"   --->   Operation 74 'zext' 'empty_249' <Predicate = (tmp == 4)> <Delay = 0.00>
ST_2 : Operation 75 [1/1] (0.56ns)   --->   "%mask680 = shl i4 3, i4 %empty_249"   --->   Operation 75 'shl' 'mask680' <Predicate = (tmp == 4)> <Delay = 0.56> <CoreInst = "Shifter">   --->   Core 75 'Shifter' <Latency = 0> <II = 1> <Delay = 0.56> <FuncUnit> <Opcode : 'shl' 'lshr' 'ashr'> <InPorts = 2> <OutPorts = 1>
ST_2 : Operation 76 [1/1] (1.23ns)   --->   "%store_ln0 = store void @_ssdm_op_Write.bram.i32, i9 %output_buffer_1_addr, i32 0, i4 %mask680"   --->   Operation 76 'store' 'store_ln0' <Predicate = (tmp == 4)> <Delay = 1.23> <CoreInst = "RAM_2P_BRAM">   --->   Core 94 'RAM_2P_BRAM' <Latency = 1> <II = 1> <Delay = 1.23> <Storage> <Opcode : 'load' 'store'> <Ports = 2> <Width = 32> <Depth = 392> <RAM>
ST_2 : Operation 77 [1/1] (0.00ns)   --->   "%br_ln0 = br void %.0.0.014223.exit"   --->   Operation 77 'br' 'br_ln0' <Predicate = (tmp == 4)> <Delay = 0.00>
ST_2 : Operation 78 [1/1] (0.00ns)   --->   "%specbramwithbyteenable_ln0 = specbramwithbyteenable void @_ssdm_op_SpecBRAMWithByteEnable, i32 %output_buffer_29"   --->   Operation 78 'specbramwithbyteenable' 'specbramwithbyteenable_ln0' <Predicate = (tmp == 3)> <Delay = 0.00>
ST_2 : Operation 79 [1/1] (0.00ns)   --->   "%udiv693_cast_cast = bitconcatenate i2 @_ssdm_op_BitConcatenate.i2.i1.i1, i1 %empty_245, i1 0"   --->   Operation 79 'bitconcatenate' 'udiv693_cast_cast' <Predicate = (tmp == 3)> <Delay = 0.00>
ST_2 : Operation 80 [1/1] (0.00ns)   --->   "%empty_256 = zext i2 %udiv693_cast_cast"   --->   Operation 80 'zext' 'empty_256' <Predicate = (tmp == 3)> <Delay = 0.00>
ST_2 : Operation 81 [1/1] (0.56ns)   --->   "%mask694 = shl i4 3, i4 %empty_256"   --->   Operation 81 'shl' 'mask694' <Predicate = (tmp == 3)> <Delay = 0.56> <CoreInst = "Shifter">   --->   Core 75 'Shifter' <Latency = 0> <II = 1> <Delay = 0.56> <FuncUnit> <Opcode : 'shl' 'lshr' 'ashr'> <InPorts = 2> <OutPorts = 1>
ST_2 : Operation 82 [1/1] (1.23ns)   --->   "%store_ln0 = store void @_ssdm_op_Write.bram.i32, i9 %output_buffer_29_addr, i32 0, i4 %mask694"   --->   Operation 82 'store' 'store_ln0' <Predicate = (tmp == 3)> <Delay = 1.23> <CoreInst = "RAM_2P_BRAM">   --->   Core 94 'RAM_2P_BRAM' <Latency = 1> <II = 1> <Delay = 1.23> <Storage> <Opcode : 'load' 'store'> <Ports = 2> <Width = 32> <Depth = 392> <RAM>
ST_2 : Operation 83 [1/1] (0.00ns)   --->   "%br_ln0 = br void %.0.0.014223.exit"   --->   Operation 83 'br' 'br_ln0' <Predicate = (tmp == 3)> <Delay = 0.00>
ST_2 : Operation 84 [1/1] (1.13ns)   --->   "%empty_248 = icmp_ult  i64 %empty_247, i64 %Out_Tc_Min_cast_cast_cast_cast_cast"   --->   Operation 84 'icmp' 'empty_248' <Predicate = true> <Delay = 1.13> <CoreInst = "Cmp">   --->   Core 9 'Cmp' <Latency = 0> <II = 1> <Delay = 1.13> <FuncUnit> <Opcode : 'icmp'> <InPorts = 2> <OutPorts = 1>
ST_2 : Operation 85 [1/1] (0.00ns)   --->   "%br_ln0 = br i1 %empty_248, void %memset.loop126.preheader.exitStub, void %.0.0.014223.exit.memset.loop128_crit_edge"   --->   Operation 85 'br' 'br_ln0' <Predicate = true> <Delay = 0.00>
ST_2 : Operation 86 [1/1] (0.42ns)   --->   "%store_ln0 = store i64 %empty_247, i64 %empty_244"   --->   Operation 86 'store' 'store_ln0' <Predicate = (empty_248)> <Delay = 0.42>
ST_2 : Operation 87 [1/1] (0.00ns)   --->   "%br_ln0 = br void %memset.loop128"   --->   Operation 87 'br' 'br_ln0' <Predicate = (empty_248)> <Delay = 0.00>
ST_2 : Operation 88 [1/1] (0.00ns)   --->   "%ret_ln0 = ret"   --->   Operation 88 'ret' 'ret_ln0' <Predicate = (!empty_248)> <Delay = 0.00>


============================================================
+ Verbose Summary: Timing violations
============================================================
Target clock period: 4.8ns, clock uncertainty: 1.3ns.

 <State 1>: 0.427ns
The critical path consists of the following:
	'alloca' operation ('empty_244') [12]  (0 ns)
	'store' operation ('store_ln0') of constant 0 on local variable 'empty_244' [26]  (0.427 ns)

 <State 2>: 2.64ns
The critical path consists of the following:
	'load' operation ('p_load') on local variable 'empty_244' [29]  (0 ns)
	'add' operation ('empty_247') [43]  (1.08 ns)
	'icmp' operation ('empty_248') [102]  (1.13 ns)
	blocking operation 0.427 ns on control path)


============================================================
+ Verbose Summary: Binding
============================================================
N/A
* FSMD analyzer results:
  - Output states:
 - Input state : 
  - Chain level:
	State 1
	State 2


============================================================
+ Verbose Summary: Datapath Resource usage 
============================================================
N/A
